{
  "System": {
   "Provider": {
    "Name": "Microsoft-Windows-Sysmon",
    "Guid": "5770385F-C22A-43E0-BF4C-06F5698FFBD9"
   },
   "EventID": {
    "Value": 5
   },
   "Version": 3,
   "Level": 4,
   "Task": 5,
   "Opcode": 0,
   "Keywords": 9223372036854775808,
   "TimeCreated": {
    "SystemTime": 1677252820.4352975
   },
   "EventRecordID": 39,
   "Correlation": {},
   "Execution": {
    "ProcessID": 4288,
    "ThreadID": 5172
   },
   "Channel": "Microsoft-Windows-Sysmon/Operational",
   "Computer": "DESKTOP-UTDHED2",
   "Security": {
    "UserID": "S-1-5-18"
   }
  },
  "EventData": {
   "RuleName": "-",
   "UtcTime": "2023-02-24 15:33:40.432",
   "ProcessGuid": "10DA3E43-D8AB-63F8-7A00-000000000900",
   "ProcessId": 1624,
   "Image": "C:\\Windows\\System32\\RuntimeBroker.exe",
   "User": "DESKTOP-UTDHED2\\wade"
  },
  "Message": ""
 }{
  "System": {
   "Provider": {
    "Name": "Microsoft-Windows-Sysmon",
    "Guid": "5770385F-C22A-43E0-BF4C-06F5698FFBD9"
   },
   "EventID": {
    "Value": 5
   },
   "Version": 3,
   "Level": 4,
   "Task": 5,
   "Opcode": 0,
   "Keywords": 9223372036854775808,
   "TimeCreated": {
    "SystemTime": 1677252822.2383249
   },
   "EventRecordID": 40,
   "Correlation": {},
   "Execution": {
    "ProcessID": 4288,
    "ThreadID": 5172
   },
   "Channel": "Microsoft-Windows-Sysmon/Operational",
   "Computer": "DESKTOP-UTDHED2",
   "Security": {
    "UserID": "S-1-5-18"
   }
  },
  "EventData": {
   "RuleName": "-",
   "UtcTime": "2023-02-24 15:33:42.236",
   "ProcessGuid": "10DA3E43-D8D0-63F8-9900-000000000900",
   "ProcessId": 5812,
   "Image": "C:\\Windows\\System32\\dllhost.exe",
   "User": "DESKTOP-UTDHED2\\wade"
  },
  "Message": ""
 }{
  "System": {
   "Provider": {
    "Name": "Microsoft-Windows-Sysmon",
    "Guid": "5770385F-C22A-43E0-BF4C-06F5698FFBD9"
   },
   "EventID": {
    "Value": 1
   },
   "Version": 5,
   "Level": 4,
   "Task": 1,
   "Opcode": 0,
   "Keywords": 9223372036854775808,
   "TimeCreated": {
    "SystemTime": 1677252837.4655871
   },
   "EventRecordID": 41,
   "Correlation": {},
   "Execution": {
    "ProcessID": 4288,
    "ThreadID": 5172
   },
   "Channel": "Microsoft-Windows-Sysmon/Operational",
   "Computer": "DESKTOP-UTDHED2",
   "Security": {
    "UserID": "S-1-5-18"
   }
  },
  "EventData": {
   "RuleName": "-",
   "UtcTime": "2023-02-24 15:33:57.458",
   "ProcessGuid": "10DA3E43-D8E5-63F8-9D00-000000000900",
   "ProcessId": 6084,
   "Image": "C:\\Windows\\System32\\svchost.exe",
   "FileVersion": "10.0.19041.546 (WinBuild.160101.0800)",
   "Description": "Host Process for Windows Services",
   "Product": "Microsoft® Windows® Operating System",
   "Company": "Microsoft Corporation",
   "OriginalFileName": "svchost.exe",
   "CommandLine": "C:\\Windows\\system32\\svchost.exe -k LocalServiceAndNoImpersonation -p",
   "CurrentDirectory": "C:\\Windows\\system32\\",
   "User": "NT AUTHORITY\\LOCAL SERVICE",
   "LogonGuid": "10DA3E43-6525-63F9-E503-000000000000",
   "LogonId": 997,
   "TerminalSessionId": 0,
   "IntegrityLevel": "System",
   "Hashes": "SHA256=643EC58E82E0272C97C2A59F6020970D881AF19C0AD5029DB9C958C13B6558C7",
   "ParentProcessGuid": "00000000-0000-0000-0000-000000000000",
   "ParentProcessId": 604,
   "ParentImage": "-",
   "ParentCommandLine": "-",
   "ParentUser": "-"
  },
  "Message": ""
 }{
  "System": {
   "Provider": {
    "Name": "Microsoft-Windows-Sysmon",
    "Guid": "5770385F-C22A-43E0-BF4C-06F5698FFBD9"
   },
   "EventID": {
    "Value": 1
   },
   "Version": 5,
   "Level": 4,
   "Task": 1,
   "Opcode": 0,
   "Keywords": 9223372036854775808,
   "TimeCreated": {
    "SystemTime": 1677252862.2387233
   },
   "EventRecordID": 42,
   "Correlation": {},
   "Execution": {
    "ProcessID": 4288,
    "ThreadID": 5172
   },
   "Channel": "Microsoft-Windows-Sysmon/Operational",
   "Computer": "DESKTOP-UTDHED2",
   "Security": {
    "UserID": "S-1-5-18"
   }
  },
  "EventData": {
   "RuleName": "-",
   "UtcTime": "2023-02-24 15:34:22.232",
   "ProcessGuid": "10DA3E43-D8FE-63F8-9E00-000000000900",
   "ProcessId": 4500,
   "Image": "C:\\Program Files (x86)\\Microsoft\\Edge\\Application\\msedge.exe",
   "FileVersion": "110.0.1587.50",
   "Description": "Microsoft Edge",
   "Product": "Microsoft Edge",
   "Company": "Microsoft Corporation",
   "OriginalFileName": "msedge.exe",
   "CommandLine": "\"C:\\Program Files (x86)\\Microsoft\\Edge\\Application\\msedge.exe\" --type=utility --utility-sub-type=unzip.mojom.Unzipper --lang=en-US --service-sandbox-type=service --mojo-platform-channel-handle=2132 --field-trial-handle=2184,i,12503708684359893713,13292805670728289041,131072 /prefetch:8",
   "CurrentDirectory": "C:\\Program Files (x86)\\Microsoft\\Edge\\Application\\110.0.1587.50\\",
   "User": "DESKTOP-UTDHED2\\wade",
   "LogonGuid": "10DA3E43-D892-63F8-4B6D-030000000000",
   "LogonId": 224587,
   "TerminalSessionId": 1,
   "IntegrityLevel": "Low",
   "Hashes": "SHA256=470EA019C1EA8882B258DEA27E77261DD297EB225FD08EDBE591C82796189D75",
   "ParentProcessGuid": "10DA3E43-D8A8-63F8-7100-000000000900",
   "ParentProcessId": 4580,
   "ParentImage": "C:\\Program Files (x86)\\Microsoft\\Edge\\Application\\msedge.exe",
   "ParentCommandLine": "\"C:\\Program Files (x86)\\Microsoft\\Edge\\Application\\msedge.exe\" --no-startup-window --win-session-start /prefetch:5",
   "ParentUser": "DESKTOP-UTDHED2\\wade"
  },
  "Message": ""
 }{
  "System": {
   "Provider": {
    "Name": "Microsoft-Windows-Sysmon",
    "Guid": "5770385F-C22A-43E0-BF4C-06F5698FFBD9"
   },
   "EventID": {
    "Value": 5
   },
   "Version": 3,
   "Level": 4,
   "Task": 5,
   "Opcode": 0,
   "Keywords": 9223372036854775808,
   "TimeCreated": {
    "SystemTime": 1677252862.3461487
   },
   "EventRecordID": 43,
   "Correlation": {},
   "Execution": {
    "ProcessID": 4288,
    "ThreadID": 5172
   },
   "Channel": "Microsoft-Windows-Sysmon/Operational",
   "Computer": "DESKTOP-UTDHED2",
   "Security": {
    "UserID": "S-1-5-18"
   }
  },
  "EventData": {
   "RuleName": "-",
   "UtcTime": "2023-02-24 15:34:22.341",
   "ProcessGuid": "10DA3E43-D8FE-63F8-9E00-000000000900",
   "ProcessId": 4500,
   "Image": "C:\\Program Files (x86)\\Microsoft\\Edge\\Application\\msedge.exe",
   "User": "DESKTOP-UTDHED2\\wade"
  },
  "Message": ""
 }{
  "System": {
   "Provider": {
    "Name": "Microsoft-Windows-Sysmon",
    "Guid": "5770385F-C22A-43E0-BF4C-06F5698FFBD9"
   },
   "EventID": {
    "Value": 1
   },
   "Version": 5,
   "Level": 4,
   "Task": 1,
   "Opcode": 0,
   "Keywords": 9223372036854775808,
   "TimeCreated": {
    "SystemTime": 1677252863.0001392
   },
   "EventRecordID": 44,
   "Correlation": {},
   "Execution": {
    "ProcessID": 4288,
    "ThreadID": 5172
   },
   "Channel": "Microsoft-Windows-Sysmon/Operational",
   "Computer": "DESKTOP-UTDHED2",
   "Security": {
    "UserID": "S-1-5-18"
   }
  },
  "EventData": {
   "RuleName": "-",
   "UtcTime": "2023-02-24 15:34:22.986",
   "ProcessGuid": "10DA3E43-D8FE-63F8-A000-000000000900",
   "ProcessId": 3896,
   "Image": "C:\\Windows\\System32\\backgroundTaskHost.exe",
   "FileVersion": "10.0.19041.546 (WinBuild.160101.0800)",
   "Description": "Background Task Host",
   "Product": "Microsoft® Windows® Operating System",
   "Company": "Microsoft Corporation",
   "OriginalFileName": "backgroundTaskHost.exe",
   "CommandLine": "\"C:\\Windows\\system32\\backgroundTaskHost.exe\" -ServerName:CortanaUI.AppX3bn25b6f886wmg6twh46972vprk9tnbf.mca",
   "CurrentDirectory": "C:\\Windows\\SystemApps\\Microsoft.Windows.Search_cw5n1h2txyewy\\",
   "User": "DESKTOP-UTDHED2\\wade",
   "LogonGuid": "10DA3E43-D892-63F8-4B6D-030000000000",
   "LogonId": 224587,
   "TerminalSessionId": 1,
   "IntegrityLevel": "AppContainer",
   "Hashes": "SHA256=20330D3CA71D58F4AEB432676CB6A3D5B97005954E45132FB083E90782EFDD50",
   "ParentProcessGuid": "00000000-0000-0000-0000-000000000000",
   "ParentProcessId": 736,
   "ParentImage": "-",
   "ParentCommandLine": "-",
   "ParentUser": "-"
  },
  "Message": ""
 }{
  "System": {
   "Provider": {
    "Name": "Microsoft-Windows-Sysmon",
    "Guid": "5770385F-C22A-43E0-BF4C-06F5698FFBD9"
   },
   "EventID": {
    "Value": 1
   },
   "Version": 5,
   "Level": 4,
   "Task": 1,
   "Opcode": 0,
   "Keywords": 9223372036854775808,
   "TimeCreated": {
    "SystemTime": 1677252863.000448
   },
   "EventRecordID": 45,
   "Correlation": {},
   "Execution": {
    "ProcessID": 4288,
    "ThreadID": 5172
   },
   "Channel": "Microsoft-Windows-Sysmon/Operational",
   "Computer": "DESKTOP-UTDHED2",
   "Security": {
    "UserID": "S-1-5-18"
   }
  },
  "EventData": {
   "RuleName": "-",
   "UtcTime": "2023-02-24 15:34:22.984",
   "ProcessGuid": "10DA3E43-D8FE-63F8-9F00-000000000900",
   "ProcessId": 3704,
   "Image": "C:\\Windows\\System32\\backgroundTaskHost.exe",
   "FileVersion": "10.0.19041.546 (WinBuild.160101.0800)",
   "Description": "Background Task Host",
   "Product": "Microsoft® Windows® Operating System",
   "Company": "Microsoft Corporation",
   "OriginalFileName": "backgroundTaskHost.exe",
   "CommandLine": "\"C:\\Windows\\system32\\backgroundTaskHost.exe\" -ServerName:App.AppXmtcan0h2tfbfy7k9kn8hbxb6dmzz1zh0.mca",
   "CurrentDirectory": "C:\\Windows\\SystemApps\\Microsoft.Windows.ContentDeliveryManager_cw5n1h2txyewy\\",
   "User": "DESKTOP-UTDHED2\\wade",
   "LogonGuid": "10DA3E43-D892-63F8-4B6D-030000000000",
   "LogonId": 224587,
   "TerminalSessionId": 1,
   "IntegrityLevel": "AppContainer",
   "Hashes": "SHA256=20330D3CA71D58F4AEB432676CB6A3D5B97005954E45132FB083E90782EFDD50",
   "ParentProcessGuid": "00000000-0000-0000-0000-000000000000",
   "ParentProcessId": 736,
   "ParentImage": "-",
   "ParentCommandLine": "-",
   "ParentUser": "-"
  },
  "Message": ""
 }{
  "System": {
   "Provider": {
    "Name": "Microsoft-Windows-Sysmon",
    "Guid": "5770385F-C22A-43E0-BF4C-06F5698FFBD9"
   },
   "EventID": {
    "Value": 1
   },
   "Version": 5,
   "Level": 4,
   "Task": 1,
   "Opcode": 0,
   "Keywords": 9223372036854775808,
   "TimeCreated": {
    "SystemTime": 1677252863.0150127
   },
   "EventRecordID": 46,
   "Correlation": {},
   "Execution": {
    "ProcessID": 4288,
    "ThreadID": 5172
   },
   "Channel": "Microsoft-Windows-Sysmon/Operational",
   "Computer": "DESKTOP-UTDHED2",
   "Security": {
    "UserID": "S-1-5-18"
   }
  },
  "EventData": {
   "RuleName": "-",
   "UtcTime": "2023-02-24 15:34:22.996",
   "ProcessGuid": "10DA3E43-D8FE-63F8-A100-000000000900",
   "ProcessId": 544,
   "Image": "C:\\Program Files\\WindowsApps\\microsoft.windowscommunicationsapps_16005.11629.20316.0_x64__8wekyb3d8bbwe\\HxTsr.exe",
   "FileVersion": "16.0.11629.20238",
   "Description": "Microsoft Outlook Communications",
   "Product": "Microsoft Office",
   "Company": "Microsoft Corporation",
   "OriginalFileName": "HxTsr.exe",
   "CommandLine": "\"C:\\Program Files\\WindowsApps\\microsoft.windowscommunicationsapps_16005.11629.20316.0_x64__8wekyb3d8bbwe\\HxTsr.exe\" -ServerName:Hx.IPC.Server",
   "CurrentDirectory": "C:\\Program Files\\WindowsApps\\microsoft.windowscommunicationsapps_16005.11629.20316.0_x64__8wekyb3d8bbwe\\",
   "User": "DESKTOP-UTDHED2\\wade",
   "LogonGuid": "10DA3E43-D892-63F8-4B6D-030000000000",
   "LogonId": 224587,
   "TerminalSessionId": 1,
   "IntegrityLevel": "AppContainer",
   "Hashes": "SHA256=108818ED973CFD2D73C374F6CB461639F39CAF52BC28F8B7CEB7EAB13D5D7B37",
   "ParentProcessGuid": "00000000-0000-0000-0000-000000000000",
   "ParentProcessId": 736,
   "ParentImage": "-",
   "ParentCommandLine": "-",
   "ParentUser": "-"
  },
  "Message": ""
 }{
  "System": {
   "Provider": {
    "Name": "Microsoft-Windows-Sysmon",
    "Guid": "5770385F-C22A-43E0-BF4C-06F5698FFBD9"
   },
   "EventID": {
    "Value": 1
   },
   "Version": 5,
   "Level": 4,
   "Task": 1,
   "Opcode": 0,
   "Keywords": 9223372036854775808,
   "TimeCreated": {
    "SystemTime": 1677252863.3994336
   },
   "EventRecordID": 47,
   "Correlation": {},
   "Execution": {
    "ProcessID": 4288,
    "ThreadID": 5172
   },
   "Channel": "Microsoft-Windows-Sysmon/Operational",
   "Computer": "DESKTOP-UTDHED2",
   "Security": {
    "UserID": "S-1-5-18"
   }
  },
  "EventData": {
   "RuleName": "-",
   "UtcTime": "2023-02-24 15:34:23.391",
   "ProcessGuid": "10DA3E43-D8FF-63F8-A200-000000000900",
   "ProcessId": 5416,
   "Image": "C:\\Windows\\System32\\RuntimeBroker.exe",
   "FileVersion": "10.0.19041.546 (WinBuild.160101.0800)",
   "Description": "Runtime Broker",
   "Product": "Microsoft® Windows® Operating System",
   "Company": "Microsoft Corporation",
   "OriginalFileName": "RuntimeBroker.exe",
   "CommandLine": "C:\\Windows\\System32\\RuntimeBroker.exe -Embedding",
   "CurrentDirectory": "C:\\Windows\\system32\\",
   "User": "DESKTOP-UTDHED2\\wade",
   "LogonGuid": "10DA3E43-D892-63F8-4B6D-030000000000",
   "LogonId": 224587,
   "TerminalSessionId": 1,
   "IntegrityLevel": "Medium",
   "Hashes": "SHA256=70D968B4F65C5CE471474096F8623AECD7D496E4F10C8B94C3577C8362E0ADA1",
   "ParentProcessGuid": "00000000-0000-0000-0000-000000000000",
   "ParentProcessId": 736,
   "ParentImage": "-",
   "ParentCommandLine": "-",
   "ParentUser": "-"
  },
  "Message": ""
 }{
  "System": {
   "Provider": {
    "Name": "Microsoft-Windows-Sysmon",
    "Guid": "5770385F-C22A-43E0-BF4C-06F5698FFBD9"
   },
   "EventID": {
    "Value": 5
   },
   "Version": 3,
   "Level": 4,
   "Task": 5,
   "Opcode": 0,
   "Keywords": 9223372036854775808,
   "TimeCreated": {
    "SystemTime": 1677252863.8951297
   },
   "EventRecordID": 48,
   "Correlation": {},
   "Execution": {
    "ProcessID": 4288,
    "ThreadID": 5172
   },
   "Channel": "Microsoft-Windows-Sysmon/Operational",
   "Computer": "DESKTOP-UTDHED2",
   "Security": {
    "UserID": "S-1-5-18"
   }
  },
  "EventData": {
   "RuleName": "-",
   "UtcTime": "2023-02-24 15:34:23.892",
   "ProcessGuid": "10DA3E43-D8FE-63F8-A100-000000000900",
   "ProcessId": 544,
   "Image": "C:\\Program Files\\WindowsApps\\microsoft.windowscommunicationsapps_16005.11629.20316.0_x64__8wekyb3d8bbwe\\HxTsr.exe",
   "User": "DESKTOP-UTDHED2\\wade"
  },
  "Message": ""
 }{
  "System": {
   "Provider": {
    "Name": "Microsoft-Windows-Sysmon",
    "Guid": "5770385F-C22A-43E0-BF4C-06F5698FFBD9"
   },
   "EventID": {
    "Value": 5
   },
   "Version": 3,
   "Level": 4,
   "Task": 5,
   "Opcode": 0,
   "Keywords": 9223372036854775808,
   "TimeCreated": {
    "SystemTime": 1677252863.925168
   },
   "EventRecordID": 49,
   "Correlation": {},
   "Execution": {
    "ProcessID": 4288,
    "ThreadID": 5172
   },
   "Channel": "Microsoft-Windows-Sysmon/Operational",
   "Computer": "DESKTOP-UTDHED2",
   "Security": {
    "UserID": "S-1-5-18"
   }
  },
  "EventData": {
   "RuleName": "-",
   "UtcTime": "2023-02-24 15:34:23.922",
   "ProcessGuid": "10DA3E43-D8FE-63F8-9F00-000000000900",
   "ProcessId": 3704,
   "Image": "C:\\Windows\\System32\\backgroundTaskHost.exe",
   "User": "DESKTOP-UTDHED2\\wade"
  },
  "Message": ""
 }{
  "System": {
   "Provider": {
    "Name": "Microsoft-Windows-Sysmon",
    "Guid": "5770385F-C22A-43E0-BF4C-06F5698FFBD9"
   },
   "EventID": {
    "Value": 1
   },
   "Version": 5,
   "Level": 4,
   "Task": 1,
   "Opcode": 0,
   "Keywords": 9223372036854775808,
   "TimeCreated": {
    "SystemTime": 1677252866.2210977
   },
   "EventRecordID": 50,
   "Correlation": {},
   "Execution": {
    "ProcessID": 4288,
    "ThreadID": 5172
   },
   "Channel": "Microsoft-Windows-Sysmon/Operational",
   "Computer": "DESKTOP-UTDHED2",
   "Security": {
    "UserID": "S-1-5-18"
   }
  },
  "EventData": {
   "RuleName": "-",
   "UtcTime": "2023-02-24 15:34:26.215",
   "ProcessGuid": "10DA3E43-D902-63F8-A300-000000000900",
   "ProcessId": 3684,
   "Image": "C:\\Windows\\System32\\svchost.exe",
   "FileVersion": "10.0.19041.546 (WinBuild.160101.0800)",
   "Description": "Host Process for Windows Services",
   "Product": "Microsoft® Windows® Operating System",
   "Company": "Microsoft Corporation",
   "OriginalFileName": "svchost.exe",
   "CommandLine": "C:\\Windows\\System32\\svchost.exe -k NetworkService -p",
   "CurrentDirectory": "C:\\Windows\\system32\\",
   "User": "NT AUTHORITY\\NETWORK SERVICE",
   "LogonGuid": "10DA3E43-6524-63F9-E403-000000000000",
   "LogonId": 996,
   "TerminalSessionId": 0,
   "IntegrityLevel": "System",
   "Hashes": "SHA256=643EC58E82E0272C97C2A59F6020970D881AF19C0AD5029DB9C958C13B6558C7",
   "ParentProcessGuid": "00000000-0000-0000-0000-000000000000",
   "ParentProcessId": 604,
   "ParentImage": "-",
   "ParentCommandLine": "-",
   "ParentUser": "-"
  },
  "Message": ""
 }{
  "System": {
   "Provider": {
    "Name": "Microsoft-Windows-Sysmon",
    "Guid": "5770385F-C22A-43E0-BF4C-06F5698FFBD9"
   },
   "EventID": {
    "Value": 1
   },
   "Version": 5,
   "Level": 4,
   "Task": 1,
   "Opcode": 0,
   "Keywords": 9223372036854775808,
   "TimeCreated": {
    "SystemTime": 1677252866.449472
   },
   "EventRecordID": 51,
   "Correlation": {},
   "Execution": {
    "ProcessID": 4288,
    "ThreadID": 5172
   },
   "Channel": "Microsoft-Windows-Sysmon/Operational",
   "Computer": "DESKTOP-UTDHED2",
   "Security": {
    "UserID": "S-1-5-18"
   }
  },
  "EventData": {
   "RuleName": "-",
   "UtcTime": "2023-02-24 15:34:26.434",
   "ProcessGuid": "10DA3E43-D902-63F8-A400-000000000900",
   "ProcessId": 5140,
   "Image": "C:\\Program Files (x86)\\Microsoft\\EdgeUpdate\\MicrosoftEdgeUpdate.exe",
   "FileVersion": "1.3.133.5",
   "Description": "Microsoft Edge Update",
   "Product": "Microsoft Edge Update",
   "Company": "Microsoft Corporation",
   "OriginalFileName": "msedgeupdate.dll",
   "CommandLine": "\"C:\\Program Files (x86)\\Microsoft\\EdgeUpdate\\MicrosoftEdgeUpdate.exe\" /svc",
   "CurrentDirectory": "C:\\Windows\\system32\\",
   "User": "NT AUTHORITY\\SYSTEM",
   "LogonGuid": "10DA3E43-6524-63F9-E703-000000000000",
   "LogonId": 999,
   "TerminalSessionId": 0,
   "IntegrityLevel": "System",
   "Hashes": "SHA256=9991BA022173F283EE99068B708F60AC5143FE0C81C9E3673CC7835B108A4F44",
   "ParentProcessGuid": "00000000-0000-0000-0000-000000000000",
   "ParentProcessId": 604,
   "ParentImage": "-",
   "ParentCommandLine": "-",
   "ParentUser": "-"
  },
  "Message": ""
 }{
  "System": {
   "Provider": {
    "Name": "Microsoft-Windows-Sysmon",
    "Guid": "5770385F-C22A-43E0-BF4C-06F5698FFBD9"
   },
   "EventID": {
    "Value": 1
   },
   "Version": 5,
   "Level": 4,
   "Task": 1,
   "Opcode": 0,
   "Keywords": 9223372036854775808,
   "TimeCreated": {
    "SystemTime": 1677252866.5137775
   },
   "EventRecordID": 52,
   "Correlation": {},
   "Execution": {
    "ProcessID": 4288,
    "ThreadID": 5172
   },
   "Channel": "Microsoft-Windows-Sysmon/Operational",
   "Computer": "DESKTOP-UTDHED2",
   "Security": {
    "UserID": "S-1-5-18"
   }
  },
  "EventData": {
   "RuleName": "-",
   "UtcTime": "2023-02-24 15:34:26.492",
   "ProcessGuid": "10DA3E43-D902-63F8-A500-000000000900",
   "ProcessId": 5152,
   "Image": "C:\\Windows\\System32\\dllhost.exe",
   "FileVersion": "10.0.19041.546 (WinBuild.160101.0800)",
   "Description": "COM Surrogate",
   "Product": "Microsoft® Windows® Operating System",
   "Company": "Microsoft Corporation",
   "OriginalFileName": "dllhost.exe",
   "CommandLine": "C:\\Windows\\system32\\DllHost.exe /Processid:{338B40F9-9D68-4B53-A793-6B9AA0C5F63B}",
   "CurrentDirectory": "C:\\Windows\\system32\\",
   "User": "DESKTOP-UTDHED2\\wade",
   "LogonGuid": "10DA3E43-D892-63F8-4B6D-030000000000",
   "LogonId": 224587,
   "TerminalSessionId": 1,
   "IntegrityLevel": "Medium",
   "Hashes": "SHA256=E7FC40B41AA8B83841A0B96D169EAF0800AA784733E636935374D56536253F10",
   "ParentProcessGuid": "00000000-0000-0000-0000-000000000000",
   "ParentProcessId": 736,
   "ParentImage": "-",
   "ParentCommandLine": "-",
   "ParentUser": "-"
  },
  "Message": ""
 }{
  "System": {
   "Provider": {
    "Name": "Microsoft-Windows-Sysmon",
    "Guid": "5770385F-C22A-43E0-BF4C-06F5698FFBD9"
   },
   "EventID": {
    "Value": 1
   },
   "Version": 5,
   "Level": 4,
   "Task": 1,
   "Opcode": 0,
   "Keywords": 9223372036854775808,
   "TimeCreated": {
    "SystemTime": 1677252866.5698369
   },
   "EventRecordID": 53,
   "Correlation": {},
   "Execution": {
    "ProcessID": 4288,
    "ThreadID": 5172
   },
   "Channel": "Microsoft-Windows-Sysmon/Operational",
   "Computer": "DESKTOP-UTDHED2",
   "Security": {
    "UserID": "S-1-5-18"
   }
  },
  "EventData": {
   "RuleName": "-",
   "UtcTime": "2023-02-24 15:34:26.537",
   "ProcessGuid": "10DA3E43-D902-63F8-A600-000000000900",
   "ProcessId": 5288,
   "Image": "C:\\Windows\\System32\\wbem\\WmiPrvSE.exe",
   "FileVersion": "10.0.19041.546 (WinBuild.160101.0800)",
   "Description": "WMI Provider Host",
   "Product": "Microsoft® Windows® Operating System",
   "Company": "Microsoft Corporation",
   "OriginalFileName": "Wmiprvse.exe",
   "CommandLine": "C:\\Windows\\system32\\wbem\\wmiprvse.exe -secured -Embedding",
   "CurrentDirectory": "C:\\Windows\\system32\\",
   "User": "NT AUTHORITY\\NETWORK SERVICE",
   "LogonGuid": "10DA3E43-6524-63F9-E403-000000000000",
   "LogonId": 996,
   "TerminalSessionId": 0,
   "IntegrityLevel": "System",
   "Hashes": "SHA256=2198A7B58BCCB758036B969DDAE6CC2ECE07565E2659A7C541A313A0492231A3",
   "ParentProcessGuid": "00000000-0000-0000-0000-000000000000",
   "ParentProcessId": 736,
   "ParentImage": "-",
   "ParentCommandLine": "-",
   "ParentUser": "-"
  },
  "Message": ""
 }{
  "System": {
   "Provider": {
    "Name": "Microsoft-Windows-Sysmon",
    "Guid": "5770385F-C22A-43E0-BF4C-06F5698FFBD9"
   },
   "EventID": {
    "Value": 1
   },
   "Version": 5,
   "Level": 4,
   "Task": 1,
   "Opcode": 0,
   "Keywords": 9223372036854775808,
   "TimeCreated": {
    "SystemTime": 1677252866.7095935
   },
   "EventRecordID": 54,
   "Correlation": {},
   "Execution": {
    "ProcessID": 4288,
    "ThreadID": 5172
   },
   "Channel": "Microsoft-Windows-Sysmon/Operational",
   "Computer": "DESKTOP-UTDHED2",
   "Security": {
    "UserID": "S-1-5-18"
   }
  },
  "EventData": {
   "RuleName": "-",
   "UtcTime": "2023-02-24 15:34:26.699",
   "ProcessGuid": "10DA3E43-D902-63F8-A700-000000000900",
   "ProcessId": 5444,
   "Image": "C:\\Program Files (x86)\\Microsoft\\EdgeUpdate\\MicrosoftEdgeUpdate.exe",
   "FileVersion": "1.3.133.5",
   "Description": "Microsoft Edge Update",
   "Product": "Microsoft Edge Update",
   "Company": "Microsoft Corporation",
   "OriginalFileName": "msedgeupdate.dll",
   "CommandLine": "\"C:\\Program Files (x86)\\Microsoft\\EdgeUpdate\\MicrosoftEdgeUpdate.exe\" /c",
   "CurrentDirectory": "C:\\Program Files (x86)\\Microsoft\\EdgeUpdate\\1.3.173.45\\",
   "User": "NT AUTHORITY\\SYSTEM",
   "LogonGuid": "10DA3E43-6524-63F9-E703-000000000000",
   "LogonId": 999,
   "TerminalSessionId": 0,
   "IntegrityLevel": "System",
   "Hashes": "SHA256=9991BA022173F283EE99068B708F60AC5143FE0C81C9E3673CC7835B108A4F44",
   "ParentProcessGuid": "10DA3E43-D902-63F8-A400-000000000900",
   "ParentProcessId": 5140,
   "ParentImage": "C:\\Program Files (x86)\\Microsoft\\EdgeUpdate\\MicrosoftEdgeUpdate.exe",
   "ParentCommandLine": "\"C:\\Program Files (x86)\\Microsoft\\EdgeUpdate\\MicrosoftEdgeUpdate.exe\" /svc",
   "ParentUser": "NT AUTHORITY\\SYSTEM"
  },
  "Message": ""
 }{
  "System": {
   "Provider": {
    "Name": "Microsoft-Windows-Sysmon",
    "Guid": "5770385F-C22A-43E0-BF4C-06F5698FFBD9"
   },
   "EventID": {
    "Value": 1
   },
   "Version": 5,
   "Level": 4,
   "Task": 1,
   "Opcode": 0,
   "Keywords": 9223372036854775808,
   "TimeCreated": {
    "SystemTime": 1677252866.7295904
   },
   "EventRecordID": 55,
   "Correlation": {},
   "Execution": {
    "ProcessID": 4288,
    "ThreadID": 5172
   },
   "Channel": "Microsoft-Windows-Sysmon/Operational",
   "Computer": "DESKTOP-UTDHED2",
   "Security": {
    "UserID": "S-1-5-18"
   }
  },
  "EventData": {
   "RuleName": "-",
   "UtcTime": "2023-02-24 15:34:26.724",
   "ProcessGuid": "10DA3E43-D902-63F8-A800-000000000900",
   "ProcessId": 5440,
   "Image": "C:\\Windows\\System32\\svchost.exe",
   "FileVersion": "10.0.19041.546 (WinBuild.160101.0800)",
   "Description": "Host Process for Windows Services",
   "Product": "Microsoft® Windows® Operating System",
   "Company": "Microsoft Corporation",
   "OriginalFileName": "svchost.exe",
   "CommandLine": "C:\\Windows\\System32\\svchost.exe -k NetworkService -p",
   "CurrentDirectory": "C:\\Windows\\system32\\",
   "User": "NT AUTHORITY\\NETWORK SERVICE",
   "LogonGuid": "10DA3E43-6524-63F9-E403-000000000000",
   "LogonId": 996,
   "TerminalSessionId": 0,
   "IntegrityLevel": "System",
   "Hashes": "SHA256=643EC58E82E0272C97C2A59F6020970D881AF19C0AD5029DB9C958C13B6558C7",
   "ParentProcessGuid": "00000000-0000-0000-0000-000000000000",
   "ParentProcessId": 604,
   "ParentImage": "-",
   "ParentCommandLine": "-",
   "ParentUser": "-"
  },
  "Message": ""
 }{
  "System": {
   "Provider": {
    "Name": "Microsoft-Windows-Sysmon",
    "Guid": "5770385F-C22A-43E0-BF4C-06F5698FFBD9"
   },
   "EventID": {
    "Value": 5
   },
   "Version": 3,
   "Level": 4,
   "Task": 5,
   "Opcode": 0,
   "Keywords": 9223372036854775808,
   "TimeCreated": {
    "SystemTime": 1677252866.810128
   },
   "EventRecordID": 56,
   "Correlation": {},
   "Execution": {
    "ProcessID": 4288,
    "ThreadID": 5172
   },
   "Channel": "Microsoft-Windows-Sysmon/Operational",
   "Computer": "DESKTOP-UTDHED2",
   "Security": {
    "UserID": "S-1-5-18"
   }
  },
  "EventData": {
   "RuleName": "-",
   "UtcTime": "2023-02-24 15:34:26.792",
   "ProcessGuid": "10DA3E43-D902-63F8-A400-000000000900",
   "ProcessId": 5140,
   "Image": "C:\\Program Files (x86)\\Microsoft\\EdgeUpdate\\MicrosoftEdgeUpdate.exe",
   "User": "NT AUTHORITY\\SYSTEM"
  },
  "Message": ""
 }{
  "System": {
   "Provider": {
    "Name": "Microsoft-Windows-Sysmon",
    "Guid": "5770385F-C22A-43E0-BF4C-06F5698FFBD9"
   },
   "EventID": {
    "Value": 1
   },
   "Version": 5,
   "Level": 4,
   "Task": 1,
   "Opcode": 0,
   "Keywords": 9223372036854775808,
   "TimeCreated": {
    "SystemTime": 1677252866.9408607
   },
   "EventRecordID": 57,
   "Correlation": {},
   "Execution": {
    "ProcessID": 4288,
    "ThreadID": 5172
   },
   "Channel": "Microsoft-Windows-Sysmon/Operational",
   "Computer": "DESKTOP-UTDHED2",
   "Security": {
    "UserID": "S-1-5-18"
   }
  },
  "EventData": {
   "RuleName": "-",
   "UtcTime": "2023-02-24 15:34:26.915",
   "ProcessGuid": "10DA3E43-D902-63F8-A900-000000000900",
   "ProcessId": 5576,
   "Image": "C:\\Windows\\System32\\SgrmBroker.exe",
   "FileVersion": "10.0.19041.546 (WinBuild.160101.0800)",
   "Description": "System Guard Runtime Monitor Broker Service",
   "Product": "Microsoft® Windows® Operating System",
   "Company": "Microsoft Corporation",
   "OriginalFileName": "SgrmBroker.exe",
   "CommandLine": "C:\\Windows\\system32\\SgrmBroker.exe",
   "CurrentDirectory": "C:\\Windows",
   "User": "NT AUTHORITY\\SYSTEM",
   "LogonGuid": "10DA3E43-6524-63F9-E703-000000000000",
   "LogonId": 999,
   "TerminalSessionId": 0,
   "IntegrityLevel": "System",
   "Hashes": "SHA256=F9CBF1FF87D6F11920C4B7367EA2178BF13AA276C65D918950683983F268BC1F",
   "ParentProcessGuid": "00000000-0000-0000-0000-000000000000",
   "ParentProcessId": 604,
   "ParentImage": "-",
   "ParentCommandLine": "-",
   "ParentUser": "-"
  },
  "Message": ""
 }{
  "System": {
   "Provider": {
    "Name": "Microsoft-Windows-Sysmon",
    "Guid": "5770385F-C22A-43E0-BF4C-06F5698FFBD9"
   },
   "EventID": {
    "Value": 1
   },
   "Version": 5,
   "Level": 4,
   "Task": 1,
   "Opcode": 0,
   "Keywords": 9223372036854775808,
   "TimeCreated": {
    "SystemTime": 1677252867.3146975
   },
   "EventRecordID": 58,
   "Correlation": {},
   "Execution": {
    "ProcessID": 4288,
    "ThreadID": 5172
   },
   "Channel": "Microsoft-Windows-Sysmon/Operational",
   "Computer": "DESKTOP-UTDHED2",
   "Security": {
    "UserID": "S-1-5-18"
   }
  },
  "EventData": {
   "RuleName": "-",
   "UtcTime": "2023-02-24 15:34:27.246",
   "ProcessGuid": "10DA3E43-D903-63F8-AA00-000000000900",
   "ProcessId": 4752,
   "Image": "C:\\Windows\\System32\\sppsvc.exe",
   "FileVersion": "10.0.19041.631 (WinBuild.160101.0800)",
   "Description": "Microsoft Software Protection Platform Service",
   "Product": "Microsoft® Windows® Operating System",
   "Company": "Microsoft Corporation",
   "OriginalFileName": "sppsvc.exe",
   "CommandLine": "C:\\Windows\\system32\\sppsvc.exe",
   "CurrentDirectory": "C:\\Windows",
   "User": "NT AUTHORITY\\NETWORK SERVICE",
   "LogonGuid": "10DA3E43-6524-63F9-E403-000000000000",
   "LogonId": 996,
   "TerminalSessionId": 0,
   "IntegrityLevel": "System",
   "Hashes": "SHA256=F9BBD70F8F47043B4F2921C388C27303F7201F553D590612273A99D9D4D07D4E",
   "ParentProcessGuid": "00000000-0000-0000-0000-000000000000",
   "ParentProcessId": 604,
   "ParentImage": "-",
   "ParentCommandLine": "-",
   "ParentUser": "-"
  },
  "Message": ""
 }{
  "System": {
   "Provider": {
    "Name": "Microsoft-Windows-Sysmon",
    "Guid": "5770385F-C22A-43E0-BF4C-06F5698FFBD9"
   },
   "EventID": {
    "Value": 5
   },
   "Version": 3,
   "Level": 4,
   "Task": 5,
   "Opcode": 0,
   "Keywords": 9223372036854775808,
   "TimeCreated": {
    "SystemTime": 1677252867.3995695
   },
   "EventRecordID": 59,
   "Correlation": {},
   "Execution": {
    "ProcessID": 4288,
    "ThreadID": 5172
   },
   "Channel": "Microsoft-Windows-Sysmon/Operational",
   "Computer": "DESKTOP-UTDHED2",
   "Security": {
    "UserID": "S-1-5-18"
   }
  },
  "EventData": {
   "RuleName": "-",
   "UtcTime": "2023-02-24 15:34:27.391",
   "ProcessGuid": "10DA3E43-D902-63F8-A700-000000000900",
   "ProcessId": 5444,
   "Image": "C:\\Program Files (x86)\\Microsoft\\EdgeUpdate\\MicrosoftEdgeUpdate.exe",
   "User": "NT AUTHORITY\\SYSTEM"
  },
  "Message": ""
 }{
  "System": {
   "Provider": {
    "Name": "Microsoft-Windows-Sysmon",
    "Guid": "5770385F-C22A-43E0-BF4C-06F5698FFBD9"
   },
   "EventID": {
    "Value": 1
   },
   "Version": 5,
   "Level": 4,
   "Task": 1,
   "Opcode": 0,
   "Keywords": 9223372036854775808,
   "TimeCreated": {
    "SystemTime": 1677252867.5012271
   },
   "EventRecordID": 60,
   "Correlation": {},
   "Execution": {
    "ProcessID": 4288,
    "ThreadID": 5172
   },
   "Channel": "Microsoft-Windows-Sysmon/Operational",
   "Computer": "DESKTOP-UTDHED2",
   "Security": {
    "UserID": "S-1-5-18"
   }
  },
  "EventData": {
   "RuleName": "-",
   "UtcTime": "2023-02-24 15:34:27.486",
   "ProcessGuid": "10DA3E43-D903-63F8-AB00-000000000900",
   "ProcessId": 5036,
   "Image": "C:\\Program Files\\Microsoft Update Health Tools\\uhssvc.exe",
   "FileVersion": "10.0.19041.1675 (WinBuild.160101.0800)",
   "Description": "Microsoft Update Health Service",
   "Product": "Microsoft® Windows® Operating System",
   "Company": "Microsoft Corporation",
   "OriginalFileName": "uhssvc",
   "CommandLine": "\"C:\\Program Files\\Microsoft Update Health Tools\\uhssvc.exe\"",
   "CurrentDirectory": "C:\\Windows\\system32\\",
   "User": "NT AUTHORITY\\SYSTEM",
   "LogonGuid": "10DA3E43-6524-63F9-E703-000000000000",
   "LogonId": 999,
   "TerminalSessionId": 0,
   "IntegrityLevel": "System",
   "Hashes": "SHA256=78AEDD6D13C45B2E080BC26527CCF3BDABF764A2108249BA8B3AC4387C6A6376",
   "ParentProcessGuid": "00000000-0000-0000-0000-000000000000",
   "ParentProcessId": 604,
   "ParentImage": "-",
   "ParentCommandLine": "-",
   "ParentUser": "-"
  },
  "Message": ""
 }{
  "System": {
   "Provider": {
    "Name": "Microsoft-Windows-Sysmon",
    "Guid": "5770385F-C22A-43E0-BF4C-06F5698FFBD9"
   },
   "EventID": {
    "Value": 1
   },
   "Version": 5,
   "Level": 4,
   "Task": 1,
   "Opcode": 0,
   "Keywords": 9223372036854775808,
   "TimeCreated": {
    "SystemTime": 1677252867.7542129
   },
   "EventRecordID": 61,
   "Correlation": {},
   "Execution": {
    "ProcessID": 4288,
    "ThreadID": 5172
   },
   "Channel": "Microsoft-Windows-Sysmon/Operational",
   "Computer": "DESKTOP-UTDHED2",
   "Security": {
    "UserID": "S-1-5-18"
   }
  },
  "EventData": {
   "RuleName": "-",
   "UtcTime": "2023-02-24 15:34:27.740",
   "ProcessGuid": "10DA3E43-D903-63F8-AC00-000000000900",
   "ProcessId": 4392,
   "Image": "C:\\Windows\\System32\\MoUsoCoreWorker.exe",
   "FileVersion": "10.0.19041.630 (WinBuild.160101.0800)",
   "Description": "MoUSO Core Worker Process",
   "Product": "Microsoft® Windows® Operating System",
   "Company": "Microsoft Corporation",
   "OriginalFileName": "MoUSOCoreWorker.exe",
   "CommandLine": "C:\\Windows\\System32\\mousocoreworker.exe -Embedding",
   "CurrentDirectory": "C:\\Windows\\system32\\",
   "User": "NT AUTHORITY\\SYSTEM",
   "LogonGuid": "10DA3E43-6524-63F9-E703-000000000000",
   "LogonId": 999,
   "TerminalSessionId": 0,
   "IntegrityLevel": "System",
   "Hashes": "SHA256=AF4F38395541C0315B188A2C3F63EFFD77011F5D0C21381A19EE9ED3224F9615",
   "ParentProcessGuid": "00000000-0000-0000-0000-000000000000",
   "ParentProcessId": 736,
   "ParentImage": "-",
   "ParentCommandLine": "-",
   "ParentUser": "-"
  },
  "Message": ""
 }{
  "System": {
   "Provider": {
    "Name": "Microsoft-Windows-Sysmon",
    "Guid": "5770385F-C22A-43E0-BF4C-06F5698FFBD9"
   },
   "EventID": {
    "Value": 1
   },
   "Version": 5,
   "Level": 4,
   "Task": 1,
   "Opcode": 0,
   "Keywords": 9223372036854775808,
   "TimeCreated": {
    "SystemTime": 1677252867.856408
   },
   "EventRecordID": 62,
   "Correlation": {},
   "Execution": {
    "ProcessID": 4288,
    "ThreadID": 5172
   },
   "Channel": "Microsoft-Windows-Sysmon/Operational",
   "Computer": "DESKTOP-UTDHED2",
   "Security": {
    "UserID": "S-1-5-18"
   }
  },
  "EventData": {
   "RuleName": "-",
   "UtcTime": "2023-02-24 15:34:27.817",
   "ProcessGuid": "10DA3E43-D903-63F8-AD00-000000000900",
   "ProcessId": 1580,
   "Image": "C:\\Windows\\System32\\svchost.exe",
   "FileVersion": "10.0.19041.546 (WinBuild.160101.0800)",
   "Description": "Host Process for Windows Services",
   "Product": "Microsoft® Windows® Operating System",
   "Company": "Microsoft Corporation",
   "OriginalFileName": "svchost.exe",
   "CommandLine": "C:\\Windows\\System32\\svchost.exe -k LocalServiceNetworkRestricted -p",
   "CurrentDirectory": "C:\\Windows\\system32\\",
   "User": "NT AUTHORITY\\LOCAL SERVICE",
   "LogonGuid": "10DA3E43-6525-63F9-E503-000000000000",
   "LogonId": 997,
   "TerminalSessionId": 0,
   "IntegrityLevel": "System",
   "Hashes": "SHA256=643EC58E82E0272C97C2A59F6020970D881AF19C0AD5029DB9C958C13B6558C7",
   "ParentProcessGuid": "00000000-0000-0000-0000-000000000000",
   "ParentProcessId": 604,
   "ParentImage": "-",
   "ParentCommandLine": "-",
   "ParentUser": "-"
  },
  "Message": ""
 }{
  "System": {
   "Provider": {
    "Name": "Microsoft-Windows-Sysmon",
    "Guid": "5770385F-C22A-43E0-BF4C-06F5698FFBD9"
   },
   "EventID": {
    "Value": 1
   },
   "Version": 5,
   "Level": 4,
   "Task": 1,
   "Opcode": 0,
   "Keywords": 9223372036854775808,
   "TimeCreated": {
    "SystemTime": 1677252871.1501184
   },
   "EventRecordID": 63,
   "Correlation": {},
   "Execution": {
    "ProcessID": 4288,
    "ThreadID": 5172
   },
   "Channel": "Microsoft-Windows-Sysmon/Operational",
   "Computer": "DESKTOP-UTDHED2",
   "Security": {
    "UserID": "S-1-5-18"
   }
  },
  "EventData": {
   "RuleName": "-",
   "UtcTime": "2023-02-24 15:34:31.144",
   "ProcessGuid": "10DA3E43-D907-63F8-AE00-000000000900",
   "ProcessId": 5992,
   "Image": "C:\\Windows\\System32\\svchost.exe",
   "FileVersion": "10.0.19041.546 (WinBuild.160101.0800)",
   "Description": "Host Process for Windows Services",
   "Product": "Microsoft® Windows® Operating System",
   "Company": "Microsoft Corporation",
   "OriginalFileName": "svchost.exe",
   "CommandLine": "C:\\Windows\\system32\\svchost.exe -k wusvcs -p",
   "CurrentDirectory": "C:\\Windows\\system32\\",
   "User": "NT AUTHORITY\\SYSTEM",
   "LogonGuid": "10DA3E43-6524-63F9-E703-000000000000",
   "LogonId": 999,
   "TerminalSessionId": 0,
   "IntegrityLevel": "System",
   "Hashes": "SHA256=643EC58E82E0272C97C2A59F6020970D881AF19C0AD5029DB9C958C13B6558C7",
   "ParentProcessGuid": "00000000-0000-0000-0000-000000000000",
   "ParentProcessId": 604,
   "ParentImage": "-",
   "ParentCommandLine": "-",
   "ParentUser": "-"
  },
  "Message": ""
 }{
  "System": {
   "Provider": {
    "Name": "Microsoft-Windows-Sysmon",
    "Guid": "5770385F-C22A-43E0-BF4C-06F5698FFBD9"
   },
   "EventID": {
    "Value": 1
   },
   "Version": 5,
   "Level": 4,
   "Task": 1,
   "Opcode": 0,
   "Keywords": 9223372036854775808,
   "TimeCreated": {
    "SystemTime": 1677252871.5781424
   },
   "EventRecordID": 64,
   "Correlation": {},
   "Execution": {
    "ProcessID": 4288,
    "ThreadID": 5172
   },
   "Channel": "Microsoft-Windows-Sysmon/Operational",
   "Computer": "DESKTOP-UTDHED2",
   "Security": {
    "UserID": "S-1-5-18"
   }
  },
  "EventData": {
   "RuleName": "-",
   "UtcTime": "2023-02-24 15:34:31.568",
   "ProcessGuid": "10DA3E43-D907-63F8-AF00-000000000900",
   "ProcessId": 5828,
   "Image": "C:\\Program Files (x86)\\Microsoft\\Edge\\Application\\msedge.exe",
   "FileVersion": "110.0.1587.50",
   "Description": "Microsoft Edge",
   "Product": "Microsoft Edge",
   "Company": "Microsoft Corporation",
   "OriginalFileName": "msedge.exe",
   "CommandLine": "\"C:\\Program Files (x86)\\Microsoft\\Edge\\Application\\msedge.exe\" --type=utility --utility-sub-type=unzip.mojom.Unzipper --lang=en-US --service-sandbox-type=service --mojo-platform-channel-handle=760 --field-trial-handle=2184,i,12503708684359893713,13292805670728289041,131072 /prefetch:8",
   "CurrentDirectory": "C:\\Program Files (x86)\\Microsoft\\Edge\\Application\\110.0.1587.50\\",
   "User": "DESKTOP-UTDHED2\\wade",
   "LogonGuid": "10DA3E43-D892-63F8-4B6D-030000000000",
   "LogonId": 224587,
   "TerminalSessionId": 1,
   "IntegrityLevel": "Low",
   "Hashes": "SHA256=470EA019C1EA8882B258DEA27E77261DD297EB225FD08EDBE591C82796189D75",
   "ParentProcessGuid": "10DA3E43-D8A8-63F8-7100-000000000900",
   "ParentProcessId": 4580,
   "ParentImage": "C:\\Program Files (x86)\\Microsoft\\Edge\\Application\\msedge.exe",
   "ParentCommandLine": "\"C:\\Program Files (x86)\\Microsoft\\Edge\\Application\\msedge.exe\" --no-startup-window --win-session-start /prefetch:5",
   "ParentUser": "DESKTOP-UTDHED2\\wade"
  },
  "Message": ""
 }{
  "System": {
   "Provider": {
    "Name": "Microsoft-Windows-Sysmon",
    "Guid": "5770385F-C22A-43E0-BF4C-06F5698FFBD9"
   },
   "EventID": {
    "Value": 5
   },
   "Version": 3,
   "Level": 4,
   "Task": 5,
   "Opcode": 0,
   "Keywords": 9223372036854775808,
   "TimeCreated": {
    "SystemTime": 1677252871.8521247
   },
   "EventRecordID": 65,
   "Correlation": {},
   "Execution": {
    "ProcessID": 4288,
    "ThreadID": 5172
   },
   "Channel": "Microsoft-Windows-Sysmon/Operational",
   "Computer": "DESKTOP-UTDHED2",
   "Security": {
    "UserID": "S-1-5-18"
   }
  },
  "EventData": {
   "RuleName": "-",
   "UtcTime": "2023-02-24 15:34:31.839",
   "ProcessGuid": "10DA3E43-D902-63F8-A500-000000000900",
   "ProcessId": 5152,
   "Image": "C:\\Windows\\System32\\dllhost.exe",
   "User": "DESKTOP-UTDHED2\\wade"
  },
  "Message": ""
 }{
  "System": {
   "Provider": {
    "Name": "Microsoft-Windows-Sysmon",
    "Guid": "5770385F-C22A-43E0-BF4C-06F5698FFBD9"
   },
   "EventID": {
    "Value": 5
   },
   "Version": 3,
   "Level": 4,
   "Task": 5,
   "Opcode": 0,
   "Keywords": 9223372036854775808,
   "TimeCreated": {
    "SystemTime": 1677252871.8992608
   },
   "EventRecordID": 66,
   "Correlation": {},
   "Execution": {
    "ProcessID": 4288,
    "ThreadID": 5172
   },
   "Channel": "Microsoft-Windows-Sysmon/Operational",
   "Computer": "DESKTOP-UTDHED2",
   "Security": {
    "UserID": "S-1-5-18"
   }
  },
  "EventData": {
   "RuleName": "-",
   "UtcTime": "2023-02-24 15:34:31.895",
   "ProcessGuid": "10DA3E43-D907-63F8-AF00-000000000900",
   "ProcessId": 5828,
   "Image": "C:\\Program Files (x86)\\Microsoft\\Edge\\Application\\msedge.exe",
   "User": "DESKTOP-UTDHED2\\wade"
  },
  "Message": ""
 }{
  "System": {
   "Provider": {
    "Name": "Microsoft-Windows-Sysmon",
    "Guid": "5770385F-C22A-43E0-BF4C-06F5698FFBD9"
   },
   "EventID": {
    "Value": 5
   },
   "Version": 3,
   "Level": 4,
   "Task": 5,
   "Opcode": 0,
   "Keywords": 9223372036854775808,
   "TimeCreated": {
    "SystemTime": 1677252874.395213
   },
   "EventRecordID": 67,
   "Correlation": {},
   "Execution": {
    "ProcessID": 4288,
    "ThreadID": 5172
   },
   "Channel": "Microsoft-Windows-Sysmon/Operational",
   "Computer": "DESKTOP-UTDHED2",
   "Security": {
    "UserID": "S-1-5-18"
   }
  },
  "EventData": {
   "RuleName": "-",
   "UtcTime": "2023-02-24 15:34:34.383",
   "ProcessGuid": "10DA3E43-6525-63F9-1D00-000000000900",
   "ProcessId": 1268,
   "Image": "C:\\Windows\\system32\\svchost.exe",
   "User": "NT AUTHORITY\\SYSTEM"
  },
  "Message": ""
 }{
  "System": {
   "Provider": {
    "Name": "Microsoft-Windows-Sysmon",
    "Guid": "5770385F-C22A-43E0-BF4C-06F5698FFBD9"
   },
   "EventID": {
    "Value": 5
   },
   "Version": 3,
   "Level": 4,
   "Task": 5,
   "Opcode": 0,
   "Keywords": 9223372036854775808,
   "TimeCreated": {
    "SystemTime": 1677252876.9027104
   },
   "EventRecordID": 68,
   "Correlation": {},
   "Execution": {
    "ProcessID": 4288,
    "ThreadID": 5172
   },
   "Channel": "Microsoft-Windows-Sysmon/Operational",
   "Computer": "DESKTOP-UTDHED2",
   "Security": {
    "UserID": "S-1-5-18"
   }
  },
  "EventData": {
   "RuleName": "-",
   "UtcTime": "2023-02-24 15:34:36.893",
   "ProcessGuid": "10DA3E43-D902-63F8-A800-000000000900",
   "ProcessId": 5440,
   "Image": "C:\\Windows\\System32\\svchost.exe",
   "User": "NT AUTHORITY\\NETWORK SERVICE"
  },
  "Message": ""
 }{
  "System": {
   "Provider": {
    "Name": "Microsoft-Windows-Sysmon",
    "Guid": "5770385F-C22A-43E0-BF4C-06F5698FFBD9"
   },
   "EventID": {
    "Value": 5
   },
   "Version": 3,
   "Level": 4,
   "Task": 5,
   "Opcode": 0,
   "Keywords": 9223372036854775808,
   "TimeCreated": {
    "SystemTime": 1677252878.8149936
   },
   "EventRecordID": 69,
   "Correlation": {},
   "Execution": {
    "ProcessID": 4288,
    "ThreadID": 5172
   },
   "Channel": "Microsoft-Windows-Sysmon/Operational",
   "Computer": "DESKTOP-UTDHED2",
   "Security": {
    "UserID": "S-1-5-18"
   }
  },
  "EventData": {
   "RuleName": "-",
   "UtcTime": "2023-02-24 15:34:38.723",
   "ProcessGuid": "10DA3E43-D903-63F8-AC00-000000000900",
   "ProcessId": 4392,
   "Image": "C:\\Windows\\System32\\MoUsoCoreWorker.exe",
   "User": "NT AUTHORITY\\SYSTEM"
  },
  "Message": ""
 }{
  "System": {
   "Provider": {
    "Name": "Microsoft-Windows-Sysmon",
    "Guid": "5770385F-C22A-43E0-BF4C-06F5698FFBD9"
   },
   "EventID": {
    "Value": 5
   },
   "Version": 3,
   "Level": 4,
   "Task": 5,
   "Opcode": 0,
   "Keywords": 9223372036854775808,
   "TimeCreated": {
    "SystemTime": 1677252879.357283
   },
   "EventRecordID": 70,
   "Correlation": {},
   "Execution": {
    "ProcessID": 4288,
    "ThreadID": 5172
   },
   "Channel": "Microsoft-Windows-Sysmon/Operational",
   "Computer": "DESKTOP-UTDHED2",
   "Security": {
    "UserID": "S-1-5-18"
   }
  },
  "EventData": {
   "RuleName": "-",
   "UtcTime": "2023-02-24 15:34:39.341",
   "ProcessGuid": "10DA3E43-D89C-63F8-6000-000000000900",
   "ProcessId": 3912,
   "Image": "C:\\Windows\\System32\\SearchProtocolHost.exe",
   "User": "NT AUTHORITY\\SYSTEM"
  },
  "Message": ""
 }{
  "System": {
   "Provider": {
    "Name": "Microsoft-Windows-Sysmon",
    "Guid": "5770385F-C22A-43E0-BF4C-06F5698FFBD9"
   },
   "EventID": {
    "Value": 5
   },
   "Version": 3,
   "Level": 4,
   "Task": 5,
   "Opcode": 0,
   "Keywords": 9223372036854775808,
   "TimeCreated": {
    "SystemTime": 1677252879.364709
   },
   "EventRecordID": 71,
   "Correlation": {},
   "Execution": {
    "ProcessID": 4288,
    "ThreadID": 5172
   },
   "Channel": "Microsoft-Windows-Sysmon/Operational",
   "Computer": "DESKTOP-UTDHED2",
   "Security": {
    "UserID": "S-1-5-18"
   }
  },
  "EventData": {
   "RuleName": "-",
   "UtcTime": "2023-02-24 15:34:39.362",
   "ProcessGuid": "10DA3E43-D89C-63F8-6100-000000000900",
   "ProcessId": 3988,
   "Image": "C:\\Windows\\System32\\SearchFilterHost.exe",
   "User": "NT AUTHORITY\\SYSTEM"
  },
  "Message": ""
 }{
  "System": {
   "Provider": {
    "Name": "Microsoft-Windows-Sysmon",
    "Guid": "5770385F-C22A-43E0-BF4C-06F5698FFBD9"
   },
   "EventID": {
    "Value": 1
   },
   "Version": 5,
   "Level": 4,
   "Task": 1,
   "Opcode": 0,
   "Keywords": 9223372036854775808,
   "TimeCreated": {
    "SystemTime": 1677252896.8520737
   },
   "EventRecordID": 72,
   "Correlation": {},
   "Execution": {
    "ProcessID": 4288,
    "ThreadID": 5172
   },
   "Channel": "Microsoft-Windows-Sysmon/Operational",
   "Computer": "DESKTOP-UTDHED2",
   "Security": {
    "UserID": "S-1-5-18"
   }
  },
  "EventData": {
   "RuleName": "-",
   "UtcTime": "2023-02-24 15:34:56.839",
   "ProcessGuid": "10DA3E43-D920-63F8-B000-000000000900",
   "ProcessId": 5420,
   "Image": "C:\\Program Files (x86)\\Microsoft\\Edge\\Application\\msedge.exe",
   "FileVersion": "110.0.1587.50",
   "Description": "Microsoft Edge",
   "Product": "Microsoft Edge",
   "Company": "Microsoft Corporation",
   "OriginalFileName": "msedge.exe",
   "CommandLine": "\"C:\\Program Files (x86)\\Microsoft\\Edge\\Application\\msedge.exe\" --type=gpu-process --disable-gpu-sandbox --use-gl=disabled --gpu-vendor-id=5140 --gpu-device-id=140 --gpu-sub-system-id=0 --gpu-revision=0 --gpu-driver-version=10.0.19041.546 --gpu-preferences=UAAAAAAAAADoAAAYAAAAAAAAAAAAAAAAAABgAAAAAAAwAAAAAAAAAAAAAACQAAAAAAAAAAAAAAAAAAAAAAAAAEgAAAAAAAAASAAAAAAAAAAYAAAAAgAAABAAAAAAAAAAGAAAAAAAAAAQAAAAAAAAAAAAAAAOAAAAEAAAAAAAAAABAAAADgAAAAgAAAAAAAAACAAAAAAAAAA= --mojo-platform-channel-handle=4856 --field-trial-handle=2184,i,12503708684359893713,13292805670728289041,131072 /prefetch:2",
   "CurrentDirectory": "C:\\Program Files (x86)\\Microsoft\\Edge\\Application\\110.0.1587.50\\",
   "User": "DESKTOP-UTDHED2\\wade",
   "LogonGuid": "10DA3E43-D892-63F8-4B6D-030000000000",
   "LogonId": 224587,
   "TerminalSessionId": 1,
   "IntegrityLevel": "Medium",
   "Hashes": "SHA256=470EA019C1EA8882B258DEA27E77261DD297EB225FD08EDBE591C82796189D75",
   "ParentProcessGuid": "10DA3E43-D8A8-63F8-7100-000000000900",
   "ParentProcessId": 4580,
   "ParentImage": "C:\\Program Files (x86)\\Microsoft\\Edge\\Application\\msedge.exe",
   "ParentCommandLine": "\"C:\\Program Files (x86)\\Microsoft\\Edge\\Application\\msedge.exe\" --no-startup-window --win-session-start /prefetch:5",
   "ParentUser": "DESKTOP-UTDHED2\\wade"
  },
  "Message": ""
 }{
  "System": {
   "Provider": {
    "Name": "Microsoft-Windows-Sysmon",
    "Guid": "5770385F-C22A-43E0-BF4C-06F5698FFBD9"
   },
   "EventID": {
    "Value": 5
   },
   "Version": 3,
   "Level": 4,
   "Task": 5,
   "Opcode": 0,
   "Keywords": 9223372036854775808,
   "TimeCreated": {
    "SystemTime": 1677252897.0541472
   },
   "EventRecordID": 73,
   "Correlation": {},
   "Execution": {
    "ProcessID": 4288,
    "ThreadID": 5172
   },
   "Channel": "Microsoft-Windows-Sysmon/Operational",
   "Computer": "DESKTOP-UTDHED2",
   "Security": {
    "UserID": "S-1-5-18"
   }
  },
  "EventData": {
   "RuleName": "-",
   "UtcTime": "2023-02-24 15:34:57.040",
   "ProcessGuid": "10DA3E43-D920-63F8-B000-000000000900",
   "ProcessId": 5420,
   "Image": "C:\\Program Files (x86)\\Microsoft\\Edge\\Application\\msedge.exe",
   "User": "DESKTOP-UTDHED2\\wade"
  },
  "Message": ""
 }{
  "System": {
   "Provider": {
    "Name": "Microsoft-Windows-Sysmon",
    "Guid": "5770385F-C22A-43E0-BF4C-06F5698FFBD9"
   },
   "EventID": {
    "Value": 5
   },
   "Version": 3,
   "Level": 4,
   "Task": 5,
   "Opcode": 0,
   "Keywords": 9223372036854775808,
   "TimeCreated": {
    "SystemTime": 1677252897.6349473
   },
   "EventRecordID": 74,
   "Correlation": {},
   "Execution": {
    "ProcessID": 4288,
    "ThreadID": 5172
   },
   "Channel": "Microsoft-Windows-Sysmon/Operational",
   "Computer": "DESKTOP-UTDHED2",
   "Security": {
    "UserID": "S-1-5-18"
   }
  },
  "EventData": {
   "RuleName": "-",
   "UtcTime": "2023-02-24 15:34:57.618",
   "ProcessGuid": "10DA3E43-D903-63F8-AA00-000000000900",
   "ProcessId": 4752,
   "Image": "C:\\Windows\\System32\\sppsvc.exe",
   "User": "NT AUTHORITY\\NETWORK SERVICE"
  },
  "Message": ""
 }{
  "System": {
   "Provider": {
    "Name": "Microsoft-Windows-Sysmon",
    "Guid": "5770385F-C22A-43E0-BF4C-06F5698FFBD9"
   },
   "EventID": {
    "Value": 5
   },
   "Version": 3,
   "Level": 4,
   "Task": 5,
   "Opcode": 0,
   "Keywords": 9223372036854775808,
   "TimeCreated": {
    "SystemTime": 1677252903.925629
   },
   "EventRecordID": 75,
   "Correlation": {},
   "Execution": {
    "ProcessID": 4288,
    "ThreadID": 5172
   },
   "Channel": "Microsoft-Windows-Sysmon/Operational",
   "Computer": "DESKTOP-UTDHED2",
   "Security": {
    "UserID": "S-1-5-18"
   }
  },
  "EventData": {
   "RuleName": "-",
   "UtcTime": "2023-02-24 15:35:03.923",
   "ProcessGuid": "10DA3E43-D8FF-63F8-A200-000000000900",
   "ProcessId": 5416,
   "Image": "C:\\Windows\\System32\\RuntimeBroker.exe",
   "User": "DESKTOP-UTDHED2\\wade"
  },
  "Message": ""
 }