{
  "System": {
   "Provider": {
    "Name": "Microsoft-Windows-Sysmon",
    "Guid": "5770385F-C22A-43E0-BF4C-06F5698FFBD9"
   },
   "EventID": {
    "Value": 16
   },
   "Version": 3,
   "Level": 4,
   "Task": 16,
   "Opcode": 0,
   "Keywords": 9223372036854775808,
   "TimeCreated": {
    "SystemTime": 1677252794.2268016
   },
   "EventRecordID": 1,
   "Correlation": {},
   "Execution": {
    "ProcessID": 3644,
    "ThreadID": 2480
   },
   "Channel": "Microsoft-Windows-Sysmon/Operational",
   "Computer": "DESKTOP-UTDHED2",
   "Security": {
    "UserID": "S-1-5-21-2664003694-224353874-4161542076-1001"
   }
  },
  "EventData": {
   "UtcTime": "2023-02-24 15:33:14.223",
   "Configuration": "\"C:\\Users\\wade\\Downloads\\Sysmon64.exe\" -i",
   "ConfigurationFileHash": "-"
  },
  "Message": ""
 }{
  "System": {
   "Provider": {
    "Name": "Microsoft-Windows-Sysmon",
    "Guid": "5770385F-C22A-43E0-BF4C-06F5698FFBD9"
   },
   "EventID": {
    "Value": 4
   },
   "Version": 3,
   "Level": 4,
   "Task": 4,
   "Opcode": 0,
   "Keywords": 9223372036854775808,
   "TimeCreated": {
    "SystemTime": 1677252794.7094383
   },
   "EventRecordID": 2,
   "Correlation": {},
   "Execution": {
    "ProcessID": 4288,
    "ThreadID": 5172
   },
   "Channel": "Microsoft-Windows-Sysmon/Operational",
   "Computer": "DESKTOP-UTDHED2",
   "Security": {
    "UserID": "S-1-5-18"
   }
  },
  "EventData": {
   "UtcTime": "2023-02-24 15:33:14.694",
   "State": "Started",
   "Version": "14.14",
   "SchemaVersion": "4.83"
  },
  "Message": ""
 }{
  "System": {
   "Provider": {
    "Name": "Microsoft-Windows-Sysmon",
    "Guid": "5770385F-C22A-43E0-BF4C-06F5698FFBD9"
   },
   "EventID": {
    "Value": 1
   },
   "Version": 5,
   "Level": 4,
   "Task": 1,
   "Opcode": 0,
   "Keywords": 9223372036854775808,
   "TimeCreated": {
    "SystemTime": 1677252794.7172368
   },
   "EventRecordID": 3,
   "Correlation": {},
   "Execution": {
    "ProcessID": 4288,
    "ThreadID": 5172
   },
   "Channel": "Microsoft-Windows-Sysmon/Operational",
   "Computer": "DESKTOP-UTDHED2",
   "Security": {
    "UserID": "S-1-5-18"
   }
  },
  "EventData": {
   "RuleName": "-",
   "UtcTime": "2023-02-24 15:33:14.246",
   "ProcessGuid": "10DA3E43-D8BA-63F8-8900-000000000900",
   "ProcessId": 4288,
   "Image": "C:\\Windows\\Sysmon64.exe",
   "FileVersion": "14.14",
   "Description": "System activity monitor",
   "Product": "Sysinternals Sysmon",
   "Company": "Sysinternals - www.sysinternals.com",
   "OriginalFileName": "-",
   "CommandLine": "C:\\Windows\\Sysmon64.exe",
   "CurrentDirectory": "C:\\Windows\\system32\\",
   "User": "NT AUTHORITY\\SYSTEM",
   "LogonGuid": "10DA3E43-6524-63F9-E703-000000000000",
   "LogonId": 999,
   "TerminalSessionId": 0,
   "IntegrityLevel": "System",
   "Hashes": "SHA256=7108EC59A69D858BFB3F6034C4812C2D7EC348ECC952FD30C65A913C17F68E35",
   "ParentProcessGuid": "00000000-0000-0000-0000-000000000000",
   "ParentProcessId": 604,
   "ParentImage": "-",
   "ParentCommandLine": "-",
   "ParentUser": "-"
  },
  "Message": ""
 }{
  "System": {
   "Provider": {
    "Name": "Microsoft-Windows-Sysmon",
    "Guid": "5770385F-C22A-43E0-BF4C-06F5698FFBD9"
   },
   "EventID": {
    "Value": 1
   },
   "Version": 5,
   "Level": 4,
   "Task": 1,
   "Opcode": 0,
   "Keywords": 9223372036854775808,
   "TimeCreated": {
    "SystemTime": 1677252794.717624
   },
   "EventRecordID": 4,
   "Correlation": {},
   "Execution": {
    "ProcessID": 4288,
    "ThreadID": 5172
   },
   "Channel": "Microsoft-Windows-Sysmon/Operational",
   "Computer": "DESKTOP-UTDHED2",
   "Security": {
    "UserID": "S-1-5-18"
   }
  },
  "EventData": {
   "RuleName": "-",
   "UtcTime": "2023-02-24 15:33:14.615",
   "ProcessGuid": "10DA3E43-D8BA-63F8-8A00-000000000900",
   "ProcessId": 4948,
   "Image": "C:\\Windows\\System32\\wbem\\unsecapp.exe",
   "FileVersion": "10.0.19041.610 (WinBuild.160101.0800)",
   "Description": "Sink to receive asynchronous callbacks for WMI client application",
   "Product": "Microsoft® Windows® Operating System",
   "Company": "Microsoft Corporation",
   "OriginalFileName": "unsecapp.dll",
   "CommandLine": "C:\\Windows\\system32\\wbem\\unsecapp.exe -Embedding",
   "CurrentDirectory": "C:\\Windows\\system32\\",
   "User": "NT AUTHORITY\\SYSTEM",
   "LogonGuid": "10DA3E43-6524-63F9-E703-000000000000",
   "LogonId": 999,
   "TerminalSessionId": 0,
   "IntegrityLevel": "System",
   "Hashes": "SHA256=5CD0DD3B1454B437362C87C651EE2068AC27CDB725AA1C705CF62FF325A759CC",
   "ParentProcessGuid": "00000000-0000-0000-0000-000000000000",
   "ParentProcessId": 736,
   "ParentImage": "-",
   "ParentCommandLine": "-",
   "ParentUser": "-"
  },
  "Message": ""
 }{
  "System": {
   "Provider": {
    "Name": "Microsoft-Windows-Sysmon",
    "Guid": "5770385F-C22A-43E0-BF4C-06F5698FFBD9"
   },
   "EventID": {
    "Value": 5
   },
   "Version": 3,
   "Level": 4,
   "Task": 5,
   "Opcode": 0,
   "Keywords": 9223372036854775808,
   "TimeCreated": {
    "SystemTime": 1677252795.5525408
   },
   "EventRecordID": 5,
   "Correlation": {},
   "Execution": {
    "ProcessID": 4288,
    "ThreadID": 5172
   },
   "Channel": "Microsoft-Windows-Sysmon/Operational",
   "Computer": "DESKTOP-UTDHED2",
   "Security": {
    "UserID": "S-1-5-18"
   }
  },
  "EventData": {
   "RuleName": "-",
   "UtcTime": "2023-02-24 15:33:15.548",
   "ProcessGuid": "10DA3E43-D8B7-63F8-8300-000000000900",
   "ProcessId": 3644,
   "Image": "C:\\Users\\wade\\Downloads\\Sysmon64.exe",
   "User": "DESKTOP-UTDHED2\\wade"
  },
  "Message": ""
 }{
  "System": {
   "Provider": {
    "Name": "Microsoft-Windows-Sysmon",
    "Guid": "5770385F-C22A-43E0-BF4C-06F5698FFBD9"
   },
   "EventID": {
    "Value": 5
   },
   "Version": 3,
   "Level": 4,
   "Task": 5,
   "Opcode": 0,
   "Keywords": 9223372036854775808,
   "TimeCreated": {
    "SystemTime": 1677252797.898728
   },
   "EventRecordID": 6,
   "Correlation": {},
   "Execution": {
    "ProcessID": 4288,
    "ThreadID": 5172
   },
   "Channel": "Microsoft-Windows-Sysmon/Operational",
   "Computer": "DESKTOP-UTDHED2",
   "Security": {
    "UserID": "S-1-5-18"
   }
  },
  "EventData": {
   "RuleName": "-",
   "UtcTime": "2023-02-24 15:33:17.876",
   "ProcessGuid": "10DA3E43-D8A7-63F8-6E00-000000000900",
   "ProcessId": 4480,
   "Image": "C:\\Windows\\System32\\WindowsPowerShell\\v1.0\\powershell.exe",
   "User": "DESKTOP-UTDHED2\\wade"
  },
  "Message": ""
 }{
  "System": {
   "Provider": {
    "Name": "Microsoft-Windows-Sysmon",
    "Guid": "5770385F-C22A-43E0-BF4C-06F5698FFBD9"
   },
   "EventID": {
    "Value": 5
   },
   "Version": 3,
   "Level": 4,
   "Task": 5,
   "Opcode": 0,
   "Keywords": 9223372036854775808,
   "TimeCreated": {
    "SystemTime": 1677252797.9223745
   },
   "EventRecordID": 7,
   "Correlation": {},
   "Execution": {
    "ProcessID": 4288,
    "ThreadID": 5172
   },
   "Channel": "Microsoft-Windows-Sysmon/Operational",
   "Computer": "DESKTOP-UTDHED2",
   "Security": {
    "UserID": "S-1-5-18"
   }
  },
  "EventData": {
   "RuleName": "-",
   "UtcTime": "2023-02-24 15:33:17.913",
   "ProcessGuid": "10DA3E43-D8A7-63F8-6F00-000000000900",
   "ProcessId": 4488,
   "Image": "C:\\Windows\\System32\\conhost.exe",
   "User": "DESKTOP-UTDHED2\\wade"
  },
  "Message": ""
 }{
  "System": {
   "Provider": {
    "Name": "Microsoft-Windows-Sysmon",
    "Guid": "5770385F-C22A-43E0-BF4C-06F5698FFBD9"
   },
   "EventID": {
    "Value": 1
   },
   "Version": 5,
   "Level": 4,
   "Task": 1,
   "Opcode": 0,
   "Keywords": 9223372036854775808,
   "TimeCreated": {
    "SystemTime": 1677252801.5905952
   },
   "EventRecordID": 8,
   "Correlation": {},
   "Execution": {
    "ProcessID": 4288,
    "ThreadID": 5172
   },
   "Channel": "Microsoft-Windows-Sysmon/Operational",
   "Computer": "DESKTOP-UTDHED2",
   "Security": {
    "UserID": "S-1-5-18"
   }
  },
  "EventData": {
   "RuleName": "-",
   "UtcTime": "2023-02-24 15:33:21.417",
   "ProcessGuid": "10DA3E43-D8C1-63F8-8B00-000000000900",
   "ProcessId": 5280,
   "Image": "C:\\Windows\\System32\\dllhost.exe",
   "FileVersion": "10.0.19041.546 (WinBuild.160101.0800)",
   "Description": "COM Surrogate",
   "Product": "Microsoft® Windows® Operating System",
   "Company": "Microsoft Corporation",
   "OriginalFileName": "dllhost.exe",
   "CommandLine": "C:\\Windows\\system32\\DllHost.exe /Processid:{AB8902B4-09CA-4BB6-B78D-A8F59079A8D5}",
   "CurrentDirectory": "C:\\Windows\\system32\\",
   "User": "DESKTOP-UTDHED2\\wade",
   "LogonGuid": "10DA3E43-D892-63F8-4B6D-030000000000",
   "LogonId": 224587,
   "TerminalSessionId": 1,
   "IntegrityLevel": "Medium",
   "Hashes": "SHA256=E7FC40B41AA8B83841A0B96D169EAF0800AA784733E636935374D56536253F10",
   "ParentProcessGuid": "00000000-0000-0000-0000-000000000000",
   "ParentProcessId": 736,
   "ParentImage": "-",
   "ParentCommandLine": "-",
   "ParentUser": "-"
  },
  "Message": ""
 }{
  "System": {
   "Provider": {
    "Name": "Microsoft-Windows-Sysmon",
    "Guid": "5770385F-C22A-43E0-BF4C-06F5698FFBD9"
   },
   "EventID": {
    "Value": 1
   },
   "Version": 5,
   "Level": 4,
   "Task": 1,
   "Opcode": 0,
   "Keywords": 9223372036854775808,
   "TimeCreated": {
    "SystemTime": 1677252804.018056
   },
   "EventRecordID": 9,
   "Correlation": {},
   "Execution": {
    "ProcessID": 4288,
    "ThreadID": 5172
   },
   "Channel": "Microsoft-Windows-Sysmon/Operational",
   "Computer": "DESKTOP-UTDHED2",
   "Security": {
    "UserID": "S-1-5-18"
   }
  },
  "EventData": {
   "RuleName": "-",
   "UtcTime": "2023-02-24 15:33:23.918",
   "ProcessGuid": "10DA3E43-D8C3-63F8-8C00-000000000900",
   "ProcessId": 5356,
   "Image": "C:\\Program Files\\Wireshark\\Wireshark.exe",
   "FileVersion": "4.0.3",
   "Description": "Wireshark",
   "Product": "Wireshark",
   "Company": "The Wireshark developer community, https://www.wireshark.org/",
   "OriginalFileName": "Wireshark.exe",
   "CommandLine": "\"C:\\Program Files\\Wireshark\\Wireshark.exe\" ",
   "CurrentDirectory": "C:\\Program Files\\Wireshark\\",
   "User": "DESKTOP-UTDHED2\\wade",
   "LogonGuid": "10DA3E43-D892-63F8-4B6D-030000000000",
   "LogonId": 224587,
   "TerminalSessionId": 1,
   "IntegrityLevel": "Medium",
   "Hashes": "SHA256=99ED6B3FC027975A87FAA3E09ECB6000623AD3FA5FFC3A02290848BE4AEDBB0C",
   "ParentProcessGuid": "10DA3E43-D893-63F8-5600-000000000900",
   "ParentProcessId": 2688,
   "ParentImage": "C:\\Windows\\explorer.exe",
   "ParentCommandLine": "C:\\Windows\\Explorer.EXE",
   "ParentUser": "DESKTOP-UTDHED2\\wade"
  },
  "Message": ""
 }{
  "System": {
   "Provider": {
    "Name": "Microsoft-Windows-Sysmon",
    "Guid": "5770385F-C22A-43E0-BF4C-06F5698FFBD9"
   },
   "EventID": {
    "Value": 5
   },
   "Version": 3,
   "Level": 4,
   "Task": 5,
   "Opcode": 0,
   "Keywords": 9223372036854775808,
   "TimeCreated": {
    "SystemTime": 1677252806.79376
   },
   "EventRecordID": 10,
   "Correlation": {},
   "Execution": {
    "ProcessID": 4288,
    "ThreadID": 5172
   },
   "Channel": "Microsoft-Windows-Sysmon/Operational",
   "Computer": "DESKTOP-UTDHED2",
   "Security": {
    "UserID": "S-1-5-18"
   }
  },
  "EventData": {
   "RuleName": "-",
   "UtcTime": "2023-02-24 15:33:26.785",
   "ProcessGuid": "10DA3E43-D8C1-63F8-8B00-000000000900",
   "ProcessId": 5280,
   "Image": "C:\\Windows\\System32\\dllhost.exe",
   "User": "DESKTOP-UTDHED2\\wade"
  },
  "Message": ""
 }{
  "System": {
   "Provider": {
    "Name": "Microsoft-Windows-Sysmon",
    "Guid": "5770385F-C22A-43E0-BF4C-06F5698FFBD9"
   },
   "EventID": {
    "Value": 1
   },
   "Version": 5,
   "Level": 4,
   "Task": 1,
   "Opcode": 0,
   "Keywords": 9223372036854775808,
   "TimeCreated": {
    "SystemTime": 1677252806.921816
   },
   "EventRecordID": 11,
   "Correlation": {},
   "Execution": {
    "ProcessID": 4288,
    "ThreadID": 5172
   },
   "Channel": "Microsoft-Windows-Sysmon/Operational",
   "Computer": "DESKTOP-UTDHED2",
   "Security": {
    "UserID": "S-1-5-18"
   }
  },
  "EventData": {
   "RuleName": "-",
   "UtcTime": "2023-02-24 15:33:26.848",
   "ProcessGuid": "10DA3E43-D8C6-63F8-8D00-000000000900",
   "ProcessId": 5444,
   "Image": "C:\\Program Files (x86)\\Microsoft\\Edge\\Application\\msedge.exe",
   "FileVersion": "110.0.1587.50",
   "Description": "Microsoft Edge",
   "Product": "Microsoft Edge",
   "Company": "Microsoft Corporation",
   "OriginalFileName": "msedge.exe",
   "CommandLine": "\"C:\\Program Files (x86)\\Microsoft\\Edge\\Application\\msedge.exe\" --type=utility --utility-sub-type=chrome.mojom.UtilWin --lang=en-US --service-sandbox-type=none --mojo-platform-channel-handle=4652 --field-trial-handle=2184,i,12503708684359893713,13292805670728289041,131072 /prefetch:8",
   "CurrentDirectory": "C:\\Program Files (x86)\\Microsoft\\Edge\\Application\\110.0.1587.50\\",
   "User": "DESKTOP-UTDHED2\\wade",
   "LogonGuid": "10DA3E43-D892-63F8-4B6D-030000000000",
   "LogonId": 224587,
   "TerminalSessionId": 1,
   "IntegrityLevel": "Medium",
   "Hashes": "SHA256=470EA019C1EA8882B258DEA27E77261DD297EB225FD08EDBE591C82796189D75",
   "ParentProcessGuid": "10DA3E43-D8A8-63F8-7100-000000000900",
   "ParentProcessId": 4580,
   "ParentImage": "C:\\Program Files (x86)\\Microsoft\\Edge\\Application\\msedge.exe",
   "ParentCommandLine": "\"C:\\Program Files (x86)\\Microsoft\\Edge\\Application\\msedge.exe\" --no-startup-window --win-session-start /prefetch:5",
   "ParentUser": "DESKTOP-UTDHED2\\wade"
  },
  "Message": ""
 }{
  "System": {
   "Provider": {
    "Name": "Microsoft-Windows-Sysmon",
    "Guid": "5770385F-C22A-43E0-BF4C-06F5698FFBD9"
   },
   "EventID": {
    "Value": 1
   },
   "Version": 5,
   "Level": 4,
   "Task": 1,
   "Opcode": 0,
   "Keywords": 9223372036854775808,
   "TimeCreated": {
    "SystemTime": 1677252807.0220735
   },
   "EventRecordID": 12,
   "Correlation": {},
   "Execution": {
    "ProcessID": 4288,
    "ThreadID": 5172
   },
   "Channel": "Microsoft-Windows-Sysmon/Operational",
   "Computer": "DESKTOP-UTDHED2",
   "Security": {
    "UserID": "S-1-5-18"
   }
  },
  "EventData": {
   "RuleName": "-",
   "UtcTime": "2023-02-24 15:33:26.916",
   "ProcessGuid": "10DA3E43-D8C6-63F8-8E00-000000000900",
   "ProcessId": 5452,
   "Image": "C:\\Program Files (x86)\\Microsoft\\Edge\\Application\\msedge.exe",
   "FileVersion": "110.0.1587.50",
   "Description": "Microsoft Edge",
   "Product": "Microsoft Edge",
   "Company": "Microsoft Corporation",
   "OriginalFileName": "msedge.exe",
   "CommandLine": "\"C:\\Program Files (x86)\\Microsoft\\Edge\\Application\\msedge.exe\" --type=utility --utility-sub-type=chrome.mojom.UtilWin --lang=en-US --service-sandbox-type=none --mojo-platform-channel-handle=4620 --field-trial-handle=2184,i,12503708684359893713,13292805670728289041,131072 /prefetch:8",
   "CurrentDirectory": "C:\\Program Files (x86)\\Microsoft\\Edge\\Application\\110.0.1587.50\\",
   "User": "DESKTOP-UTDHED2\\wade",
   "LogonGuid": "10DA3E43-D892-63F8-4B6D-030000000000",
   "LogonId": 224587,
   "TerminalSessionId": 1,
   "IntegrityLevel": "Medium",
   "Hashes": "SHA256=470EA019C1EA8882B258DEA27E77261DD297EB225FD08EDBE591C82796189D75",
   "ParentProcessGuid": "10DA3E43-D8A8-63F8-7100-000000000900",
   "ParentProcessId": 4580,
   "ParentImage": "C:\\Program Files (x86)\\Microsoft\\Edge\\Application\\msedge.exe",
   "ParentCommandLine": "\"C:\\Program Files (x86)\\Microsoft\\Edge\\Application\\msedge.exe\" --no-startup-window --win-session-start /prefetch:5",
   "ParentUser": "DESKTOP-UTDHED2\\wade"
  },
  "Message": ""
 }{
  "System": {
   "Provider": {
    "Name": "Microsoft-Windows-Sysmon",
    "Guid": "5770385F-C22A-43E0-BF4C-06F5698FFBD9"
   },
   "EventID": {
    "Value": 5
   },
   "Version": 3,
   "Level": 4,
   "Task": 5,
   "Opcode": 0,
   "Keywords": 9223372036854775808,
   "TimeCreated": {
    "SystemTime": 1677252807.2750528
   },
   "EventRecordID": 13,
   "Correlation": {},
   "Execution": {
    "ProcessID": 4288,
    "ThreadID": 5172
   },
   "Channel": "Microsoft-Windows-Sysmon/Operational",
   "Computer": "DESKTOP-UTDHED2",
   "Security": {
    "UserID": "S-1-5-18"
   }
  },
  "EventData": {
   "RuleName": "-",
   "UtcTime": "2023-02-24 15:33:27.270",
   "ProcessGuid": "10DA3E43-D8C6-63F8-8D00-000000000900",
   "ProcessId": 5444,
   "Image": "C:\\Program Files (x86)\\Microsoft\\Edge\\Application\\msedge.exe",
   "User": "DESKTOP-UTDHED2\\wade"
  },
  "Message": ""
 }{
  "System": {
   "Provider": {
    "Name": "Microsoft-Windows-Sysmon",
    "Guid": "5770385F-C22A-43E0-BF4C-06F5698FFBD9"
   },
   "EventID": {
    "Value": 5
   },
   "Version": 3,
   "Level": 4,
   "Task": 5,
   "Opcode": 0,
   "Keywords": 9223372036854775808,
   "TimeCreated": {
    "SystemTime": 1677252807.2766817
   },
   "EventRecordID": 14,
   "Correlation": {},
   "Execution": {
    "ProcessID": 4288,
    "ThreadID": 5172
   },
   "Channel": "Microsoft-Windows-Sysmon/Operational",
   "Computer": "DESKTOP-UTDHED2",
   "Security": {
    "UserID": "S-1-5-18"
   }
  },
  "EventData": {
   "RuleName": "-",
   "UtcTime": "2023-02-24 15:33:27.270",
   "ProcessGuid": "10DA3E43-D8C6-63F8-8E00-000000000900",
   "ProcessId": 5452,
   "Image": "C:\\Program Files (x86)\\Microsoft\\Edge\\Application\\msedge.exe",
   "User": "DESKTOP-UTDHED2\\wade"
  },
  "Message": ""
 }{
  "System": {
   "Provider": {
    "Name": "Microsoft-Windows-Sysmon",
    "Guid": "5770385F-C22A-43E0-BF4C-06F5698FFBD9"
   },
   "EventID": {
    "Value": 1
   },
   "Version": 5,
   "Level": 4,
   "Task": 1,
   "Opcode": 0,
   "Keywords": 9223372036854775808,
   "TimeCreated": {
    "SystemTime": 1677252807.8986032
   },
   "EventRecordID": 15,
   "Correlation": {},
   "Execution": {
    "ProcessID": 4288,
    "ThreadID": 5172
   },
   "Channel": "Microsoft-Windows-Sysmon/Operational",
   "Computer": "DESKTOP-UTDHED2",
   "Security": {
    "UserID": "S-1-5-18"
   }
  },
  "EventData": {
   "RuleName": "-",
   "UtcTime": "2023-02-24 15:33:27.887",
   "ProcessGuid": "10DA3E43-D8C7-63F8-8F00-000000000900",
   "ProcessId": 5536,
   "Image": "C:\\Program Files\\Wireshark\\dumpcap.exe",
   "FileVersion": "4.0.3",
   "Description": "Dumpcap",
   "Product": "Dumpcap",
   "Company": "The Wireshark developer community",
   "OriginalFileName": "Dumpcap.exe",
   "CommandLine": "\"C:\\Program Files\\Wireshark\\dumpcap.exe\" -D -Z none",
   "CurrentDirectory": "C:\\Program Files\\Wireshark\\",
   "User": "DESKTOP-UTDHED2\\wade",
   "LogonGuid": "10DA3E43-D892-63F8-4B6D-030000000000",
   "LogonId": 224587,
   "TerminalSessionId": 1,
   "IntegrityLevel": "Medium",
   "Hashes": "SHA256=8DC9CB75BE241F559878CE18DB3CF2E52D0CB3A312509F11F741B1A4F7498C5D",
   "ParentProcessGuid": "10DA3E43-D8C3-63F8-8C00-000000000900",
   "ParentProcessId": 5356,
   "ParentImage": "C:\\Program Files\\Wireshark\\Wireshark.exe",
   "ParentCommandLine": "\"C:\\Program Files\\Wireshark\\Wireshark.exe\" ",
   "ParentUser": "DESKTOP-UTDHED2\\wade"
  },
  "Message": ""
 }{
  "System": {
   "Provider": {
    "Name": "Microsoft-Windows-Sysmon",
    "Guid": "5770385F-C22A-43E0-BF4C-06F5698FFBD9"
   },
   "EventID": {
    "Value": 1
   },
   "Version": 5,
   "Level": 4,
   "Task": 1,
   "Opcode": 0,
   "Keywords": 9223372036854775808,
   "TimeCreated": {
    "SystemTime": 1677252807.9179745
   },
   "EventRecordID": 16,
   "Correlation": {},
   "Execution": {
    "ProcessID": 4288,
    "ThreadID": 5172
   },
   "Channel": "Microsoft-Windows-Sysmon/Operational",
   "Computer": "DESKTOP-UTDHED2",
   "Security": {
    "UserID": "S-1-5-18"
   }
  },
  "EventData": {
   "RuleName": "-",
   "UtcTime": "2023-02-24 15:33:27.900",
   "ProcessGuid": "10DA3E43-D8C7-63F8-9000-000000000900",
   "ProcessId": 5544,
   "Image": "C:\\Windows\\System32\\conhost.exe",
   "FileVersion": "10.0.19041.546 (WinBuild.160101.0800)",
   "Description": "Console Window Host",
   "Product": "Microsoft® Windows® Operating System",
   "Company": "Microsoft Corporation",
   "OriginalFileName": "CONHOST.EXE",
   "CommandLine": "\\??\\C:\\Windows\\system32\\conhost.exe 0xffffffff -ForceV1",
   "CurrentDirectory": "C:\\Windows",
   "User": "DESKTOP-UTDHED2\\wade",
   "LogonGuid": "10DA3E43-D892-63F8-4B6D-030000000000",
   "LogonId": 224587,
   "TerminalSessionId": 1,
   "IntegrityLevel": "Medium",
   "Hashes": "SHA256=57B0CCD3AEBC6C7126E7C19F5DAC492DF51D904A505C5F5B0CB02270D53F8684",
   "ParentProcessGuid": "10DA3E43-D8C7-63F8-8F00-000000000900",
   "ParentProcessId": 5536,
   "ParentImage": "C:\\Program Files\\Wireshark\\dumpcap.exe",
   "ParentCommandLine": "\"C:\\Program Files\\Wireshark\\dumpcap.exe\" -D -Z none",
   "ParentUser": "DESKTOP-UTDHED2\\wade"
  },
  "Message": ""
 }{
  "System": {
   "Provider": {
    "Name": "Microsoft-Windows-Sysmon",
    "Guid": "5770385F-C22A-43E0-BF4C-06F5698FFBD9"
   },
   "EventID": {
    "Value": 5
   },
   "Version": 3,
   "Level": 4,
   "Task": 5,
   "Opcode": 0,
   "Keywords": 9223372036854775808,
   "TimeCreated": {
    "SystemTime": 1677252807.9841073
   },
   "EventRecordID": 17,
   "Correlation": {},
   "Execution": {
    "ProcessID": 4288,
    "ThreadID": 5172
   },
   "Channel": "Microsoft-Windows-Sysmon/Operational",
   "Computer": "DESKTOP-UTDHED2",
   "Security": {
    "UserID": "S-1-5-18"
   }
  },
  "EventData": {
   "RuleName": "-",
   "UtcTime": "2023-02-24 15:33:27.974",
   "ProcessGuid": "10DA3E43-D8C7-63F8-8F00-000000000900",
   "ProcessId": 5536,
   "Image": "C:\\Program Files\\Wireshark\\dumpcap.exe",
   "User": "DESKTOP-UTDHED2\\wade"
  },
  "Message": ""
 }{
  "System": {
   "Provider": {
    "Name": "Microsoft-Windows-Sysmon",
    "Guid": "5770385F-C22A-43E0-BF4C-06F5698FFBD9"
   },
   "EventID": {
    "Value": 1
   },
   "Version": 5,
   "Level": 4,
   "Task": 1,
   "Opcode": 0,
   "Keywords": 9223372036854775808,
   "TimeCreated": {
    "SystemTime": 1677252807.9961567
   },
   "EventRecordID": 18,
   "Correlation": {},
   "Execution": {
    "ProcessID": 4288,
    "ThreadID": 5172
   },
   "Channel": "Microsoft-Windows-Sysmon/Operational",
   "Computer": "DESKTOP-UTDHED2",
   "Security": {
    "UserID": "S-1-5-18"
   }
  },
  "EventData": {
   "RuleName": "-",
   "UtcTime": "2023-02-24 15:33:27.986",
   "ProcessGuid": "10DA3E43-D8C7-63F8-9100-000000000900",
   "ProcessId": 5572,
   "Image": "C:\\Program Files\\Wireshark\\dumpcap.exe",
   "FileVersion": "4.0.3",
   "Description": "Dumpcap",
   "Product": "Dumpcap",
   "Company": "The Wireshark developer community",
   "OriginalFileName": "Dumpcap.exe",
   "CommandLine": "\"C:\\Program Files\\Wireshark\\dumpcap.exe\" -i \\Device\\NPF_{18BA4954-86CF-484A-ABA2-DBBA09EE4EE6} -L --list-time-stamp-types -Z none",
   "CurrentDirectory": "C:\\Program Files\\Wireshark\\",
   "User": "DESKTOP-UTDHED2\\wade",
   "LogonGuid": "10DA3E43-D892-63F8-4B6D-030000000000",
   "LogonId": 224587,
   "TerminalSessionId": 1,
   "IntegrityLevel": "Medium",
   "Hashes": "SHA256=8DC9CB75BE241F559878CE18DB3CF2E52D0CB3A312509F11F741B1A4F7498C5D",
   "ParentProcessGuid": "10DA3E43-D8C3-63F8-8C00-000000000900",
   "ParentProcessId": 5356,
   "ParentImage": "C:\\Program Files\\Wireshark\\Wireshark.exe",
   "ParentCommandLine": "\"C:\\Program Files\\Wireshark\\Wireshark.exe\" ",
   "ParentUser": "DESKTOP-UTDHED2\\wade"
  },
  "Message": ""
 }{
  "System": {
   "Provider": {
    "Name": "Microsoft-Windows-Sysmon",
    "Guid": "5770385F-C22A-43E0-BF4C-06F5698FFBD9"
   },
   "EventID": {
    "Value": 5
   },
   "Version": 3,
   "Level": 4,
   "Task": 5,
   "Opcode": 0,
   "Keywords": 9223372036854775808,
   "TimeCreated": {
    "SystemTime": 1677252808.000952
   },
   "EventRecordID": 19,
   "Correlation": {},
   "Execution": {
    "ProcessID": 4288,
    "ThreadID": 5172
   },
   "Channel": "Microsoft-Windows-Sysmon/Operational",
   "Computer": "DESKTOP-UTDHED2",
   "Security": {
    "UserID": "S-1-5-18"
   }
  },
  "EventData": {
   "RuleName": "-",
   "UtcTime": "2023-02-24 15:33:27.994",
   "ProcessGuid": "10DA3E43-D8C7-63F8-9000-000000000900",
   "ProcessId": 5544,
   "Image": "C:\\Windows\\System32\\conhost.exe",
   "User": "DESKTOP-UTDHED2\\wade"
  },
  "Message": ""
 }{
  "System": {
   "Provider": {
    "Name": "Microsoft-Windows-Sysmon",
    "Guid": "5770385F-C22A-43E0-BF4C-06F5698FFBD9"
   },
   "EventID": {
    "Value": 1
   },
   "Version": 5,
   "Level": 4,
   "Task": 1,
   "Opcode": 0,
   "Keywords": 9223372036854775808,
   "TimeCreated": {
    "SystemTime": 1677252808.0033455
   },
   "EventRecordID": 20,
   "Correlation": {},
   "Execution": {
    "ProcessID": 4288,
    "ThreadID": 5172
   },
   "Channel": "Microsoft-Windows-Sysmon/Operational",
   "Computer": "DESKTOP-UTDHED2",
   "Security": {
    "UserID": "S-1-5-18"
   }
  },
  "EventData": {
   "RuleName": "-",
   "UtcTime": "2023-02-24 15:33:27.998",
   "ProcessGuid": "10DA3E43-D8C7-63F8-9200-000000000900",
   "ProcessId": 5580,
   "Image": "C:\\Windows\\System32\\conhost.exe",
   "FileVersion": "10.0.19041.546 (WinBuild.160101.0800)",
   "Description": "Console Window Host",
   "Product": "Microsoft® Windows® Operating System",
   "Company": "Microsoft Corporation",
   "OriginalFileName": "CONHOST.EXE",
   "CommandLine": "\\??\\C:\\Windows\\system32\\conhost.exe 0xffffffff -ForceV1",
   "CurrentDirectory": "C:\\Windows",
   "User": "DESKTOP-UTDHED2\\wade",
   "LogonGuid": "10DA3E43-D892-63F8-4B6D-030000000000",
   "LogonId": 224587,
   "TerminalSessionId": 1,
   "IntegrityLevel": "Medium",
   "Hashes": "SHA256=57B0CCD3AEBC6C7126E7C19F5DAC492DF51D904A505C5F5B0CB02270D53F8684",
   "ParentProcessGuid": "10DA3E43-D8C7-63F8-9100-000000000900",
   "ParentProcessId": 5572,
   "ParentImage": "C:\\Program Files\\Wireshark\\dumpcap.exe",
   "ParentCommandLine": "\"C:\\Program Files\\Wireshark\\dumpcap.exe\" -i \\Device\\NPF_{18BA4954-86CF-484A-ABA2-DBBA09EE4EE6} -L --list-time-stamp-types -Z none",
   "ParentUser": "DESKTOP-UTDHED2\\wade"
  },
  "Message": ""
 }{
  "System": {
   "Provider": {
    "Name": "Microsoft-Windows-Sysmon",
    "Guid": "5770385F-C22A-43E0-BF4C-06F5698FFBD9"
   },
   "EventID": {
    "Value": 5
   },
   "Version": 3,
   "Level": 4,
   "Task": 5,
   "Opcode": 0,
   "Keywords": 9223372036854775808,
   "TimeCreated": {
    "SystemTime": 1677252808.07192
   },
   "EventRecordID": 21,
   "Correlation": {},
   "Execution": {
    "ProcessID": 4288,
    "ThreadID": 5172
   },
   "Channel": "Microsoft-Windows-Sysmon/Operational",
   "Computer": "DESKTOP-UTDHED2",
   "Security": {
    "UserID": "S-1-5-18"
   }
  },
  "EventData": {
   "RuleName": "-",
   "UtcTime": "2023-02-24 15:33:28.055",
   "ProcessGuid": "10DA3E43-D8C7-63F8-9100-000000000900",
   "ProcessId": 5572,
   "Image": "C:\\Program Files\\Wireshark\\dumpcap.exe",
   "User": "DESKTOP-UTDHED2\\wade"
  },
  "Message": ""
 }{
  "System": {
   "Provider": {
    "Name": "Microsoft-Windows-Sysmon",
    "Guid": "5770385F-C22A-43E0-BF4C-06F5698FFBD9"
   },
   "EventID": {
    "Value": 1
   },
   "Version": 5,
   "Level": 4,
   "Task": 1,
   "Opcode": 0,
   "Keywords": 9223372036854775808,
   "TimeCreated": {
    "SystemTime": 1677252808.0848224
   },
   "EventRecordID": 22,
   "Correlation": {},
   "Execution": {
    "ProcessID": 4288,
    "ThreadID": 5172
   },
   "Channel": "Microsoft-Windows-Sysmon/Operational",
   "Computer": "DESKTOP-UTDHED2",
   "Security": {
    "UserID": "S-1-5-18"
   }
  },
  "EventData": {
   "RuleName": "-",
   "UtcTime": "2023-02-24 15:33:28.076",
   "ProcessGuid": "10DA3E43-D8C8-63F8-9300-000000000900",
   "ProcessId": 5608,
   "Image": "C:\\Program Files\\Wireshark\\dumpcap.exe",
   "FileVersion": "4.0.3",
   "Description": "Dumpcap",
   "Product": "Dumpcap",
   "Company": "The Wireshark developer community",
   "OriginalFileName": "Dumpcap.exe",
   "CommandLine": "\"C:\\Program Files\\Wireshark\\dumpcap.exe\" -i \\Device\\NPF_Loopback -L --list-time-stamp-types -Z none",
   "CurrentDirectory": "C:\\Program Files\\Wireshark\\",
   "User": "DESKTOP-UTDHED2\\wade",
   "LogonGuid": "10DA3E43-D892-63F8-4B6D-030000000000",
   "LogonId": 224587,
   "TerminalSessionId": 1,
   "IntegrityLevel": "Medium",
   "Hashes": "SHA256=8DC9CB75BE241F559878CE18DB3CF2E52D0CB3A312509F11F741B1A4F7498C5D",
   "ParentProcessGuid": "10DA3E43-D8C3-63F8-8C00-000000000900",
   "ParentProcessId": 5356,
   "ParentImage": "C:\\Program Files\\Wireshark\\Wireshark.exe",
   "ParentCommandLine": "\"C:\\Program Files\\Wireshark\\Wireshark.exe\" ",
   "ParentUser": "DESKTOP-UTDHED2\\wade"
  },
  "Message": ""
 }{
  "System": {
   "Provider": {
    "Name": "Microsoft-Windows-Sysmon",
    "Guid": "5770385F-C22A-43E0-BF4C-06F5698FFBD9"
   },
   "EventID": {
    "Value": 5
   },
   "Version": 3,
   "Level": 4,
   "Task": 5,
   "Opcode": 0,
   "Keywords": 9223372036854775808,
   "TimeCreated": {
    "SystemTime": 1677252808.0848608
   },
   "EventRecordID": 23,
   "Correlation": {},
   "Execution": {
    "ProcessID": 4288,
    "ThreadID": 5172
   },
   "Channel": "Microsoft-Windows-Sysmon/Operational",
   "Computer": "DESKTOP-UTDHED2",
   "Security": {
    "UserID": "S-1-5-18"
   }
  },
  "EventData": {
   "RuleName": "-",
   "UtcTime": "2023-02-24 15:33:28.072",
   "ProcessGuid": "10DA3E43-D8C7-63F8-9200-000000000900",
   "ProcessId": 5580,
   "Image": "C:\\Windows\\System32\\conhost.exe",
   "User": "DESKTOP-UTDHED2\\wade"
  },
  "Message": ""
 }{
  "System": {
   "Provider": {
    "Name": "Microsoft-Windows-Sysmon",
    "Guid": "5770385F-C22A-43E0-BF4C-06F5698FFBD9"
   },
   "EventID": {
    "Value": 1
   },
   "Version": 5,
   "Level": 4,
   "Task": 1,
   "Opcode": 0,
   "Keywords": 9223372036854775808,
   "TimeCreated": {
    "SystemTime": 1677252808.090576
   },
   "EventRecordID": 24,
   "Correlation": {},
   "Execution": {
    "ProcessID": 4288,
    "ThreadID": 5172
   },
   "Channel": "Microsoft-Windows-Sysmon/Operational",
   "Computer": "DESKTOP-UTDHED2",
   "Security": {
    "UserID": "S-1-5-18"
   }
  },
  "EventData": {
   "RuleName": "-",
   "UtcTime": "2023-02-24 15:33:28.086",
   "ProcessGuid": "10DA3E43-D8C8-63F8-9400-000000000900",
   "ProcessId": 5616,
   "Image": "C:\\Windows\\System32\\conhost.exe",
   "FileVersion": "10.0.19041.546 (WinBuild.160101.0800)",
   "Description": "Console Window Host",
   "Product": "Microsoft® Windows® Operating System",
   "Company": "Microsoft Corporation",
   "OriginalFileName": "CONHOST.EXE",
   "CommandLine": "\\??\\C:\\Windows\\system32\\conhost.exe 0xffffffff -ForceV1",
   "CurrentDirectory": "C:\\Windows",
   "User": "DESKTOP-UTDHED2\\wade",
   "LogonGuid": "10DA3E43-D892-63F8-4B6D-030000000000",
   "LogonId": 224587,
   "TerminalSessionId": 1,
   "IntegrityLevel": "Medium",
   "Hashes": "SHA256=57B0CCD3AEBC6C7126E7C19F5DAC492DF51D904A505C5F5B0CB02270D53F8684",
   "ParentProcessGuid": "10DA3E43-D8C8-63F8-9300-000000000900",
   "ParentProcessId": 5608,
   "ParentImage": "C:\\Program Files\\Wireshark\\dumpcap.exe",
   "ParentCommandLine": "\"C:\\Program Files\\Wireshark\\dumpcap.exe\" -i \\Device\\NPF_Loopback -L --list-time-stamp-types -Z none",
   "ParentUser": "DESKTOP-UTDHED2\\wade"
  },
  "Message": ""
 }{
  "System": {
   "Provider": {
    "Name": "Microsoft-Windows-Sysmon",
    "Guid": "5770385F-C22A-43E0-BF4C-06F5698FFBD9"
   },
   "EventID": {
    "Value": 5
   },
   "Version": 3,
   "Level": 4,
   "Task": 5,
   "Opcode": 0,
   "Keywords": 9223372036854775808,
   "TimeCreated": {
    "SystemTime": 1677252808.1744063
   },
   "EventRecordID": 25,
   "Correlation": {},
   "Execution": {
    "ProcessID": 4288,
    "ThreadID": 5172
   },
   "Channel": "Microsoft-Windows-Sysmon/Operational",
   "Computer": "DESKTOP-UTDHED2",
   "Security": {
    "UserID": "S-1-5-18"
   }
  },
  "EventData": {
   "RuleName": "-",
   "UtcTime": "2023-02-24 15:33:28.165",
   "ProcessGuid": "10DA3E43-D8C8-63F8-9300-000000000900",
   "ProcessId": 5608,
   "Image": "C:\\Program Files\\Wireshark\\dumpcap.exe",
   "User": "DESKTOP-UTDHED2\\wade"
  },
  "Message": ""
 }{
  "System": {
   "Provider": {
    "Name": "Microsoft-Windows-Sysmon",
    "Guid": "5770385F-C22A-43E0-BF4C-06F5698FFBD9"
   },
   "EventID": {
    "Value": 5
   },
   "Version": 3,
   "Level": 4,
   "Task": 5,
   "Opcode": 0,
   "Keywords": 9223372036854775808,
   "TimeCreated": {
    "SystemTime": 1677252808.1870368
   },
   "EventRecordID": 26,
   "Correlation": {},
   "Execution": {
    "ProcessID": 4288,
    "ThreadID": 5172
   },
   "Channel": "Microsoft-Windows-Sysmon/Operational",
   "Computer": "DESKTOP-UTDHED2",
   "Security": {
    "UserID": "S-1-5-18"
   }
  },
  "EventData": {
   "RuleName": "-",
   "UtcTime": "2023-02-24 15:33:28.178",
   "ProcessGuid": "10DA3E43-D8C8-63F8-9400-000000000900",
   "ProcessId": 5616,
   "Image": "C:\\Windows\\System32\\conhost.exe",
   "User": "DESKTOP-UTDHED2\\wade"
  },
  "Message": ""
 }{
  "System": {
   "Provider": {
    "Name": "Microsoft-Windows-Sysmon",
    "Guid": "5770385F-C22A-43E0-BF4C-06F5698FFBD9"
   },
   "EventID": {
    "Value": 1
   },
   "Version": 5,
   "Level": 4,
   "Task": 1,
   "Opcode": 0,
   "Keywords": 9223372036854775808,
   "TimeCreated": {
    "SystemTime": 1677252808.2136352
   },
   "EventRecordID": 27,
   "Correlation": {},
   "Execution": {
    "ProcessID": 4288,
    "ThreadID": 5172
   },
   "Channel": "Microsoft-Windows-Sysmon/Operational",
   "Computer": "DESKTOP-UTDHED2",
   "Security": {
    "UserID": "S-1-5-18"
   }
  },
  "EventData": {
   "RuleName": "-",
   "UtcTime": "2023-02-24 15:33:28.208",
   "ProcessGuid": "10DA3E43-D8C8-63F8-9500-000000000900",
   "ProcessId": 5644,
   "Image": "C:\\Program Files\\Wireshark\\dumpcap.exe",
   "FileVersion": "4.0.3",
   "Description": "Dumpcap",
   "Product": "Dumpcap",
   "Company": "The Wireshark developer community",
   "OriginalFileName": "Dumpcap.exe",
   "CommandLine": "\"C:\\Program Files\\Wireshark\\dumpcap.exe\" -S -Z 5356.dummy",
   "CurrentDirectory": "C:\\Program Files\\Wireshark\\",
   "User": "DESKTOP-UTDHED2\\wade",
   "LogonGuid": "10DA3E43-D892-63F8-4B6D-030000000000",
   "LogonId": 224587,
   "TerminalSessionId": 1,
   "IntegrityLevel": "Medium",
   "Hashes": "SHA256=8DC9CB75BE241F559878CE18DB3CF2E52D0CB3A312509F11F741B1A4F7498C5D",
   "ParentProcessGuid": "10DA3E43-D8C3-63F8-8C00-000000000900",
   "ParentProcessId": 5356,
   "ParentImage": "C:\\Program Files\\Wireshark\\Wireshark.exe",
   "ParentCommandLine": "\"C:\\Program Files\\Wireshark\\Wireshark.exe\" ",
   "ParentUser": "DESKTOP-UTDHED2\\wade"
  },
  "Message": ""
 }{
  "System": {
   "Provider": {
    "Name": "Microsoft-Windows-Sysmon",
    "Guid": "5770385F-C22A-43E0-BF4C-06F5698FFBD9"
   },
   "EventID": {
    "Value": 1
   },
   "Version": 5,
   "Level": 4,
   "Task": 1,
   "Opcode": 0,
   "Keywords": 9223372036854775808,
   "TimeCreated": {
    "SystemTime": 1677252808.2195263
   },
   "EventRecordID": 28,
   "Correlation": {},
   "Execution": {
    "ProcessID": 4288,
    "ThreadID": 5172
   },
   "Channel": "Microsoft-Windows-Sysmon/Operational",
   "Computer": "DESKTOP-UTDHED2",
   "Security": {
    "UserID": "S-1-5-18"
   }
  },
  "EventData": {
   "RuleName": "-",
   "UtcTime": "2023-02-24 15:33:28.215",
   "ProcessGuid": "10DA3E43-D8C8-63F8-9600-000000000900",
   "ProcessId": 5652,
   "Image": "C:\\Windows\\System32\\conhost.exe",
   "FileVersion": "10.0.19041.546 (WinBuild.160101.0800)",
   "Description": "Console Window Host",
   "Product": "Microsoft® Windows® Operating System",
   "Company": "Microsoft Corporation",
   "OriginalFileName": "CONHOST.EXE",
   "CommandLine": "\\??\\C:\\Windows\\system32\\conhost.exe 0xffffffff -ForceV1",
   "CurrentDirectory": "C:\\Windows",
   "User": "DESKTOP-UTDHED2\\wade",
   "LogonGuid": "10DA3E43-D892-63F8-4B6D-030000000000",
   "LogonId": 224587,
   "TerminalSessionId": 1,
   "IntegrityLevel": "Medium",
   "Hashes": "SHA256=57B0CCD3AEBC6C7126E7C19F5DAC492DF51D904A505C5F5B0CB02270D53F8684",
   "ParentProcessGuid": "10DA3E43-D8C8-63F8-9500-000000000900",
   "ParentProcessId": 5644,
   "ParentImage": "C:\\Program Files\\Wireshark\\dumpcap.exe",
   "ParentCommandLine": "\"C:\\Program Files\\Wireshark\\dumpcap.exe\" -S -Z 5356.dummy",
   "ParentUser": "DESKTOP-UTDHED2\\wade"
  },
  "Message": ""
 }{
  "System": {
   "Provider": {
    "Name": "Microsoft-Windows-Sysmon",
    "Guid": "5770385F-C22A-43E0-BF4C-06F5698FFBD9"
   },
   "EventID": {
    "Value": 5
   },
   "Version": 3,
   "Level": 4,
   "Task": 5,
   "Opcode": 0,
   "Keywords": 9223372036854775808,
   "TimeCreated": {
    "SystemTime": 1677252811.3319168
   },
   "EventRecordID": 29,
   "Correlation": {},
   "Execution": {
    "ProcessID": 4288,
    "ThreadID": 5172
   },
   "Channel": "Microsoft-Windows-Sysmon/Operational",
   "Computer": "DESKTOP-UTDHED2",
   "Security": {
    "UserID": "S-1-5-18"
   }
  },
  "EventData": {
   "RuleName": "-",
   "UtcTime": "2023-02-24 15:33:31.316",
   "ProcessGuid": "10DA3E43-D8A9-63F8-7700-000000000900",
   "ProcessId": 4924,
   "Image": "C:\\Program Files (x86)\\Microsoft\\Edge\\Application\\msedge.exe",
   "User": "DESKTOP-UTDHED2\\wade"
  },
  "Message": ""
 }{
  "System": {
   "Provider": {
    "Name": "Microsoft-Windows-Sysmon",
    "Guid": "5770385F-C22A-43E0-BF4C-06F5698FFBD9"
   },
   "EventID": {
    "Value": 5
   },
   "Version": 3,
   "Level": 4,
   "Task": 5,
   "Opcode": 0,
   "Keywords": 9223372036854775808,
   "TimeCreated": {
    "SystemTime": 1677252814.0917647
   },
   "EventRecordID": 30,
   "Correlation": {},
   "Execution": {
    "ProcessID": 4288,
    "ThreadID": 5172
   },
   "Channel": "Microsoft-Windows-Sysmon/Operational",
   "Computer": "DESKTOP-UTDHED2",
   "Security": {
    "UserID": "S-1-5-18"
   }
  },
  "EventData": {
   "RuleName": "-",
   "UtcTime": "2023-02-24 15:33:34.082",
   "ProcessGuid": "10DA3E43-D8C8-63F8-9500-000000000900",
   "ProcessId": 5644,
   "Image": "C:\\Program Files\\Wireshark\\dumpcap.exe",
   "User": "DESKTOP-UTDHED2\\wade"
  },
  "Message": ""
 }{
  "System": {
   "Provider": {
    "Name": "Microsoft-Windows-Sysmon",
    "Guid": "5770385F-C22A-43E0-BF4C-06F5698FFBD9"
   },
   "EventID": {
    "Value": 5
   },
   "Version": 3,
   "Level": 4,
   "Task": 5,
   "Opcode": 0,
   "Keywords": 9223372036854775808,
   "TimeCreated": {
    "SystemTime": 1677252814.0949616
   },
   "EventRecordID": 31,
   "Correlation": {},
   "Execution": {
    "ProcessID": 4288,
    "ThreadID": 5172
   },
   "Channel": "Microsoft-Windows-Sysmon/Operational",
   "Computer": "DESKTOP-UTDHED2",
   "Security": {
    "UserID": "S-1-5-18"
   }
  },
  "EventData": {
   "RuleName": "-",
   "UtcTime": "2023-02-24 15:33:34.082",
   "ProcessGuid": "10DA3E43-D8C8-63F8-9600-000000000900",
   "ProcessId": 5652,
   "Image": "C:\\Windows\\System32\\conhost.exe",
   "User": "DESKTOP-UTDHED2\\wade"
  },
  "Message": ""
 }{
  "System": {
   "Provider": {
    "Name": "Microsoft-Windows-Sysmon",
    "Guid": "5770385F-C22A-43E0-BF4C-06F5698FFBD9"
   },
   "EventID": {
    "Value": 1
   },
   "Version": 5,
   "Level": 4,
   "Task": 1,
   "Opcode": 0,
   "Keywords": 9223372036854775808,
   "TimeCreated": {
    "SystemTime": 1677252814.1159887
   },
   "EventRecordID": 32,
   "Correlation": {},
   "Execution": {
    "ProcessID": 4288,
    "ThreadID": 5172
   },
   "Channel": "Microsoft-Windows-Sysmon/Operational",
   "Computer": "DESKTOP-UTDHED2",
   "Security": {
    "UserID": "S-1-5-18"
   }
  },
  "EventData": {
   "RuleName": "-",
   "UtcTime": "2023-02-24 15:33:34.102",
   "ProcessGuid": "10DA3E43-D8CE-63F8-9700-000000000900",
   "ProcessId": 5732,
   "Image": "C:\\Program Files\\Wireshark\\dumpcap.exe",
   "FileVersion": "4.0.3",
   "Description": "Dumpcap",
   "Product": "Dumpcap",
   "Company": "The Wireshark developer community",
   "OriginalFileName": "Dumpcap.exe",
   "CommandLine": "\"C:\\Program Files\\Wireshark\\dumpcap.exe\" -n -i \\Device\\NPF_{18BA4954-86CF-484A-ABA2-DBBA09EE4EE6} -y EN10MB -Z 5356",
   "CurrentDirectory": "C:\\Program Files\\Wireshark\\",
   "User": "DESKTOP-UTDHED2\\wade",
   "LogonGuid": "10DA3E43-D892-63F8-4B6D-030000000000",
   "LogonId": 224587,
   "TerminalSessionId": 1,
   "IntegrityLevel": "Medium",
   "Hashes": "SHA256=8DC9CB75BE241F559878CE18DB3CF2E52D0CB3A312509F11F741B1A4F7498C5D",
   "ParentProcessGuid": "10DA3E43-D8C3-63F8-8C00-000000000900",
   "ParentProcessId": 5356,
   "ParentImage": "C:\\Program Files\\Wireshark\\Wireshark.exe",
   "ParentCommandLine": "\"C:\\Program Files\\Wireshark\\Wireshark.exe\" ",
   "ParentUser": "DESKTOP-UTDHED2\\wade"
  },
  "Message": ""
 }{
  "System": {
   "Provider": {
    "Name": "Microsoft-Windows-Sysmon",
    "Guid": "5770385F-C22A-43E0-BF4C-06F5698FFBD9"
   },
   "EventID": {
    "Value": 1
   },
   "Version": 5,
   "Level": 4,
   "Task": 1,
   "Opcode": 0,
   "Keywords": 9223372036854775808,
   "TimeCreated": {
    "SystemTime": 1677252814.1288447
   },
   "EventRecordID": 33,
   "Correlation": {},
   "Execution": {
    "ProcessID": 4288,
    "ThreadID": 5172
   },
   "Channel": "Microsoft-Windows-Sysmon/Operational",
   "Computer": "DESKTOP-UTDHED2",
   "Security": {
    "UserID": "S-1-5-18"
   }
  },
  "EventData": {
   "RuleName": "-",
   "UtcTime": "2023-02-24 15:33:34.117",
   "ProcessGuid": "10DA3E43-D8CE-63F8-9800-000000000900",
   "ProcessId": 5740,
   "Image": "C:\\Windows\\System32\\conhost.exe",
   "FileVersion": "10.0.19041.546 (WinBuild.160101.0800)",
   "Description": "Console Window Host",
   "Product": "Microsoft® Windows® Operating System",
   "Company": "Microsoft Corporation",
   "OriginalFileName": "CONHOST.EXE",
   "CommandLine": "\\??\\C:\\Windows\\system32\\conhost.exe 0xffffffff -ForceV1",
   "CurrentDirectory": "C:\\Windows",
   "User": "DESKTOP-UTDHED2\\wade",
   "LogonGuid": "10DA3E43-D892-63F8-4B6D-030000000000",
   "LogonId": 224587,
   "TerminalSessionId": 1,
   "IntegrityLevel": "Medium",
   "Hashes": "SHA256=57B0CCD3AEBC6C7126E7C19F5DAC492DF51D904A505C5F5B0CB02270D53F8684",
   "ParentProcessGuid": "10DA3E43-D8CE-63F8-9700-000000000900",
   "ParentProcessId": 5732,
   "ParentImage": "C:\\Program Files\\Wireshark\\dumpcap.exe",
   "ParentCommandLine": "\"C:\\Program Files\\Wireshark\\dumpcap.exe\" -n -i \\Device\\NPF_{18BA4954-86CF-484A-ABA2-DBBA09EE4EE6} -y EN10MB -Z 5356",
   "ParentUser": "DESKTOP-UTDHED2\\wade"
  },
  "Message": ""
 }{
  "System": {
   "Provider": {
    "Name": "Microsoft-Windows-Sysmon",
    "Guid": "5770385F-C22A-43E0-BF4C-06F5698FFBD9"
   },
   "EventID": {
    "Value": 1
   },
   "Version": 5,
   "Level": 4,
   "Task": 1,
   "Opcode": 0,
   "Keywords": 9223372036854775808,
   "TimeCreated": {
    "SystemTime": 1677252816.852368
   },
   "EventRecordID": 34,
   "Correlation": {},
   "Execution": {
    "ProcessID": 4288,
    "ThreadID": 5172
   },
   "Channel": "Microsoft-Windows-Sysmon/Operational",
   "Computer": "DESKTOP-UTDHED2",
   "Security": {
    "UserID": "S-1-5-18"
   }
  },
  "EventData": {
   "RuleName": "-",
   "UtcTime": "2023-02-24 15:33:36.820",
   "ProcessGuid": "10DA3E43-D8D0-63F8-9900-000000000900",
   "ProcessId": 5812,
   "Image": "C:\\Windows\\System32\\dllhost.exe",
   "FileVersion": "10.0.19041.546 (WinBuild.160101.0800)",
   "Description": "COM Surrogate",
   "Product": "Microsoft® Windows® Operating System",
   "Company": "Microsoft Corporation",
   "OriginalFileName": "dllhost.exe",
   "CommandLine": "C:\\Windows\\system32\\DllHost.exe /Processid:{AB8902B4-09CA-4BB6-B78D-A8F59079A8D5}",
   "CurrentDirectory": "C:\\Windows\\system32\\",
   "User": "DESKTOP-UTDHED2\\wade",
   "LogonGuid": "10DA3E43-D892-63F8-4B6D-030000000000",
   "LogonId": 224587,
   "TerminalSessionId": 1,
   "IntegrityLevel": "Medium",
   "Hashes": "SHA256=E7FC40B41AA8B83841A0B96D169EAF0800AA784733E636935374D56536253F10",
   "ParentProcessGuid": "00000000-0000-0000-0000-000000000000",
   "ParentProcessId": 736,
   "ParentImage": "-",
   "ParentCommandLine": "-",
   "ParentUser": "-"
  },
  "Message": ""
 }{
  "System": {
   "Provider": {
    "Name": "Microsoft-Windows-Sysmon",
    "Guid": "5770385F-C22A-43E0-BF4C-06F5698FFBD9"
   },
   "EventID": {
    "Value": 1
   },
   "Version": 5,
   "Level": 4,
   "Task": 1,
   "Opcode": 0,
   "Keywords": 9223372036854775808,
   "TimeCreated": {
    "SystemTime": 1677252818.3552833
   },
   "EventRecordID": 35,
   "Correlation": {},
   "Execution": {
    "ProcessID": 4288,
    "ThreadID": 5172
   },
   "Channel": "Microsoft-Windows-Sysmon/Operational",
   "Computer": "DESKTOP-UTDHED2",
   "Security": {
    "UserID": "S-1-5-18"
   }
  },
  "EventData": {
   "RuleName": "-",
   "UtcTime": "2023-02-24 15:33:38.298",
   "ProcessGuid": "10DA3E43-D8D2-63F8-9A00-000000000900",
   "ProcessId": 5864,
   "Image": "C:\\Windows\\System32\\taskhostw.exe",
   "FileVersion": "10.0.19041.546 (WinBuild.160101.0800)",
   "Description": "Host Process for Windows Tasks",
   "Product": "Microsoft® Windows® Operating System",
   "Company": "Microsoft Corporation",
   "OriginalFileName": "taskhostw.exe",
   "CommandLine": "taskhostw.exe $(Arg0)",
   "CurrentDirectory": "C:\\Windows\\system32\\",
   "User": "DESKTOP-UTDHED2\\wade",
   "LogonGuid": "10DA3E43-D892-63F8-126D-030000000000",
   "LogonId": 224530,
   "TerminalSessionId": 1,
   "IntegrityLevel": "High",
   "Hashes": "SHA256=72279AD47EED7FBF2472214824696351B9CB2571B8EE5D8C92FADA23B378D812",
   "ParentProcessGuid": "00000000-0000-0000-0000-000000000000",
   "ParentProcessId": 1008,
   "ParentImage": "-",
   "ParentCommandLine": "-",
   "ParentUser": "-"
  },
  "Message": ""
 }{
  "System": {
   "Provider": {
    "Name": "Microsoft-Windows-Sysmon",
    "Guid": "5770385F-C22A-43E0-BF4C-06F5698FFBD9"
   },
   "EventID": {
    "Value": 5
   },
   "Version": 3,
   "Level": 4,
   "Task": 5,
   "Opcode": 0,
   "Keywords": 9223372036854775808,
   "TimeCreated": {
    "SystemTime": 1677252818.4223168
   },
   "EventRecordID": 36,
   "Correlation": {},
   "Execution": {
    "ProcessID": 4288,
    "ThreadID": 5172
   },
   "Channel": "Microsoft-Windows-Sysmon/Operational",
   "Computer": "DESKTOP-UTDHED2",
   "Security": {
    "UserID": "S-1-5-18"
   }
  },
  "EventData": {
   "RuleName": "-",
   "UtcTime": "2023-02-24 15:33:38.415",
   "ProcessGuid": "10DA3E43-D8D2-63F8-9A00-000000000900",
   "ProcessId": 5864,
   "Image": "C:\\Windows\\System32\\taskhostw.exe",
   "User": "DESKTOP-UTDHED2\\wade"
  },
  "Message": ""
 }{
  "System": {
   "Provider": {
    "Name": "Microsoft-Windows-Sysmon",
    "Guid": "5770385F-C22A-43E0-BF4C-06F5698FFBD9"
   },
   "EventID": {
    "Value": 1
   },
   "Version": 5,
   "Level": 4,
   "Task": 1,
   "Opcode": 0,
   "Keywords": 9223372036854775808,
   "TimeCreated": {
    "SystemTime": 1677252818.8548608
   },
   "EventRecordID": 37,
   "Correlation": {},
   "Execution": {
    "ProcessID": 4288,
    "ThreadID": 5172
   },
   "Channel": "Microsoft-Windows-Sysmon/Operational",
   "Computer": "DESKTOP-UTDHED2",
   "Security": {
    "UserID": "S-1-5-18"
   }
  },
  "EventData": {
   "RuleName": "-",
   "UtcTime": "2023-02-24 15:33:38.788",
   "ProcessGuid": "10DA3E43-D8D2-63F8-9B00-000000000900",
   "ProcessId": 5888,
   "Image": "C:\\Windows\\System32\\WindowsPowerShell\\v1.0\\powershell.exe",
   "FileVersion": "10.0.19041.546 (WinBuild.160101.0800)",
   "Description": "Windows PowerShell",
   "Product": "Microsoft® Windows® Operating System",
   "Company": "Microsoft Corporation",
   "OriginalFileName": "PowerShell.EXE",
   "CommandLine": "\"C:\\Windows\\System32\\WindowsPowerShell\\v1.0\\powershell.exe\" ",
   "CurrentDirectory": "C:\\Users\\wade\\",
   "User": "DESKTOP-UTDHED2\\wade",
   "LogonGuid": "10DA3E43-D892-63F8-4B6D-030000000000",
   "LogonId": 224587,
   "TerminalSessionId": 1,
   "IntegrityLevel": "Medium",
   "Hashes": "SHA256=9F914D42706FE215501044ACD85A32D58AAEF1419D404FDDFA5D3B48F66CCD9F",
   "ParentProcessGuid": "10DA3E43-D893-63F8-5600-000000000900",
   "ParentProcessId": 2688,
   "ParentImage": "C:\\Windows\\explorer.exe",
   "ParentCommandLine": "C:\\Windows\\Explorer.EXE",
   "ParentUser": "DESKTOP-UTDHED2\\wade"
  },
  "Message": ""
 }{
  "System": {
   "Provider": {
    "Name": "Microsoft-Windows-Sysmon",
    "Guid": "5770385F-C22A-43E0-BF4C-06F5698FFBD9"
   },
   "EventID": {
    "Value": 1
   },
   "Version": 5,
   "Level": 4,
   "Task": 1,
   "Opcode": 0,
   "Keywords": 9223372036854775808,
   "TimeCreated": {
    "SystemTime": 1677252818.9445455
   },
   "EventRecordID": 38,
   "Correlation": {},
   "Execution": {
    "ProcessID": 4288,
    "ThreadID": 5172
   },
   "Channel": "Microsoft-Windows-Sysmon/Operational",
   "Computer": "DESKTOP-UTDHED2",
   "Security": {
    "UserID": "S-1-5-18"
   }
  },
  "EventData": {
   "RuleName": "-",
   "UtcTime": "2023-02-24 15:33:38.856",
   "ProcessGuid": "10DA3E43-D8D2-63F8-9C00-000000000900",
   "ProcessId": 5896,
   "Image": "C:\\Windows\\System32\\conhost.exe",
   "FileVersion": "10.0.19041.546 (WinBuild.160101.0800)",
   "Description": "Console Window Host",
   "Product": "Microsoft® Windows® Operating System",
   "Company": "Microsoft Corporation",
   "OriginalFileName": "CONHOST.EXE",
   "CommandLine": "\\??\\C:\\Windows\\system32\\conhost.exe 0xffffffff -ForceV1",
   "CurrentDirectory": "C:\\Windows",
   "User": "DESKTOP-UTDHED2\\wade",
   "LogonGuid": "10DA3E43-D892-63F8-4B6D-030000000000",
   "LogonId": 224587,
   "TerminalSessionId": 1,
   "IntegrityLevel": "Medium",
   "Hashes": "SHA256=57B0CCD3AEBC6C7126E7C19F5DAC492DF51D904A505C5F5B0CB02270D53F8684",
   "ParentProcessGuid": "10DA3E43-D8D2-63F8-9B00-000000000900",
   "ParentProcessId": 5888,
   "ParentImage": "C:\\Windows\\System32\\WindowsPowerShell\\v1.0\\powershell.exe",
   "ParentCommandLine": "\"C:\\Windows\\System32\\WindowsPowerShell\\v1.0\\powershell.exe\" ",
   "ParentUser": "DESKTOP-UTDHED2\\wade"
  },
  "Message": ""
 }