{
  "System": {
   "Provider": {
    "Name": "Microsoft-Windows-Security-Auditing",
    "Guid": "54849625-5478-4994-A5BA-3E3B0328C30D"
   },
   "EventID": {
    "Value": 4688
   },
   "Version": 2,
   "Level": 0,
   "Task": 13312,
   "Opcode": 0,
   "Keywords": 9232379236109516800,
   "TimeCreated": {
    "SystemTime": 1678360101.6936977
   },
   "EventRecordID": 2928,
   "Correlation": {},
   "Execution": {
    "ProcessID": 4,
    "ThreadID": 280
   },
   "Channel": "Security",
   "Computer": "DESKTOP-NKRHNTH",
   "Security": {}
  },
  "EventData": {
   "SubjectUserSid": "S-1-5-18",
   "SubjectUserName": "DESKTOP-NKRHNTH$",
   "SubjectDomainName": "WORKGROUP",
   "SubjectLogonId": 999,
   "NewProcessId": 8104,
   "NewProcessName": "C:\\Windows\\System32\\backgroundTaskHost.exe",
   "TokenElevationType": "%%1938",
   "ProcessId": 784,
   "CommandLine": "\"C:\\Windows\\system32\\BackgroundTaskHost.exe\" -ServerName:BackgroundTaskHost.WebAccountProvider",
   "TargetUserSid": "S-1-5-21-2432649696-552975611-3203061244-1001",
   "TargetUserName": "Pandora",
   "TargetDomainName": "DESKTOP-NKRHNTH",
   "TargetLogonId": 125425,
   "ParentProcessName": "C:\\Windows\\System32\\svchost.exe",
   "MandatoryLabel": "S-1-16-4096"
  },
  "Message": ""
 }
{
  "System": {
   "Provider": {
    "Name": "Microsoft-Windows-Security-Auditing",
    "Guid": "54849625-5478-4994-A5BA-3E3B0328C30D"
   },
   "EventID": {
    "Value": 4688
   },
   "Version": 2,
   "Level": 0,
   "Task": 13312,
   "Opcode": 0,
   "Keywords": 9232379236109516800,
   "TimeCreated": {
    "SystemTime": 1678360101.7695985
   },
   "EventRecordID": 2929,
   "Correlation": {},
   "Execution": {
    "ProcessID": 4,
    "ThreadID": 5216
   },
   "Channel": "Security",
   "Computer": "DESKTOP-NKRHNTH",
   "Security": {}
  },
  "EventData": {
   "SubjectUserSid": "S-1-5-18",
   "SubjectUserName": "DESKTOP-NKRHNTH$",
   "SubjectDomainName": "WORKGROUP",
   "SubjectLogonId": 999,
   "NewProcessId": 7848,
   "NewProcessName": "C:\\Windows\\System32\\RuntimeBroker.exe",
   "TokenElevationType": "%%1938",
   "ProcessId": 784,
   "CommandLine": "C:\\Windows\\System32\\RuntimeBroker.exe -Embedding",
   "TargetUserSid": "S-1-5-21-2432649696-552975611-3203061244-1001",
   "TargetUserName": "Pandora",
   "TargetDomainName": "DESKTOP-NKRHNTH",
   "TargetLogonId": 125425,
   "ParentProcessName": "C:\\Windows\\System32\\svchost.exe",
   "MandatoryLabel": "S-1-16-8192"
  },
  "Message": ""
 }
{
  "System": {
   "Provider": {
    "Name": "Microsoft-Windows-Security-Auditing",
    "Guid": "54849625-5478-4994-A5BA-3E3B0328C30D"
   },
   "EventID": {
    "Value": 4688
   },
   "Version": 2,
   "Level": 0,
   "Task": 13312,
   "Opcode": 0,
   "Keywords": 9232379236109516800,
   "TimeCreated": {
    "SystemTime": 1678360101.908744
   },
   "EventRecordID": 2930,
   "Correlation": {},
   "Execution": {
    "ProcessID": 4,
    "ThreadID": 276
   },
   "Channel": "Security",
   "Computer": "DESKTOP-NKRHNTH",
   "Security": {}
  },
  "EventData": {
   "SubjectUserSid": "S-1-5-21-2432649696-552975611-3203061244-1001",
   "SubjectUserName": "Pandora",
   "SubjectDomainName": "DESKTOP-NKRHNTH",
   "SubjectLogonId": 125425,
   "NewProcessId": 8140,
   "NewProcessName": "C:\\Program Files (x86)\\Microsoft\\Edge\\Application\\110.0.1587.63\\identity_helper.exe",
   "TokenElevationType": "%%1938",
   "ProcessId": 7736,
   "CommandLine": "\"C:\\Program Files (x86)\\Microsoft\\Edge\\Application\\110.0.1587.63\\identity_helper.exe\" --type=utility --utility-sub-type=winrt_app_id.mojom.WinrtAppIdService --lang=en-US --service-sandbox-type=none --mojo-platform-channel-handle=4200 --field-trial-handle=2180,i,1582753229004326462,17712970727165809335,131072 /prefetch:8",
   "TargetUserSid": "S-1-0-0",
   "TargetUserName": "-",
   "TargetDomainName": "-",
   "TargetLogonId": 0,
   "ParentProcessName": "C:\\Program Files (x86)\\Microsoft\\Edge\\Application\\msedge.exe",
   "MandatoryLabel": "S-1-16-8192"
  },
  "Message": ""
 }
{
  "System": {
   "Provider": {
    "Name": "Microsoft-Windows-Security-Auditing",
    "Guid": "54849625-5478-4994-A5BA-3E3B0328C30D"
   },
   "EventID": {
    "Value": 4688
   },
   "Version": 2,
   "Level": 0,
   "Task": 13312,
   "Opcode": 0,
   "Keywords": 9232379236109516800,
   "TimeCreated": {
    "SystemTime": 1678360101.9345825
   },
   "EventRecordID": 2931,
   "Correlation": {},
   "Execution": {
    "ProcessID": 4,
    "ThreadID": 5216
   },
   "Channel": "Security",
   "Computer": "DESKTOP-NKRHNTH",
   "Security": {}
  },
  "EventData": {
   "SubjectUserSid": "S-1-5-18",
   "SubjectUserName": "DESKTOP-NKRHNTH$",
   "SubjectDomainName": "WORKGROUP",
   "SubjectLogonId": 999,
   "NewProcessId": 7908,
   "NewProcessName": "C:\\Windows\\System32\\svchost.exe",
   "TokenElevationType": "%%1936",
   "ProcessId": 652,
   "CommandLine": "C:\\Windows\\system32\\svchost.exe -k netsvcs -p -s Appinfo",
   "TargetUserSid": "S-1-0-0",
   "TargetUserName": "-",
   "TargetDomainName": "-",
   "TargetLogonId": 0,
   "ParentProcessName": "C:\\Windows\\System32\\services.exe",
   "MandatoryLabel": "S-1-16-16384"
  },
  "Message": ""
 }
{
  "System": {
   "Provider": {
    "Name": "Microsoft-Windows-Security-Auditing",
    "Guid": "54849625-5478-4994-A5BA-3E3B0328C30D"
   },
   "EventID": {
    "Value": 4688
   },
   "Version": 2,
   "Level": 0,
   "Task": 13312,
   "Opcode": 0,
   "Keywords": 9232379236109516800,
   "TimeCreated": {
    "SystemTime": 1678360101.963152
   },
   "EventRecordID": 2932,
   "Correlation": {},
   "Execution": {
    "ProcessID": 4,
    "ThreadID": 6120
   },
   "Channel": "Security",
   "Computer": "DESKTOP-NKRHNTH",
   "Security": {}
  },
  "EventData": {
   "SubjectUserSid": "S-1-5-21-2432649696-552975611-3203061244-1001",
   "SubjectUserName": "Pandora",
   "SubjectDomainName": "DESKTOP-NKRHNTH",
   "SubjectLogonId": 125425,
   "NewProcessId": 7396,
   "NewProcessName": "C:\\Program Files (x86)\\Microsoft\\Edge\\Application\\110.0.1587.63\\identity_helper.exe",
   "TokenElevationType": "%%1938",
   "ProcessId": 7736,
   "CommandLine": "\"C:\\Program Files (x86)\\Microsoft\\Edge\\Application\\110.0.1587.63\\identity_helper.exe\" --type=utility --utility-sub-type=winrt_app_id.mojom.WinrtAppIdService --lang=en-US --service-sandbox-type=none --mojo-platform-channel-handle=4200 --field-trial-handle=2180,i,1582753229004326462,17712970727165809335,131072 /prefetch:8",
   "TargetUserSid": "S-1-0-0",
   "TargetUserName": "-",
   "TargetDomainName": "-",
   "TargetLogonId": 0,
   "ParentProcessName": "C:\\Program Files (x86)\\Microsoft\\Edge\\Application\\msedge.exe",
   "MandatoryLabel": "S-1-16-8192"
  },
  "Message": ""
 }
{
  "System": {
   "Provider": {
    "Name": "Microsoft-Windows-Security-Auditing",
    "Guid": "54849625-5478-4994-A5BA-3E3B0328C30D"
   },
   "EventID": {
    "Value": 4688
   },
   "Version": 2,
   "Level": 0,
   "Task": 13312,
   "Opcode": 0,
   "Keywords": 9232379236109516800,
   "TimeCreated": {
    "SystemTime": 1678360102.0018833
   },
   "EventRecordID": 2933,
   "Correlation": {},
   "Execution": {
    "ProcessID": 4,
    "ThreadID": 6140
   },
   "Channel": "Security",
   "Computer": "DESKTOP-NKRHNTH",
   "Security": {}
  },
  "EventData": {
   "SubjectUserSid": "S-1-5-21-2432649696-552975611-3203061244-1001",
   "SubjectUserName": "Pandora",
   "SubjectDomainName": "DESKTOP-NKRHNTH",
   "SubjectLogonId": 125425,
   "NewProcessId": 7988,
   "NewProcessName": "C:\\Program Files (x86)\\Microsoft\\Edge\\Application\\msedge.exe",
   "TokenElevationType": "%%1938",
   "ProcessId": 7736,
   "CommandLine": "\"C:\\Program Files (x86)\\Microsoft\\Edge\\Application\\msedge.exe\" --type=utility --utility-sub-type=data_decoder.mojom.DataDecoderService --lang=en-US --service-sandbox-type=service --mojo-platform-channel-handle=4144 --field-trial-handle=2180,i,1582753229004326462,17712970727165809335,131072 /prefetch:8",
   "TargetUserSid": "S-1-0-0",
   "TargetUserName": "-",
   "TargetDomainName": "-",
   "TargetLogonId": 0,
   "ParentProcessName": "C:\\Program Files (x86)\\Microsoft\\Edge\\Application\\msedge.exe",
   "MandatoryLabel": "S-1-16-4096"
  },
  "Message": ""
 }
{
  "System": {
   "Provider": {
    "Name": "Microsoft-Windows-Security-Auditing",
    "Guid": "54849625-5478-4994-A5BA-3E3B0328C30D"
   },
   "EventID": {
    "Value": 4688
   },
   "Version": 2,
   "Level": 0,
   "Task": 13312,
   "Opcode": 0,
   "Keywords": 9232379236109516800,
   "TimeCreated": {
    "SystemTime": 1678360102.173571
   },
   "EventRecordID": 2934,
   "Correlation": {},
   "Execution": {
    "ProcessID": 4,
    "ThreadID": 6140
   },
   "Channel": "Security",
   "Computer": "DESKTOP-NKRHNTH",
   "Security": {}
  },
  "EventData": {
   "SubjectUserSid": "S-1-5-21-2432649696-552975611-3203061244-1001",
   "SubjectUserName": "Pandora",
   "SubjectDomainName": "DESKTOP-NKRHNTH",
   "SubjectLogonId": 125425,
   "NewProcessId": 8216,
   "NewProcessName": "C:\\Program Files (x86)\\Microsoft\\Edge\\Application\\msedge.exe",
   "TokenElevationType": "%%1938",
   "ProcessId": 7736,
   "CommandLine": "\"C:\\Program Files (x86)\\Microsoft\\Edge\\Application\\msedge.exe\" --type=utility --utility-sub-type=data_decoder.mojom.DataDecoderService --lang=en-US --service-sandbox-type=service --mojo-platform-channel-handle=4356 --field-trial-handle=2180,i,1582753229004326462,17712970727165809335,131072 /prefetch:8",
   "TargetUserSid": "S-1-0-0",
   "TargetUserName": "-",
   "TargetDomainName": "-",
   "TargetLogonId": 0,
   "ParentProcessName": "C:\\Program Files (x86)\\Microsoft\\Edge\\Application\\msedge.exe",
   "MandatoryLabel": "S-1-16-4096"
  },
  "Message": ""
 }
{
  "System": {
   "Provider": {
    "Name": "Microsoft-Windows-Security-Auditing",
    "Guid": "54849625-5478-4994-A5BA-3E3B0328C30D"
   },
   "EventID": {
    "Value": 4688
   },
   "Version": 2,
   "Level": 0,
   "Task": 13312,
   "Opcode": 0,
   "Keywords": 9232379236109516800,
   "TimeCreated": {
    "SystemTime": 1678360102.339248
   },
   "EventRecordID": 2935,
   "Correlation": {},
   "Execution": {
    "ProcessID": 4,
    "ThreadID": 5216
   },
   "Channel": "Security",
   "Computer": "DESKTOP-NKRHNTH",
   "Security": {}
  },
  "EventData": {
   "SubjectUserSid": "S-1-5-21-2432649696-552975611-3203061244-1001",
   "SubjectUserName": "Pandora",
   "SubjectDomainName": "DESKTOP-NKRHNTH",
   "SubjectLogonId": 125425,
   "NewProcessId": 8276,
   "NewProcessName": "C:\\Program Files (x86)\\Microsoft\\Edge\\Application\\msedge.exe",
   "TokenElevationType": "%%1938",
   "ProcessId": 7736,
   "CommandLine": "\"C:\\Program Files (x86)\\Microsoft\\Edge\\Application\\msedge.exe\" --type=renderer --instant-process --first-renderer-process --lang=en-US --js-flags=--ms-user-locale= --device-scale-factor=2 --num-raster-threads=1 --renderer-client-id=11 --time-ticks-at-unix-epoch=-1678360071266275 --launch-time-ticks=31058042 --mojo-platform-channel-handle=4420 --field-trial-handle=2180,i,1582753229004326462,17712970727165809335,131072 /prefetch:1",
   "TargetUserSid": "S-1-0-0",
   "TargetUserName": "-",
   "TargetDomainName": "-",
   "TargetLogonId": 0,
   "ParentProcessName": "C:\\Program Files (x86)\\Microsoft\\Edge\\Application\\msedge.exe",
   "MandatoryLabel": "S-1-16-4096"
  },
  "Message": ""
 }
{
  "System": {
   "Provider": {
    "Name": "Microsoft-Windows-Security-Auditing",
    "Guid": "54849625-5478-4994-A5BA-3E3B0328C30D"
   },
   "EventID": {
    "Value": 4688
   },
   "Version": 2,
   "Level": 0,
   "Task": 13312,
   "Opcode": 0,
   "Keywords": 9232379236109516800,
   "TimeCreated": {
    "SystemTime": 1678360102.7832465
   },
   "EventRecordID": 2936,
   "Correlation": {},
   "Execution": {
    "ProcessID": 4,
    "ThreadID": 6140
   },
   "Channel": "Security",
   "Computer": "DESKTOP-NKRHNTH",
   "Security": {}
  },
  "EventData": {
   "SubjectUserSid": "S-1-5-18",
   "SubjectUserName": "DESKTOP-NKRHNTH$",
   "SubjectDomainName": "WORKGROUP",
   "SubjectLogonId": 999,
   "NewProcessId": 8372,
   "NewProcessName": "C:\\Windows\\System32\\svchost.exe",
   "TokenElevationType": "%%1936",
   "ProcessId": 652,
   "CommandLine": "C:\\Windows\\system32\\svchost.exe -k netsvcs -p -s wlidsvc",
   "TargetUserSid": "S-1-0-0",
   "TargetUserName": "-",
   "TargetDomainName": "-",
   "TargetLogonId": 0,
   "ParentProcessName": "C:\\Windows\\System32\\services.exe",
   "MandatoryLabel": "S-1-16-16384"
  },
  "Message": ""
 }
{
  "System": {
   "Provider": {
    "Name": "Microsoft-Windows-Security-Auditing",
    "Guid": "54849625-5478-4994-A5BA-3E3B0328C30D"
   },
   "EventID": {
    "Value": 4688
   },
   "Version": 2,
   "Level": 0,
   "Task": 13312,
   "Opcode": 0,
   "Keywords": 9232379236109516800,
   "TimeCreated": {
    "SystemTime": 1678360105.34928
   },
   "EventRecordID": 2937,
   "Correlation": {},
   "Execution": {
    "ProcessID": 4,
    "ThreadID": 5216
   },
   "Channel": "Security",
   "Computer": "DESKTOP-NKRHNTH",
   "Security": {}
  },
  "EventData": {
   "SubjectUserSid": "S-1-5-21-2432649696-552975611-3203061244-1001",
   "SubjectUserName": "Pandora",
   "SubjectDomainName": "DESKTOP-NKRHNTH",
   "SubjectLogonId": 125425,
   "NewProcessId": 8440,
   "NewProcessName": "C:\\Program Files (x86)\\Microsoft\\Edge\\Application\\msedge.exe",
   "TokenElevationType": "%%1938",
   "ProcessId": 7736,
   "CommandLine": "\"C:\\Program Files (x86)\\Microsoft\\Edge\\Application\\msedge.exe\" --type=renderer --lang=en-US --js-flags=--ms-user-locale= --device-scale-factor=2 --num-raster-threads=1 --renderer-client-id=12 --time-ticks-at-unix-epoch=-1678360071266275 --launch-time-ticks=34065865 --mojo-platform-channel-handle=5268 --field-trial-handle=2180,i,1582753229004326462,17712970727165809335,131072 /prefetch:1",
   "TargetUserSid": "S-1-0-0",
   "TargetUserName": "-",
   "TargetDomainName": "-",
   "TargetLogonId": 0,
   "ParentProcessName": "C:\\Program Files (x86)\\Microsoft\\Edge\\Application\\msedge.exe",
   "MandatoryLabel": "S-1-16-4096"
  },
  "Message": ""
 }
{
  "System": {
   "Provider": {
    "Name": "Microsoft-Windows-Security-Auditing",
    "Guid": "54849625-5478-4994-A5BA-3E3B0328C30D"
   },
   "EventID": {
    "Value": 4688
   },
   "Version": 2,
   "Level": 0,
   "Task": 13312,
   "Opcode": 0,
   "Keywords": 9232379236109516800,
   "TimeCreated": {
    "SystemTime": 1678360106.112
   },
   "EventRecordID": 2938,
   "Correlation": {},
   "Execution": {
    "ProcessID": 4,
    "ThreadID": 6140
   },
   "Channel": "Security",
   "Computer": "DESKTOP-NKRHNTH",
   "Security": {}
  },
  "EventData": {
   "SubjectUserSid": "S-1-5-18",
   "SubjectUserName": "DESKTOP-NKRHNTH$",
   "SubjectDomainName": "WORKGROUP",
   "SubjectLogonId": 999,
   "NewProcessId": 8556,
   "NewProcessName": "C:\\Windows\\System32\\wbem\\WmiApSrv.exe",
   "TokenElevationType": "%%1936",
   "ProcessId": 652,
   "CommandLine": "C:\\Windows\\system32\\wbem\\WmiApSrv.exe",
   "TargetUserSid": "S-1-0-0",
   "TargetUserName": "-",
   "TargetDomainName": "-",
   "TargetLogonId": 0,
   "ParentProcessName": "C:\\Windows\\System32\\services.exe",
   "MandatoryLabel": "S-1-16-16384"
  },
  "Message": ""
 }
{
  "System": {
   "Provider": {
    "Name": "Microsoft-Windows-Security-Auditing",
    "Guid": "54849625-5478-4994-A5BA-3E3B0328C30D"
   },
   "EventID": {
    "Value": 4688
   },
   "Version": 2,
   "Level": 0,
   "Task": 13312,
   "Opcode": 0,
   "Keywords": 9232379236109516800,
   "TimeCreated": {
    "SystemTime": 1678360110.9426928
   },
   "EventRecordID": 2939,
   "Correlation": {},
   "Execution": {
    "ProcessID": 4,
    "ThreadID": 6120
   },
   "Channel": "Security",
   "Computer": "DESKTOP-NKRHNTH",
   "Security": {}
  },
  "EventData": {
   "SubjectUserSid": "S-1-5-18",
   "SubjectUserName": "DESKTOP-NKRHNTH$",
   "SubjectDomainName": "WORKGROUP",
   "SubjectLogonId": 999,
   "NewProcessId": 8664,
   "NewProcessName": "C:\\Windows\\System32\\wlrmdr.exe",
   "TokenElevationType": "%%1938",
   "ProcessId": 616,
   "CommandLine": " -c -s 0 -f 0 -t Empty -m Empty -a 0 -u Empty",
   "TargetUserSid": "S-1-5-21-2432649696-552975611-3203061244-1001",
   "TargetUserName": "Pandora",
   "TargetDomainName": "DESKTOP-NKRHNTH",
   "TargetLogonId": 125425,
   "ParentProcessName": "C:\\Windows\\System32\\winlogon.exe",
   "MandatoryLabel": "S-1-16-8192"
  },
  "Message": ""
 }
{
  "System": {
   "Provider": {
    "Name": "Microsoft-Windows-Security-Auditing",
    "Guid": "54849625-5478-4994-A5BA-3E3B0328C30D"
   },
   "EventID": {
    "Value": 4688
   },
   "Version": 2,
   "Level": 0,
   "Task": 13312,
   "Opcode": 0,
   "Keywords": 9232379236109516800,
   "TimeCreated": {
    "SystemTime": 1678360117.1271408
   },
   "EventRecordID": 2940,
   "Correlation": {},
   "Execution": {
    "ProcessID": 4,
    "ThreadID": 6120
   },
   "Channel": "Security",
   "Computer": "DESKTOP-NKRHNTH",
   "Security": {}
  },
  "EventData": {
   "SubjectUserSid": "S-1-5-18",
   "SubjectUserName": "DESKTOP-NKRHNTH$",
   "SubjectDomainName": "WORKGROUP",
   "SubjectLogonId": 999,
   "NewProcessId": 8724,
   "NewProcessName": "C:\\Windows\\SystemApps\\Microsoft.LockApp_cw5n1h2txyewy\\LockApp.exe",
   "TokenElevationType": "%%1938",
   "ProcessId": 784,
   "CommandLine": "\"C:\\Windows\\SystemApps\\Microsoft.LockApp_cw5n1h2txyewy\\LockApp.exe\" -ServerName:WindowsDefaultLockScreen.AppX7y4nbzq37zn4ks9k7amqjywdat7d3j2z.mca",
   "TargetUserSid": "S-1-5-21-2432649696-552975611-3203061244-1001",
   "TargetUserName": "Pandora",
   "TargetDomainName": "DESKTOP-NKRHNTH",
   "TargetLogonId": 125425,
   "ParentProcessName": "C:\\Windows\\System32\\svchost.exe",
   "MandatoryLabel": "S-1-16-4096"
  },
  "Message": ""
 }
{
  "System": {
   "Provider": {
    "Name": "Microsoft-Windows-Security-Auditing",
    "Guid": "54849625-5478-4994-A5BA-3E3B0328C30D"
   },
   "EventID": {
    "Value": 4688
   },
   "Version": 2,
   "Level": 0,
   "Task": 13312,
   "Opcode": 0,
   "Keywords": 9232379236109516800,
   "TimeCreated": {
    "SystemTime": 1678360117.3823104
   },
   "EventRecordID": 2941,
   "Correlation": {},
   "Execution": {
    "ProcessID": 4,
    "ThreadID": 6140
   },
   "Channel": "Security",
   "Computer": "DESKTOP-NKRHNTH",
   "Security": {}
  },
  "EventData": {
   "SubjectUserSid": "S-1-5-18",
   "SubjectUserName": "DESKTOP-NKRHNTH$",
   "SubjectDomainName": "WORKGROUP",
   "SubjectLogonId": 999,
   "NewProcessId": 8784,
   "NewProcessName": "C:\\Windows\\System32\\RuntimeBroker.exe",
   "TokenElevationType": "%%1938",
   "ProcessId": 784,
   "CommandLine": "C:\\Windows\\System32\\RuntimeBroker.exe -Embedding",
   "TargetUserSid": "S-1-5-21-2432649696-552975611-3203061244-1001",
   "TargetUserName": "Pandora",
   "TargetDomainName": "DESKTOP-NKRHNTH",
   "TargetLogonId": 125425,
   "ParentProcessName": "C:\\Windows\\System32\\svchost.exe",
   "MandatoryLabel": "S-1-16-8192"
  },
  "Message": ""
 }
{
  "System": {
   "Provider": {
    "Name": "Microsoft-Windows-Security-Auditing",
    "Guid": "54849625-5478-4994-A5BA-3E3B0328C30D"
   },
   "EventID": {
    "Value": 4688
   },
   "Version": 2,
   "Level": 0,
   "Task": 13312,
   "Opcode": 0,
   "Keywords": 9232379236109516800,
   "TimeCreated": {
    "SystemTime": 1678360124.635392
   },
   "EventRecordID": 2942,
   "Correlation": {},
   "Execution": {
    "ProcessID": 4,
    "ThreadID": 6120
   },
   "Channel": "Security",
   "Computer": "DESKTOP-NKRHNTH",
   "Security": {}
  },
  "EventData": {
   "SubjectUserSid": "S-1-5-18",
   "SubjectUserName": "DESKTOP-NKRHNTH$",
   "SubjectDomainName": "WORKGROUP",
   "SubjectLogonId": 999,
   "NewProcessId": 8988,
   "NewProcessName": "C:\\Windows\\System32\\MusNotification.exe",
   "TokenElevationType": "%%1936",
   "ProcessId": 1500,
   "CommandLine": "C:\\Windows\\system32\\MusNotification.exe LogonUpdateResults",
   "TargetUserSid": "S-1-0-0",
   "TargetUserName": "-",
   "TargetDomainName": "-",
   "TargetLogonId": 0,
   "ParentProcessName": "C:\\Windows\\System32\\svchost.exe",
   "MandatoryLabel": "S-1-16-16384"
  },
  "Message": ""
 }
{
  "System": {
   "Provider": {
    "Name": "Microsoft-Windows-Security-Auditing",
    "Guid": "54849625-5478-4994-A5BA-3E3B0328C30D"
   },
   "EventID": {
    "Value": 4688
   },
   "Version": 2,
   "Level": 0,
   "Task": 13312,
   "Opcode": 0,
   "Keywords": 9232379236109516800,
   "TimeCreated": {
    "SystemTime": 1678360131.1730447
   },
   "EventRecordID": 2943,
   "Correlation": {},
   "Execution": {
    "ProcessID": 4,
    "ThreadID": 5216
   },
   "Channel": "Security",
   "Computer": "DESKTOP-NKRHNTH",
   "Security": {}
  },
  "EventData": {
   "SubjectUserSid": "S-1-5-21-2432649696-552975611-3203061244-1001",
   "SubjectUserName": "Pandora",
   "SubjectDomainName": "DESKTOP-NKRHNTH",
   "SubjectLogonId": 125425,
   "NewProcessId": 9032,
   "NewProcessName": "C:\\Program Files (x86)\\Microsoft\\Edge\\Application\\msedge.exe",
   "TokenElevationType": "%%1938",
   "ProcessId": 7736,
   "CommandLine": "\"C:\\Program Files (x86)\\Microsoft\\Edge\\Application\\msedge.exe\" --type=utility --utility-sub-type=chrome.mojom.UtilWin --lang=en-US --service-sandbox-type=none --mojo-platform-channel-handle=5924 --field-trial-handle=2180,i,1582753229004326462,17712970727165809335,131072 /prefetch:8",
   "TargetUserSid": "S-1-0-0",
   "TargetUserName": "-",
   "TargetDomainName": "-",
   "TargetLogonId": 0,
   "ParentProcessName": "C:\\Program Files (x86)\\Microsoft\\Edge\\Application\\msedge.exe",
   "MandatoryLabel": "S-1-16-8192"
  },
  "Message": ""
 }
{
  "System": {
   "Provider": {
    "Name": "Microsoft-Windows-Security-Auditing",
    "Guid": "54849625-5478-4994-A5BA-3E3B0328C30D"
   },
   "EventID": {
    "Value": 4688
   },
   "Version": 2,
   "Level": 0,
   "Task": 13312,
   "Opcode": 0,
   "Keywords": 9232379236109516800,
   "TimeCreated": {
    "SystemTime": 1678360131.1785808
   },
   "EventRecordID": 2944,
   "Correlation": {},
   "Execution": {
    "ProcessID": 4,
    "ThreadID": 5216
   },
   "Channel": "Security",
   "Computer": "DESKTOP-NKRHNTH",
   "Security": {}
  },
  "EventData": {
   "SubjectUserSid": "S-1-5-21-2432649696-552975611-3203061244-1001",
   "SubjectUserName": "Pandora",
   "SubjectDomainName": "DESKTOP-NKRHNTH",
   "SubjectLogonId": 125425,
   "NewProcessId": 9040,
   "NewProcessName": "C:\\Program Files (x86)\\Microsoft\\Edge\\Application\\msedge.exe",
   "TokenElevationType": "%%1938",
   "ProcessId": 7736,
   "CommandLine": "\"C:\\Program Files (x86)\\Microsoft\\Edge\\Application\\msedge.exe\" --type=utility --utility-sub-type=chrome.mojom.UtilWin --lang=en-US --service-sandbox-type=none --mojo-platform-channel-handle=5984 --field-trial-handle=2180,i,1582753229004326462,17712970727165809335,131072 /prefetch:8",
   "TargetUserSid": "S-1-0-0",
   "TargetUserName": "-",
   "TargetDomainName": "-",
   "TargetLogonId": 0,
   "ParentProcessName": "C:\\Program Files (x86)\\Microsoft\\Edge\\Application\\msedge.exe",
   "MandatoryLabel": "S-1-16-8192"
  },
  "Message": ""
 }
{
  "System": {
   "Provider": {
    "Name": "Microsoft-Windows-Security-Auditing",
    "Guid": "54849625-5478-4994-A5BA-3E3B0328C30D"
   },
   "EventID": {
    "Value": 4688
   },
   "Version": 2,
   "Level": 0,
   "Task": 13312,
   "Opcode": 0,
   "Keywords": 9232379236109516800,
   "TimeCreated": {
    "SystemTime": 1678360142.769909
   },
   "EventRecordID": 2945,
   "Correlation": {},
   "Execution": {
    "ProcessID": 4,
    "ThreadID": 228
   },
   "Channel": "Security",
   "Computer": "DESKTOP-NKRHNTH",
   "Security": {}
  },
  "EventData": {
   "SubjectUserSid": "S-1-5-18",
   "SubjectUserName": "DESKTOP-NKRHNTH$",
   "SubjectDomainName": "WORKGROUP",
   "SubjectLogonId": 999,
   "NewProcessId": 9188,
   "NewProcessName": "C:\\Windows\\System32\\taskhostw.exe",
   "TokenElevationType": "%%1937",
   "ProcessId": 1500,
   "CommandLine": "taskhostw.exe $(Arg0)",
   "TargetUserSid": "S-1-5-21-2432649696-552975611-3203061244-1001",
   "TargetUserName": "Pandora",
   "TargetDomainName": "DESKTOP-NKRHNTH",
   "TargetLogonId": 125359,
   "ParentProcessName": "C:\\Windows\\System32\\svchost.exe",
   "MandatoryLabel": "S-1-16-12288"
  },
  "Message": ""
 }
{
  "System": {
   "Provider": {
    "Name": "Microsoft-Windows-Security-Auditing",
    "Guid": "54849625-5478-4994-A5BA-3E3B0328C30D"
   },
   "EventID": {
    "Value": 4688
   },
   "Version": 2,
   "Level": 0,
   "Task": 13312,
   "Opcode": 0,
   "Keywords": 9232379236109516800,
   "TimeCreated": {
    "SystemTime": 1678360147.7408097
   },
   "EventRecordID": 2946,
   "Correlation": {},
   "Execution": {
    "ProcessID": 4,
    "ThreadID": 6120
   },
   "Channel": "Security",
   "Computer": "DESKTOP-NKRHNTH",
   "Security": {}
  },
  "EventData": {
   "SubjectUserSid": "S-1-5-18",
   "SubjectUserName": "DESKTOP-NKRHNTH$",
   "SubjectDomainName": "WORKGROUP",
   "SubjectLogonId": 999,
   "NewProcessId": 8244,
   "NewProcessName": "C:\\Windows\\System32\\backgroundTaskHost.exe",
   "TokenElevationType": "%%1938",
   "ProcessId": 784,
   "CommandLine": "\"C:\\Windows\\system32\\backgroundTaskHost.exe\" -ServerName:App.AppXmtcan0h2tfbfy7k9kn8hbxb6dmzz1zh0.mca",
   "TargetUserSid": "S-1-5-21-2432649696-552975611-3203061244-1001",
   "TargetUserName": "Pandora",
   "TargetDomainName": "DESKTOP-NKRHNTH",
   "TargetLogonId": 125425,
   "ParentProcessName": "C:\\Windows\\System32\\svchost.exe",
   "MandatoryLabel": "S-1-16-4096"
  },
  "Message": ""
 }
{
  "System": {
   "Provider": {
    "Name": "Microsoft-Windows-Security-Auditing",
    "Guid": "54849625-5478-4994-A5BA-3E3B0328C30D"
   },
   "EventID": {
    "Value": 4688
   },
   "Version": 2,
   "Level": 0,
   "Task": 13312,
   "Opcode": 0,
   "Keywords": 9232379236109516800,
   "TimeCreated": {
    "SystemTime": 1678360147.7408128
   },
   "EventRecordID": 2947,
   "Correlation": {},
   "Execution": {
    "ProcessID": 4,
    "ThreadID": 6120
   },
   "Channel": "Security",
   "Computer": "DESKTOP-NKRHNTH",
   "Security": {}
  },
  "EventData": {
   "SubjectUserSid": "S-1-5-18",
   "SubjectUserName": "DESKTOP-NKRHNTH$",
   "SubjectDomainName": "WORKGROUP",
   "SubjectLogonId": 999,
   "NewProcessId": 8260,
   "NewProcessName": "C:\\Windows\\System32\\backgroundTaskHost.exe",
   "TokenElevationType": "%%1938",
   "ProcessId": 784,
   "CommandLine": "\"C:\\Windows\\system32\\backgroundTaskHost.exe\" -ServerName:CortanaUI.AppX3bn25b6f886wmg6twh46972vprk9tnbf.mca",
   "TargetUserSid": "S-1-5-21-2432649696-552975611-3203061244-1001",
   "TargetUserName": "Pandora",
   "TargetDomainName": "DESKTOP-NKRHNTH",
   "TargetLogonId": 125425,
   "ParentProcessName": "C:\\Windows\\System32\\svchost.exe",
   "MandatoryLabel": "S-1-16-4096"
  },
  "Message": ""
 }
{
  "System": {
   "Provider": {
    "Name": "Microsoft-Windows-Security-Auditing",
    "Guid": "54849625-5478-4994-A5BA-3E3B0328C30D"
   },
   "EventID": {
    "Value": 4688
   },
   "Version": 2,
   "Level": 0,
   "Task": 13312,
   "Opcode": 0,
   "Keywords": 9232379236109516800,
   "TimeCreated": {
    "SystemTime": 1678360147.7459695
   },
   "EventRecordID": 2948,
   "Correlation": {},
   "Execution": {
    "ProcessID": 4,
    "ThreadID": 6120
   },
   "Channel": "Security",
   "Computer": "DESKTOP-NKRHNTH",
   "Security": {}
  },
  "EventData": {
   "SubjectUserSid": "S-1-5-18",
   "SubjectUserName": "DESKTOP-NKRHNTH$",
   "SubjectDomainName": "WORKGROUP",
   "SubjectLogonId": 999,
   "NewProcessId": 7856,
   "NewProcessName": "C:\\Program Files\\WindowsApps\\microsoft.windowscommunicationsapps_16005.11629.20316.0_x64__8wekyb3d8bbwe\\HxTsr.exe",
   "TokenElevationType": "%%1938",
   "ProcessId": 784,
   "CommandLine": "\"C:\\Program Files\\WindowsApps\\microsoft.windowscommunicationsapps_16005.11629.20316.0_x64__8wekyb3d8bbwe\\HxTsr.exe\" -ServerName:Hx.IPC.Server",
   "TargetUserSid": "S-1-5-21-2432649696-552975611-3203061244-1001",
   "TargetUserName": "Pandora",
   "TargetDomainName": "DESKTOP-NKRHNTH",
   "TargetLogonId": 125425,
   "ParentProcessName": "C:\\Windows\\System32\\svchost.exe",
   "MandatoryLabel": "S-1-16-4096"
  },
  "Message": ""
 }
{
  "System": {
   "Provider": {
    "Name": "Microsoft-Windows-Security-Auditing",
    "Guid": "54849625-5478-4994-A5BA-3E3B0328C30D"
   },
   "EventID": {
    "Value": 4688
   },
   "Version": 2,
   "Level": 0,
   "Task": 13312,
   "Opcode": 0,
   "Keywords": 9232379236109516800,
   "TimeCreated": {
    "SystemTime": 1678360147.7499025
   },
   "EventRecordID": 2949,
   "Correlation": {},
   "Execution": {
    "ProcessID": 4,
    "ThreadID": 6120
   },
   "Channel": "Security",
   "Computer": "DESKTOP-NKRHNTH",
   "Security": {}
  },
  "EventData": {
   "SubjectUserSid": "S-1-5-18",
   "SubjectUserName": "DESKTOP-NKRHNTH$",
   "SubjectDomainName": "WORKGROUP",
   "SubjectLogonId": 999,
   "NewProcessId": 8596,
   "NewProcessName": "C:\\Windows\\System32\\backgroundTaskHost.exe",
   "TokenElevationType": "%%1938",
   "ProcessId": 784,
   "CommandLine": "\"C:\\Windows\\system32\\backgroundTaskHost.exe\" -ServerName:App.AppXe9cvj1thv1hmcw0cs98xm3r97tyzy2xs.mca",
   "TargetUserSid": "S-1-5-21-2432649696-552975611-3203061244-1001",
   "TargetUserName": "Pandora",
   "TargetDomainName": "DESKTOP-NKRHNTH",
   "TargetLogonId": 125425,
   "ParentProcessName": "C:\\Windows\\System32\\svchost.exe",
   "MandatoryLabel": "S-1-16-4096"
  },
  "Message": ""
 }
{
  "System": {
   "Provider": {
    "Name": "Microsoft-Windows-Security-Auditing",
    "Guid": "54849625-5478-4994-A5BA-3E3B0328C30D"
   },
   "EventID": {
    "Value": 4688
   },
   "Version": 2,
   "Level": 0,
   "Task": 13312,
   "Opcode": 0,
   "Keywords": 9232379236109516800,
   "TimeCreated": {
    "SystemTime": 1678360147.8641248
   },
   "EventRecordID": 2950,
   "Correlation": {},
   "Execution": {
    "ProcessID": 4,
    "ThreadID": 6108
   },
   "Channel": "Security",
   "Computer": "DESKTOP-NKRHNTH",
   "Security": {}
  },
  "EventData": {
   "SubjectUserSid": "S-1-5-18",
   "SubjectUserName": "DESKTOP-NKRHNTH$",
   "SubjectDomainName": "WORKGROUP",
   "SubjectLogonId": 999,
   "NewProcessId": 2408,
   "NewProcessName": "C:\\Windows\\System32\\RuntimeBroker.exe",
   "TokenElevationType": "%%1938",
   "ProcessId": 784,
   "CommandLine": "C:\\Windows\\System32\\RuntimeBroker.exe -Embedding",
   "TargetUserSid": "S-1-5-21-2432649696-552975611-3203061244-1001",
   "TargetUserName": "Pandora",
   "TargetDomainName": "DESKTOP-NKRHNTH",
   "TargetLogonId": 125425,
   "ParentProcessName": "C:\\Windows\\System32\\svchost.exe",
   "MandatoryLabel": "S-1-16-8192"
  },
  "Message": ""
 }
{
  "System": {
   "Provider": {
    "Name": "Microsoft-Windows-Security-Auditing",
    "Guid": "54849625-5478-4994-A5BA-3E3B0328C30D"
   },
   "EventID": {
    "Value": 4688
   },
   "Version": 2,
   "Level": 0,
   "Task": 13312,
   "Opcode": 0,
   "Keywords": 9232379236109516800,
   "TimeCreated": {
    "SystemTime": 1678360148.1472175
   },
   "EventRecordID": 2951,
   "Correlation": {},
   "Execution": {
    "ProcessID": 4,
    "ThreadID": 6108
   },
   "Channel": "Security",
   "Computer": "DESKTOP-NKRHNTH",
   "Security": {}
  },
  "EventData": {
   "SubjectUserSid": "S-1-5-18",
   "SubjectUserName": "DESKTOP-NKRHNTH$",
   "SubjectDomainName": "WORKGROUP",
   "SubjectLogonId": 999,
   "NewProcessId": 7920,
   "NewProcessName": "C:\\Windows\\System32\\RuntimeBroker.exe",
   "TokenElevationType": "%%1938",
   "ProcessId": 784,
   "CommandLine": "C:\\Windows\\System32\\RuntimeBroker.exe -Embedding",
   "TargetUserSid": "S-1-5-21-2432649696-552975611-3203061244-1001",
   "TargetUserName": "Pandora",
   "TargetDomainName": "DESKTOP-NKRHNTH",
   "TargetLogonId": 125425,
   "ParentProcessName": "C:\\Windows\\System32\\svchost.exe",
   "MandatoryLabel": "S-1-16-8192"
  },
  "Message": ""
 }
{
  "System": {
   "Provider": {
    "Name": "Microsoft-Windows-Security-Auditing",
    "Guid": "54849625-5478-4994-A5BA-3E3B0328C30D"
   },
   "EventID": {
    "Value": 4688
   },
   "Version": 2,
   "Level": 0,
   "Task": 13312,
   "Opcode": 0,
   "Keywords": 9232379236109516800,
   "TimeCreated": {
    "SystemTime": 1678360173.9385984
   },
   "EventRecordID": 2952,
   "Correlation": {},
   "Execution": {
    "ProcessID": 4,
    "ThreadID": 228
   },
   "Channel": "Security",
   "Computer": "DESKTOP-NKRHNTH",
   "Security": {}
  },
  "EventData": {
   "SubjectUserSid": "S-1-5-18",
   "SubjectUserName": "DESKTOP-NKRHNTH$",
   "SubjectDomainName": "WORKGROUP",
   "SubjectLogonId": 999,
   "NewProcessId": 7140,
   "NewProcessName": "C:\\Windows\\System32\\svchost.exe",
   "TokenElevationType": "%%1936",
   "ProcessId": 652,
   "CommandLine": "C:\\Windows\\system32\\svchost.exe -k wusvcs -p -s WaaSMedicSvc",
   "TargetUserSid": "S-1-0-0",
   "TargetUserName": "-",
   "TargetDomainName": "-",
   "TargetLogonId": 0,
   "ParentProcessName": "C:\\Windows\\System32\\services.exe",
   "MandatoryLabel": "S-1-16-16384"
  },
  "Message": ""
 }
{
  "System": {
   "Provider": {
    "Name": "Microsoft-Windows-Security-Auditing",
    "Guid": "54849625-5478-4994-A5BA-3E3B0328C30D"
   },
   "EventID": {
    "Value": 4688
   },
   "Version": 2,
   "Level": 0,
   "Task": 13312,
   "Opcode": 0,
   "Keywords": 9232379236109516800,
   "TimeCreated": {
    "SystemTime": 1678360180.195099
   },
   "EventRecordID": 2953,
   "Correlation": {},
   "Execution": {
    "ProcessID": 4,
    "ThreadID": 228
   },
   "Channel": "Security",
   "Computer": "DESKTOP-NKRHNTH",
   "Security": {}
  },
  "EventData": {
   "SubjectUserSid": "S-1-5-18",
   "SubjectUserName": "DESKTOP-NKRHNTH$",
   "SubjectDomainName": "WORKGROUP",
   "SubjectLogonId": 999,
   "NewProcessId": 9060,
   "NewProcessName": "C:\\Windows\\System32\\backgroundTaskHost.exe",
   "TokenElevationType": "%%1938",
   "ProcessId": 784,
   "CommandLine": "\"C:\\Windows\\system32\\backgroundTaskHost.exe\" -ServerName:App.AppXmtcan0h2tfbfy7k9kn8hbxb6dmzz1zh0.mca",
   "TargetUserSid": "S-1-5-21-2432649696-552975611-3203061244-1001",
   "TargetUserName": "Pandora",
   "TargetDomainName": "DESKTOP-NKRHNTH",
   "TargetLogonId": 125425,
   "ParentProcessName": "C:\\Windows\\System32\\svchost.exe",
   "MandatoryLabel": "S-1-16-4096"
  },
  "Message": ""
 }
{
  "System": {
   "Provider": {
    "Name": "Microsoft-Windows-Security-Auditing",
    "Guid": "54849625-5478-4994-A5BA-3E3B0328C30D"
   },
   "EventID": {
    "Value": 4688
   },
   "Version": 2,
   "Level": 0,
   "Task": 13312,
   "Opcode": 0,
   "Keywords": 9232379236109516800,
   "TimeCreated": {
    "SystemTime": 1678360180.324077
   },
   "EventRecordID": 2954,
   "Correlation": {},
   "Execution": {
    "ProcessID": 4,
    "ThreadID": 228
   },
   "Channel": "Security",
   "Computer": "DESKTOP-NKRHNTH",
   "Security": {}
  },
  "EventData": {
   "SubjectUserSid": "S-1-5-18",
   "SubjectUserName": "DESKTOP-NKRHNTH$",
   "SubjectDomainName": "WORKGROUP",
   "SubjectLogonId": 999,
   "NewProcessId": 3028,
   "NewProcessName": "C:\\Windows\\System32\\backgroundTaskHost.exe",
   "TokenElevationType": "%%1938",
   "ProcessId": 784,
   "CommandLine": "\"C:\\Windows\\system32\\BackgroundTaskHost.exe\" -ServerName:BackgroundTaskHost.WebAccountProvider",
   "TargetUserSid": "S-1-5-21-2432649696-552975611-3203061244-1001",
   "TargetUserName": "Pandora",
   "TargetDomainName": "DESKTOP-NKRHNTH",
   "TargetLogonId": 125425,
   "ParentProcessName": "C:\\Windows\\System32\\svchost.exe",
   "MandatoryLabel": "S-1-16-4096"
  },
  "Message": ""
 }
{
  "System": {
   "Provider": {
    "Name": "Microsoft-Windows-Security-Auditing",
    "Guid": "54849625-5478-4994-A5BA-3E3B0328C30D"
   },
   "EventID": {
    "Value": 4688
   },
   "Version": 2,
   "Level": 0,
   "Task": 13312,
   "Opcode": 0,
   "Keywords": 9232379236109516800,
   "TimeCreated": {
    "SystemTime": 1678360180.362256
   },
   "EventRecordID": 2955,
   "Correlation": {},
   "Execution": {
    "ProcessID": 4,
    "ThreadID": 228
   },
   "Channel": "Security",
   "Computer": "DESKTOP-NKRHNTH",
   "Security": {}
  },
  "EventData": {
   "SubjectUserSid": "S-1-5-18",
   "SubjectUserName": "DESKTOP-NKRHNTH$",
   "SubjectDomainName": "WORKGROUP",
   "SubjectLogonId": 999,
   "NewProcessId": 7440,
   "NewProcessName": "C:\\Windows\\System32\\RuntimeBroker.exe",
   "TokenElevationType": "%%1938",
   "ProcessId": 784,
   "CommandLine": "C:\\Windows\\System32\\RuntimeBroker.exe -Embedding",
   "TargetUserSid": "S-1-5-21-2432649696-552975611-3203061244-1001",
   "TargetUserName": "Pandora",
   "TargetDomainName": "DESKTOP-NKRHNTH",
   "TargetLogonId": 125425,
   "ParentProcessName": "C:\\Windows\\System32\\svchost.exe",
   "MandatoryLabel": "S-1-16-8192"
  },
  "Message": ""
 }
{
  "System": {
   "Provider": {
    "Name": "Microsoft-Windows-Security-Auditing",
    "Guid": "54849625-5478-4994-A5BA-3E3B0328C30D"
   },
   "EventID": {
    "Value": 4688
   },
   "Version": 2,
   "Level": 0,
   "Task": 13312,
   "Opcode": 0,
   "Keywords": 9232379236109516800,
   "TimeCreated": {
    "SystemTime": 1678360180.4040368
   },
   "EventRecordID": 2956,
   "Correlation": {},
   "Execution": {
    "ProcessID": 4,
    "ThreadID": 228
   },
   "Channel": "Security",
   "Computer": "DESKTOP-NKRHNTH",
   "Security": {}
  },
  "EventData": {
   "SubjectUserSid": "S-1-5-18",
   "SubjectUserName": "DESKTOP-NKRHNTH$",
   "SubjectDomainName": "WORKGROUP",
   "SubjectLogonId": 999,
   "NewProcessId": 8212,
   "NewProcessName": "C:\\Windows\\System32\\RuntimeBroker.exe",
   "TokenElevationType": "%%1938",
   "ProcessId": 784,
   "CommandLine": "C:\\Windows\\System32\\RuntimeBroker.exe -Embedding",
   "TargetUserSid": "S-1-5-21-2432649696-552975611-3203061244-1001",
   "TargetUserName": "Pandora",
   "TargetDomainName": "DESKTOP-NKRHNTH",
   "TargetLogonId": 125425,
   "ParentProcessName": "C:\\Windows\\System32\\svchost.exe",
   "MandatoryLabel": "S-1-16-8192"
  },
  "Message": ""
 }
{
  "System": {
   "Provider": {
    "Name": "Microsoft-Windows-Security-Auditing",
    "Guid": "54849625-5478-4994-A5BA-3E3B0328C30D"
   },
   "EventID": {
    "Value": 4688
   },
   "Version": 2,
   "Level": 0,
   "Task": 13312,
   "Opcode": 0,
   "Keywords": 9232379236109516800,
   "TimeCreated": {
    "SystemTime": 1678360184.199869
   },
   "EventRecordID": 2957,
   "Correlation": {},
   "Execution": {
    "ProcessID": 4,
    "ThreadID": 5436
   },
   "Channel": "Security",
   "Computer": "DESKTOP-NKRHNTH",
   "Security": {}
  },
  "EventData": {
   "SubjectUserSid": "S-1-5-18",
   "SubjectUserName": "DESKTOP-NKRHNTH$",
   "SubjectDomainName": "WORKGROUP",
   "SubjectLogonId": 999,
   "NewProcessId": 1252,
   "NewProcessName": "C:\\Windows\\System32\\dllhost.exe",
   "TokenElevationType": "%%1938",
   "ProcessId": 784,
   "CommandLine": "C:\\Windows\\system32\\DllHost.exe /Processid:{338B40F9-9D68-4B53-A793-6B9AA0C5F63B}",
   "TargetUserSid": "S-1-5-21-2432649696-552975611-3203061244-1001",
   "TargetUserName": "Pandora",
   "TargetDomainName": "DESKTOP-NKRHNTH",
   "TargetLogonId": 125425,
   "ParentProcessName": "C:\\Windows\\System32\\svchost.exe",
   "MandatoryLabel": "S-1-16-8192"
  },
  "Message": ""
 }
{
  "System": {
   "Provider": {
    "Name": "Microsoft-Windows-Security-Auditing",
    "Guid": "54849625-5478-4994-A5BA-3E3B0328C30D"
   },
   "EventID": {
    "Value": 4688
   },
   "Version": 2,
   "Level": 0,
   "Task": 13312,
   "Opcode": 0,
   "Keywords": 9232379236109516800,
   "TimeCreated": {
    "SystemTime": 1678360184.250104
   },
   "EventRecordID": 2958,
   "Correlation": {},
   "Execution": {
    "ProcessID": 4,
    "ThreadID": 5436
   },
   "Channel": "Security",
   "Computer": "DESKTOP-NKRHNTH",
   "Security": {}
  },
  "EventData": {
   "SubjectUserSid": "S-1-5-21-2432649696-552975611-3203061244-1001",
   "SubjectUserName": "Pandora",
   "SubjectDomainName": "DESKTOP-NKRHNTH",
   "SubjectLogonId": 125425,
   "NewProcessId": 1588,
   "NewProcessName": "C:\\Program Files (x86)\\Microsoft\\Edge\\Application\\msedge.exe",
   "TokenElevationType": "%%1938",
   "ProcessId": 7736,
   "CommandLine": "\"C:\\Program Files (x86)\\Microsoft\\Edge\\Application\\msedge.exe\" --type=utility --utility-sub-type=unzip.mojom.Unzipper --lang=en-US --service-sandbox-type=service --mojo-platform-channel-handle=2156 --field-trial-handle=2180,i,1582753229004326462,17712970727165809335,131072 /prefetch:8",
   "TargetUserSid": "S-1-0-0",
   "TargetUserName": "-",
   "TargetDomainName": "-",
   "TargetLogonId": 0,
   "ParentProcessName": "C:\\Program Files (x86)\\Microsoft\\Edge\\Application\\msedge.exe",
   "MandatoryLabel": "S-1-16-4096"
  },
  "Message": ""
 }
{
  "System": {
   "Provider": {
    "Name": "Microsoft-Windows-Security-Auditing",
    "Guid": "54849625-5478-4994-A5BA-3E3B0328C30D"
   },
   "EventID": {
    "Value": 4688
   },
   "Version": 2,
   "Level": 0,
   "Task": 13312,
   "Opcode": 0,
   "Keywords": 9232379236109516800,
   "TimeCreated": {
    "SystemTime": 1678360187.276157
   },
   "EventRecordID": 2959,
   "Correlation": {},
   "Execution": {
    "ProcessID": 4,
    "ThreadID": 5592
   },
   "Channel": "Security",
   "Computer": "DESKTOP-NKRHNTH",
   "Security": {}
  },
  "EventData": {
   "SubjectUserSid": "S-1-5-18",
   "SubjectUserName": "DESKTOP-NKRHNTH$",
   "SubjectDomainName": "WORKGROUP",
   "SubjectLogonId": 999,
   "NewProcessId": 2412,
   "NewProcessName": "C:\\Windows\\SystemApps\\MicrosoftWindows.Client.CBS_cw5n1h2txyewy\\TextInputHost.exe",
   "TokenElevationType": "%%1938",
   "ProcessId": 784,
   "CommandLine": "\"C:\\Windows\\SystemApps\\MicrosoftWindows.Client.CBS_cw5n1h2txyewy\\TextInputHost.exe\" -ServerName:InputApp.AppXjd5de1g66v206tj52m9d0dtpppx4cgpn.mca",
   "TargetUserSid": "S-1-5-21-2432649696-552975611-3203061244-1001",
   "TargetUserName": "Pandora",
   "TargetDomainName": "DESKTOP-NKRHNTH",
   "TargetLogonId": 125425,
   "ParentProcessName": "C:\\Windows\\System32\\svchost.exe",
   "MandatoryLabel": "S-1-16-4096"
  },
  "Message": ""
 }
{
  "System": {
   "Provider": {
    "Name": "Microsoft-Windows-Security-Auditing",
    "Guid": "54849625-5478-4994-A5BA-3E3B0328C30D"
   },
   "EventID": {
    "Value": 4688
   },
   "Version": 2,
   "Level": 0,
   "Task": 13312,
   "Opcode": 0,
   "Keywords": 9232379236109516800,
   "TimeCreated": {
    "SystemTime": 1678360187.407627
   },
   "EventRecordID": 2960,
   "Correlation": {},
   "Execution": {
    "ProcessID": 4,
    "ThreadID": 228
   },
   "Channel": "Security",
   "Computer": "DESKTOP-NKRHNTH",
   "Security": {}
  },
  "EventData": {
   "SubjectUserSid": "S-1-5-18",
   "SubjectUserName": "DESKTOP-NKRHNTH$",
   "SubjectDomainName": "WORKGROUP",
   "SubjectLogonId": 999,
   "NewProcessId": 3172,
   "NewProcessName": "C:\\Windows\\System32\\dllhost.exe",
   "TokenElevationType": "%%1938",
   "ProcessId": 784,
   "CommandLine": "C:\\Windows\\system32\\DllHost.exe /Processid:{7966B4D8-4FDC-4126-A10B-39A3209AD251}",
   "TargetUserSid": "S-1-5-21-2432649696-552975611-3203061244-1001",
   "TargetUserName": "Pandora",
   "TargetDomainName": "DESKTOP-NKRHNTH",
   "TargetLogonId": 125425,
   "ParentProcessName": "C:\\Windows\\System32\\svchost.exe",
   "MandatoryLabel": "S-1-16-8192"
  },
  "Message": ""
 }
{
  "System": {
   "Provider": {
    "Name": "Microsoft-Windows-Security-Auditing",
    "Guid": "54849625-5478-4994-A5BA-3E3B0328C30D"
   },
   "EventID": {
    "Value": 4688
   },
   "Version": 2,
   "Level": 0,
   "Task": 13312,
   "Opcode": 0,
   "Keywords": 9232379236109516800,
   "TimeCreated": {
    "SystemTime": 1678360187.570248
   },
   "EventRecordID": 2961,
   "Correlation": {},
   "Execution": {
    "ProcessID": 4,
    "ThreadID": 5216
   },
   "Channel": "Security",
   "Computer": "DESKTOP-NKRHNTH",
   "Security": {}
  },
  "EventData": {
   "SubjectUserSid": "S-1-5-18",
   "SubjectUserName": "DESKTOP-NKRHNTH$",
   "SubjectDomainName": "WORKGROUP",
   "SubjectLogonId": 999,
   "NewProcessId": 3648,
   "NewProcessName": "C:\\Windows\\System32\\dllhost.exe",
   "TokenElevationType": "%%1938",
   "ProcessId": 784,
   "CommandLine": "C:\\Windows\\system32\\DllHost.exe /Processid:{973D20D7-562D-44B9-B70B-5A0F49CCDF3F}",
   "TargetUserSid": "S-1-5-21-2432649696-552975611-3203061244-1001",
   "TargetUserName": "Pandora",
   "TargetDomainName": "DESKTOP-NKRHNTH",
   "TargetLogonId": 125425,
   "ParentProcessName": "C:\\Windows\\System32\\svchost.exe",
   "MandatoryLabel": "S-1-16-8192"
  },
  "Message": ""
 }
{
  "System": {
   "Provider": {
    "Name": "Microsoft-Windows-Security-Auditing",
    "Guid": "54849625-5478-4994-A5BA-3E3B0328C30D"
   },
   "EventID": {
    "Value": 4688
   },
   "Version": 2,
   "Level": 0,
   "Task": 13312,
   "Opcode": 0,
   "Keywords": 9232379236109516800,
   "TimeCreated": {
    "SystemTime": 1678360190.3553777
   },
   "EventRecordID": 2962,
   "Correlation": {},
   "Execution": {
    "ProcessID": 4,
    "ThreadID": 6140
   },
   "Channel": "Security",
   "Computer": "DESKTOP-NKRHNTH",
   "Security": {}
  },
  "EventData": {
   "SubjectUserSid": "S-1-5-18",
   "SubjectUserName": "DESKTOP-NKRHNTH$",
   "SubjectDomainName": "WORKGROUP",
   "SubjectLogonId": 999,
   "NewProcessId": 5696,
   "NewProcessName": "C:\\Windows\\System32\\consent.exe",
   "TokenElevationType": "%%1936",
   "ProcessId": 7908,
   "CommandLine": "consent.exe 7908 288 000001762C647680",
   "TargetUserSid": "S-1-0-0",
   "TargetUserName": "-",
   "TargetDomainName": "-",
   "TargetLogonId": 0,
   "ParentProcessName": "C:\\Windows\\System32\\svchost.exe",
   "MandatoryLabel": "S-1-16-16384"
  },
  "Message": ""
 }
{
  "System": {
   "Provider": {
    "Name": "Microsoft-Windows-Security-Auditing",
    "Guid": "54849625-5478-4994-A5BA-3E3B0328C30D"
   },
   "EventID": {
    "Value": 4688
   },
   "Version": 2,
   "Level": 0,
   "Task": 13312,
   "Opcode": 0,
   "Keywords": 9232379236109516800,
   "TimeCreated": {
    "SystemTime": 1678360192.4638033
   },
   "EventRecordID": 2963,
   "Correlation": {},
   "Execution": {
    "ProcessID": 4,
    "ThreadID": 5216
   },
   "Channel": "Security",
   "Computer": "DESKTOP-NKRHNTH",
   "Security": {}
  },
  "EventData": {
   "SubjectUserSid": "S-1-5-18",
   "SubjectUserName": "DESKTOP-NKRHNTH$",
   "SubjectDomainName": "WORKGROUP",
   "SubjectLogonId": 999,
   "NewProcessId": 7968,
   "NewProcessName": "C:\\Windows\\System32\\cmd.exe",
   "TokenElevationType": "%%1937",
   "ProcessId": 4932,
   "CommandLine": "\"C:\\Windows\\system32\\cmd.exe\" ",
   "TargetUserSid": "S-1-5-21-2432649696-552975611-3203061244-1001",
   "TargetUserName": "Pandora",
   "TargetDomainName": "DESKTOP-NKRHNTH",
   "TargetLogonId": 125359,
   "ParentProcessName": "C:\\Windows\\explorer.exe",
   "MandatoryLabel": "S-1-16-12288"
  },
  "Message": ""
 }
{
  "System": {
   "Provider": {
    "Name": "Microsoft-Windows-Security-Auditing",
    "Guid": "54849625-5478-4994-A5BA-3E3B0328C30D"
   },
   "EventID": {
    "Value": 4688
   },
   "Version": 2,
   "Level": 0,
   "Task": 13312,
   "Opcode": 0,
   "Keywords": 9232379236109516800,
   "TimeCreated": {
    "SystemTime": 1678360192.4692864
   },
   "EventRecordID": 2964,
   "Correlation": {},
   "Execution": {
    "ProcessID": 4,
    "ThreadID": 5216
   },
   "Channel": "Security",
   "Computer": "DESKTOP-NKRHNTH",
   "Security": {}
  },
  "EventData": {
   "SubjectUserSid": "S-1-5-21-2432649696-552975611-3203061244-1001",
   "SubjectUserName": "Pandora",
   "SubjectDomainName": "DESKTOP-NKRHNTH",
   "SubjectLogonId": 125359,
   "NewProcessId": 2580,
   "NewProcessName": "C:\\Windows\\System32\\conhost.exe",
   "TokenElevationType": "%%1937",
   "ProcessId": 7968,
   "CommandLine": "\\??\\C:\\Windows\\system32\\conhost.exe 0xffffffff -ForceV1",
   "TargetUserSid": "S-1-0-0",
   "TargetUserName": "-",
   "TargetDomainName": "-",
   "TargetLogonId": 0,
   "ParentProcessName": "C:\\Windows\\System32\\cmd.exe",
   "MandatoryLabel": "S-1-16-12288"
  },
  "Message": ""
 }
{
  "System": {
   "Provider": {
    "Name": "Microsoft-Windows-Security-Auditing",
    "Guid": "54849625-5478-4994-A5BA-3E3B0328C30D"
   },
   "EventID": {
    "Value": 4688
   },
   "Version": 2,
   "Level": 0,
   "Task": 13312,
   "Opcode": 0,
   "Keywords": 9232379236109516800,
   "TimeCreated": {
    "SystemTime": 1678360192.4944897
   },
   "EventRecordID": 2965,
   "Correlation": {},
   "Execution": {
    "ProcessID": 4,
    "ThreadID": 5216
   },
   "Channel": "Security",
   "Computer": "DESKTOP-NKRHNTH",
   "Security": {}
  },
  "EventData": {
   "SubjectUserSid": "S-1-5-21-2432649696-552975611-3203061244-1001",
   "SubjectUserName": "Pandora",
   "SubjectDomainName": "DESKTOP-NKRHNTH",
   "SubjectLogonId": 125425,
   "NewProcessId": 7780,
   "NewProcessName": "C:\\Program Files (x86)\\Microsoft\\Edge\\Application\\msedge.exe",
   "TokenElevationType": "%%1938",
   "ProcessId": 7736,
   "CommandLine": "\"C:\\Program Files (x86)\\Microsoft\\Edge\\Application\\msedge.exe\" --type=utility --utility-sub-type=unzip.mojom.Unzipper --lang=en-US --service-sandbox-type=service --mojo-platform-channel-handle=2356 --field-trial-handle=2180,i,1582753229004326462,17712970727165809335,131072 /prefetch:8",
   "TargetUserSid": "S-1-0-0",
   "TargetUserName": "-",
   "TargetDomainName": "-",
   "TargetLogonId": 0,
   "ParentProcessName": "C:\\Program Files (x86)\\Microsoft\\Edge\\Application\\msedge.exe",
   "MandatoryLabel": "S-1-16-4096"
  },
  "Message": ""
 }
