{
  "System": {
   "Provider": {
    "Name": "Microsoft-Windows-Security-Auditing",
    "Guid": "54849625-5478-4994-A5BA-3E3B0328C30D"
   },
   "EventID": {
    "Value": 4688
   },
   "Version": 2,
   "Level": 0,
   "Task": 13312,
   "Opcode": 0,
   "Keywords": 9232379236109516800,
   "TimeCreated": {
    "SystemTime": 1678360251.7299073
   },
   "EventRecordID": 3051,
   "Correlation": {},
   "Execution": {
    "ProcessID": 4,
    "ThreadID": 32
   },
   "Channel": "Security",
   "Computer": "DESKTOP-NKRHNTH",
   "Security": {}
  },
  "EventData": {
   "SubjectUserSid": "S-1-5-18",
   "SubjectUserName": "DESKTOP-NKRHNTH$",
   "SubjectDomainName": "WORKGROUP",
   "SubjectLogonId": 999,
   "NewProcessId": 2892,
   "NewProcessName": "C:\\Windows\\System32\\wermgr.exe",
   "TokenElevationType": "%%1936",
   "ProcessId": 1760,
   "CommandLine": "C:\\Windows\\system32\\wermgr.exe -upload",
   "TargetUserSid": "S-1-0-0",
   "TargetUserName": "-",
   "TargetDomainName": "-",
   "TargetLogonId": 0,
   "ParentProcessName": "C:\\Windows\\System32\\svchost.exe",
   "MandatoryLabel": "S-1-16-16384"
  },
  "Message": ""
 }
{
  "System": {
   "Provider": {
    "Name": "Microsoft-Windows-Security-Auditing",
    "Guid": "54849625-5478-4994-A5BA-3E3B0328C30D"
   },
   "EventID": {
    "Value": 4688
   },
   "Version": 2,
   "Level": 0,
   "Task": 13312,
   "Opcode": 0,
   "Keywords": 9232379236109516800,
   "TimeCreated": {
    "SystemTime": 1678360251.7570753
   },
   "EventRecordID": 3052,
   "Correlation": {},
   "Execution": {
    "ProcessID": 4,
    "ThreadID": 32
   },
   "Channel": "Security",
   "Computer": "DESKTOP-NKRHNTH",
   "Security": {}
  },
  "EventData": {
   "SubjectUserSid": "S-1-5-18",
   "SubjectUserName": "DESKTOP-NKRHNTH$",
   "SubjectDomainName": "WORKGROUP",
   "SubjectLogonId": 999,
   "NewProcessId": 2948,
   "NewProcessName": "C:\\Windows\\System32\\dllhost.exe",
   "TokenElevationType": "%%1938",
   "ProcessId": 780,
   "CommandLine": "C:\\Windows\\system32\\DllHost.exe /Processid:{338B40F9-9D68-4B53-A793-6B9AA0C5F63B}",
   "TargetUserSid": "S-1-5-21-2432649696-552975611-3203061244-1001",
   "TargetUserName": "Pandora",
   "TargetDomainName": "DESKTOP-NKRHNTH",
   "TargetLogonId": 117462,
   "ParentProcessName": "C:\\Windows\\System32\\svchost.exe",
   "MandatoryLabel": "S-1-16-8192"
  },
  "Message": ""
 }
{
  "System": {
   "Provider": {
    "Name": "Microsoft-Windows-Security-Auditing",
    "Guid": "54849625-5478-4994-A5BA-3E3B0328C30D"
   },
   "EventID": {
    "Value": 4688
   },
   "Version": 2,
   "Level": 0,
   "Task": 13312,
   "Opcode": 0,
   "Keywords": 9232379236109516800,
   "TimeCreated": {
    "SystemTime": 1678360251.7570784
   },
   "EventRecordID": 3053,
   "Correlation": {},
   "Execution": {
    "ProcessID": 4,
    "ThreadID": 32
   },
   "Channel": "Security",
   "Computer": "DESKTOP-NKRHNTH",
   "Security": {}
  },
  "EventData": {
   "SubjectUserSid": "S-1-5-18",
   "SubjectUserName": "DESKTOP-NKRHNTH$",
   "SubjectDomainName": "WORKGROUP",
   "SubjectLogonId": 999,
   "NewProcessId": 2956,
   "NewProcessName": "C:\\Windows\\System32\\svchost.exe",
   "TokenElevationType": "%%1938",
   "ProcessId": 620,
   "CommandLine": "C:\\Windows\\system32\\svchost.exe -k UnistackSvcGroup -s WpnUserService",
   "TargetUserSid": "S-1-5-21-2432649696-552975611-3203061244-1001",
   "TargetUserName": "Pandora",
   "TargetDomainName": "DESKTOP-NKRHNTH",
   "TargetLogonId": 117462,
   "ParentProcessName": "C:\\Windows\\System32\\services.exe",
   "MandatoryLabel": "S-1-16-8192"
  },
  "Message": ""
 }
{
  "System": {
   "Provider": {
    "Name": "Microsoft-Windows-Security-Auditing",
    "Guid": "54849625-5478-4994-A5BA-3E3B0328C30D"
   },
   "EventID": {
    "Value": 4688
   },
   "Version": 2,
   "Level": 0,
   "Task": 13312,
   "Opcode": 0,
   "Keywords": 9232379236109516800,
   "TimeCreated": {
    "SystemTime": 1678360251.8225536
   },
   "EventRecordID": 3054,
   "Correlation": {},
   "Execution": {
    "ProcessID": 4,
    "ThreadID": 32
   },
   "Channel": "Security",
   "Computer": "DESKTOP-NKRHNTH",
   "Security": {}
  },
  "EventData": {
   "SubjectUserSid": "S-1-5-18",
   "SubjectUserName": "DESKTOP-NKRHNTH$",
   "SubjectDomainName": "WORKGROUP",
   "SubjectLogonId": 999,
   "NewProcessId": 2244,
   "NewProcessName": "C:\\Windows\\System32\\wbem\\WmiPrvSE.exe",
   "TokenElevationType": "%%1936",
   "ProcessId": 780,
   "CommandLine": "C:\\Windows\\system32\\wbem\\wmiprvse.exe -secured -Embedding",
   "TargetUserSid": "S-1-0-0",
   "TargetUserName": "DESKTOP-NKRHNTH$",
   "TargetDomainName": "WORKGROUP",
   "TargetLogonId": 996,
   "ParentProcessName": "C:\\Windows\\System32\\svchost.exe",
   "MandatoryLabel": "S-1-16-16384"
  },
  "Message": ""
 }
{
  "System": {
   "Provider": {
    "Name": "Microsoft-Windows-Security-Auditing",
    "Guid": "54849625-5478-4994-A5BA-3E3B0328C30D"
   },
   "EventID": {
    "Value": 4688
   },
   "Version": 2,
   "Level": 0,
   "Task": 13312,
   "Opcode": 0,
   "Keywords": 9232379236109516800,
   "TimeCreated": {
    "SystemTime": 1678360251.8559344
   },
   "EventRecordID": 3055,
   "Correlation": {},
   "Execution": {
    "ProcessID": 4,
    "ThreadID": 32
   },
   "Channel": "Security",
   "Computer": "DESKTOP-NKRHNTH",
   "Security": {}
  },
  "EventData": {
   "SubjectUserSid": "S-1-5-18",
   "SubjectUserName": "DESKTOP-NKRHNTH$",
   "SubjectDomainName": "WORKGROUP",
   "SubjectLogonId": 999,
   "NewProcessId": 2996,
   "NewProcessName": "C:\\Windows\\System32\\svchost.exe",
   "TokenElevationType": "%%1936",
   "ProcessId": 620,
   "CommandLine": "C:\\Windows\\System32\\svchost.exe -k NetSvcs -p -s iphlpsvc",
   "TargetUserSid": "S-1-0-0",
   "TargetUserName": "-",
   "TargetDomainName": "-",
   "TargetLogonId": 0,
   "ParentProcessName": "C:\\Windows\\System32\\services.exe",
   "MandatoryLabel": "S-1-16-16384"
  },
  "Message": ""
 }
{
  "System": {
   "Provider": {
    "Name": "Microsoft-Windows-Security-Auditing",
    "Guid": "54849625-5478-4994-A5BA-3E3B0328C30D"
   },
   "EventID": {
    "Value": 4688
   },
   "Version": 2,
   "Level": 0,
   "Task": 13312,
   "Opcode": 0,
   "Keywords": 9232379236109516800,
   "TimeCreated": {
    "SystemTime": 1678360251.8618977
   },
   "EventRecordID": 3056,
   "Correlation": {},
   "Execution": {
    "ProcessID": 4,
    "ThreadID": 184
   },
   "Channel": "Security",
   "Computer": "DESKTOP-NKRHNTH",
   "Security": {}
  },
  "EventData": {
   "SubjectUserSid": "S-1-5-18",
   "SubjectUserName": "DESKTOP-NKRHNTH$",
   "SubjectDomainName": "WORKGROUP",
   "SubjectLogonId": 999,
   "NewProcessId": 3084,
   "NewProcessName": "C:\\Windows\\System32\\taskhostw.exe",
   "TokenElevationType": "%%1938",
   "ProcessId": 1760,
   "CommandLine": "taskhostw.exe USER",
   "TargetUserSid": "S-1-5-21-2432649696-552975611-3203061244-1001",
   "TargetUserName": "Pandora",
   "TargetDomainName": "DESKTOP-NKRHNTH",
   "TargetLogonId": 117462,
   "ParentProcessName": "C:\\Windows\\System32\\svchost.exe",
   "MandatoryLabel": "S-1-16-8192"
  },
  "Message": ""
 }
{
  "System": {
   "Provider": {
    "Name": "Microsoft-Windows-Security-Auditing",
    "Guid": "54849625-5478-4994-A5BA-3E3B0328C30D"
   },
   "EventID": {
    "Value": 4688
   },
   "Version": 2,
   "Level": 0,
   "Task": 13312,
   "Opcode": 0,
   "Keywords": 9232379236109516800,
   "TimeCreated": {
    "SystemTime": 1678360251.863403
   },
   "EventRecordID": 3057,
   "Correlation": {},
   "Execution": {
    "ProcessID": 4,
    "ThreadID": 32
   },
   "Channel": "Security",
   "Computer": "DESKTOP-NKRHNTH",
   "Security": {}
  },
  "EventData": {
   "SubjectUserSid": "S-1-5-18",
   "SubjectUserName": "DESKTOP-NKRHNTH$",
   "SubjectDomainName": "WORKGROUP",
   "SubjectLogonId": 999,
   "NewProcessId": 3092,
   "NewProcessName": "C:\\Program Files (x86)\\Microsoft\\EdgeUpdate\\MicrosoftEdgeUpdate.exe",
   "TokenElevationType": "%%1936",
   "ProcessId": 1760,
   "CommandLine": "\"C:\\Program Files (x86)\\Microsoft\\EdgeUpdate\\MicrosoftEdgeUpdate.exe\" /c",
   "TargetUserSid": "S-1-0-0",
   "TargetUserName": "-",
   "TargetDomainName": "-",
   "TargetLogonId": 0,
   "ParentProcessName": "C:\\Windows\\System32\\svchost.exe",
   "MandatoryLabel": "S-1-16-16384"
  },
  "Message": ""
 }
{
  "System": {
   "Provider": {
    "Name": "Microsoft-Windows-Security-Auditing",
    "Guid": "54849625-5478-4994-A5BA-3E3B0328C30D"
   },
   "EventID": {
    "Value": 4688
   },
   "Version": 2,
   "Level": 0,
   "Task": 13312,
   "Opcode": 0,
   "Keywords": 9232379236109516800,
   "TimeCreated": {
    "SystemTime": 1678360251.8708608
   },
   "EventRecordID": 3058,
   "Correlation": {},
   "Execution": {
    "ProcessID": 4,
    "ThreadID": 32
   },
   "Channel": "Security",
   "Computer": "DESKTOP-NKRHNTH",
   "Security": {}
  },
  "EventData": {
   "SubjectUserSid": "S-1-5-18",
   "SubjectUserName": "DESKTOP-NKRHNTH$",
   "SubjectDomainName": "WORKGROUP",
   "SubjectLogonId": 999,
   "NewProcessId": 3104,
   "NewProcessName": "C:\\Windows\\System32\\taskhostw.exe",
   "TokenElevationType": "%%1937",
   "ProcessId": 1760,
   "CommandLine": "taskhostw.exe",
   "TargetUserSid": "S-1-5-21-2432649696-552975611-3203061244-1001",
   "TargetUserName": "Pandora",
   "TargetDomainName": "DESKTOP-NKRHNTH",
   "TargetLogonId": 117349,
   "ParentProcessName": "C:\\Windows\\System32\\svchost.exe",
   "MandatoryLabel": "S-1-16-12288"
  },
  "Message": ""
 }
{
  "System": {
   "Provider": {
    "Name": "Microsoft-Windows-Security-Auditing",
    "Guid": "54849625-5478-4994-A5BA-3E3B0328C30D"
   },
   "EventID": {
    "Value": 4688
   },
   "Version": 2,
   "Level": 0,
   "Task": 13312,
   "Opcode": 0,
   "Keywords": 9232379236109516800,
   "TimeCreated": {
    "SystemTime": 1678360251.8788831
   },
   "EventRecordID": 3059,
   "Correlation": {},
   "Execution": {
    "ProcessID": 4,
    "ThreadID": 32
   },
   "Channel": "Security",
   "Computer": "DESKTOP-NKRHNTH",
   "Security": {}
  },
  "EventData": {
   "SubjectUserSid": "S-1-5-18",
   "SubjectUserName": "DESKTOP-NKRHNTH$",
   "SubjectDomainName": "WORKGROUP",
   "SubjectLogonId": 999,
   "NewProcessId": 3116,
   "NewProcessName": "C:\\Windows\\System32\\taskhostw.exe",
   "TokenElevationType": "%%1938",
   "ProcessId": 1760,
   "CommandLine": "taskhostw.exe {222A245B-E637-4AE9-A93F-A59CA119A75E}",
   "TargetUserSid": "S-1-5-21-2432649696-552975611-3203061244-1001",
   "TargetUserName": "Pandora",
   "TargetDomainName": "DESKTOP-NKRHNTH",
   "TargetLogonId": 117462,
   "ParentProcessName": "C:\\Windows\\System32\\svchost.exe",
   "MandatoryLabel": "S-1-16-8192"
  },
  "Message": ""
 }
{
  "System": {
   "Provider": {
    "Name": "Microsoft-Windows-Security-Auditing",
    "Guid": "54849625-5478-4994-A5BA-3E3B0328C30D"
   },
   "EventID": {
    "Value": 4688
   },
   "Version": 2,
   "Level": 0,
   "Task": 13312,
   "Opcode": 0,
   "Keywords": 9232379236109516800,
   "TimeCreated": {
    "SystemTime": 1678360251.900816
   },
   "EventRecordID": 3060,
   "Correlation": {},
   "Execution": {
    "ProcessID": 4,
    "ThreadID": 32
   },
   "Channel": "Security",
   "Computer": "DESKTOP-NKRHNTH",
   "Security": {}
  },
  "EventData": {
   "SubjectUserSid": "S-1-5-18",
   "SubjectUserName": "DESKTOP-NKRHNTH$",
   "SubjectDomainName": "WORKGROUP",
   "SubjectLogonId": 999,
   "NewProcessId": 3168,
   "NewProcessName": "C:\\Windows\\System32\\svchost.exe",
   "TokenElevationType": "%%1936",
   "ProcessId": 620,
   "CommandLine": "C:\\Windows\\system32\\svchost.exe -k netsvcs -p -s TokenBroker",
   "TargetUserSid": "S-1-0-0",
   "TargetUserName": "-",
   "TargetDomainName": "-",
   "TargetLogonId": 0,
   "ParentProcessName": "C:\\Windows\\System32\\services.exe",
   "MandatoryLabel": "S-1-16-16384"
  },
  "Message": ""
 }
{
  "System": {
   "Provider": {
    "Name": "Microsoft-Windows-Security-Auditing",
    "Guid": "54849625-5478-4994-A5BA-3E3B0328C30D"
   },
   "EventID": {
    "Value": 4688
   },
   "Version": 2,
   "Level": 0,
   "Task": 13312,
   "Opcode": 0,
   "Keywords": 9232379236109516800,
   "TimeCreated": {
    "SystemTime": 1678360251.9093487
   },
   "EventRecordID": 3061,
   "Correlation": {},
   "Execution": {
    "ProcessID": 4,
    "ThreadID": 32
   },
   "Channel": "Security",
   "Computer": "DESKTOP-NKRHNTH",
   "Security": {}
  },
  "EventData": {
   "SubjectUserSid": "S-1-5-18",
   "SubjectUserName": "DESKTOP-NKRHNTH$",
   "SubjectDomainName": "WORKGROUP",
   "SubjectLogonId": 999,
   "NewProcessId": 3192,
   "NewProcessName": "C:\\Windows\\System32\\svchost.exe",
   "TokenElevationType": "%%1936",
   "ProcessId": 620,
   "CommandLine": "C:\\Windows\\System32\\svchost.exe -k utcsvc -p",
   "TargetUserSid": "S-1-0-0",
   "TargetUserName": "-",
   "TargetDomainName": "-",
   "TargetLogonId": 0,
   "ParentProcessName": "C:\\Windows\\System32\\services.exe",
   "MandatoryLabel": "S-1-16-16384"
  },
  "Message": ""
 }
{
  "System": {
   "Provider": {
    "Name": "Microsoft-Windows-Security-Auditing",
    "Guid": "54849625-5478-4994-A5BA-3E3B0328C30D"
   },
   "EventID": {
    "Value": 4688
   },
   "Version": 2,
   "Level": 0,
   "Task": 13312,
   "Opcode": 0,
   "Keywords": 9232379236109516800,
   "TimeCreated": {
    "SystemTime": 1678360251.9111073
   },
   "EventRecordID": 3062,
   "Correlation": {},
   "Execution": {
    "ProcessID": 4,
    "ThreadID": 32
   },
   "Channel": "Security",
   "Computer": "DESKTOP-NKRHNTH",
   "Security": {}
  },
  "EventData": {
   "SubjectUserSid": "S-1-5-18",
   "SubjectUserName": "DESKTOP-NKRHNTH$",
   "SubjectDomainName": "WORKGROUP",
   "SubjectLogonId": 999,
   "NewProcessId": 3204,
   "NewProcessName": "C:\\Windows\\System32\\svchost.exe",
   "TokenElevationType": "%%1936",
   "ProcessId": 620,
   "CommandLine": "C:\\Windows\\system32\\svchost.exe -k NetworkService -p -s CryptSvc",
   "TargetUserSid": "S-1-0-0",
   "TargetUserName": "DESKTOP-NKRHNTH$",
   "TargetDomainName": "WORKGROUP",
   "TargetLogonId": 996,
   "ParentProcessName": "C:\\Windows\\System32\\services.exe",
   "MandatoryLabel": "S-1-16-16384"
  },
  "Message": ""
 }
{
  "System": {
   "Provider": {
    "Name": "Microsoft-Windows-Security-Auditing",
    "Guid": "54849625-5478-4994-A5BA-3E3B0328C30D"
   },
   "EventID": {
    "Value": 4688
   },
   "Version": 2,
   "Level": 0,
   "Task": 13312,
   "Opcode": 0,
   "Keywords": 9232379236109516800,
   "TimeCreated": {
    "SystemTime": 1678360251.9156225
   },
   "EventRecordID": 3063,
   "Correlation": {},
   "Execution": {
    "ProcessID": 4,
    "ThreadID": 32
   },
   "Channel": "Security",
   "Computer": "DESKTOP-NKRHNTH",
   "Security": {}
  },
  "EventData": {
   "SubjectUserSid": "S-1-5-18",
   "SubjectUserName": "DESKTOP-NKRHNTH$",
   "SubjectDomainName": "WORKGROUP",
   "SubjectLogonId": 999,
   "NewProcessId": 3228,
   "NewProcessName": "C:\\Windows\\System32\\svchost.exe",
   "TokenElevationType": "%%1936",
   "ProcessId": 620,
   "CommandLine": "C:\\Windows\\System32\\svchost.exe -k LocalServiceNoNetwork -p -s DPS",
   "TargetUserSid": "S-1-5-19",
   "TargetUserName": "LOCAL SERVICE",
   "TargetDomainName": "NT AUTHORITY",
   "TargetLogonId": 997,
   "ParentProcessName": "C:\\Windows\\System32\\services.exe",
   "MandatoryLabel": "S-1-16-16384"
  },
  "Message": ""
 }
{
  "System": {
   "Provider": {
    "Name": "Microsoft-Windows-Security-Auditing",
    "Guid": "54849625-5478-4994-A5BA-3E3B0328C30D"
   },
   "EventID": {
    "Value": 4688
   },
   "Version": 2,
   "Level": 0,
   "Task": 13312,
   "Opcode": 0,
   "Keywords": 9232379236109516800,
   "TimeCreated": {
    "SystemTime": 1678360251.9602144
   },
   "EventRecordID": 3064,
   "Correlation": {},
   "Execution": {
    "ProcessID": 4,
    "ThreadID": 184
   },
   "Channel": "Security",
   "Computer": "DESKTOP-NKRHNTH",
   "Security": {}
  },
  "EventData": {
   "SubjectUserSid": "S-1-5-18",
   "SubjectUserName": "DESKTOP-NKRHNTH$",
   "SubjectDomainName": "WORKGROUP",
   "SubjectLogonId": 999,
   "NewProcessId": 3324,
   "NewProcessName": "C:\\Windows\\System32\\svchost.exe",
   "TokenElevationType": "%%1936",
   "ProcessId": 620,
   "CommandLine": "C:\\Windows\\system32\\svchost.exe -k netsvcs -p -s LanmanServer",
   "TargetUserSid": "S-1-0-0",
   "TargetUserName": "-",
   "TargetDomainName": "-",
   "TargetLogonId": 0,
   "ParentProcessName": "C:\\Windows\\System32\\services.exe",
   "MandatoryLabel": "S-1-16-16384"
  },
  "Message": ""
 }
{
  "System": {
   "Provider": {
    "Name": "Microsoft-Windows-Security-Auditing",
    "Guid": "54849625-5478-4994-A5BA-3E3B0328C30D"
   },
   "EventID": {
    "Value": 4688
   },
   "Version": 2,
   "Level": 0,
   "Task": 13312,
   "Opcode": 0,
   "Keywords": 9232379236109516800,
   "TimeCreated": {
    "SystemTime": 1678360251.9626591
   },
   "EventRecordID": 3065,
   "Correlation": {},
   "Execution": {
    "ProcessID": 4,
    "ThreadID": 232
   },
   "Channel": "Security",
   "Computer": "DESKTOP-NKRHNTH",
   "Security": {}
  },
  "EventData": {
   "SubjectUserSid": "S-1-5-18",
   "SubjectUserName": "DESKTOP-NKRHNTH$",
   "SubjectDomainName": "WORKGROUP",
   "SubjectLogonId": 999,
   "NewProcessId": 3340,
   "NewProcessName": "C:\\Windows\\System32\\svchost.exe",
   "TokenElevationType": "%%1936",
   "ProcessId": 620,
   "CommandLine": "C:\\Windows\\system32\\svchost.exe -k LocalService -p -s SstpSvc",
   "TargetUserSid": "S-1-5-19",
   "TargetUserName": "LOCAL SERVICE",
   "TargetDomainName": "NT AUTHORITY",
   "TargetLogonId": 997,
   "ParentProcessName": "C:\\Windows\\System32\\services.exe",
   "MandatoryLabel": "S-1-16-16384"
  },
  "Message": ""
 }
{
  "System": {
   "Provider": {
    "Name": "Microsoft-Windows-Security-Auditing",
    "Guid": "54849625-5478-4994-A5BA-3E3B0328C30D"
   },
   "EventID": {
    "Value": 4688
   },
   "Version": 2,
   "Level": 0,
   "Task": 13312,
   "Opcode": 0,
   "Keywords": 9232379236109516800,
   "TimeCreated": {
    "SystemTime": 1678360251.9772625
   },
   "EventRecordID": 3066,
   "Correlation": {},
   "Execution": {
    "ProcessID": 4,
    "ThreadID": 32
   },
   "Channel": "Security",
   "Computer": "DESKTOP-NKRHNTH",
   "Security": {}
  },
  "EventData": {
   "SubjectUserSid": "S-1-5-18",
   "SubjectUserName": "DESKTOP-NKRHNTH$",
   "SubjectDomainName": "WORKGROUP",
   "SubjectLogonId": 999,
   "NewProcessId": 3372,
   "NewProcessName": "C:\\Windows\\System32\\svchost.exe",
   "TokenElevationType": "%%1936",
   "ProcessId": 620,
   "CommandLine": "C:\\Windows\\System32\\svchost.exe -k LocalSystemNetworkRestricted -p -s TrkWks",
   "TargetUserSid": "S-1-0-0",
   "TargetUserName": "-",
   "TargetDomainName": "-",
   "TargetLogonId": 0,
   "ParentProcessName": "C:\\Windows\\System32\\services.exe",
   "MandatoryLabel": "S-1-16-16384"
  },
  "Message": ""
 }
{
  "System": {
   "Provider": {
    "Name": "Microsoft-Windows-Security-Auditing",
    "Guid": "54849625-5478-4994-A5BA-3E3B0328C30D"
   },
   "EventID": {
    "Value": 4688
   },
   "Version": 2,
   "Level": 0,
   "Task": 13312,
   "Opcode": 0,
   "Keywords": 9232379236109516800,
   "TimeCreated": {
    "SystemTime": 1678360251.9815743
   },
   "EventRecordID": 3067,
   "Correlation": {},
   "Execution": {
    "ProcessID": 4,
    "ThreadID": 32
   },
   "Channel": "Security",
   "Computer": "DESKTOP-NKRHNTH",
   "Security": {}
  },
  "EventData": {
   "SubjectUserSid": "S-1-5-18",
   "SubjectUserName": "DESKTOP-NKRHNTH$",
   "SubjectDomainName": "WORKGROUP",
   "SubjectLogonId": 999,
   "NewProcessId": 3392,
   "NewProcessName": "C:\\Program Files\\VMware\\VMware Tools\\VMware VGAuth\\VGAuthService.exe",
   "TokenElevationType": "%%1936",
   "ProcessId": 620,
   "CommandLine": "\"C:\\Program Files\\VMware\\VMware Tools\\VMware VGAuth\\VGAuthService.exe\"",
   "TargetUserSid": "S-1-0-0",
   "TargetUserName": "-",
   "TargetDomainName": "-",
   "TargetLogonId": 0,
   "ParentProcessName": "C:\\Windows\\System32\\services.exe",
   "MandatoryLabel": "S-1-16-16384"
  },
  "Message": ""
 }
{
  "System": {
   "Provider": {
    "Name": "Microsoft-Windows-Security-Auditing",
    "Guid": "54849625-5478-4994-A5BA-3E3B0328C30D"
   },
   "EventID": {
    "Value": 4688
   },
   "Version": 2,
   "Level": 0,
   "Task": 13312,
   "Opcode": 0,
   "Keywords": 9232379236109516800,
   "TimeCreated": {
    "SystemTime": 1678360251.9825857
   },
   "EventRecordID": 3068,
   "Correlation": {},
   "Execution": {
    "ProcessID": 4,
    "ThreadID": 32
   },
   "Channel": "Security",
   "Computer": "DESKTOP-NKRHNTH",
   "Security": {}
  },
  "EventData": {
   "SubjectUserSid": "S-1-5-18",
   "SubjectUserName": "DESKTOP-NKRHNTH$",
   "SubjectDomainName": "WORKGROUP",
   "SubjectLogonId": 999,
   "NewProcessId": 3400,
   "NewProcessName": "C:\\Windows\\System32\\vm3dservice.exe",
   "TokenElevationType": "%%1936",
   "ProcessId": 620,
   "CommandLine": "C:\\Windows\\system32\\vm3dservice.exe",
   "TargetUserSid": "S-1-0-0",
   "TargetUserName": "-",
   "TargetDomainName": "-",
   "TargetLogonId": 0,
   "ParentProcessName": "C:\\Windows\\System32\\services.exe",
   "MandatoryLabel": "S-1-16-16384"
  },
  "Message": ""
 }
{
  "System": {
   "Provider": {
    "Name": "Microsoft-Windows-Security-Auditing",
    "Guid": "54849625-5478-4994-A5BA-3E3B0328C30D"
   },
   "EventID": {
    "Value": 4688
   },
   "Version": 2,
   "Level": 0,
   "Task": 13312,
   "Opcode": 0,
   "Keywords": 9232379236109516800,
   "TimeCreated": {
    "SystemTime": 1678360251.9840512
   },
   "EventRecordID": 3069,
   "Correlation": {},
   "Execution": {
    "ProcessID": 4,
    "ThreadID": 32
   },
   "Channel": "Security",
   "Computer": "DESKTOP-NKRHNTH",
   "Security": {}
  },
  "EventData": {
   "SubjectUserSid": "S-1-5-18",
   "SubjectUserName": "DESKTOP-NKRHNTH$",
   "SubjectDomainName": "WORKGROUP",
   "SubjectLogonId": 999,
   "NewProcessId": 3408,
   "NewProcessName": "C:\\Program Files\\VMware\\VMware Tools\\vmtoolsd.exe",
   "TokenElevationType": "%%1936",
   "ProcessId": 620,
   "CommandLine": "\"C:\\Program Files\\VMware\\VMware Tools\\vmtoolsd.exe\"",
   "TargetUserSid": "S-1-0-0",
   "TargetUserName": "-",
   "TargetDomainName": "-",
   "TargetLogonId": 0,
   "ParentProcessName": "C:\\Windows\\System32\\services.exe",
   "MandatoryLabel": "S-1-16-16384"
  },
  "Message": ""
 }
{
  "System": {
   "Provider": {
    "Name": "Microsoft-Windows-Security-Auditing",
    "Guid": "54849625-5478-4994-A5BA-3E3B0328C30D"
   },
   "EventID": {
    "Value": 4688
   },
   "Version": 2,
   "Level": 0,
   "Task": 13312,
   "Opcode": 0,
   "Keywords": 9232379236109516800,
   "TimeCreated": {
    "SystemTime": 1678360251.994717
   },
   "EventRecordID": 3070,
   "Correlation": {},
   "Execution": {
    "ProcessID": 4,
    "ThreadID": 32
   },
   "Channel": "Security",
   "Computer": "DESKTOP-NKRHNTH",
   "Security": {}
  },
  "EventData": {
   "SubjectUserSid": "S-1-5-18",
   "SubjectUserName": "DESKTOP-NKRHNTH$",
   "SubjectDomainName": "WORKGROUP",
   "SubjectLogonId": 999,
   "NewProcessId": 3436,
   "NewProcessName": "C:\\Program Files\\Windows Defender\\MsMpEng.exe",
   "TokenElevationType": "%%1936",
   "ProcessId": 620,
   "CommandLine": "\"C:\\Program Files\\Windows Defender\\MsMpEng.exe\"",
   "TargetUserSid": "S-1-0-0",
   "TargetUserName": "-",
   "TargetDomainName": "-",
   "TargetLogonId": 0,
   "ParentProcessName": "C:\\Windows\\System32\\services.exe",
   "MandatoryLabel": "S-1-16-16384"
  },
  "Message": ""
 }
{
  "System": {
   "Provider": {
    "Name": "Microsoft-Windows-Security-Auditing",
    "Guid": "54849625-5478-4994-A5BA-3E3B0328C30D"
   },
   "EventID": {
    "Value": 4688
   },
   "Version": 2,
   "Level": 0,
   "Task": 13312,
   "Opcode": 0,
   "Keywords": 9232379236109516800,
   "TimeCreated": {
    "SystemTime": 1678360252.0278351
   },
   "EventRecordID": 3071,
   "Correlation": {},
   "Execution": {
    "ProcessID": 4,
    "ThreadID": 32
   },
   "Channel": "Security",
   "Computer": "DESKTOP-NKRHNTH",
   "Security": {}
  },
  "EventData": {
   "SubjectUserSid": "S-1-5-18",
   "SubjectUserName": "DESKTOP-NKRHNTH$",
   "SubjectDomainName": "WORKGROUP",
   "SubjectLogonId": 999,
   "NewProcessId": 3484,
   "NewProcessName": "C:\\Windows\\System32\\WindowsPowerShell\\v1.0\\powershell.exe",
   "TokenElevationType": "%%1936",
   "ProcessId": 620,
   "CommandLine": "\"C:\\Windows\\System32\\WindowsPowerShell\\v1.0\\powershell.exe\" -ep bypass - \u003c C:\\Windows\\Tasks\\ActiveSyncProvider.dll:hidden.ps1",
   "TargetUserSid": "S-1-0-0",
   "TargetUserName": "-",
   "TargetDomainName": "-",
   "TargetLogonId": 0,
   "ParentProcessName": "C:\\Windows\\System32\\services.exe",
   "MandatoryLabel": "S-1-16-16384"
  },
  "Message": ""
 }
{
  "System": {
   "Provider": {
    "Name": "Microsoft-Windows-Security-Auditing",
    "Guid": "54849625-5478-4994-A5BA-3E3B0328C30D"
   },
   "EventID": {
    "Value": 4688
   },
   "Version": 2,
   "Level": 0,
   "Task": 13312,
   "Opcode": 0,
   "Keywords": 9232379236109516800,
   "TimeCreated": {
    "SystemTime": 1678360252.029568
   },
   "EventRecordID": 3072,
   "Correlation": {},
   "Execution": {
    "ProcessID": 4,
    "ThreadID": 32
   },
   "Channel": "Security",
   "Computer": "DESKTOP-NKRHNTH",
   "Security": {}
  },
  "EventData": {
   "SubjectUserSid": "S-1-5-18",
   "SubjectUserName": "DESKTOP-NKRHNTH$",
   "SubjectDomainName": "WORKGROUP",
   "SubjectLogonId": 999,
   "NewProcessId": 3496,
   "NewProcessName": "C:\\Windows\\System32\\svchost.exe",
   "TokenElevationType": "%%1936",
   "ProcessId": 620,
   "CommandLine": "C:\\Windows\\System32\\svchost.exe -k NetSvcs -p -s NcaSvc",
   "TargetUserSid": "S-1-0-0",
   "TargetUserName": "-",
   "TargetDomainName": "-",
   "TargetLogonId": 0,
   "ParentProcessName": "C:\\Windows\\System32\\services.exe",
   "MandatoryLabel": "S-1-16-16384"
  },
  "Message": ""
 }
{
  "System": {
   "Provider": {
    "Name": "Microsoft-Windows-Security-Auditing",
    "Guid": "54849625-5478-4994-A5BA-3E3B0328C30D"
   },
   "EventID": {
    "Value": 4688
   },
   "Version": 2,
   "Level": 0,
   "Task": 13312,
   "Opcode": 0,
   "Keywords": 9232379236109516800,
   "TimeCreated": {
    "SystemTime": 1678360252.0526896
   },
   "EventRecordID": 3073,
   "Correlation": {},
   "Execution": {
    "ProcessID": 4,
    "ThreadID": 32
   },
   "Channel": "Security",
   "Computer": "DESKTOP-NKRHNTH",
   "Security": {}
  },
  "EventData": {
   "SubjectUserSid": "S-1-5-18",
   "SubjectUserName": "DESKTOP-NKRHNTH$",
   "SubjectDomainName": "WORKGROUP",
   "SubjectLogonId": 999,
   "NewProcessId": 3552,
   "NewProcessName": "C:\\Windows\\System32\\wlms\\wlms.exe",
   "TokenElevationType": "%%1936",
   "ProcessId": 620,
   "CommandLine": "C:\\Windows\\system32\\wlms\\wlms.exe",
   "TargetUserSid": "S-1-0-0",
   "TargetUserName": "-",
   "TargetDomainName": "-",
   "TargetLogonId": 0,
   "ParentProcessName": "C:\\Windows\\System32\\services.exe",
   "MandatoryLabel": "S-1-16-16384"
  },
  "Message": ""
 }
{
  "System": {
   "Provider": {
    "Name": "Microsoft-Windows-Security-Auditing",
    "Guid": "54849625-5478-4994-A5BA-3E3B0328C30D"
   },
   "EventID": {
    "Value": 4688
   },
   "Version": 2,
   "Level": 0,
   "Task": 13312,
   "Opcode": 0,
   "Keywords": 9232379236109516800,
   "TimeCreated": {
    "SystemTime": 1678360252.0624976
   },
   "EventRecordID": 3074,
   "Correlation": {},
   "Execution": {
    "ProcessID": 4,
    "ThreadID": 32
   },
   "Channel": "Security",
   "Computer": "DESKTOP-NKRHNTH",
   "Security": {}
  },
  "EventData": {
   "SubjectUserSid": "S-1-5-18",
   "SubjectUserName": "DESKTOP-NKRHNTH$",
   "SubjectDomainName": "WORKGROUP",
   "SubjectLogonId": 999,
   "NewProcessId": 3600,
   "NewProcessName": "C:\\Windows\\System32\\svchost.exe",
   "TokenElevationType": "%%1936",
   "ProcessId": 620,
   "CommandLine": "C:\\Windows\\System32\\svchost.exe -k LocalSystemNetworkRestricted -p -s TabletInputService",
   "TargetUserSid": "S-1-0-0",
   "TargetUserName": "-",
   "TargetDomainName": "-",
   "TargetLogonId": 0,
   "ParentProcessName": "C:\\Windows\\System32\\services.exe",
   "MandatoryLabel": "S-1-16-16384"
  },
  "Message": ""
 }
{
  "System": {
   "Provider": {
    "Name": "Microsoft-Windows-Security-Auditing",
    "Guid": "54849625-5478-4994-A5BA-3E3B0328C30D"
   },
   "EventID": {
    "Value": 4688
   },
   "Version": 2,
   "Level": 0,
   "Task": 13312,
   "Opcode": 0,
   "Keywords": 9232379236109516800,
   "TimeCreated": {
    "SystemTime": 1678360252.0650609
   },
   "EventRecordID": 3075,
   "Correlation": {},
   "Execution": {
    "ProcessID": 4,
    "ThreadID": 32
   },
   "Channel": "Security",
   "Computer": "DESKTOP-NKRHNTH",
   "Security": {}
  },
  "EventData": {
   "SubjectUserSid": "S-1-5-18",
   "SubjectUserName": "DESKTOP-NKRHNTH$",
   "SubjectDomainName": "WORKGROUP",
   "SubjectLogonId": 999,
   "NewProcessId": 3612,
   "NewProcessName": "C:\\Windows\\System32\\svchost.exe",
   "TokenElevationType": "%%1936",
   "ProcessId": 620,
   "CommandLine": "C:\\Windows\\system32\\svchost.exe -k netsvcs -p -s WpnService",
   "TargetUserSid": "S-1-0-0",
   "TargetUserName": "-",
   "TargetDomainName": "-",
   "TargetLogonId": 0,
   "ParentProcessName": "C:\\Windows\\System32\\services.exe",
   "MandatoryLabel": "S-1-16-16384"
  },
  "Message": ""
 }
{
  "System": {
   "Provider": {
    "Name": "Microsoft-Windows-Security-Auditing",
    "Guid": "54849625-5478-4994-A5BA-3E3B0328C30D"
   },
   "EventID": {
    "Value": 4688
   },
   "Version": 2,
   "Level": 0,
   "Task": 13312,
   "Opcode": 0,
   "Keywords": 9232379236109516800,
   "TimeCreated": {
    "SystemTime": 1678360252.1447904
   },
   "EventRecordID": 3076,
   "Correlation": {},
   "Execution": {
    "ProcessID": 4,
    "ThreadID": 184
   },
   "Channel": "Security",
   "Computer": "DESKTOP-NKRHNTH",
   "Security": {}
  },
  "EventData": {
   "SubjectUserSid": "S-1-5-18",
   "SubjectUserName": "DESKTOP-NKRHNTH$",
   "SubjectDomainName": "WORKGROUP",
   "SubjectLogonId": 999,
   "NewProcessId": 3768,
   "NewProcessName": "C:\\Windows\\System32\\vm3dservice.exe",
   "TokenElevationType": "%%1936",
   "ProcessId": 3400,
   "CommandLine": "vm3dservice.exe -n",
   "TargetUserSid": "S-1-0-0",
   "TargetUserName": "-",
   "TargetDomainName": "-",
   "TargetLogonId": 0,
   "ParentProcessName": "C:\\Windows\\System32\\vm3dservice.exe",
   "MandatoryLabel": "S-1-16-16384"
  },
  "Message": ""
 }
{
  "System": {
   "Provider": {
    "Name": "Microsoft-Windows-Security-Auditing",
    "Guid": "54849625-5478-4994-A5BA-3E3B0328C30D"
   },
   "EventID": {
    "Value": 4688
   },
   "Version": 2,
   "Level": 0,
   "Task": 13312,
   "Opcode": 0,
   "Keywords": 9232379236109516800,
   "TimeCreated": {
    "SystemTime": 1678360252.1596625
   },
   "EventRecordID": 3077,
   "Correlation": {},
   "Execution": {
    "ProcessID": 4,
    "ThreadID": 32
   },
   "Channel": "Security",
   "Computer": "DESKTOP-NKRHNTH",
   "Security": {}
  },
  "EventData": {
   "SubjectUserSid": "S-1-5-18",
   "SubjectUserName": "DESKTOP-NKRHNTH$",
   "SubjectDomainName": "WORKGROUP",
   "SubjectLogonId": 999,
   "NewProcessId": 3816,
   "NewProcessName": "C:\\Windows\\System32\\svchost.exe",
   "TokenElevationType": "%%1936",
   "ProcessId": 620,
   "CommandLine": "C:\\Windows\\System32\\svchost.exe -k LocalService -p -s WdiServiceHost",
   "TargetUserSid": "S-1-5-19",
   "TargetUserName": "LOCAL SERVICE",
   "TargetDomainName": "NT AUTHORITY",
   "TargetLogonId": 997,
   "ParentProcessName": "C:\\Windows\\System32\\services.exe",
   "MandatoryLabel": "S-1-16-16384"
  },
  "Message": ""
 }
{
  "System": {
   "Provider": {
    "Name": "Microsoft-Windows-Security-Auditing",
    "Guid": "54849625-5478-4994-A5BA-3E3B0328C30D"
   },
   "EventID": {
    "Value": 4688
   },
   "Version": 2,
   "Level": 0,
   "Task": 13312,
   "Opcode": 0,
   "Keywords": 9232379236109516800,
   "TimeCreated": {
    "SystemTime": 1678360252.3731184
   },
   "EventRecordID": 3078,
   "Correlation": {},
   "Execution": {
    "ProcessID": 4,
    "ThreadID": 276
   },
   "Channel": "Security",
   "Computer": "DESKTOP-NKRHNTH",
   "Security": {}
  },
  "EventData": {
   "SubjectUserSid": "S-1-5-18",
   "SubjectUserName": "DESKTOP-NKRHNTH$",
   "SubjectDomainName": "WORKGROUP",
   "SubjectLogonId": 999,
   "NewProcessId": 4052,
   "NewProcessName": "C:\\Windows\\System32\\svchost.exe",
   "TokenElevationType": "%%1936",
   "ProcessId": 620,
   "CommandLine": "C:\\Windows\\System32\\svchost.exe -k netsvcs",
   "TargetUserSid": "S-1-0-0",
   "TargetUserName": "-",
   "TargetDomainName": "-",
   "TargetLogonId": 0,
   "ParentProcessName": "C:\\Windows\\System32\\services.exe",
   "MandatoryLabel": "S-1-16-16384"
  },
  "Message": ""
 }
{
  "System": {
   "Provider": {
    "Name": "Microsoft-Windows-Security-Auditing",
    "Guid": "54849625-5478-4994-A5BA-3E3B0328C30D"
   },
   "EventID": {
    "Value": 4688
   },
   "Version": 2,
   "Level": 0,
   "Task": 13312,
   "Opcode": 0,
   "Keywords": 9232379236109516800,
   "TimeCreated": {
    "SystemTime": 1678360252.4517312
   },
   "EventRecordID": 3079,
   "Correlation": {},
   "Execution": {
    "ProcessID": 4,
    "ThreadID": 184
   },
   "Channel": "Security",
   "Computer": "DESKTOP-NKRHNTH",
   "Security": {}
  },
  "EventData": {
   "SubjectUserSid": "S-1-5-18",
   "SubjectUserName": "DESKTOP-NKRHNTH$",
   "SubjectDomainName": "WORKGROUP",
   "SubjectLogonId": 999,
   "NewProcessId": 2924,
   "NewProcessName": "C:\\Windows\\System32\\sppsvc.exe",
   "TokenElevationType": "%%1936",
   "ProcessId": 620,
   "CommandLine": "C:\\Windows\\system32\\sppsvc.exe",
   "TargetUserSid": "S-1-0-0",
   "TargetUserName": "DESKTOP-NKRHNTH$",
   "TargetDomainName": "WORKGROUP",
   "TargetLogonId": 996,
   "ParentProcessName": "C:\\Windows\\System32\\services.exe",
   "MandatoryLabel": "S-1-16-16384"
  },
  "Message": ""
 }
{
  "System": {
   "Provider": {
    "Name": "Microsoft-Windows-Security-Auditing",
    "Guid": "54849625-5478-4994-A5BA-3E3B0328C30D"
   },
   "EventID": {
    "Value": 4688
   },
   "Version": 2,
   "Level": 0,
   "Task": 13312,
   "Opcode": 0,
   "Keywords": 9232379236109516800,
   "TimeCreated": {
    "SystemTime": 1678360252.465973
   },
   "EventRecordID": 3080,
   "Correlation": {},
   "Execution": {
    "ProcessID": 4,
    "ThreadID": 32
   },
   "Channel": "Security",
   "Computer": "DESKTOP-NKRHNTH",
   "Security": {}
  },
  "EventData": {
   "SubjectUserSid": "S-1-5-18",
   "SubjectUserName": "DESKTOP-NKRHNTH$",
   "SubjectDomainName": "WORKGROUP",
   "SubjectLogonId": 999,
   "NewProcessId": 3316,
   "NewProcessName": "C:\\Windows\\System32\\ctfmon.exe",
   "TokenElevationType": "%%1938",
   "ProcessId": 3600,
   "CommandLine": "\"ctfmon.exe\"",
   "TargetUserSid": "S-1-5-21-2432649696-552975611-3203061244-1001",
   "TargetUserName": "Pandora",
   "TargetDomainName": "DESKTOP-NKRHNTH",
   "TargetLogonId": 117462,
   "ParentProcessName": "C:\\Windows\\System32\\svchost.exe",
   "MandatoryLabel": "S-1-16-12288"
  },
  "Message": ""
 }
{
  "System": {
   "Provider": {
    "Name": "Microsoft-Windows-Security-Auditing",
    "Guid": "54849625-5478-4994-A5BA-3E3B0328C30D"
   },
   "EventID": {
    "Value": 4688
   },
   "Version": 2,
   "Level": 0,
   "Task": 13312,
   "Opcode": 0,
   "Keywords": 9232379236109516800,
   "TimeCreated": {
    "SystemTime": 1678360252.4989376
   },
   "EventRecordID": 3081,
   "Correlation": {},
   "Execution": {
    "ProcessID": 4,
    "ThreadID": 32
   },
   "Channel": "Security",
   "Computer": "DESKTOP-NKRHNTH",
   "Security": {}
  },
  "EventData": {
   "SubjectUserSid": "S-1-5-18",
   "SubjectUserName": "DESKTOP-NKRHNTH$",
   "SubjectDomainName": "WORKGROUP",
   "SubjectLogonId": 999,
   "NewProcessId": 3500,
   "NewProcessName": "C:\\Windows\\System32\\wermgr.exe",
   "TokenElevationType": "%%1936",
   "ProcessId": 3484,
   "CommandLine": "\"C:\\Windows\\system32\\wermgr.exe\" \"-outproc\" \"0\" \"3484\" \"1776\" \"1692\" \"1780\" \"0\" \"0\" \"1784\" \"0\" \"0\" \"0\" \"0\" \"0\" ",
   "TargetUserSid": "S-1-0-0",
   "TargetUserName": "-",
   "TargetDomainName": "-",
   "TargetLogonId": 0,
   "ParentProcessName": "C:\\Windows\\System32\\WindowsPowerShell\\v1.0\\powershell.exe",
   "MandatoryLabel": "S-1-16-16384"
  },
  "Message": ""
 }
{
  "System": {
   "Provider": {
    "Name": "Microsoft-Windows-Security-Auditing",
    "Guid": "54849625-5478-4994-A5BA-3E3B0328C30D"
   },
   "EventID": {
    "Value": 4688
   },
   "Version": 2,
   "Level": 0,
   "Task": 13312,
   "Opcode": 0,
   "Keywords": 9232379236109516800,
   "TimeCreated": {
    "SystemTime": 1678360252.598672
   },
   "EventRecordID": 3082,
   "Correlation": {},
   "Execution": {
    "ProcessID": 4,
    "ThreadID": 4192
   },
   "Channel": "Security",
   "Computer": "DESKTOP-NKRHNTH",
   "Security": {}
  },
  "EventData": {
   "SubjectUserSid": "S-1-5-18",
   "SubjectUserName": "DESKTOP-NKRHNTH$",
   "SubjectDomainName": "WORKGROUP",
   "SubjectLogonId": 999,
   "NewProcessId": 4196,
   "NewProcessName": "C:\\Windows\\System32\\svchost.exe",
   "TokenElevationType": "%%1936",
   "ProcessId": 620,
   "CommandLine": "C:\\Windows\\System32\\svchost.exe -k WerSvcGroup",
   "TargetUserSid": "S-1-0-0",
   "TargetUserName": "-",
   "TargetDomainName": "-",
   "TargetLogonId": 0,
   "ParentProcessName": "C:\\Windows\\System32\\services.exe",
   "MandatoryLabel": "S-1-16-16384"
  },
  "Message": ""
 }
{
  "System": {
   "Provider": {
    "Name": "Microsoft-Windows-Security-Auditing",
    "Guid": "54849625-5478-4994-A5BA-3E3B0328C30D"
   },
   "EventID": {
    "Value": 4688
   },
   "Version": 2,
   "Level": 0,
   "Task": 13312,
   "Opcode": 0,
   "Keywords": 9232379236109516800,
   "TimeCreated": {
    "SystemTime": 1678360252.6259727
   },
   "EventRecordID": 3083,
   "Correlation": {},
   "Execution": {
    "ProcessID": 4,
    "ThreadID": 4192
   },
   "Channel": "Security",
   "Computer": "DESKTOP-NKRHNTH",
   "Security": {}
  },
  "EventData": {
   "SubjectUserSid": "S-1-5-18",
   "SubjectUserName": "DESKTOP-NKRHNTH$",
   "SubjectDomainName": "WORKGROUP",
   "SubjectLogonId": 999,
   "NewProcessId": 4224,
   "NewProcessName": "C:\\Windows\\System32\\svchost.exe",
   "TokenElevationType": "%%1936",
   "ProcessId": 620,
   "CommandLine": "C:\\Windows\\System32\\svchost.exe -k LocalSystemNetworkRestricted -p -s StorSvc",
   "TargetUserSid": "S-1-0-0",
   "TargetUserName": "-",
   "TargetDomainName": "-",
   "TargetLogonId": 0,
   "ParentProcessName": "C:\\Windows\\System32\\services.exe",
   "MandatoryLabel": "S-1-16-16384"
  },
  "Message": ""
 }
{
  "System": {
   "Provider": {
    "Name": "Microsoft-Windows-Security-Auditing",
    "Guid": "54849625-5478-4994-A5BA-3E3B0328C30D"
   },
   "EventID": {
    "Value": 4688
   },
   "Version": 2,
   "Level": 0,
   "Task": 13312,
   "Opcode": 0,
   "Keywords": 9232379236109516800,
   "TimeCreated": {
    "SystemTime": 1678360252.8055935
   },
   "EventRecordID": 3084,
   "Correlation": {},
   "Execution": {
    "ProcessID": 4,
    "ThreadID": 4232
   },
   "Channel": "Security",
   "Computer": "DESKTOP-NKRHNTH",
   "Security": {}
  },
  "EventData": {
   "SubjectUserSid": "S-1-5-18",
   "SubjectUserName": "DESKTOP-NKRHNTH$",
   "SubjectDomainName": "WORKGROUP",
   "SubjectLogonId": 999,
   "NewProcessId": 4396,
   "NewProcessName": "C:\\Windows\\System32\\dllhost.exe",
   "TokenElevationType": "%%1936",
   "ProcessId": 620,
   "CommandLine": "C:\\Windows\\system32\\dllhost.exe /Processid:{D8AEFB35-CFAD-48C4-894B-907157227B1D}",
   "TargetUserSid": "S-1-0-0",
   "TargetUserName": "-",
   "TargetDomainName": "-",
   "TargetLogonId": 0,
   "ParentProcessName": "C:\\Windows\\System32\\services.exe",
   "MandatoryLabel": "S-1-16-16384"
  },
  "Message": ""
 }
{
  "System": {
   "Provider": {
    "Name": "Microsoft-Windows-Security-Auditing",
    "Guid": "54849625-5478-4994-A5BA-3E3B0328C30D"
   },
   "EventID": {
    "Value": 4688
   },
   "Version": 2,
   "Level": 0,
   "Task": 13312,
   "Opcode": 0,
   "Keywords": 9232379236109516800,
   "TimeCreated": {
    "SystemTime": 1678360253.4564607
   },
   "EventRecordID": 3085,
   "Correlation": {},
   "Execution": {
    "ProcessID": 4,
    "ThreadID": 4268
   },
   "Channel": "Security",
   "Computer": "DESKTOP-NKRHNTH",
   "Security": {}
  },
  "EventData": {
   "SubjectUserSid": "S-1-5-18",
   "SubjectUserName": "DESKTOP-NKRHNTH$",
   "SubjectDomainName": "WORKGROUP",
   "SubjectLogonId": 999,
   "NewProcessId": 4648,
   "NewProcessName": "C:\\Windows\\System32\\dllhost.exe",
   "TokenElevationType": "%%1936",
   "ProcessId": 620,
   "CommandLine": "C:\\Windows\\system32\\dllhost.exe /Processid:{02D4B3F1-FD88-11D1-960D-00805FC79235}",
   "TargetUserSid": "S-1-0-0",
   "TargetUserName": "-",
   "TargetDomainName": "-",
   "TargetLogonId": 0,
   "ParentProcessName": "C:\\Windows\\System32\\services.exe",
   "MandatoryLabel": "S-1-16-16384"
  },
  "Message": ""
 }
{
  "System": {
   "Provider": {
    "Name": "Microsoft-Windows-Security-Auditing",
    "Guid": "54849625-5478-4994-A5BA-3E3B0328C30D"
   },
   "EventID": {
    "Value": 4688
   },
   "Version": 2,
   "Level": 0,
   "Task": 13312,
   "Opcode": 0,
   "Keywords": 9232379236109516800,
   "TimeCreated": {
    "SystemTime": 1678360253.795781
   },
   "EventRecordID": 3086,
   "Correlation": {},
   "Execution": {
    "ProcessID": 4,
    "ThreadID": 4268
   },
   "Channel": "Security",
   "Computer": "DESKTOP-NKRHNTH",
   "Security": {}
  },
  "EventData": {
   "SubjectUserSid": "S-1-5-18",
   "SubjectUserName": "DESKTOP-NKRHNTH$",
   "SubjectDomainName": "WORKGROUP",
   "SubjectLogonId": 999,
   "NewProcessId": 4800,
   "NewProcessName": "C:\\Windows\\System32\\svchost.exe",
   "TokenElevationType": "%%1936",
   "ProcessId": 620,
   "CommandLine": "C:\\Windows\\system32\\svchost.exe -k LocalService -p -s CDPSvc",
   "TargetUserSid": "S-1-5-19",
   "TargetUserName": "LOCAL SERVICE",
   "TargetDomainName": "NT AUTHORITY",
   "TargetLogonId": 997,
   "ParentProcessName": "C:\\Windows\\System32\\services.exe",
   "MandatoryLabel": "S-1-16-16384"
  },
  "Message": ""
 }
{
  "System": {
   "Provider": {
    "Name": "Microsoft-Windows-Security-Auditing",
    "Guid": "54849625-5478-4994-A5BA-3E3B0328C30D"
   },
   "EventID": {
    "Value": 4688
   },
   "Version": 2,
   "Level": 0,
   "Task": 13312,
   "Opcode": 0,
   "Keywords": 9232379236109516800,
   "TimeCreated": {
    "SystemTime": 1678360253.975776
   },
   "EventRecordID": 3087,
   "Correlation": {},
   "Execution": {
    "ProcessID": 4,
    "ThreadID": 4192
   },
   "Channel": "Security",
   "Computer": "DESKTOP-NKRHNTH",
   "Security": {}
  },
  "EventData": {
   "SubjectUserSid": "S-1-5-18",
   "SubjectUserName": "DESKTOP-NKRHNTH$",
   "SubjectDomainName": "WORKGROUP",
   "SubjectLogonId": 999,
   "NewProcessId": 4904,
   "NewProcessName": "C:\\Windows\\System32\\svchost.exe",
   "TokenElevationType": "%%1936",
   "ProcessId": 620,
   "CommandLine": "C:\\Windows\\system32\\svchost.exe -k wsappx -p -s AppXSvc",
   "TargetUserSid": "S-1-0-0",
   "TargetUserName": "-",
   "TargetDomainName": "-",
   "TargetLogonId": 0,
   "ParentProcessName": "C:\\Windows\\System32\\services.exe",
   "MandatoryLabel": "S-1-16-16384"
  },
  "Message": ""
 }
{
  "System": {
   "Provider": {
    "Name": "Microsoft-Windows-Security-Auditing",
    "Guid": "54849625-5478-4994-A5BA-3E3B0328C30D"
   },
   "EventID": {
    "Value": 4688
   },
   "Version": 2,
   "Level": 0,
   "Task": 13312,
   "Opcode": 0,
   "Keywords": 9232379236109516800,
   "TimeCreated": {
    "SystemTime": 1678360254.0814512
   },
   "EventRecordID": 3088,
   "Correlation": {},
   "Execution": {
    "ProcessID": 4,
    "ThreadID": 4192
   },
   "Channel": "Security",
   "Computer": "DESKTOP-NKRHNTH",
   "Security": {}
  },
  "EventData": {
   "SubjectUserSid": "S-1-5-18",
   "SubjectUserName": "DESKTOP-NKRHNTH$",
   "SubjectDomainName": "WORKGROUP",
   "SubjectLogonId": 999,
   "NewProcessId": 4944,
   "NewProcessName": "C:\\Windows\\System32\\svchost.exe",
   "TokenElevationType": "%%1936",
   "ProcessId": 620,
   "CommandLine": "C:\\Windows\\System32\\svchost.exe -k wsappx -p -s ClipSVC",
   "TargetUserSid": "S-1-0-0",
   "TargetUserName": "-",
   "TargetDomainName": "-",
   "TargetLogonId": 0,
   "ParentProcessName": "C:\\Windows\\System32\\services.exe",
   "MandatoryLabel": "S-1-16-16384"
  },
  "Message": ""
 }
{
  "System": {
   "Provider": {
    "Name": "Microsoft-Windows-Security-Auditing",
    "Guid": "54849625-5478-4994-A5BA-3E3B0328C30D"
   },
   "EventID": {
    "Value": 4688
   },
   "Version": 2,
   "Level": 0,
   "Task": 13312,
   "Opcode": 0,
   "Keywords": 9232379236109516800,
   "TimeCreated": {
    "SystemTime": 1678360254.112376
   },
   "EventRecordID": 3089,
   "Correlation": {},
   "Execution": {
    "ProcessID": 4,
    "ThreadID": 4192
   },
   "Channel": "Security",
   "Computer": "DESKTOP-NKRHNTH",
   "Security": {}
  },
  "EventData": {
   "SubjectUserSid": "S-1-5-18",
   "SubjectUserName": "DESKTOP-NKRHNTH$",
   "SubjectDomainName": "WORKGROUP",
   "SubjectLogonId": 999,
   "NewProcessId": 4972,
   "NewProcessName": "C:\\Windows\\System32\\userinit.exe",
   "TokenElevationType": "%%1938",
   "ProcessId": 600,
   "CommandLine": "C:\\Windows\\system32\\userinit.exe",
   "TargetUserSid": "S-1-5-21-2432649696-552975611-3203061244-1001",
   "TargetUserName": "Pandora",
   "TargetDomainName": "DESKTOP-NKRHNTH",
   "TargetLogonId": 117462,
   "ParentProcessName": "C:\\Windows\\System32\\winlogon.exe",
   "MandatoryLabel": "S-1-16-8192"
  },
  "Message": ""
 }
{
  "System": {
   "Provider": {
    "Name": "Microsoft-Windows-Security-Auditing",
    "Guid": "54849625-5478-4994-A5BA-3E3B0328C30D"
   },
   "EventID": {
    "Value": 4688
   },
   "Version": 2,
   "Level": 0,
   "Task": 13312,
   "Opcode": 0,
   "Keywords": 9232379236109516800,
   "TimeCreated": {
    "SystemTime": 1678360254.1829665
   },
   "EventRecordID": 3090,
   "Correlation": {},
   "Execution": {
    "ProcessID": 4,
    "ThreadID": 4192
   },
   "Channel": "Security",
   "Computer": "DESKTOP-NKRHNTH",
   "Security": {}
  },
  "EventData": {
   "SubjectUserSid": "S-1-5-21-2432649696-552975611-3203061244-1001",
   "SubjectUserName": "Pandora",
   "SubjectDomainName": "DESKTOP-NKRHNTH",
   "SubjectLogonId": 117462,
   "NewProcessId": 5004,
   "NewProcessName": "C:\\Windows\\explorer.exe",
   "TokenElevationType": "%%1938",
   "ProcessId": 4972,
   "CommandLine": "C:\\Windows\\Explorer.EXE",
   "TargetUserSid": "S-1-0-0",
   "TargetUserName": "-",
   "TargetDomainName": "-",
   "TargetLogonId": 0,
   "ParentProcessName": "C:\\Windows\\System32\\userinit.exe",
   "MandatoryLabel": "S-1-16-8192"
  },
  "Message": ""
 }
{
  "System": {
   "Provider": {
    "Name": "Microsoft-Windows-Security-Auditing",
    "Guid": "54849625-5478-4994-A5BA-3E3B0328C30D"
   },
   "EventID": {
    "Value": 4688
   },
   "Version": 2,
   "Level": 0,
   "Task": 13312,
   "Opcode": 0,
   "Keywords": 9232379236109516800,
   "TimeCreated": {
    "SystemTime": 1678360254.1960416
   },
   "EventRecordID": 3091,
   "Correlation": {},
   "Execution": {
    "ProcessID": 4,
    "ThreadID": 4192
   },
   "Channel": "Security",
   "Computer": "DESKTOP-NKRHNTH",
   "Security": {}
  },
  "EventData": {
   "SubjectUserSid": "S-1-5-18",
   "SubjectUserName": "DESKTOP-NKRHNTH$",
   "SubjectDomainName": "WORKGROUP",
   "SubjectLogonId": 999,
   "NewProcessId": 5016,
   "NewProcessName": "C:\\Windows\\System32\\svchost.exe",
   "TokenElevationType": "%%1936",
   "ProcessId": 620,
   "CommandLine": "C:\\Windows\\system32\\svchost.exe -k appmodel -p -s camsvc",
   "TargetUserSid": "S-1-0-0",
   "TargetUserName": "-",
   "TargetDomainName": "-",
   "TargetLogonId": 0,
   "ParentProcessName": "C:\\Windows\\System32\\services.exe",
   "MandatoryLabel": "S-1-16-16384"
  },
  "Message": ""
 }
{
  "System": {
   "Provider": {
    "Name": "Microsoft-Windows-Security-Auditing",
    "Guid": "54849625-5478-4994-A5BA-3E3B0328C30D"
   },
   "EventID": {
    "Value": 4688
   },
   "Version": 2,
   "Level": 0,
   "Task": 13312,
   "Opcode": 0,
   "Keywords": 9232379236109516800,
   "TimeCreated": {
    "SystemTime": 1678360254.4285057
   },
   "EventRecordID": 3092,
   "Correlation": {},
   "Execution": {
    "ProcessID": 4,
    "ThreadID": 4192
   },
   "Channel": "Security",
   "Computer": "DESKTOP-NKRHNTH",
   "Security": {}
  },
  "EventData": {
   "SubjectUserSid": "S-1-5-18",
   "SubjectUserName": "DESKTOP-NKRHNTH$",
   "SubjectDomainName": "WORKGROUP",
   "SubjectLogonId": 999,
   "NewProcessId": 4392,
   "NewProcessName": "C:\\Windows\\System32\\svchost.exe",
   "TokenElevationType": "%%1936",
   "ProcessId": 620,
   "CommandLine": "C:\\Windows\\System32\\svchost.exe -k LocalServiceNetworkRestricted -s RmSvc",
   "TargetUserSid": "S-1-5-19",
   "TargetUserName": "LOCAL SERVICE",
   "TargetDomainName": "NT AUTHORITY",
   "TargetLogonId": 997,
   "ParentProcessName": "C:\\Windows\\System32\\services.exe",
   "MandatoryLabel": "S-1-16-16384"
  },
  "Message": ""
 }
