{
  "System": {
   "Provider": {
    "Name": "Microsoft-Windows-Security-Auditing",
    "Guid": "54849625-5478-4994-A5BA-3E3B0328C30D"
   },
   "EventID": {
    "Value": 4688
   },
   "Version": 2,
   "Level": 0,
   "Task": 13312,
   "Opcode": 0,
   "Keywords": 9232379236109516800,
   "TimeCreated": {
    "SystemTime": 1678361064.2223425
   },
   "EventRecordID": 3282,
   "Correlation": {},
   "Execution": {
    "ProcessID": 4,
    "ThreadID": 2952
   },
   "Channel": "Security",
   "Computer": "DESKTOP-NKRHNTH",
   "Security": {}
  },
  "EventData": {
   "SubjectUserSid": "S-1-5-21-2432649696-552975611-3203061244-1001",
   "SubjectUserName": "Pandora",
   "SubjectDomainName": "DESKTOP-NKRHNTH",
   "SubjectLogonId": 117462,
   "NewProcessId": 5772,
   "NewProcessName": "C:\\Program Files (x86)\\Microsoft\\Edge\\Application\\msedge.exe",
   "TokenElevationType": "%%1938",
   "ProcessId": 3752,
   "CommandLine": "\"C:\\Program Files (x86)\\Microsoft\\Edge\\Application\\msedge.exe\" --type=utility --utility-sub-type=entity_extraction_service.mojom.Extractor --lang=en-US --service-sandbox-type=entity_extraction --onnx-enabled-for-ee --mojo-platform-channel-handle=3860 --field-trial-handle=2156,i,14300531973284930833,921147700399286962,131072 /prefetch:8",
   "TargetUserSid": "S-1-0-0",
   "TargetUserName": "-",
   "TargetDomainName": "-",
   "TargetLogonId": 0,
   "ParentProcessName": "C:\\Program Files (x86)\\Microsoft\\Edge\\Application\\msedge.exe",
   "MandatoryLabel": "S-1-16-4096"
  },
  "Message": ""
 }
{
  "System": {
   "Provider": {
    "Name": "Microsoft-Windows-Security-Auditing",
    "Guid": "54849625-5478-4994-A5BA-3E3B0328C30D"
   },
   "EventID": {
    "Value": 4688
   },
   "Version": 2,
   "Level": 0,
   "Task": 13312,
   "Opcode": 0,
   "Keywords": 9232379236109516800,
   "TimeCreated": {
    "SystemTime": 1678361152.405984
   },
   "EventRecordID": 3283,
   "Correlation": {},
   "Execution": {
    "ProcessID": 4,
    "ThreadID": 384
   },
   "Channel": "Security",
   "Computer": "DESKTOP-NKRHNTH",
   "Security": {}
  },
  "EventData": {
   "SubjectUserSid": "S-1-5-18",
   "SubjectUserName": "DESKTOP-NKRHNTH$",
   "SubjectDomainName": "WORKGROUP",
   "SubjectLogonId": 999,
   "NewProcessId": 7836,
   "NewProcessName": "C:\\Windows\\servicing\\TrustedInstaller.exe",
   "TokenElevationType": "%%1936",
   "ProcessId": 620,
   "CommandLine": "C:\\Windows\\servicing\\TrustedInstaller.exe",
   "TargetUserSid": "S-1-0-0",
   "TargetUserName": "-",
   "TargetDomainName": "-",
   "TargetLogonId": 0,
   "ParentProcessName": "C:\\Windows\\System32\\services.exe",
   "MandatoryLabel": "S-1-16-16384"
  },
  "Message": ""
 }
{
  "System": {
   "Provider": {
    "Name": "Microsoft-Windows-Security-Auditing",
    "Guid": "54849625-5478-4994-A5BA-3E3B0328C30D"
   },
   "EventID": {
    "Value": 4688
   },
   "Version": 2,
   "Level": 0,
   "Task": 13312,
   "Opcode": 0,
   "Keywords": 9232379236109516800,
   "TimeCreated": {
    "SystemTime": 1678361152.4121952
   },
   "EventRecordID": 3284,
   "Correlation": {},
   "Execution": {
    "ProcessID": 4,
    "ThreadID": 384
   },
   "Channel": "Security",
   "Computer": "DESKTOP-NKRHNTH",
   "Security": {}
  },
  "EventData": {
   "SubjectUserSid": "S-1-5-18",
   "SubjectUserName": "DESKTOP-NKRHNTH$",
   "SubjectDomainName": "WORKGROUP",
   "SubjectLogonId": 999,
   "NewProcessId": 1040,
   "NewProcessName": "C:\\Windows\\System32\\taskhostw.exe",
   "TokenElevationType": "%%1936",
   "ProcessId": 1760,
   "CommandLine": "taskhostw.exe -RegisterDevice -AccountChange",
   "TargetUserSid": "S-1-0-0",
   "TargetUserName": "-",
   "TargetDomainName": "-",
   "TargetLogonId": 0,
   "ParentProcessName": "C:\\Windows\\System32\\svchost.exe",
   "MandatoryLabel": "S-1-16-16384"
  },
  "Message": ""
 }
{
  "System": {
   "Provider": {
    "Name": "Microsoft-Windows-Security-Auditing",
    "Guid": "54849625-5478-4994-A5BA-3E3B0328C30D"
   },
   "EventID": {
    "Value": 4688
   },
   "Version": 2,
   "Level": 0,
   "Task": 13312,
   "Opcode": 0,
   "Keywords": 9232379236109516800,
   "TimeCreated": {
    "SystemTime": 1678361152.4282303
   },
   "EventRecordID": 3285,
   "Correlation": {},
   "Execution": {
    "ProcessID": 4,
    "ThreadID": 384
   },
   "Channel": "Security",
   "Computer": "DESKTOP-NKRHNTH",
   "Security": {}
  },
  "EventData": {
   "SubjectUserSid": "S-1-5-18",
   "SubjectUserName": "DESKTOP-NKRHNTH$",
   "SubjectDomainName": "WORKGROUP",
   "SubjectLogonId": 999,
   "NewProcessId": 3296,
   "NewProcessName": "C:\\Windows\\WinSxS\\amd64_microsoft-windows-servicingstack_31bf3856ad364e35_10.0.19041.2300_none_7e14edbc7c88b7d5\\TiWorker.exe",
   "TokenElevationType": "%%1936",
   "ProcessId": 780,
   "CommandLine": "C:\\Windows\\winsxs\\amd64_microsoft-windows-servicingstack_31bf3856ad364e35_10.0.19041.2300_none_7e14edbc7c88b7d5\\TiWorker.exe -Embedding",
   "TargetUserSid": "S-1-0-0",
   "TargetUserName": "-",
   "TargetDomainName": "-",
   "TargetLogonId": 0,
   "ParentProcessName": "C:\\Windows\\System32\\svchost.exe",
   "MandatoryLabel": "S-1-16-16384"
  },
  "Message": ""
 }
{
  "System": {
   "Provider": {
    "Name": "Microsoft-Windows-Security-Auditing",
    "Guid": "54849625-5478-4994-A5BA-3E3B0328C30D"
   },
   "EventID": {
    "Value": 4688
   },
   "Version": 2,
   "Level": 0,
   "Task": 13312,
   "Opcode": 0,
   "Keywords": 9232379236109516800,
   "TimeCreated": {
    "SystemTime": 1678361154.6132593
   },
   "EventRecordID": 3286,
   "Correlation": {},
   "Execution": {
    "ProcessID": 4,
    "ThreadID": 384
   },
   "Channel": "Security",
   "Computer": "DESKTOP-NKRHNTH",
   "Security": {}
  },
  "EventData": {
   "SubjectUserSid": "S-1-5-18",
   "SubjectUserName": "DESKTOP-NKRHNTH$",
   "SubjectDomainName": "WORKGROUP",
   "SubjectLogonId": 999,
   "NewProcessId": 4308,
   "NewProcessName": "C:\\Windows\\System32\\taskhostw.exe",
   "TokenElevationType": "%%1936",
   "ProcessId": 1760,
   "CommandLine": "taskhostw.exe",
   "TargetUserSid": "S-1-0-0",
   "TargetUserName": "-",
   "TargetDomainName": "-",
   "TargetLogonId": 0,
   "ParentProcessName": "C:\\Windows\\System32\\svchost.exe",
   "MandatoryLabel": "S-1-16-16384"
  },
  "Message": ""
 }
{
  "System": {
   "Provider": {
    "Name": "Microsoft-Windows-Security-Auditing",
    "Guid": "54849625-5478-4994-A5BA-3E3B0328C30D"
   },
   "EventID": {
    "Value": 4688
   },
   "Version": 2,
   "Level": 0,
   "Task": 13312,
   "Opcode": 0,
   "Keywords": 9232379236109516800,
   "TimeCreated": {
    "SystemTime": 1678361163.219096
   },
   "EventRecordID": 3287,
   "Correlation": {},
   "Execution": {
    "ProcessID": 4,
    "ThreadID": 184
   },
   "Channel": "Security",
   "Computer": "DESKTOP-NKRHNTH",
   "Security": {}
  },
  "EventData": {
   "SubjectUserSid": "S-1-5-18",
   "SubjectUserName": "DESKTOP-NKRHNTH$",
   "SubjectDomainName": "WORKGROUP",
   "SubjectLogonId": 999,
   "NewProcessId": 6352,
   "NewProcessName": "C:\\Windows\\System32\\dllhost.exe",
   "TokenElevationType": "%%1938",
   "ProcessId": 780,
   "CommandLine": "C:\\Windows\\system32\\DllHost.exe /Processid:{7966B4D8-4FDC-4126-A10B-39A3209AD251}",
   "TargetUserSid": "S-1-5-21-2432649696-552975611-3203061244-1001",
   "TargetUserName": "Pandora",
   "TargetDomainName": "DESKTOP-NKRHNTH",
   "TargetLogonId": 117462,
   "ParentProcessName": "C:\\Windows\\System32\\svchost.exe",
   "MandatoryLabel": "S-1-16-8192"
  },
  "Message": ""
 }
{
  "System": {
   "Provider": {
    "Name": "Microsoft-Windows-Security-Auditing",
    "Guid": "54849625-5478-4994-A5BA-3E3B0328C30D"
   },
   "EventID": {
    "Value": 4688
   },
   "Version": 2,
   "Level": 0,
   "Task": 13312,
   "Opcode": 0,
   "Keywords": 9232379236109516800,
   "TimeCreated": {
    "SystemTime": 1678361163.2938
   },
   "EventRecordID": 3288,
   "Correlation": {},
   "Execution": {
    "ProcessID": 4,
    "ThreadID": 184
   },
   "Channel": "Security",
   "Computer": "DESKTOP-NKRHNTH",
   "Security": {}
  },
  "EventData": {
   "SubjectUserSid": "S-1-5-18",
   "SubjectUserName": "DESKTOP-NKRHNTH$",
   "SubjectDomainName": "WORKGROUP",
   "SubjectLogonId": 999,
   "NewProcessId": 7856,
   "NewProcessName": "C:\\Windows\\System32\\dllhost.exe",
   "TokenElevationType": "%%1938",
   "ProcessId": 780,
   "CommandLine": "C:\\Windows\\system32\\DllHost.exe /Processid:{973D20D7-562D-44B9-B70B-5A0F49CCDF3F}",
   "TargetUserSid": "S-1-5-21-2432649696-552975611-3203061244-1001",
   "TargetUserName": "Pandora",
   "TargetDomainName": "DESKTOP-NKRHNTH",
   "TargetLogonId": 117462,
   "ParentProcessName": "C:\\Windows\\System32\\svchost.exe",
   "MandatoryLabel": "S-1-16-8192"
  },
  "Message": ""
 }
{
  "System": {
   "Provider": {
    "Name": "Microsoft-Windows-Security-Auditing",
    "Guid": "54849625-5478-4994-A5BA-3E3B0328C30D"
   },
   "EventID": {
    "Value": 4688
   },
   "Version": 2,
   "Level": 0,
   "Task": 13312,
   "Opcode": 0,
   "Keywords": 9232379236109516800,
   "TimeCreated": {
    "SystemTime": 1678361304.6979551
   },
   "EventRecordID": 3289,
   "Correlation": {},
   "Execution": {
    "ProcessID": 4,
    "ThreadID": 184
   },
   "Channel": "Security",
   "Computer": "DESKTOP-NKRHNTH",
   "Security": {}
  },
  "EventData": {
   "SubjectUserSid": "S-1-5-18",
   "SubjectUserName": "DESKTOP-NKRHNTH$",
   "SubjectDomainName": "WORKGROUP",
   "SubjectLogonId": 999,
   "NewProcessId": 3288,
   "NewProcessName": "C:\\Windows\\System32\\taskhostw.exe",
   "TokenElevationType": "%%1936",
   "ProcessId": 1760,
   "CommandLine": "taskhostw.exe NGCKeyPregen",
   "TargetUserSid": "S-1-0-0",
   "TargetUserName": "-",
   "TargetDomainName": "-",
   "TargetLogonId": 0,
   "ParentProcessName": "C:\\Windows\\System32\\svchost.exe",
   "MandatoryLabel": "S-1-16-16384"
  },
  "Message": ""
 }
{
  "System": {
   "Provider": {
    "Name": "Microsoft-Windows-Security-Auditing",
    "Guid": "54849625-5478-4994-A5BA-3E3B0328C30D"
   },
   "EventID": {
    "Value": 4688
   },
   "Version": 2,
   "Level": 0,
   "Task": 13312,
   "Opcode": 0,
   "Keywords": 9232379236109516800,
   "TimeCreated": {
    "SystemTime": 1678361340.0236175
   },
   "EventRecordID": 3290,
   "Correlation": {},
   "Execution": {
    "ProcessID": 4,
    "ThreadID": 2952
   },
   "Channel": "Security",
   "Computer": "DESKTOP-NKRHNTH",
   "Security": {}
  },
  "EventData": {
   "SubjectUserSid": "S-1-5-18",
   "SubjectUserName": "DESKTOP-NKRHNTH$",
   "SubjectDomainName": "WORKGROUP",
   "SubjectLogonId": 999,
   "NewProcessId": 6900,
   "NewProcessName": "C:\\Windows\\System32\\MusNotification.exe",
   "TokenElevationType": "%%1936",
   "ProcessId": 1760,
   "CommandLine": "C:\\Windows\\system32\\MusNotification.exe /RunOnAC RebootDialog",
   "TargetUserSid": "S-1-0-0",
   "TargetUserName": "-",
   "TargetDomainName": "-",
   "TargetLogonId": 0,
   "ParentProcessName": "C:\\Windows\\System32\\svchost.exe",
   "MandatoryLabel": "S-1-16-16384"
  },
  "Message": ""
 }
{
  "System": {
   "Provider": {
    "Name": "Microsoft-Windows-Security-Auditing",
    "Guid": "54849625-5478-4994-A5BA-3E3B0328C30D"
   },
   "EventID": {
    "Value": 4688
   },
   "Version": 2,
   "Level": 0,
   "Task": 13312,
   "Opcode": 0,
   "Keywords": 9232379236109516800,
   "TimeCreated": {
    "SystemTime": 1678361340.0240417
   },
   "EventRecordID": 3291,
   "Correlation": {},
   "Execution": {
    "ProcessID": 4,
    "ThreadID": 2952
   },
   "Channel": "Security",
   "Computer": "DESKTOP-NKRHNTH",
   "Security": {}
  },
  "EventData": {
   "SubjectUserSid": "S-1-5-18",
   "SubjectUserName": "DESKTOP-NKRHNTH$",
   "SubjectDomainName": "WORKGROUP",
   "SubjectLogonId": 999,
   "NewProcessId": 8800,
   "NewProcessName": "C:\\Windows\\System32\\MusNotification.exe",
   "TokenElevationType": "%%1936",
   "ProcessId": 1760,
   "CommandLine": "C:\\Windows\\system32\\MusNotification.exe /RunOnBattery RebootDialog",
   "TargetUserSid": "S-1-0-0",
   "TargetUserName": "-",
   "TargetDomainName": "-",
   "TargetLogonId": 0,
   "ParentProcessName": "C:\\Windows\\System32\\svchost.exe",
   "MandatoryLabel": "S-1-16-16384"
  },
  "Message": ""
 }
{
  "System": {
   "Provider": {
    "Name": "Microsoft-Windows-Security-Auditing",
    "Guid": "54849625-5478-4994-A5BA-3E3B0328C30D"
   },
   "EventID": {
    "Value": 4688
   },
   "Version": 2,
   "Level": 0,
   "Task": 13312,
   "Opcode": 0,
   "Keywords": 9232379236109516800,
   "TimeCreated": {
    "SystemTime": 1678361340.0507088
   },
   "EventRecordID": 3292,
   "Correlation": {},
   "Execution": {
    "ProcessID": 4,
    "ThreadID": 2952
   },
   "Channel": "Security",
   "Computer": "DESKTOP-NKRHNTH",
   "Security": {}
  },
  "EventData": {
   "SubjectUserSid": "S-1-5-18",
   "SubjectUserName": "DESKTOP-NKRHNTH$",
   "SubjectDomainName": "WORKGROUP",
   "SubjectLogonId": 999,
   "NewProcessId": 2252,
   "NewProcessName": "C:\\Windows\\System32\\MoUsoCoreWorker.exe",
   "TokenElevationType": "%%1936",
   "ProcessId": 780,
   "CommandLine": "C:\\Windows\\System32\\mousocoreworker.exe -Embedding",
   "TargetUserSid": "S-1-0-0",
   "TargetUserName": "-",
   "TargetDomainName": "-",
   "TargetLogonId": 0,
   "ParentProcessName": "C:\\Windows\\System32\\svchost.exe",
   "MandatoryLabel": "S-1-16-16384"
  },
  "Message": ""
 }
{
  "System": {
   "Provider": {
    "Name": "Microsoft-Windows-Security-Auditing",
    "Guid": "54849625-5478-4994-A5BA-3E3B0328C30D"
   },
   "EventID": {
    "Value": 4688
   },
   "Version": 2,
   "Level": 0,
   "Task": 13312,
   "Opcode": 0,
   "Keywords": 9232379236109516800,
   "TimeCreated": {
    "SystemTime": 1678361340.586184
   },
   "EventRecordID": 3293,
   "Correlation": {},
   "Execution": {
    "ProcessID": 4,
    "ThreadID": 276
   },
   "Channel": "Security",
   "Computer": "DESKTOP-NKRHNTH",
   "Security": {}
  },
  "EventData": {
   "SubjectUserSid": "S-1-5-18",
   "SubjectUserName": "DESKTOP-NKRHNTH$",
   "SubjectDomainName": "WORKGROUP",
   "SubjectLogonId": 999,
   "NewProcessId": 3944,
   "NewProcessName": "C:\\Windows\\servicing\\TrustedInstaller.exe",
   "TokenElevationType": "%%1936",
   "ProcessId": 620,
   "CommandLine": "C:\\Windows\\servicing\\TrustedInstaller.exe",
   "TargetUserSid": "S-1-0-0",
   "TargetUserName": "-",
   "TargetDomainName": "-",
   "TargetLogonId": 0,
   "ParentProcessName": "C:\\Windows\\System32\\services.exe",
   "MandatoryLabel": "S-1-16-16384"
  },
  "Message": ""
 }
{
  "System": {
   "Provider": {
    "Name": "Microsoft-Windows-Security-Auditing",
    "Guid": "54849625-5478-4994-A5BA-3E3B0328C30D"
   },
   "EventID": {
    "Value": 4688
   },
   "Version": 2,
   "Level": 0,
   "Task": 13312,
   "Opcode": 0,
   "Keywords": 9232379236109516800,
   "TimeCreated": {
    "SystemTime": 1678361340.6068785
   },
   "EventRecordID": 3294,
   "Correlation": {},
   "Execution": {
    "ProcessID": 4,
    "ThreadID": 276
   },
   "Channel": "Security",
   "Computer": "DESKTOP-NKRHNTH",
   "Security": {}
  },
  "EventData": {
   "SubjectUserSid": "S-1-5-18",
   "SubjectUserName": "DESKTOP-NKRHNTH$",
   "SubjectDomainName": "WORKGROUP",
   "SubjectLogonId": 999,
   "NewProcessId": 5872,
   "NewProcessName": "C:\\Windows\\WinSxS\\amd64_microsoft-windows-servicingstack_31bf3856ad364e35_10.0.19041.2300_none_7e14edbc7c88b7d5\\TiWorker.exe",
   "TokenElevationType": "%%1936",
   "ProcessId": 780,
   "CommandLine": "C:\\Windows\\winsxs\\amd64_microsoft-windows-servicingstack_31bf3856ad364e35_10.0.19041.2300_none_7e14edbc7c88b7d5\\TiWorker.exe -Embedding",
   "TargetUserSid": "S-1-0-0",
   "TargetUserName": "-",
   "TargetDomainName": "-",
   "TargetLogonId": 0,
   "ParentProcessName": "C:\\Windows\\System32\\svchost.exe",
   "MandatoryLabel": "S-1-16-16384"
  },
  "Message": ""
 }
{
  "System": {
   "Provider": {
    "Name": "Microsoft-Windows-Security-Auditing",
    "Guid": "54849625-5478-4994-A5BA-3E3B0328C30D"
   },
   "EventID": {
    "Value": 4688
   },
   "Version": 2,
   "Level": 0,
   "Task": 13312,
   "Opcode": 0,
   "Keywords": 9232379236109516800,
   "TimeCreated": {
    "SystemTime": 1678361341.2712593
   },
   "EventRecordID": 3295,
   "Correlation": {},
   "Execution": {
    "ProcessID": 4,
    "ThreadID": 6180
   },
   "Channel": "Security",
   "Computer": "DESKTOP-NKRHNTH",
   "Security": {}
  },
  "EventData": {
   "SubjectUserSid": "S-1-5-18",
   "SubjectUserName": "DESKTOP-NKRHNTH$",
   "SubjectDomainName": "WORKGROUP",
   "SubjectLogonId": 999,
   "NewProcessId": 2584,
   "NewProcessName": "C:\\Windows\\System32\\svchost.exe",
   "TokenElevationType": "%%1936",
   "ProcessId": 620,
   "CommandLine": "C:\\Windows\\system32\\svchost.exe -k wusvcs -p -s WaaSMedicSvc",
   "TargetUserSid": "S-1-0-0",
   "TargetUserName": "-",
   "TargetDomainName": "-",
   "TargetLogonId": 0,
   "ParentProcessName": "C:\\Windows\\System32\\services.exe",
   "MandatoryLabel": "S-1-16-16384"
  },
  "Message": ""
 }
{
  "System": {
   "Provider": {
    "Name": "Microsoft-Windows-Security-Auditing",
    "Guid": "54849625-5478-4994-A5BA-3E3B0328C30D"
   },
   "EventID": {
    "Value": 4688
   },
   "Version": 2,
   "Level": 0,
   "Task": 13312,
   "Opcode": 0,
   "Keywords": 9232379236109516800,
   "TimeCreated": {
    "SystemTime": 1678361341.680195
   },
   "EventRecordID": 3296,
   "Correlation": {},
   "Execution": {
    "ProcessID": 4,
    "ThreadID": 6180
   },
   "Channel": "Security",
   "Computer": "DESKTOP-NKRHNTH",
   "Security": {}
  },
  "EventData": {
   "SubjectUserSid": "S-1-5-18",
   "SubjectUserName": "DESKTOP-NKRHNTH$",
   "SubjectDomainName": "WORKGROUP",
   "SubjectLogonId": 999,
   "NewProcessId": 5224,
   "NewProcessName": "C:\\Windows\\System32\\sppsvc.exe",
   "TokenElevationType": "%%1936",
   "ProcessId": 620,
   "CommandLine": "C:\\Windows\\system32\\sppsvc.exe",
   "TargetUserSid": "S-1-0-0",
   "TargetUserName": "DESKTOP-NKRHNTH$",
   "TargetDomainName": "WORKGROUP",
   "TargetLogonId": 996,
   "ParentProcessName": "C:\\Windows\\System32\\services.exe",
   "MandatoryLabel": "S-1-16-16384"
  },
  "Message": ""
 }
{
  "System": {
   "Provider": {
    "Name": "Microsoft-Windows-Security-Auditing",
    "Guid": "54849625-5478-4994-A5BA-3E3B0328C30D"
   },
   "EventID": {
    "Value": 4688
   },
   "Version": 2,
   "Level": 0,
   "Task": 13312,
   "Opcode": 0,
   "Keywords": 9232379236109516800,
   "TimeCreated": {
    "SystemTime": 1678361341.9807136
   },
   "EventRecordID": 3297,
   "Correlation": {},
   "Execution": {
    "ProcessID": 4,
    "ThreadID": 6180
   },
   "Channel": "Security",
   "Computer": "DESKTOP-NKRHNTH",
   "Security": {}
  },
  "EventData": {
   "SubjectUserSid": "S-1-5-18",
   "SubjectUserName": "DESKTOP-NKRHNTH$",
   "SubjectDomainName": "WORKGROUP",
   "SubjectLogonId": 999,
   "NewProcessId": 4948,
   "NewProcessName": "C:\\Windows\\System32\\MusNotifyIcon.exe",
   "TokenElevationType": "%%1938",
   "ProcessId": 6900,
   "CommandLine": "%systemroot%\\system32\\MusNotifyIcon.exe NotifyTrayIcon 19",
   "TargetUserSid": "S-1-5-21-2432649696-552975611-3203061244-1001",
   "TargetUserName": "Pandora",
   "TargetDomainName": "DESKTOP-NKRHNTH",
   "TargetLogonId": 117462,
   "ParentProcessName": "C:\\Windows\\System32\\MusNotification.exe",
   "MandatoryLabel": "S-1-16-8192"
  },
  "Message": ""
 }
{
  "System": {
   "Provider": {
    "Name": "Microsoft-Windows-Security-Auditing",
    "Guid": "54849625-5478-4994-A5BA-3E3B0328C30D"
   },
   "EventID": {
    "Value": 4688
   },
   "Version": 2,
   "Level": 0,
   "Task": 13312,
   "Opcode": 0,
   "Keywords": 9232379236109516800,
   "TimeCreated": {
    "SystemTime": 1678361364.2636433
   },
   "EventRecordID": 3298,
   "Correlation": {},
   "Execution": {
    "ProcessID": 4,
    "ThreadID": 6184
   },
   "Channel": "Security",
   "Computer": "DESKTOP-NKRHNTH",
   "Security": {}
  },
  "EventData": {
   "SubjectUserSid": "S-1-5-21-2432649696-552975611-3203061244-1001",
   "SubjectUserName": "Pandora",
   "SubjectDomainName": "DESKTOP-NKRHNTH",
   "SubjectLogonId": 117462,
   "NewProcessId": 2712,
   "NewProcessName": "C:\\Program Files (x86)\\Microsoft\\Edge\\Application\\msedge.exe",
   "TokenElevationType": "%%1938",
   "ProcessId": 3752,
   "CommandLine": "\"C:\\Program Files (x86)\\Microsoft\\Edge\\Application\\msedge.exe\" --type=utility --utility-sub-type=asset_store.mojom.AssetStoreService --lang=en-US --service-sandbox-type=asset_store_service --mojo-platform-channel-handle=4012 --field-trial-handle=2156,i,14300531973284930833,921147700399286962,131072 /prefetch:8",
   "TargetUserSid": "S-1-0-0",
   "TargetUserName": "-",
   "TargetDomainName": "-",
   "TargetLogonId": 0,
   "ParentProcessName": "C:\\Program Files (x86)\\Microsoft\\Edge\\Application\\msedge.exe",
   "MandatoryLabel": "S-1-16-4096"
  },
  "Message": ""
 }
{
  "System": {
   "Provider": {
    "Name": "Microsoft-Windows-Security-Auditing",
    "Guid": "54849625-5478-4994-A5BA-3E3B0328C30D"
   },
   "EventID": {
    "Value": 4688
   },
   "Version": 2,
   "Level": 0,
   "Task": 13312,
   "Opcode": 0,
   "Keywords": 9232379236109516800,
   "TimeCreated": {
    "SystemTime": 1678361395.850856
   },
   "EventRecordID": 3299,
   "Correlation": {},
   "Execution": {
    "ProcessID": 4,
    "ThreadID": 4220
   },
   "Channel": "Security",
   "Computer": "DESKTOP-NKRHNTH",
   "Security": {}
  },
  "EventData": {
   "SubjectUserSid": "S-1-5-18",
   "SubjectUserName": "DESKTOP-NKRHNTH$",
   "SubjectDomainName": "WORKGROUP",
   "SubjectLogonId": 999,
   "NewProcessId": 4544,
   "NewProcessName": "C:\\Windows\\System32\\SearchProtocolHost.exe",
   "TokenElevationType": "%%1936",
   "ProcessId": 6276,
   "CommandLine": "\"C:\\Windows\\system32\\SearchProtocolHost.exe\" Global\\UsGthrFltPipeMssGthrPipe3_ Global\\UsGthrCtrlFltPipeMssGthrPipe3 1 -2147483646 \"Software\\Microsoft\\Windows Search\" \"Mozilla/4.0 (compatible; MSIE 6.0; Windows NT; MS Search 4.0 Robot)\" \"C:\\ProgramData\\Microsoft\\Search\\Data\\Temp\\usgthrsvc\" \"DownLevelDaemon\" ",
   "TargetUserSid": "S-1-0-0",
   "TargetUserName": "-",
   "TargetDomainName": "-",
   "TargetLogonId": 0,
   "ParentProcessName": "C:\\Windows\\System32\\SearchIndexer.exe",
   "MandatoryLabel": "S-1-16-16384"
  },
  "Message": ""
 }
{
  "System": {
   "Provider": {
    "Name": "Microsoft-Windows-Security-Auditing",
    "Guid": "54849625-5478-4994-A5BA-3E3B0328C30D"
   },
   "EventID": {
    "Value": 4688
   },
   "Version": 2,
   "Level": 0,
   "Task": 13312,
   "Opcode": 0,
   "Keywords": 9232379236109516800,
   "TimeCreated": {
    "SystemTime": 1678361395.8631952
   },
   "EventRecordID": 3300,
   "Correlation": {},
   "Execution": {
    "ProcessID": 4,
    "ThreadID": 4220
   },
   "Channel": "Security",
   "Computer": "DESKTOP-NKRHNTH",
   "Security": {}
  },
  "EventData": {
   "SubjectUserSid": "S-1-5-18",
   "SubjectUserName": "DESKTOP-NKRHNTH$",
   "SubjectDomainName": "WORKGROUP",
   "SubjectLogonId": 999,
   "NewProcessId": 5680,
   "NewProcessName": "C:\\Windows\\System32\\SearchFilterHost.exe",
   "TokenElevationType": "%%1936",
   "ProcessId": 6276,
   "CommandLine": "\"C:\\Windows\\system32\\SearchFilterHost.exe\" 0 804 808 816 8192 812 788 ",
   "TargetUserSid": "S-1-0-0",
   "TargetUserName": "-",
   "TargetDomainName": "-",
   "TargetLogonId": 0,
   "ParentProcessName": "C:\\Windows\\System32\\SearchIndexer.exe",
   "MandatoryLabel": "S-1-16-8192"
  },
  "Message": ""
 }
{
  "System": {
   "Provider": {
    "Name": "Microsoft-Windows-Security-Auditing",
    "Guid": "54849625-5478-4994-A5BA-3E3B0328C30D"
   },
   "EventID": {
    "Value": 4688
   },
   "Version": 2,
   "Level": 0,
   "Task": 13312,
   "Opcode": 0,
   "Keywords": 9232379236109516800,
   "TimeCreated": {
    "SystemTime": 1678361396.6786191
   },
   "EventRecordID": 3301,
   "Correlation": {},
   "Execution": {
    "ProcessID": 4,
    "ThreadID": 4220
   },
   "Channel": "Security",
   "Computer": "DESKTOP-NKRHNTH",
   "Security": {}
  },
  "EventData": {
   "SubjectUserSid": "S-1-5-18",
   "SubjectUserName": "DESKTOP-NKRHNTH$",
   "SubjectDomainName": "WORKGROUP",
   "SubjectLogonId": 999,
   "NewProcessId": 8276,
   "NewProcessName": "C:\\Windows\\System32\\dllhost.exe",
   "TokenElevationType": "%%1938",
   "ProcessId": 780,
   "CommandLine": "C:\\Windows\\system32\\DllHost.exe /Processid:{AB8902B4-09CA-4BB6-B78D-A8F59079A8D5}",
   "TargetUserSid": "S-1-5-21-2432649696-552975611-3203061244-1001",
   "TargetUserName": "Pandora",
   "TargetDomainName": "DESKTOP-NKRHNTH",
   "TargetLogonId": 117462,
   "ParentProcessName": "C:\\Windows\\System32\\svchost.exe",
   "MandatoryLabel": "S-1-16-8192"
  },
  "Message": ""
 }
{
  "System": {
   "Provider": {
    "Name": "Microsoft-Windows-Security-Auditing",
    "Guid": "54849625-5478-4994-A5BA-3E3B0328C30D"
   },
   "EventID": {
    "Value": 4688
   },
   "Version": 2,
   "Level": 0,
   "Task": 13312,
   "Opcode": 0,
   "Keywords": 9232379236109516800,
   "TimeCreated": {
    "SystemTime": 1678361397.266504
   },
   "EventRecordID": 3302,
   "Correlation": {},
   "Execution": {
    "ProcessID": 4,
    "ThreadID": 6184
   },
   "Channel": "Security",
   "Computer": "DESKTOP-NKRHNTH",
   "Security": {}
  },
  "EventData": {
   "SubjectUserSid": "S-1-5-18",
   "SubjectUserName": "DESKTOP-NKRHNTH$",
   "SubjectDomainName": "WORKGROUP",
   "SubjectLogonId": 999,
   "NewProcessId": 8160,
   "NewProcessName": "C:\\Windows\\System32\\SearchProtocolHost.exe",
   "TokenElevationType": "%%1938",
   "ProcessId": 6276,
   "CommandLine": "\"C:\\Windows\\system32\\SearchProtocolHost.exe\" Global\\UsGthrFltPipeMssGthrPipe_S-1-5-21-2432649696-552975611-3203061244-10014_ Global\\UsGthrCtrlFltPipeMssGthrPipe_S-1-5-21-2432649696-552975611-3203061244-10014 1 -2147483646 \"Software\\Microsoft\\Windows Search\" \"Mozilla/4.0 (compatible; MSIE 6.0; Windows NT; MS Search 4.0 Robot)\" \"C:\\ProgramData\\Microsoft\\Search\\Data\\Temp\\usgthrsvc\" \"DownLevelDaemon\"  \"1\"",
   "TargetUserSid": "S-1-5-21-2432649696-552975611-3203061244-1001",
   "TargetUserName": "Pandora",
   "TargetDomainName": "DESKTOP-NKRHNTH",
   "TargetLogonId": 117462,
   "ParentProcessName": "C:\\Windows\\System32\\SearchIndexer.exe",
   "MandatoryLabel": "S-1-16-8192"
  },
  "Message": ""
 }
{
  "System": {
   "Provider": {
    "Name": "Microsoft-Windows-Security-Auditing",
    "Guid": "54849625-5478-4994-A5BA-3E3B0328C30D"
   },
   "EventID": {
    "Value": 4688
   },
   "Version": 2,
   "Level": 0,
   "Task": 13312,
   "Opcode": 0,
   "Keywords": 9232379236109516800,
   "TimeCreated": {
    "SystemTime": 1678361461.521448
   },
   "EventRecordID": 3303,
   "Correlation": {},
   "Execution": {
    "ProcessID": 4,
    "ThreadID": 184
   },
   "Channel": "Security",
   "Computer": "DESKTOP-NKRHNTH",
   "Security": {}
  },
  "EventData": {
   "SubjectUserSid": "S-1-5-18",
   "SubjectUserName": "DESKTOP-NKRHNTH$",
   "SubjectDomainName": "WORKGROUP",
   "SubjectLogonId": 999,
   "NewProcessId": 8164,
   "NewProcessName": "C:\\Windows\\SystemApps\\Microsoft.Windows.Search_cw5n1h2txyewy\\SearchApp.exe",
   "TokenElevationType": "%%1938",
   "ProcessId": 780,
   "CommandLine": "\"C:\\Windows\\SystemApps\\Microsoft.Windows.Search_cw5n1h2txyewy\\SearchApp.exe\" -ServerName:ShellFeedsUI.AppX88fpyyrd21w8wqe62wzsjh5agex7tf1e.mca",
   "TargetUserSid": "S-1-5-21-2432649696-552975611-3203061244-1001",
   "TargetUserName": "Pandora",
   "TargetDomainName": "DESKTOP-NKRHNTH",
   "TargetLogonId": 117462,
   "ParentProcessName": "C:\\Windows\\System32\\svchost.exe",
   "MandatoryLabel": "S-1-16-4096"
  },
  "Message": ""
 }
{
  "System": {
   "Provider": {
    "Name": "Microsoft-Windows-Security-Auditing",
    "Guid": "54849625-5478-4994-A5BA-3E3B0328C30D"
   },
   "EventID": {
    "Value": 4688
   },
   "Version": 2,
   "Level": 0,
   "Task": 13312,
   "Opcode": 0,
   "Keywords": 9232379236109516800,
   "TimeCreated": {
    "SystemTime": 1678361461.688344
   },
   "EventRecordID": 3304,
   "Correlation": {},
   "Execution": {
    "ProcessID": 4,
    "ThreadID": 384
   },
   "Channel": "Security",
   "Computer": "DESKTOP-NKRHNTH",
   "Security": {}
  },
  "EventData": {
   "SubjectUserSid": "S-1-5-18",
   "SubjectUserName": "DESKTOP-NKRHNTH$",
   "SubjectDomainName": "WORKGROUP",
   "SubjectLogonId": 999,
   "NewProcessId": 9064,
   "NewProcessName": "C:\\Windows\\System32\\svchost.exe",
   "TokenElevationType": "%%1936",
   "ProcessId": 620,
   "CommandLine": "C:\\Windows\\system32\\svchost.exe -k appmodel -p -s camsvc",
   "TargetUserSid": "S-1-0-0",
   "TargetUserName": "-",
   "TargetDomainName": "-",
   "TargetLogonId": 0,
   "ParentProcessName": "C:\\Windows\\System32\\services.exe",
   "MandatoryLabel": "S-1-16-16384"
  },
  "Message": ""
 }
{
  "System": {
   "Provider": {
    "Name": "Microsoft-Windows-Security-Auditing",
    "Guid": "54849625-5478-4994-A5BA-3E3B0328C30D"
   },
   "EventID": {
    "Value": 4688
   },
   "Version": 2,
   "Level": 0,
   "Task": 13312,
   "Opcode": 0,
   "Keywords": 9232379236109516800,
   "TimeCreated": {
    "SystemTime": 1678361461.741403
   },
   "EventRecordID": 3305,
   "Correlation": {},
   "Execution": {
    "ProcessID": 4,
    "ThreadID": 384
   },
   "Channel": "Security",
   "Computer": "DESKTOP-NKRHNTH",
   "Security": {}
  },
  "EventData": {
   "SubjectUserSid": "S-1-5-18",
   "SubjectUserName": "DESKTOP-NKRHNTH$",
   "SubjectDomainName": "WORKGROUP",
   "SubjectLogonId": 999,
   "NewProcessId": 432,
   "NewProcessName": "C:\\Windows\\System32\\smartscreen.exe",
   "TokenElevationType": "%%1938",
   "ProcessId": 780,
   "CommandLine": "C:\\Windows\\System32\\smartscreen.exe -Embedding",
   "TargetUserSid": "S-1-5-21-2432649696-552975611-3203061244-1001",
   "TargetUserName": "Pandora",
   "TargetDomainName": "DESKTOP-NKRHNTH",
   "TargetLogonId": 117462,
   "ParentProcessName": "C:\\Windows\\System32\\svchost.exe",
   "MandatoryLabel": "S-1-16-8192"
  },
  "Message": ""
 }
{
  "System": {
   "Provider": {
    "Name": "Microsoft-Windows-Security-Auditing",
    "Guid": "54849625-5478-4994-A5BA-3E3B0328C30D"
   },
   "EventID": {
    "Value": 4688
   },
   "Version": 2,
   "Level": 0,
   "Task": 13312,
   "Opcode": 0,
   "Keywords": 9232379236109516800,
   "TimeCreated": {
    "SystemTime": 1678361462.2323968
   },
   "EventRecordID": 3306,
   "Correlation": {},
   "Execution": {
    "ProcessID": 4,
    "ThreadID": 4220
   },
   "Channel": "Security",
   "Computer": "DESKTOP-NKRHNTH",
   "Security": {}
  },
  "EventData": {
   "SubjectUserSid": "S-1-5-18",
   "SubjectUserName": "DESKTOP-NKRHNTH$",
   "SubjectDomainName": "WORKGROUP",
   "SubjectLogonId": 999,
   "NewProcessId": 9172,
   "NewProcessName": "C:\\Windows\\System32\\dllhost.exe",
   "TokenElevationType": "%%1938",
   "ProcessId": 780,
   "CommandLine": "C:\\Windows\\system32\\DllHost.exe /Processid:{7966B4D8-4FDC-4126-A10B-39A3209AD251}",
   "TargetUserSid": "S-1-5-21-2432649696-552975611-3203061244-1001",
   "TargetUserName": "Pandora",
   "TargetDomainName": "DESKTOP-NKRHNTH",
   "TargetLogonId": 117462,
   "ParentProcessName": "C:\\Windows\\System32\\svchost.exe",
   "MandatoryLabel": "S-1-16-8192"
  },
  "Message": ""
 }
{
  "System": {
   "Provider": {
    "Name": "Microsoft-Windows-Security-Auditing",
    "Guid": "54849625-5478-4994-A5BA-3E3B0328C30D"
   },
   "EventID": {
    "Value": 4688
   },
   "Version": 2,
   "Level": 0,
   "Task": 13312,
   "Opcode": 0,
   "Keywords": 9232379236109516800,
   "TimeCreated": {
    "SystemTime": 1678361646.0045264
   },
   "EventRecordID": 3307,
   "Correlation": {},
   "Execution": {
    "ProcessID": 4,
    "ThreadID": 272
   },
   "Channel": "Security",
   "Computer": "DESKTOP-NKRHNTH",
   "Security": {}
  },
  "EventData": {
   "SubjectUserSid": "S-1-5-18",
   "SubjectUserName": "DESKTOP-NKRHNTH$",
   "SubjectDomainName": "WORKGROUP",
   "SubjectLogonId": 999,
   "NewProcessId": 8428,
   "NewProcessName": "C:\\Windows\\System32\\MoUsoCoreWorker.exe",
   "TokenElevationType": "%%1936",
   "ProcessId": 780,
   "CommandLine": "C:\\Windows\\System32\\mousocoreworker.exe -Embedding",
   "TargetUserSid": "S-1-0-0",
   "TargetUserName": "-",
   "TargetDomainName": "-",
   "TargetLogonId": 0,
   "ParentProcessName": "C:\\Windows\\System32\\svchost.exe",
   "MandatoryLabel": "S-1-16-16384"
  },
  "Message": ""
 }
{
  "System": {
   "Provider": {
    "Name": "Microsoft-Windows-Security-Auditing",
    "Guid": "54849625-5478-4994-A5BA-3E3B0328C30D"
   },
   "EventID": {
    "Value": 4688
   },
   "Version": 2,
   "Level": 0,
   "Task": 13312,
   "Opcode": 0,
   "Keywords": 9232379236109516800,
   "TimeCreated": {
    "SystemTime": 1678361646.0954368
   },
   "EventRecordID": 3308,
   "Correlation": {},
   "Execution": {
    "ProcessID": 4,
    "ThreadID": 6184
   },
   "Channel": "Security",
   "Computer": "DESKTOP-NKRHNTH",
   "Security": {}
  },
  "EventData": {
   "SubjectUserSid": "S-1-5-18",
   "SubjectUserName": "DESKTOP-NKRHNTH$",
   "SubjectDomainName": "WORKGROUP",
   "SubjectLogonId": 999,
   "NewProcessId": 2404,
   "NewProcessName": "C:\\Windows\\System32\\provtool.exe",
   "TokenElevationType": "%%1936",
   "ProcessId": 1760,
   "CommandLine": "C:\\Windows\\system32\\ProvTool.exe /turn 5 /source LogonIdleTask",
   "TargetUserSid": "S-1-0-0",
   "TargetUserName": "-",
   "TargetDomainName": "-",
   "TargetLogonId": 0,
   "ParentProcessName": "C:\\Windows\\System32\\svchost.exe",
   "MandatoryLabel": "S-1-16-16384"
  },
  "Message": ""
 }
{
  "System": {
   "Provider": {
    "Name": "Microsoft-Windows-Security-Auditing",
    "Guid": "54849625-5478-4994-A5BA-3E3B0328C30D"
   },
   "EventID": {
    "Value": 4688
   },
   "Version": 2,
   "Level": 0,
   "Task": 13312,
   "Opcode": 0,
   "Keywords": 9232379236109516800,
   "TimeCreated": {
    "SystemTime": 1678361646.1028545
   },
   "EventRecordID": 3309,
   "Correlation": {},
   "Execution": {
    "ProcessID": 4,
    "ThreadID": 6184
   },
   "Channel": "Security",
   "Computer": "DESKTOP-NKRHNTH",
   "Security": {}
  },
  "EventData": {
   "SubjectUserSid": "S-1-5-18",
   "SubjectUserName": "DESKTOP-NKRHNTH$",
   "SubjectDomainName": "WORKGROUP",
   "SubjectLogonId": 999,
   "NewProcessId": 6840,
   "NewProcessName": "C:\\Windows\\System32\\taskhostw.exe",
   "TokenElevationType": "%%1936",
   "ProcessId": 1760,
   "CommandLine": "taskhostw.exe -IntegrityCheck",
   "TargetUserSid": "S-1-0-0",
   "TargetUserName": "-",
   "TargetDomainName": "-",
   "TargetLogonId": 0,
   "ParentProcessName": "C:\\Windows\\System32\\svchost.exe",
   "MandatoryLabel": "S-1-16-16384"
  },
  "Message": ""
 }
{
  "System": {
   "Provider": {
    "Name": "Microsoft-Windows-Security-Auditing",
    "Guid": "54849625-5478-4994-A5BA-3E3B0328C30D"
   },
   "EventID": {
    "Value": 4688
   },
   "Version": 2,
   "Level": 0,
   "Task": 13312,
   "Opcode": 0,
   "Keywords": 9232379236109516800,
   "TimeCreated": {
    "SystemTime": 1678361646.1761696
   },
   "EventRecordID": 3310,
   "Correlation": {},
   "Execution": {
    "ProcessID": 4,
    "ThreadID": 6184
   },
   "Channel": "Security",
   "Computer": "DESKTOP-NKRHNTH",
   "Security": {}
  },
  "EventData": {
   "SubjectUserSid": "S-1-5-18",
   "SubjectUserName": "DESKTOP-NKRHNTH$",
   "SubjectDomainName": "WORKGROUP",
   "SubjectLogonId": 999,
   "NewProcessId": 1512,
   "NewProcessName": "C:\\Windows\\servicing\\TrustedInstaller.exe",
   "TokenElevationType": "%%1936",
   "ProcessId": 620,
   "CommandLine": "C:\\Windows\\servicing\\TrustedInstaller.exe",
   "TargetUserSid": "S-1-0-0",
   "TargetUserName": "-",
   "TargetDomainName": "-",
   "TargetLogonId": 0,
   "ParentProcessName": "C:\\Windows\\System32\\services.exe",
   "MandatoryLabel": "S-1-16-16384"
  },
  "Message": ""
 }
{
  "System": {
   "Provider": {
    "Name": "Microsoft-Windows-Security-Auditing",
    "Guid": "54849625-5478-4994-A5BA-3E3B0328C30D"
   },
   "EventID": {
    "Value": 4688
   },
   "Version": 2,
   "Level": 0,
   "Task": 13312,
   "Opcode": 0,
   "Keywords": 9232379236109516800,
   "TimeCreated": {
    "SystemTime": 1678361646.1973488
   },
   "EventRecordID": 3311,
   "Correlation": {},
   "Execution": {
    "ProcessID": 4,
    "ThreadID": 6184
   },
   "Channel": "Security",
   "Computer": "DESKTOP-NKRHNTH",
   "Security": {}
  },
  "EventData": {
   "SubjectUserSid": "S-1-5-18",
   "SubjectUserName": "DESKTOP-NKRHNTH$",
   "SubjectDomainName": "WORKGROUP",
   "SubjectLogonId": 999,
   "NewProcessId": 2284,
   "NewProcessName": "C:\\Windows\\WinSxS\\amd64_microsoft-windows-servicingstack_31bf3856ad364e35_10.0.19041.2300_none_7e14edbc7c88b7d5\\TiWorker.exe",
   "TokenElevationType": "%%1936",
   "ProcessId": 780,
   "CommandLine": "C:\\Windows\\winsxs\\amd64_microsoft-windows-servicingstack_31bf3856ad364e35_10.0.19041.2300_none_7e14edbc7c88b7d5\\TiWorker.exe -Embedding",
   "TargetUserSid": "S-1-0-0",
   "TargetUserName": "-",
   "TargetDomainName": "-",
   "TargetLogonId": 0,
   "ParentProcessName": "C:\\Windows\\System32\\svchost.exe",
   "MandatoryLabel": "S-1-16-16384"
  },
  "Message": ""
 }
{
  "System": {
   "Provider": {
    "Name": "Microsoft-Windows-Security-Auditing",
    "Guid": "54849625-5478-4994-A5BA-3E3B0328C30D"
   },
   "EventID": {
    "Value": 4688
   },
   "Version": 2,
   "Level": 0,
   "Task": 13312,
   "Opcode": 0,
   "Keywords": 9232379236109516800,
   "TimeCreated": {
    "SystemTime": 1678361647.1832273
   },
   "EventRecordID": 3312,
   "Correlation": {},
   "Execution": {
    "ProcessID": 4,
    "ThreadID": 384
   },
   "Channel": "Security",
   "Computer": "DESKTOP-NKRHNTH",
   "Security": {}
  },
  "EventData": {
   "SubjectUserSid": "S-1-5-18",
   "SubjectUserName": "DESKTOP-NKRHNTH$",
   "SubjectDomainName": "WORKGROUP",
   "SubjectLogonId": 999,
   "NewProcessId": 2944,
   "NewProcessName": "C:\\Windows\\System32\\svchost.exe",
   "TokenElevationType": "%%1936",
   "ProcessId": 620,
   "CommandLine": "C:\\Windows\\system32\\svchost.exe -k wusvcs -p -s WaaSMedicSvc",
   "TargetUserSid": "S-1-0-0",
   "TargetUserName": "-",
   "TargetDomainName": "-",
   "TargetLogonId": 0,
   "ParentProcessName": "C:\\Windows\\System32\\services.exe",
   "MandatoryLabel": "S-1-16-16384"
  },
  "Message": ""
 }
{
  "System": {
   "Provider": {
    "Name": "Microsoft-Windows-Security-Auditing",
    "Guid": "54849625-5478-4994-A5BA-3E3B0328C30D"
   },
   "EventID": {
    "Value": 4688
   },
   "Version": 2,
   "Level": 0,
   "Task": 13312,
   "Opcode": 0,
   "Keywords": 9232379236109516800,
   "TimeCreated": {
    "SystemTime": 1678361647.2043216
   },
   "EventRecordID": 3313,
   "Correlation": {},
   "Execution": {
    "ProcessID": 4,
    "ThreadID": 384
   },
   "Channel": "Security",
   "Computer": "DESKTOP-NKRHNTH",
   "Security": {}
  },
  "EventData": {
   "SubjectUserSid": "S-1-5-18",
   "SubjectUserName": "DESKTOP-NKRHNTH$",
   "SubjectDomainName": "WORKGROUP",
   "SubjectLogonId": 999,
   "NewProcessId": 5156,
   "NewProcessName": "C:\\Windows\\System32\\Defrag.exe",
   "TokenElevationType": "%%1936",
   "ProcessId": 1556,
   "CommandLine": "\"C:\\Windows\\system32\\defrag.exe\" -p 614 -s 00000000000003C8 -b -OnlyPreferred C:",
   "TargetUserSid": "S-1-0-0",
   "TargetUserName": "-",
   "TargetDomainName": "-",
   "TargetLogonId": 0,
   "ParentProcessName": "C:\\Windows\\System32\\svchost.exe",
   "MandatoryLabel": "S-1-16-16384"
  },
  "Message": ""
 }
{
  "System": {
   "Provider": {
    "Name": "Microsoft-Windows-Security-Auditing",
    "Guid": "54849625-5478-4994-A5BA-3E3B0328C30D"
   },
   "EventID": {
    "Value": 4688
   },
   "Version": 2,
   "Level": 0,
   "Task": 13312,
   "Opcode": 0,
   "Keywords": 9232379236109516800,
   "TimeCreated": {
    "SystemTime": 1678361647.2108896
   },
   "EventRecordID": 3314,
   "Correlation": {},
   "Execution": {
    "ProcessID": 4,
    "ThreadID": 384
   },
   "Channel": "Security",
   "Computer": "DESKTOP-NKRHNTH",
   "Security": {}
  },
  "EventData": {
   "SubjectUserSid": "S-1-5-18",
   "SubjectUserName": "DESKTOP-NKRHNTH$",
   "SubjectDomainName": "WORKGROUP",
   "SubjectLogonId": 999,
   "NewProcessId": 5064,
   "NewProcessName": "C:\\Windows\\System32\\conhost.exe",
   "TokenElevationType": "%%1936",
   "ProcessId": 5156,
   "CommandLine": "\\??\\C:\\Windows\\system32\\conhost.exe 0xffffffff -ForceV1",
   "TargetUserSid": "S-1-0-0",
   "TargetUserName": "-",
   "TargetDomainName": "-",
   "TargetLogonId": 0,
   "ParentProcessName": "C:\\Windows\\System32\\Defrag.exe",
   "MandatoryLabel": "S-1-16-16384"
  },
  "Message": ""
 }
{
  "System": {
   "Provider": {
    "Name": "Microsoft-Windows-Security-Auditing",
    "Guid": "54849625-5478-4994-A5BA-3E3B0328C30D"
   },
   "EventID": {
    "Value": 4688
   },
   "Version": 2,
   "Level": 0,
   "Task": 13312,
   "Opcode": 0,
   "Keywords": 9232379236109516800,
   "TimeCreated": {
    "SystemTime": 1678361647.2307024
   },
   "EventRecordID": 3315,
   "Correlation": {},
   "Execution": {
    "ProcessID": 4,
    "ThreadID": 384
   },
   "Channel": "Security",
   "Computer": "DESKTOP-NKRHNTH",
   "Security": {}
  },
  "EventData": {
   "SubjectUserSid": "S-1-5-18",
   "SubjectUserName": "DESKTOP-NKRHNTH$",
   "SubjectDomainName": "WORKGROUP",
   "SubjectLogonId": 999,
   "NewProcessId": 2260,
   "NewProcessName": "C:\\Windows\\System32\\svchost.exe",
   "TokenElevationType": "%%1936",
   "ProcessId": 620,
   "CommandLine": "C:\\Windows\\system32\\svchost.exe -k defragsvc",
   "TargetUserSid": "S-1-0-0",
   "TargetUserName": "-",
   "TargetDomainName": "-",
   "TargetLogonId": 0,
   "ParentProcessName": "C:\\Windows\\System32\\services.exe",
   "MandatoryLabel": "S-1-16-16384"
  },
  "Message": ""
 }
{
  "System": {
   "Provider": {
    "Name": "Microsoft-Windows-Security-Auditing",
    "Guid": "54849625-5478-4994-A5BA-3E3B0328C30D"
   },
   "EventID": {
    "Value": 4688
   },
   "Version": 2,
   "Level": 0,
   "Task": 13312,
   "Opcode": 0,
   "Keywords": 9232379236109516800,
   "TimeCreated": {
    "SystemTime": 1678361647.4197793
   },
   "EventRecordID": 3316,
   "Correlation": {},
   "Execution": {
    "ProcessID": 4,
    "ThreadID": 6184
   },
   "Channel": "Security",
   "Computer": "DESKTOP-NKRHNTH",
   "Security": {}
  },
  "EventData": {
   "SubjectUserSid": "S-1-5-18",
   "SubjectUserName": "DESKTOP-NKRHNTH$",
   "SubjectDomainName": "WORKGROUP",
   "SubjectLogonId": 999,
   "NewProcessId": 5820,
   "NewProcessName": "C:\\Windows\\System32\\svchost.exe",
   "TokenElevationType": "%%1936",
   "ProcessId": 620,
   "CommandLine": "C:\\Windows\\system32\\svchost.exe -k netsvcs -p -s dmwappushservice",
   "TargetUserSid": "S-1-0-0",
   "TargetUserName": "-",
   "TargetDomainName": "-",
   "TargetLogonId": 0,
   "ParentProcessName": "C:\\Windows\\System32\\services.exe",
   "MandatoryLabel": "S-1-16-16384"
  },
  "Message": ""
 }
{
  "System": {
   "Provider": {
    "Name": "Microsoft-Windows-Security-Auditing",
    "Guid": "54849625-5478-4994-A5BA-3E3B0328C30D"
   },
   "EventID": {
    "Value": 4688
   },
   "Version": 2,
   "Level": 0,
   "Task": 13312,
   "Opcode": 0,
   "Keywords": 9232379236109516800,
   "TimeCreated": {
    "SystemTime": 1678361647.4829888
   },
   "EventRecordID": 3317,
   "Correlation": {},
   "Execution": {
    "ProcessID": 4,
    "ThreadID": 4220
   },
   "Channel": "Security",
   "Computer": "DESKTOP-NKRHNTH",
   "Security": {}
  },
  "EventData": {
   "SubjectUserSid": "S-1-5-18",
   "SubjectUserName": "DESKTOP-NKRHNTH$",
   "SubjectDomainName": "WORKGROUP",
   "SubjectLogonId": 999,
   "NewProcessId": 5668,
   "NewProcessName": "C:\\Windows\\System32\\svchost.exe",
   "TokenElevationType": "%%1936",
   "ProcessId": 620,
   "CommandLine": "C:\\Windows\\system32\\svchost.exe -k LocalServiceNetworkRestricted -p -s SmsRouter",
   "TargetUserSid": "S-1-5-19",
   "TargetUserName": "LOCAL SERVICE",
   "TargetDomainName": "NT AUTHORITY",
   "TargetLogonId": 997,
   "ParentProcessName": "C:\\Windows\\System32\\services.exe",
   "MandatoryLabel": "S-1-16-16384"
  },
  "Message": ""
 }
{
  "System": {
   "Provider": {
    "Name": "Microsoft-Windows-Security-Auditing",
    "Guid": "54849625-5478-4994-A5BA-3E3B0328C30D"
   },
   "EventID": {
    "Value": 4688
   },
   "Version": 2,
   "Level": 0,
   "Task": 13312,
   "Opcode": 0,
   "Keywords": 9232379236109516800,
   "TimeCreated": {
    "SystemTime": 1678361647.684864
   },
   "EventRecordID": 3318,
   "Correlation": {},
   "Execution": {
    "ProcessID": 4,
    "ThreadID": 4220
   },
   "Channel": "Security",
   "Computer": "DESKTOP-NKRHNTH",
   "Security": {}
  },
  "EventData": {
   "SubjectUserSid": "S-1-5-18",
   "SubjectUserName": "DESKTOP-NKRHNTH$",
   "SubjectDomainName": "WORKGROUP",
   "SubjectLogonId": 999,
   "NewProcessId": 6336,
   "NewProcessName": "C:\\Windows\\System32\\svchost.exe",
   "TokenElevationType": "%%1936",
   "ProcessId": 620,
   "CommandLine": "C:\\Windows\\system32\\svchost.exe -k netsvcs -p -s gpsvc",
   "TargetUserSid": "S-1-0-0",
   "TargetUserName": "-",
   "TargetDomainName": "-",
   "TargetLogonId": 0,
   "ParentProcessName": "C:\\Windows\\System32\\services.exe",
   "MandatoryLabel": "S-1-16-16384"
  },
  "Message": ""
 }
{
  "System": {
   "Provider": {
    "Name": "Microsoft-Windows-Security-Auditing",
    "Guid": "54849625-5478-4994-A5BA-3E3B0328C30D"
   },
   "EventID": {
    "Value": 4688
   },
   "Version": 2,
   "Level": 0,
   "Task": 13312,
   "Opcode": 0,
   "Keywords": 9232379236109516800,
   "TimeCreated": {
    "SystemTime": 1678361700.013232
   },
   "EventRecordID": 3319,
   "Correlation": {},
   "Execution": {
    "ProcessID": 4,
    "ThreadID": 6184
   },
   "Channel": "Security",
   "Computer": "DESKTOP-NKRHNTH",
   "Security": {}
  },
  "EventData": {
   "SubjectUserSid": "S-1-5-18",
   "SubjectUserName": "DESKTOP-NKRHNTH$",
   "SubjectDomainName": "WORKGROUP",
   "SubjectLogonId": 999,
   "NewProcessId": 2064,
   "NewProcessName": "C:\\Windows\\System32\\MusNotification.exe",
   "TokenElevationType": "%%1936",
   "ProcessId": 1760,
   "CommandLine": "C:\\Windows\\system32\\MusNotification.exe /RunOnAC RebootDialog",
   "TargetUserSid": "S-1-0-0",
   "TargetUserName": "-",
   "TargetDomainName": "-",
   "TargetLogonId": 0,
   "ParentProcessName": "C:\\Windows\\System32\\svchost.exe",
   "MandatoryLabel": "S-1-16-16384"
  },
  "Message": ""
 }
{
  "System": {
   "Provider": {
    "Name": "Microsoft-Windows-Security-Auditing",
    "Guid": "54849625-5478-4994-A5BA-3E3B0328C30D"
   },
   "EventID": {
    "Value": 4688
   },
   "Version": 2,
   "Level": 0,
   "Task": 13312,
   "Opcode": 0,
   "Keywords": 9232379236109516800,
   "TimeCreated": {
    "SystemTime": 1678361700.0150976
   },
   "EventRecordID": 3320,
   "Correlation": {},
   "Execution": {
    "ProcessID": 4,
    "ThreadID": 6184
   },
   "Channel": "Security",
   "Computer": "DESKTOP-NKRHNTH",
   "Security": {}
  },
  "EventData": {
   "SubjectUserSid": "S-1-5-18",
   "SubjectUserName": "DESKTOP-NKRHNTH$",
   "SubjectDomainName": "WORKGROUP",
   "SubjectLogonId": 999,
   "NewProcessId": 6116,
   "NewProcessName": "C:\\Windows\\System32\\MusNotification.exe",
   "TokenElevationType": "%%1936",
   "ProcessId": 1760,
   "CommandLine": "C:\\Windows\\system32\\MusNotification.exe /RunOnBattery RebootDialog",
   "TargetUserSid": "S-1-0-0",
   "TargetUserName": "-",
   "TargetDomainName": "-",
   "TargetLogonId": 0,
   "ParentProcessName": "C:\\Windows\\System32\\svchost.exe",
   "MandatoryLabel": "S-1-16-16384"
  },
  "Message": ""
 }
{
  "System": {
   "Provider": {
    "Name": "Microsoft-Windows-Security-Auditing",
    "Guid": "54849625-5478-4994-A5BA-3E3B0328C30D"
   },
   "EventID": {
    "Value": 4688
   },
   "Version": 2,
   "Level": 0,
   "Task": 13312,
   "Opcode": 0,
   "Keywords": 9232379236109516800,
   "TimeCreated": {
    "SystemTime": 1678361701.3738592
   },
   "EventRecordID": 3321,
   "Correlation": {},
   "Execution": {
    "ProcessID": 4,
    "ThreadID": 6180
   },
   "Channel": "Security",
   "Computer": "DESKTOP-NKRHNTH",
   "Security": {}
  },
  "EventData": {
   "SubjectUserSid": "S-1-5-18",
   "SubjectUserName": "DESKTOP-NKRHNTH$",
   "SubjectDomainName": "WORKGROUP",
   "SubjectLogonId": 999,
   "NewProcessId": 8856,
   "NewProcessName": "C:\\Windows\\System32\\sppsvc.exe",
   "TokenElevationType": "%%1936",
   "ProcessId": 620,
   "CommandLine": "C:\\Windows\\system32\\sppsvc.exe",
   "TargetUserSid": "S-1-0-0",
   "TargetUserName": "DESKTOP-NKRHNTH$",
   "TargetDomainName": "WORKGROUP",
   "TargetLogonId": 996,
   "ParentProcessName": "C:\\Windows\\System32\\services.exe",
   "MandatoryLabel": "S-1-16-16384"
  },
  "Message": ""
 }
{
  "System": {
   "Provider": {
    "Name": "Microsoft-Windows-Security-Auditing",
    "Guid": "54849625-5478-4994-A5BA-3E3B0328C30D"
   },
   "EventID": {
    "Value": 4688
   },
   "Version": 2,
   "Level": 0,
   "Task": 13312,
   "Opcode": 0,
   "Keywords": 9232379236109516800,
   "TimeCreated": {
    "SystemTime": 1678361701.7213504
   },
   "EventRecordID": 3322,
   "Correlation": {},
   "Execution": {
    "ProcessID": 4,
    "ThreadID": 6184
   },
   "Channel": "Security",
   "Computer": "DESKTOP-NKRHNTH",
   "Security": {}
  },
  "EventData": {
   "SubjectUserSid": "S-1-5-18",
   "SubjectUserName": "DESKTOP-NKRHNTH$",
   "SubjectDomainName": "WORKGROUP",
   "SubjectLogonId": 999,
   "NewProcessId": 3296,
   "NewProcessName": "C:\\Windows\\System32\\MusNotifyIcon.exe",
   "TokenElevationType": "%%1938",
   "ProcessId": 2064,
   "CommandLine": "%systemroot%\\system32\\MusNotifyIcon.exe NotifyTrayIcon 19",
   "TargetUserSid": "S-1-5-21-2432649696-552975611-3203061244-1001",
   "TargetUserName": "Pandora",
   "TargetDomainName": "DESKTOP-NKRHNTH",
   "TargetLogonId": 117462,
   "ParentProcessName": "C:\\Windows\\System32\\MusNotification.exe",
   "MandatoryLabel": "S-1-16-8192"
  },
  "Message": ""
 }
