{
  "System": {
   "Provider": {
    "Name": "Microsoft-Windows-Security-Auditing",
    "Guid": "54849625-5478-4994-A5BA-3E3B0328C30D"
   },
   "EventID": {
    "Value": 4688
   },
   "Version": 2,
   "Level": 0,
   "Task": 13312,
   "Opcode": 0,
   "Keywords": 9232379236109516800,
   "TimeCreated": {
    "SystemTime": 1678360393.8741088
   },
   "EventRecordID": 3169,
   "Correlation": {},
   "Execution": {
    "ProcessID": 4,
    "ThreadID": 6184
   },
   "Channel": "Security",
   "Computer": "DESKTOP-NKRHNTH",
   "Security": {}
  },
  "EventData": {
   "SubjectUserSid": "S-1-5-21-2432649696-552975611-3203061244-1001",
   "SubjectUserName": "Pandora",
   "SubjectDomainName": "DESKTOP-NKRHNTH",
   "SubjectLogonId": 117462,
   "NewProcessId": 1308,
   "NewProcessName": "C:\\Program Files (x86)\\Microsoft\\Edge\\Application\\msedge.exe",
   "TokenElevationType": "%%1938",
   "ProcessId": 8088,
   "CommandLine": "\"C:\\Program Files (x86)\\Microsoft\\Edge\\Application\\msedge.exe\" --type=gpu-process --disable-gpu-sandbox --use-gl=disabled --gpu-vendor-id=5549 --gpu-device-id=1029 --gpu-sub-system-id=67442093 --gpu-revision=0 --gpu-driver-version=8.17.3.5 --gpu-preferences=UAAAAAAAAADoAAAYAAAAAAAAAAAAAAAAAABgAAAAAAAwAAAAAAAAAAAAAACQAAAAAAAAAAAAAAAAAAAAAAAAAEgAAAAAAAAASAAAAAAAAAAYAAAAAgAAABAAAAAAAAAAGAAAAAAAAAAQAAAAAAAAAAAAAAAOAAAAEAAAAAAAAAABAAAADgAAAAgAAAAAAAAACAAAAAAAAAA= --mojo-platform-channel-handle=4452 --field-trial-handle=1912,i,7965713243763285130,16507142011549390309,131072 /prefetch:2",
   "TargetUserSid": "S-1-0-0",
   "TargetUserName": "-",
   "TargetDomainName": "-",
   "TargetLogonId": 0,
   "ParentProcessName": "C:\\Program Files (x86)\\Microsoft\\Edge\\Application\\msedge.exe",
   "MandatoryLabel": "S-1-16-8192"
  },
  "Message": ""
 }
{
  "System": {
   "Provider": {
    "Name": "Microsoft-Windows-Security-Auditing",
    "Guid": "54849625-5478-4994-A5BA-3E3B0328C30D"
   },
   "EventID": {
    "Value": 4688
   },
   "Version": 2,
   "Level": 0,
   "Task": 13312,
   "Opcode": 0,
   "Keywords": 9232379236109516800,
   "TimeCreated": {
    "SystemTime": 1678360397.401216
   },
   "EventRecordID": 3170,
   "Correlation": {},
   "Execution": {
    "ProcessID": 4,
    "ThreadID": 2952
   },
   "Channel": "Security",
   "Computer": "DESKTOP-NKRHNTH",
   "Security": {}
  },
  "EventData": {
   "SubjectUserSid": "S-1-5-18",
   "SubjectUserName": "DESKTOP-NKRHNTH$",
   "SubjectDomainName": "WORKGROUP",
   "SubjectLogonId": 999,
   "NewProcessId": 1564,
   "NewProcessName": "C:\\Program Files (x86)\\Microsoft\\EdgeUpdate\\MicrosoftEdgeUpdate.exe",
   "TokenElevationType": "%%1936",
   "ProcessId": 620,
   "CommandLine": "\"C:\\Program Files (x86)\\Microsoft\\EdgeUpdate\\MicrosoftEdgeUpdate.exe\" /svc",
   "TargetUserSid": "S-1-0-0",
   "TargetUserName": "-",
   "TargetDomainName": "-",
   "TargetLogonId": 0,
   "ParentProcessName": "C:\\Windows\\System32\\services.exe",
   "MandatoryLabel": "S-1-16-16384"
  },
  "Message": ""
 }
{
  "System": {
   "Provider": {
    "Name": "Microsoft-Windows-Security-Auditing",
    "Guid": "54849625-5478-4994-A5BA-3E3B0328C30D"
   },
   "EventID": {
    "Value": 4688
   },
   "Version": 2,
   "Level": 0,
   "Task": 13312,
   "Opcode": 0,
   "Keywords": 9232379236109516800,
   "TimeCreated": {
    "SystemTime": 1678360397.4598336
   },
   "EventRecordID": 3171,
   "Correlation": {},
   "Execution": {
    "ProcessID": 4,
    "ThreadID": 184
   },
   "Channel": "Security",
   "Computer": "DESKTOP-NKRHNTH",
   "Security": {}
  },
  "EventData": {
   "SubjectUserSid": "S-1-5-18",
   "SubjectUserName": "DESKTOP-NKRHNTH$",
   "SubjectDomainName": "WORKGROUP",
   "SubjectLogonId": 999,
   "NewProcessId": 1700,
   "NewProcessName": "C:\\Program Files (x86)\\Microsoft\\EdgeUpdate\\MicrosoftEdgeUpdate.exe",
   "TokenElevationType": "%%1936",
   "ProcessId": 1564,
   "CommandLine": "\"C:\\Program Files (x86)\\Microsoft\\EdgeUpdate\\MicrosoftEdgeUpdate.exe\" /c",
   "TargetUserSid": "S-1-0-0",
   "TargetUserName": "-",
   "TargetDomainName": "-",
   "TargetLogonId": 0,
   "ParentProcessName": "C:\\Program Files (x86)\\Microsoft\\EdgeUpdate\\MicrosoftEdgeUpdate.exe",
   "MandatoryLabel": "S-1-16-16384"
  },
  "Message": ""
 }
{
  "System": {
   "Provider": {
    "Name": "Microsoft-Windows-Security-Auditing",
    "Guid": "54849625-5478-4994-A5BA-3E3B0328C30D"
   },
   "EventID": {
    "Value": 4688
   },
   "Version": 2,
   "Level": 0,
   "Task": 13312,
   "Opcode": 0,
   "Keywords": 9232379236109516800,
   "TimeCreated": {
    "SystemTime": 1678360397.588864
   },
   "EventRecordID": 3172,
   "Correlation": {},
   "Execution": {
    "ProcessID": 4,
    "ThreadID": 3012
   },
   "Channel": "Security",
   "Computer": "DESKTOP-NKRHNTH",
   "Security": {}
  },
  "EventData": {
   "SubjectUserSid": "S-1-5-18",
   "SubjectUserName": "DESKTOP-NKRHNTH$",
   "SubjectDomainName": "WORKGROUP",
   "SubjectLogonId": 999,
   "NewProcessId": 1932,
   "NewProcessName": "C:\\Windows\\System32\\svchost.exe",
   "TokenElevationType": "%%1936",
   "ProcessId": 620,
   "CommandLine": "C:\\Windows\\System32\\svchost.exe -k NetworkService -p",
   "TargetUserSid": "S-1-0-0",
   "TargetUserName": "DESKTOP-NKRHNTH$",
   "TargetDomainName": "WORKGROUP",
   "TargetLogonId": 996,
   "ParentProcessName": "C:\\Windows\\System32\\services.exe",
   "MandatoryLabel": "S-1-16-16384"
  },
  "Message": ""
 }
{
  "System": {
   "Provider": {
    "Name": "Microsoft-Windows-Security-Auditing",
    "Guid": "54849625-5478-4994-A5BA-3E3B0328C30D"
   },
   "EventID": {
    "Value": 4688
   },
   "Version": 2,
   "Level": 0,
   "Task": 13312,
   "Opcode": 0,
   "Keywords": 9232379236109516800,
   "TimeCreated": {
    "SystemTime": 1678360397.7304096
   },
   "EventRecordID": 3173,
   "Correlation": {},
   "Execution": {
    "ProcessID": 4,
    "ThreadID": 6180
   },
   "Channel": "Security",
   "Computer": "DESKTOP-NKRHNTH",
   "Security": {}
  },
  "EventData": {
   "SubjectUserSid": "S-1-5-18",
   "SubjectUserName": "DESKTOP-NKRHNTH$",
   "SubjectDomainName": "WORKGROUP",
   "SubjectLogonId": 999,
   "NewProcessId": 2100,
   "NewProcessName": "C:\\Windows\\System32\\SgrmBroker.exe",
   "TokenElevationType": "%%1936",
   "ProcessId": 620,
   "CommandLine": "C:\\Windows\\system32\\SgrmBroker.exe",
   "TargetUserSid": "S-1-0-0",
   "TargetUserName": "-",
   "TargetDomainName": "-",
   "TargetLogonId": 0,
   "ParentProcessName": "C:\\Windows\\System32\\services.exe",
   "MandatoryLabel": "S-1-16-16384"
  },
  "Message": ""
 }
{
  "System": {
   "Provider": {
    "Name": "Microsoft-Windows-Security-Auditing",
    "Guid": "54849625-5478-4994-A5BA-3E3B0328C30D"
   },
   "EventID": {
    "Value": 4688
   },
   "Version": 2,
   "Level": 0,
   "Task": 13312,
   "Opcode": 0,
   "Keywords": 9232379236109516800,
   "TimeCreated": {
    "SystemTime": 1678360397.8765073
   },
   "EventRecordID": 3174,
   "Correlation": {},
   "Execution": {
    "ProcessID": 4,
    "ThreadID": 6180
   },
   "Channel": "Security",
   "Computer": "DESKTOP-NKRHNTH",
   "Security": {}
  },
  "EventData": {
   "SubjectUserSid": "S-1-5-18",
   "SubjectUserName": "DESKTOP-NKRHNTH$",
   "SubjectDomainName": "WORKGROUP",
   "SubjectLogonId": 999,
   "NewProcessId": 2384,
   "NewProcessName": "C:\\Windows\\System32\\sppsvc.exe",
   "TokenElevationType": "%%1936",
   "ProcessId": 620,
   "CommandLine": "C:\\Windows\\system32\\sppsvc.exe",
   "TargetUserSid": "S-1-0-0",
   "TargetUserName": "DESKTOP-NKRHNTH$",
   "TargetDomainName": "WORKGROUP",
   "TargetLogonId": 996,
   "ParentProcessName": "C:\\Windows\\System32\\services.exe",
   "MandatoryLabel": "S-1-16-16384"
  },
  "Message": ""
 }
{
  "System": {
   "Provider": {
    "Name": "Microsoft-Windows-Security-Auditing",
    "Guid": "54849625-5478-4994-A5BA-3E3B0328C30D"
   },
   "EventID": {
    "Value": 4688
   },
   "Version": 2,
   "Level": 0,
   "Task": 13312,
   "Opcode": 0,
   "Keywords": 9232379236109516800,
   "TimeCreated": {
    "SystemTime": 1678360398.0482736
   },
   "EventRecordID": 3175,
   "Correlation": {},
   "Execution": {
    "ProcessID": 4,
    "ThreadID": 184
   },
   "Channel": "Security",
   "Computer": "DESKTOP-NKRHNTH",
   "Security": {}
  },
  "EventData": {
   "SubjectUserSid": "S-1-5-18",
   "SubjectUserName": "DESKTOP-NKRHNTH$",
   "SubjectDomainName": "WORKGROUP",
   "SubjectLogonId": 999,
   "NewProcessId": 2856,
   "NewProcessName": "C:\\Program Files\\Microsoft Update Health Tools\\uhssvc.exe",
   "TokenElevationType": "%%1936",
   "ProcessId": 620,
   "CommandLine": "\"C:\\Program Files\\Microsoft Update Health Tools\\uhssvc.exe\"",
   "TargetUserSid": "S-1-0-0",
   "TargetUserName": "-",
   "TargetDomainName": "-",
   "TargetLogonId": 0,
   "ParentProcessName": "C:\\Windows\\System32\\services.exe",
   "MandatoryLabel": "S-1-16-16384"
  },
  "Message": ""
 }
{
  "System": {
   "Provider": {
    "Name": "Microsoft-Windows-Security-Auditing",
    "Guid": "54849625-5478-4994-A5BA-3E3B0328C30D"
   },
   "EventID": {
    "Value": 4688
   },
   "Version": 2,
   "Level": 0,
   "Task": 13312,
   "Opcode": 0,
   "Keywords": 9232379236109516800,
   "TimeCreated": {
    "SystemTime": 1678360398.2035391
   },
   "EventRecordID": 3176,
   "Correlation": {},
   "Execution": {
    "ProcessID": 4,
    "ThreadID": 184
   },
   "Channel": "Security",
   "Computer": "DESKTOP-NKRHNTH",
   "Security": {}
  },
  "EventData": {
   "SubjectUserSid": "S-1-5-18",
   "SubjectUserName": "DESKTOP-NKRHNTH$",
   "SubjectDomainName": "WORKGROUP",
   "SubjectLogonId": 999,
   "NewProcessId": 3256,
   "NewProcessName": "C:\\Windows\\System32\\svchost.exe",
   "TokenElevationType": "%%1936",
   "ProcessId": 620,
   "CommandLine": "C:\\Windows\\System32\\svchost.exe -k LocalServiceNetworkRestricted -p -s wscsvc",
   "TargetUserSid": "S-1-5-19",
   "TargetUserName": "LOCAL SERVICE",
   "TargetDomainName": "NT AUTHORITY",
   "TargetLogonId": 997,
   "ParentProcessName": "C:\\Windows\\System32\\services.exe",
   "MandatoryLabel": "S-1-16-16384"
  },
  "Message": ""
 }
{
  "System": {
   "Provider": {
    "Name": "Microsoft-Windows-Security-Auditing",
    "Guid": "54849625-5478-4994-A5BA-3E3B0328C30D"
   },
   "EventID": {
    "Value": 4688
   },
   "Version": 2,
   "Level": 0,
   "Task": 13312,
   "Opcode": 0,
   "Keywords": 9232379236109516800,
   "TimeCreated": {
    "SystemTime": 1678360431.7171936
   },
   "EventRecordID": 3177,
   "Correlation": {},
   "Execution": {
    "ProcessID": 4,
    "ThreadID": 184
   },
   "Channel": "Security",
   "Computer": "DESKTOP-NKRHNTH",
   "Security": {}
  },
  "EventData": {
   "SubjectUserSid": "S-1-5-18",
   "SubjectUserName": "DESKTOP-NKRHNTH$",
   "SubjectDomainName": "WORKGROUP",
   "SubjectLogonId": 999,
   "NewProcessId": 5416,
   "NewProcessName": "C:\\Windows\\System32\\wermgr.exe",
   "TokenElevationType": "%%1936",
   "ProcessId": 1760,
   "CommandLine": "C:\\Windows\\system32\\wermgr.exe -upload",
   "TargetUserSid": "S-1-0-0",
   "TargetUserName": "-",
   "TargetDomainName": "-",
   "TargetLogonId": 0,
   "ParentProcessName": "C:\\Windows\\System32\\svchost.exe",
   "MandatoryLabel": "S-1-16-16384"
  },
  "Message": ""
 }
{
  "System": {
   "Provider": {
    "Name": "Microsoft-Windows-Security-Auditing",
    "Guid": "54849625-5478-4994-A5BA-3E3B0328C30D"
   },
   "EventID": {
    "Value": 4688
   },
   "Version": 2,
   "Level": 0,
   "Task": 13312,
   "Opcode": 0,
   "Keywords": 9232379236109516800,
   "TimeCreated": {
    "SystemTime": 1678360435.5257952
   },
   "EventRecordID": 3178,
   "Correlation": {},
   "Execution": {
    "ProcessID": 4,
    "ThreadID": 184
   },
   "Channel": "Security",
   "Computer": "DESKTOP-NKRHNTH",
   "Security": {}
  },
  "EventData": {
   "SubjectUserSid": "S-1-5-18",
   "SubjectUserName": "DESKTOP-NKRHNTH$",
   "SubjectDomainName": "WORKGROUP",
   "SubjectLogonId": 999,
   "NewProcessId": 8492,
   "NewProcessName": "C:\\Windows\\System32\\taskhostw.exe",
   "TokenElevationType": "%%1936",
   "ProcessId": 1760,
   "CommandLine": "taskhostw.exe",
   "TargetUserSid": "S-1-0-0",
   "TargetUserName": "-",
   "TargetDomainName": "-",
   "TargetLogonId": 0,
   "ParentProcessName": "C:\\Windows\\System32\\svchost.exe",
   "MandatoryLabel": "S-1-16-16384"
  },
  "Message": ""
 }
{
  "System": {
   "Provider": {
    "Name": "Microsoft-Windows-Security-Auditing",
    "Guid": "54849625-5478-4994-A5BA-3E3B0328C30D"
   },
   "EventID": {
    "Value": 4688
   },
   "Version": 2,
   "Level": 0,
   "Task": 13312,
   "Opcode": 0,
   "Keywords": 9232379236109516800,
   "TimeCreated": {
    "SystemTime": 1678360491.6143873
   },
   "EventRecordID": 3179,
   "Correlation": {},
   "Execution": {
    "ProcessID": 4,
    "ThreadID": 6180
   },
   "Channel": "Security",
   "Computer": "DESKTOP-NKRHNTH",
   "Security": {}
  },
  "EventData": {
   "SubjectUserSid": "S-1-5-18",
   "SubjectUserName": "DESKTOP-NKRHNTH$",
   "SubjectDomainName": "WORKGROUP",
   "SubjectLogonId": 999,
   "NewProcessId": 6888,
   "NewProcessName": "C:\\Windows\\System32\\wbem\\WMIADAP.exe",
   "TokenElevationType": "%%1936",
   "ProcessId": 2308,
   "CommandLine": "wmiadap.exe /F /T /R",
   "TargetUserSid": "S-1-0-0",
   "TargetUserName": "-",
   "TargetDomainName": "-",
   "TargetLogonId": 0,
   "ParentProcessName": "C:\\Windows\\System32\\svchost.exe",
   "MandatoryLabel": "S-1-16-16384"
  },
  "Message": ""
 }
{
  "System": {
   "Provider": {
    "Name": "Microsoft-Windows-Security-Auditing",
    "Guid": "54849625-5478-4994-A5BA-3E3B0328C30D"
   },
   "EventID": {
    "Value": 4688
   },
   "Version": 2,
   "Level": 0,
   "Task": 13312,
   "Opcode": 0,
   "Keywords": 9232379236109516800,
   "TimeCreated": {
    "SystemTime": 1678360575.0103743
   },
   "EventRecordID": 3180,
   "Correlation": {},
   "Execution": {
    "ProcessID": 4,
    "ThreadID": 4192
   },
   "Channel": "Security",
   "Computer": "DESKTOP-NKRHNTH",
   "Security": {}
  },
  "EventData": {
   "SubjectUserSid": "S-1-5-21-2432649696-552975611-3203061244-1001",
   "SubjectUserName": "Pandora",
   "SubjectDomainName": "DESKTOP-NKRHNTH",
   "SubjectLogonId": 117462,
   "NewProcessId": 4316,
   "NewProcessName": "C:\\Program Files (x86)\\Microsoft\\Edge\\Application\\msedge.exe",
   "TokenElevationType": "%%1938",
   "ProcessId": 8088,
   "CommandLine": "\"C:\\Program Files (x86)\\Microsoft\\Edge\\Application\\msedge.exe\" --type=utility --utility-sub-type=entity_extraction_service.mojom.Extractor --lang=en-US --service-sandbox-type=entity_extraction --onnx-enabled-for-ee --mojo-platform-channel-handle=764 --field-trial-handle=1912,i,7965713243763285130,16507142011549390309,131072 /prefetch:8",
   "TargetUserSid": "S-1-0-0",
   "TargetUserName": "-",
   "TargetDomainName": "-",
   "TargetLogonId": 0,
   "ParentProcessName": "C:\\Program Files (x86)\\Microsoft\\Edge\\Application\\msedge.exe",
   "MandatoryLabel": "S-1-16-4096"
  },
  "Message": ""
 }
{
  "System": {
   "Provider": {
    "Name": "Microsoft-Windows-Security-Auditing",
    "Guid": "54849625-5478-4994-A5BA-3E3B0328C30D"
   },
   "EventID": {
    "Value": 4688
   },
   "Version": 2,
   "Level": 0,
   "Task": 13312,
   "Opcode": 0,
   "Keywords": 9232379236109516800,
   "TimeCreated": {
    "SystemTime": 1678360671.2086833
   },
   "EventRecordID": 3181,
   "Correlation": {},
   "Execution": {
    "ProcessID": 4,
    "ThreadID": 3012
   },
   "Channel": "Security",
   "Computer": "DESKTOP-NKRHNTH",
   "Security": {}
  },
  "EventData": {
   "SubjectUserSid": "S-1-5-18",
   "SubjectUserName": "DESKTOP-NKRHNTH$",
   "SubjectDomainName": "WORKGROUP",
   "SubjectLogonId": 999,
   "NewProcessId": 7776,
   "NewProcessName": "C:\\Windows\\System32\\MusNotification.exe",
   "TokenElevationType": "%%1936",
   "ProcessId": 1760,
   "CommandLine": "C:\\Windows\\system32\\MusNotification.exe",
   "TargetUserSid": "S-1-0-0",
   "TargetUserName": "-",
   "TargetDomainName": "-",
   "TargetLogonId": 0,
   "ParentProcessName": "C:\\Windows\\System32\\svchost.exe",
   "MandatoryLabel": "S-1-16-16384"
  },
  "Message": ""
 }
{
  "System": {
   "Provider": {
    "Name": "Microsoft-Windows-Security-Auditing",
    "Guid": "54849625-5478-4994-A5BA-3E3B0328C30D"
   },
   "EventID": {
    "Value": 4688
   },
   "Version": 2,
   "Level": 0,
   "Task": 13312,
   "Opcode": 0,
   "Keywords": 9232379236109516800,
   "TimeCreated": {
    "SystemTime": 1678360671.227816
   },
   "EventRecordID": 3182,
   "Correlation": {},
   "Execution": {
    "ProcessID": 4,
    "ThreadID": 3012
   },
   "Channel": "Security",
   "Computer": "DESKTOP-NKRHNTH",
   "Security": {}
  },
  "EventData": {
   "SubjectUserSid": "S-1-5-18",
   "SubjectUserName": "DESKTOP-NKRHNTH$",
   "SubjectDomainName": "WORKGROUP",
   "SubjectLogonId": 999,
   "NewProcessId": 7496,
   "NewProcessName": "C:\\Windows\\System32\\rundll32.exe",
   "TokenElevationType": "%%1936",
   "ProcessId": 1760,
   "CommandLine": "C:\\Windows\\system32\\rundll32.exe C:\\Windows\\system32\\PcaSvc.dll,PcaPatchSdbTask",
   "TargetUserSid": "S-1-0-0",
   "TargetUserName": "-",
   "TargetDomainName": "-",
   "TargetLogonId": 0,
   "ParentProcessName": "C:\\Windows\\System32\\svchost.exe",
   "MandatoryLabel": "S-1-16-16384"
  },
  "Message": ""
 }
{
  "System": {
   "Provider": {
    "Name": "Microsoft-Windows-Security-Auditing",
    "Guid": "54849625-5478-4994-A5BA-3E3B0328C30D"
   },
   "EventID": {
    "Value": 4688
   },
   "Version": 2,
   "Level": 0,
   "Task": 13312,
   "Opcode": 0,
   "Keywords": 9232379236109516800,
   "TimeCreated": {
    "SystemTime": 1678360671.2292032
   },
   "EventRecordID": 3183,
   "Correlation": {},
   "Execution": {
    "ProcessID": 4,
    "ThreadID": 3012
   },
   "Channel": "Security",
   "Computer": "DESKTOP-NKRHNTH",
   "Security": {}
  },
  "EventData": {
   "SubjectUserSid": "S-1-5-18",
   "SubjectUserName": "DESKTOP-NKRHNTH$",
   "SubjectDomainName": "WORKGROUP",
   "SubjectLogonId": 999,
   "NewProcessId": 7492,
   "NewProcessName": "C:\\Windows\\System32\\sc.exe",
   "TokenElevationType": "%%1936",
   "ProcessId": 1760,
   "CommandLine": "C:\\Windows\\system32\\sc.exe start pushtoinstall registration",
   "TargetUserSid": "S-1-0-0",
   "TargetUserName": "-",
   "TargetDomainName": "-",
   "TargetLogonId": 0,
   "ParentProcessName": "C:\\Windows\\System32\\svchost.exe",
   "MandatoryLabel": "S-1-16-16384"
  },
  "Message": ""
 }
{
  "System": {
   "Provider": {
    "Name": "Microsoft-Windows-Security-Auditing",
    "Guid": "54849625-5478-4994-A5BA-3E3B0328C30D"
   },
   "EventID": {
    "Value": 4688
   },
   "Version": 2,
   "Level": 0,
   "Task": 13312,
   "Opcode": 0,
   "Keywords": 9232379236109516800,
   "TimeCreated": {
    "SystemTime": 1678360671.2320127
   },
   "EventRecordID": 3184,
   "Correlation": {},
   "Execution": {
    "ProcessID": 4,
    "ThreadID": 3012
   },
   "Channel": "Security",
   "Computer": "DESKTOP-NKRHNTH",
   "Security": {}
  },
  "EventData": {
   "SubjectUserSid": "S-1-5-18",
   "SubjectUserName": "DESKTOP-NKRHNTH$",
   "SubjectDomainName": "WORKGROUP",
   "SubjectLogonId": 999,
   "NewProcessId": 7632,
   "NewProcessName": "C:\\Windows\\System32\\UsoClient.exe",
   "TokenElevationType": "%%1936",
   "ProcessId": 1760,
   "CommandLine": "C:\\Windows\\system32\\usoclient.exe StartScan",
   "TargetUserSid": "S-1-0-0",
   "TargetUserName": "-",
   "TargetDomainName": "-",
   "TargetLogonId": 0,
   "ParentProcessName": "C:\\Windows\\System32\\svchost.exe",
   "MandatoryLabel": "S-1-16-16384"
  },
  "Message": ""
 }
{
  "System": {
   "Provider": {
    "Name": "Microsoft-Windows-Security-Auditing",
    "Guid": "54849625-5478-4994-A5BA-3E3B0328C30D"
   },
   "EventID": {
    "Value": 4688
   },
   "Version": 2,
   "Level": 0,
   "Task": 13312,
   "Opcode": 0,
   "Keywords": 9232379236109516800,
   "TimeCreated": {
    "SystemTime": 1678360671.2487168
   },
   "EventRecordID": 3185,
   "Correlation": {},
   "Execution": {
    "ProcessID": 4,
    "ThreadID": 6184
   },
   "Channel": "Security",
   "Computer": "DESKTOP-NKRHNTH",
   "Security": {}
  },
  "EventData": {
   "SubjectUserSid": "S-1-5-18",
   "SubjectUserName": "DESKTOP-NKRHNTH$",
   "SubjectDomainName": "WORKGROUP",
   "SubjectLogonId": 999,
   "NewProcessId": 7552,
   "NewProcessName": "C:\\Windows\\System32\\DeviceCensus.exe",
   "TokenElevationType": "%%1936",
   "ProcessId": 1760,
   "CommandLine": "C:\\Windows\\system32\\devicecensus.exe SystemCxt",
   "TargetUserSid": "S-1-0-0",
   "TargetUserName": "-",
   "TargetDomainName": "-",
   "TargetLogonId": 0,
   "ParentProcessName": "C:\\Windows\\System32\\svchost.exe",
   "MandatoryLabel": "S-1-16-16384"
  },
  "Message": ""
 }
{
  "System": {
   "Provider": {
    "Name": "Microsoft-Windows-Security-Auditing",
    "Guid": "54849625-5478-4994-A5BA-3E3B0328C30D"
   },
   "EventID": {
    "Value": 4688
   },
   "Version": 2,
   "Level": 0,
   "Task": 13312,
   "Opcode": 0,
   "Keywords": 9232379236109516800,
   "TimeCreated": {
    "SystemTime": 1678360671.2492113
   },
   "EventRecordID": 3186,
   "Correlation": {},
   "Execution": {
    "ProcessID": 4,
    "ThreadID": 6184
   },
   "Channel": "Security",
   "Computer": "DESKTOP-NKRHNTH",
   "Security": {}
  },
  "EventData": {
   "SubjectUserSid": "S-1-5-18",
   "SubjectUserName": "DESKTOP-NKRHNTH$",
   "SubjectDomainName": "WORKGROUP",
   "SubjectLogonId": 999,
   "NewProcessId": 7608,
   "NewProcessName": "C:\\Windows\\System32\\CompatTelRunner.exe",
   "TokenElevationType": "%%1936",
   "ProcessId": 1760,
   "CommandLine": "C:\\Windows\\system32\\compattelrunner.exe",
   "TargetUserSid": "S-1-0-0",
   "TargetUserName": "-",
   "TargetDomainName": "-",
   "TargetLogonId": 0,
   "ParentProcessName": "C:\\Windows\\System32\\svchost.exe",
   "MandatoryLabel": "S-1-16-16384"
  },
  "Message": ""
 }
{
  "System": {
   "Provider": {
    "Name": "Microsoft-Windows-Security-Auditing",
    "Guid": "54849625-5478-4994-A5BA-3E3B0328C30D"
   },
   "EventID": {
    "Value": 4688
   },
   "Version": 2,
   "Level": 0,
   "Task": 13312,
   "Opcode": 0,
   "Keywords": 9232379236109516800,
   "TimeCreated": {
    "SystemTime": 1678360671.2554047
   },
   "EventRecordID": 3187,
   "Correlation": {},
   "Execution": {
    "ProcessID": 4,
    "ThreadID": 6184
   },
   "Channel": "Security",
   "Computer": "DESKTOP-NKRHNTH",
   "Security": {}
  },
  "EventData": {
   "SubjectUserSid": "S-1-5-18",
   "SubjectUserName": "DESKTOP-NKRHNTH$",
   "SubjectDomainName": "WORKGROUP",
   "SubjectLogonId": 999,
   "NewProcessId": 7060,
   "NewProcessName": "C:\\Windows\\System32\\conhost.exe",
   "TokenElevationType": "%%1936",
   "ProcessId": 7492,
   "CommandLine": "\\??\\C:\\Windows\\system32\\conhost.exe 0xffffffff -ForceV1",
   "TargetUserSid": "S-1-0-0",
   "TargetUserName": "-",
   "TargetDomainName": "-",
   "TargetLogonId": 0,
   "ParentProcessName": "C:\\Windows\\System32\\sc.exe",
   "MandatoryLabel": "S-1-16-16384"
  },
  "Message": ""
 }
{
  "System": {
   "Provider": {
    "Name": "Microsoft-Windows-Security-Auditing",
    "Guid": "54849625-5478-4994-A5BA-3E3B0328C30D"
   },
   "EventID": {
    "Value": 4688
   },
   "Version": 2,
   "Level": 0,
   "Task": 13312,
   "Opcode": 0,
   "Keywords": 9232379236109516800,
   "TimeCreated": {
    "SystemTime": 1678360671.27196
   },
   "EventRecordID": 3188,
   "Correlation": {},
   "Execution": {
    "ProcessID": 4,
    "ThreadID": 6184
   },
   "Channel": "Security",
   "Computer": "DESKTOP-NKRHNTH",
   "Security": {}
  },
  "EventData": {
   "SubjectUserSid": "S-1-5-18",
   "SubjectUserName": "DESKTOP-NKRHNTH$",
   "SubjectDomainName": "WORKGROUP",
   "SubjectLogonId": 999,
   "NewProcessId": 7780,
   "NewProcessName": "C:\\Windows\\System32\\conhost.exe",
   "TokenElevationType": "%%1936",
   "ProcessId": 7608,
   "CommandLine": "\\??\\C:\\Windows\\system32\\conhost.exe 0xffffffff -ForceV1",
   "TargetUserSid": "S-1-0-0",
   "TargetUserName": "-",
   "TargetDomainName": "-",
   "TargetLogonId": 0,
   "ParentProcessName": "C:\\Windows\\System32\\CompatTelRunner.exe",
   "MandatoryLabel": "S-1-16-16384"
  },
  "Message": ""
 }
{
  "System": {
   "Provider": {
    "Name": "Microsoft-Windows-Security-Auditing",
    "Guid": "54849625-5478-4994-A5BA-3E3B0328C30D"
   },
   "EventID": {
    "Value": 4688
   },
   "Version": 2,
   "Level": 0,
   "Task": 13312,
   "Opcode": 0,
   "Keywords": 9232379236109516800,
   "TimeCreated": {
    "SystemTime": 1678360671.2773087
   },
   "EventRecordID": 3189,
   "Correlation": {},
   "Execution": {
    "ProcessID": 4,
    "ThreadID": 6184
   },
   "Channel": "Security",
   "Computer": "DESKTOP-NKRHNTH",
   "Security": {}
  },
  "EventData": {
   "SubjectUserSid": "S-1-5-18",
   "SubjectUserName": "DESKTOP-NKRHNTH$",
   "SubjectDomainName": "WORKGROUP",
   "SubjectLogonId": 999,
   "NewProcessId": 712,
   "NewProcessName": "C:\\Windows\\System32\\MoUsoCoreWorker.exe",
   "TokenElevationType": "%%1936",
   "ProcessId": 780,
   "CommandLine": "C:\\Windows\\System32\\mousocoreworker.exe -Embedding",
   "TargetUserSid": "S-1-0-0",
   "TargetUserName": "-",
   "TargetDomainName": "-",
   "TargetLogonId": 0,
   "ParentProcessName": "C:\\Windows\\System32\\svchost.exe",
   "MandatoryLabel": "S-1-16-16384"
  },
  "Message": ""
 }
{
  "System": {
   "Provider": {
    "Name": "Microsoft-Windows-Security-Auditing",
    "Guid": "54849625-5478-4994-A5BA-3E3B0328C30D"
   },
   "EventID": {
    "Value": 4688
   },
   "Version": 2,
   "Level": 0,
   "Task": 13312,
   "Opcode": 0,
   "Keywords": 9232379236109516800,
   "TimeCreated": {
    "SystemTime": 1678360671.3386192
   },
   "EventRecordID": 3190,
   "Correlation": {},
   "Execution": {
    "ProcessID": 4,
    "ThreadID": 272
   },
   "Channel": "Security",
   "Computer": "DESKTOP-NKRHNTH",
   "Security": {}
  },
  "EventData": {
   "SubjectUserSid": "S-1-5-18",
   "SubjectUserName": "DESKTOP-NKRHNTH$",
   "SubjectDomainName": "WORKGROUP",
   "SubjectLogonId": 999,
   "NewProcessId": 1228,
   "NewProcessName": "C:\\Windows\\System32\\svchost.exe",
   "TokenElevationType": "%%1936",
   "ProcessId": 620,
   "CommandLine": "C:\\Windows\\System32\\svchost.exe -k netsvcs -p -s PushToInstall",
   "TargetUserSid": "S-1-0-0",
   "TargetUserName": "-",
   "TargetDomainName": "-",
   "TargetLogonId": 0,
   "ParentProcessName": "C:\\Windows\\System32\\services.exe",
   "MandatoryLabel": "S-1-16-16384"
  },
  "Message": ""
 }
{
  "System": {
   "Provider": {
    "Name": "Microsoft-Windows-Security-Auditing",
    "Guid": "54849625-5478-4994-A5BA-3E3B0328C30D"
   },
   "EventID": {
    "Value": 4688
   },
   "Version": 2,
   "Level": 0,
   "Task": 13312,
   "Opcode": 0,
   "Keywords": 9232379236109516800,
   "TimeCreated": {
    "SystemTime": 1678360671.5293248
   },
   "EventRecordID": 3191,
   "Correlation": {},
   "Execution": {
    "ProcessID": 4,
    "ThreadID": 6184
   },
   "Channel": "Security",
   "Computer": "DESKTOP-NKRHNTH",
   "Security": {}
  },
  "EventData": {
   "SubjectUserSid": "S-1-5-18",
   "SubjectUserName": "DESKTOP-NKRHNTH$",
   "SubjectDomainName": "WORKGROUP",
   "SubjectLogonId": 999,
   "NewProcessId": 4440,
   "NewProcessName": "C:\\Windows\\System32\\CompatTelRunner.exe",
   "TokenElevationType": "%%1936",
   "ProcessId": 7608,
   "CommandLine": "C:\\Windows\\system32\\CompatTelRunner.exe -m:appraiser.dll -f:DoScheduledTelemetryRun -cv:Vgblghosw066vZ6U.1",
   "TargetUserSid": "S-1-0-0",
   "TargetUserName": "-",
   "TargetDomainName": "-",
   "TargetLogonId": 0,
   "ParentProcessName": "C:\\Windows\\System32\\CompatTelRunner.exe",
   "MandatoryLabel": "S-1-16-16384"
  },
  "Message": ""
 }
{
  "System": {
   "Provider": {
    "Name": "Microsoft-Windows-Security-Auditing",
    "Guid": "54849625-5478-4994-A5BA-3E3B0328C30D"
   },
   "EventID": {
    "Value": 4688
   },
   "Version": 2,
   "Level": 0,
   "Task": 13312,
   "Opcode": 0,
   "Keywords": 9232379236109516800,
   "TimeCreated": {
    "SystemTime": 1678360671.7519104
   },
   "EventRecordID": 3192,
   "Correlation": {},
   "Execution": {
    "ProcessID": 4,
    "ThreadID": 272
   },
   "Channel": "Security",
   "Computer": "DESKTOP-NKRHNTH",
   "Security": {}
  },
  "EventData": {
   "SubjectUserSid": "S-1-5-18",
   "SubjectUserName": "DESKTOP-NKRHNTH$",
   "SubjectDomainName": "WORKGROUP",
   "SubjectLogonId": 999,
   "NewProcessId": 2548,
   "NewProcessName": "C:\\Windows\\servicing\\TrustedInstaller.exe",
   "TokenElevationType": "%%1936",
   "ProcessId": 620,
   "CommandLine": "C:\\Windows\\servicing\\TrustedInstaller.exe",
   "TargetUserSid": "S-1-0-0",
   "TargetUserName": "-",
   "TargetDomainName": "-",
   "TargetLogonId": 0,
   "ParentProcessName": "C:\\Windows\\System32\\services.exe",
   "MandatoryLabel": "S-1-16-16384"
  },
  "Message": ""
 }
{
  "System": {
   "Provider": {
    "Name": "Microsoft-Windows-Security-Auditing",
    "Guid": "54849625-5478-4994-A5BA-3E3B0328C30D"
   },
   "EventID": {
    "Value": 4688
   },
   "Version": 2,
   "Level": 0,
   "Task": 13312,
   "Opcode": 0,
   "Keywords": 9232379236109516800,
   "TimeCreated": {
    "SystemTime": 1678360671.8120208
   },
   "EventRecordID": 3193,
   "Correlation": {},
   "Execution": {
    "ProcessID": 4,
    "ThreadID": 3012
   },
   "Channel": "Security",
   "Computer": "DESKTOP-NKRHNTH",
   "Security": {}
  },
  "EventData": {
   "SubjectUserSid": "S-1-5-18",
   "SubjectUserName": "DESKTOP-NKRHNTH$",
   "SubjectDomainName": "WORKGROUP",
   "SubjectLogonId": 999,
   "NewProcessId": 3620,
   "NewProcessName": "C:\\Windows\\System32\\sppsvc.exe",
   "TokenElevationType": "%%1936",
   "ProcessId": 620,
   "CommandLine": "C:\\Windows\\system32\\sppsvc.exe",
   "TargetUserSid": "S-1-0-0",
   "TargetUserName": "DESKTOP-NKRHNTH$",
   "TargetDomainName": "WORKGROUP",
   "TargetLogonId": 996,
   "ParentProcessName": "C:\\Windows\\System32\\services.exe",
   "MandatoryLabel": "S-1-16-16384"
  },
  "Message": ""
 }
{
  "System": {
   "Provider": {
    "Name": "Microsoft-Windows-Security-Auditing",
    "Guid": "54849625-5478-4994-A5BA-3E3B0328C30D"
   },
   "EventID": {
    "Value": 4688
   },
   "Version": 2,
   "Level": 0,
   "Task": 13312,
   "Opcode": 0,
   "Keywords": 9232379236109516800,
   "TimeCreated": {
    "SystemTime": 1678360671.8268688
   },
   "EventRecordID": 3194,
   "Correlation": {},
   "Execution": {
    "ProcessID": 4,
    "ThreadID": 3012
   },
   "Channel": "Security",
   "Computer": "DESKTOP-NKRHNTH",
   "Security": {}
  },
  "EventData": {
   "SubjectUserSid": "S-1-5-18",
   "SubjectUserName": "DESKTOP-NKRHNTH$",
   "SubjectDomainName": "WORKGROUP",
   "SubjectLogonId": 999,
   "NewProcessId": 3540,
   "NewProcessName": "C:\\Windows\\WinSxS\\amd64_microsoft-windows-servicingstack_31bf3856ad364e35_10.0.19041.2300_none_7e14edbc7c88b7d5\\TiWorker.exe",
   "TokenElevationType": "%%1936",
   "ProcessId": 780,
   "CommandLine": "C:\\Windows\\winsxs\\amd64_microsoft-windows-servicingstack_31bf3856ad364e35_10.0.19041.2300_none_7e14edbc7c88b7d5\\TiWorker.exe -Embedding",
   "TargetUserSid": "S-1-0-0",
   "TargetUserName": "-",
   "TargetDomainName": "-",
   "TargetLogonId": 0,
   "ParentProcessName": "C:\\Windows\\System32\\svchost.exe",
   "MandatoryLabel": "S-1-16-16384"
  },
  "Message": ""
 }
{
  "System": {
   "Provider": {
    "Name": "Microsoft-Windows-Security-Auditing",
    "Guid": "54849625-5478-4994-A5BA-3E3B0328C30D"
   },
   "EventID": {
    "Value": 4688
   },
   "Version": 2,
   "Level": 0,
   "Task": 13312,
   "Opcode": 0,
   "Keywords": 9232379236109516800,
   "TimeCreated": {
    "SystemTime": 1678360672.2433312
   },
   "EventRecordID": 3195,
   "Correlation": {},
   "Execution": {
    "ProcessID": 4,
    "ThreadID": 272
   },
   "Channel": "Security",
   "Computer": "DESKTOP-NKRHNTH",
   "Security": {}
  },
  "EventData": {
   "SubjectUserSid": "S-1-5-18",
   "SubjectUserName": "DESKTOP-NKRHNTH$",
   "SubjectDomainName": "WORKGROUP",
   "SubjectLogonId": 999,
   "NewProcessId": 6756,
   "NewProcessName": "C:\\Windows\\System32\\svchost.exe",
   "TokenElevationType": "%%1936",
   "ProcessId": 620,
   "CommandLine": "C:\\Windows\\system32\\svchost.exe -k appmodel -p -s camsvc",
   "TargetUserSid": "S-1-0-0",
   "TargetUserName": "-",
   "TargetDomainName": "-",
   "TargetLogonId": 0,
   "ParentProcessName": "C:\\Windows\\System32\\services.exe",
   "MandatoryLabel": "S-1-16-16384"
  },
  "Message": ""
 }
{
  "System": {
   "Provider": {
    "Name": "Microsoft-Windows-Security-Auditing",
    "Guid": "54849625-5478-4994-A5BA-3E3B0328C30D"
   },
   "EventID": {
    "Value": 4688
   },
   "Version": 2,
   "Level": 0,
   "Task": 13312,
   "Opcode": 0,
   "Keywords": 9232379236109516800,
   "TimeCreated": {
    "SystemTime": 1678360672.4308465
   },
   "EventRecordID": 3196,
   "Correlation": {},
   "Execution": {
    "ProcessID": 4,
    "ThreadID": 6184
   },
   "Channel": "Security",
   "Computer": "DESKTOP-NKRHNTH",
   "Security": {}
  },
  "EventData": {
   "SubjectUserSid": "S-1-5-18",
   "SubjectUserName": "DESKTOP-NKRHNTH$",
   "SubjectDomainName": "WORKGROUP",
   "SubjectLogonId": 999,
   "NewProcessId": 4688,
   "NewProcessName": "C:\\Windows\\System32\\dllhost.exe",
   "TokenElevationType": "%%1936",
   "ProcessId": 780,
   "CommandLine": "C:\\Windows\\system32\\DllHost.exe /Processid:{AA65DD7C-83AC-48C0-A6FD-9B61FEBF8800}",
   "TargetUserSid": "S-1-0-0",
   "TargetUserName": "DESKTOP-NKRHNTH$",
   "TargetDomainName": "WORKGROUP",
   "TargetLogonId": 996,
   "ParentProcessName": "C:\\Windows\\System32\\svchost.exe",
   "MandatoryLabel": "S-1-16-16384"
  },
  "Message": ""
 }
{
  "System": {
   "Provider": {
    "Name": "Microsoft-Windows-Security-Auditing",
    "Guid": "54849625-5478-4994-A5BA-3E3B0328C30D"
   },
   "EventID": {
    "Value": 4688
   },
   "Version": 2,
   "Level": 0,
   "Task": 13312,
   "Opcode": 0,
   "Keywords": 9232379236109516800,
   "TimeCreated": {
    "SystemTime": 1678360672.4815168
   },
   "EventRecordID": 3197,
   "Correlation": {},
   "Execution": {
    "ProcessID": 4,
    "ThreadID": 4192
   },
   "Channel": "Security",
   "Computer": "DESKTOP-NKRHNTH",
   "Security": {}
  },
  "EventData": {
   "SubjectUserSid": "S-1-5-18",
   "SubjectUserName": "DESKTOP-NKRHNTH$",
   "SubjectDomainName": "WORKGROUP",
   "SubjectLogonId": 999,
   "NewProcessId": 3948,
   "NewProcessName": "C:\\Windows\\System32\\svchost.exe",
   "TokenElevationType": "%%1936",
   "ProcessId": 620,
   "CommandLine": "C:\\Windows\\system32\\svchost.exe -k wusvcs -p -s WaaSMedicSvc",
   "TargetUserSid": "S-1-0-0",
   "TargetUserName": "-",
   "TargetDomainName": "-",
   "TargetLogonId": 0,
   "ParentProcessName": "C:\\Windows\\System32\\services.exe",
   "MandatoryLabel": "S-1-16-16384"
  },
  "Message": ""
 }
{
  "System": {
   "Provider": {
    "Name": "Microsoft-Windows-Security-Auditing",
    "Guid": "54849625-5478-4994-A5BA-3E3B0328C30D"
   },
   "EventID": {
    "Value": 4688
   },
   "Version": 2,
   "Level": 0,
   "Task": 13312,
   "Opcode": 0,
   "Keywords": 9232379236109516800,
   "TimeCreated": {
    "SystemTime": 1678360672.681872
   },
   "EventRecordID": 3198,
   "Correlation": {},
   "Execution": {
    "ProcessID": 4,
    "ThreadID": 6184
   },
   "Channel": "Security",
   "Computer": "DESKTOP-NKRHNTH",
   "Security": {}
  },
  "EventData": {
   "SubjectUserSid": "S-1-5-18",
   "SubjectUserName": "DESKTOP-NKRHNTH$",
   "SubjectDomainName": "WORKGROUP",
   "SubjectLogonId": 999,
   "NewProcessId": 3688,
   "NewProcessName": "C:\\Windows\\System32\\MusNotifyIcon.exe",
   "TokenElevationType": "%%1938",
   "ProcessId": 7776,
   "CommandLine": "%systemroot%\\system32\\MusNotifyIcon.exe NotifyTrayIcon 19",
   "TargetUserSid": "S-1-5-21-2432649696-552975611-3203061244-1001",
   "TargetUserName": "Pandora",
   "TargetDomainName": "DESKTOP-NKRHNTH",
   "TargetLogonId": 117462,
   "ParentProcessName": "C:\\Windows\\System32\\MusNotification.exe",
   "MandatoryLabel": "S-1-16-8192"
  },
  "Message": ""
 }
{
  "System": {
   "Provider": {
    "Name": "Microsoft-Windows-Security-Auditing",
    "Guid": "54849625-5478-4994-A5BA-3E3B0328C30D"
   },
   "EventID": {
    "Value": 4688
   },
   "Version": 2,
   "Level": 0,
   "Task": 13312,
   "Opcode": 0,
   "Keywords": 9232379236109516800,
   "TimeCreated": {
    "SystemTime": 1678360673.050264
   },
   "EventRecordID": 3199,
   "Correlation": {},
   "Execution": {
    "ProcessID": 4,
    "ThreadID": 4192
   },
   "Channel": "Security",
   "Computer": "DESKTOP-NKRHNTH",
   "Security": {}
  },
  "EventData": {
   "SubjectUserSid": "S-1-5-18",
   "SubjectUserName": "DESKTOP-NKRHNTH$",
   "SubjectDomainName": "WORKGROUP",
   "SubjectLogonId": 999,
   "NewProcessId": 8024,
   "NewProcessName": "C:\\Windows\\System32\\CompatTelRunner.exe",
   "TokenElevationType": "%%1936",
   "ProcessId": 4440,
   "CommandLine": "C:\\Windows\\system32\\compattelrunner.exe -m:GeneralTel.dll -f:RunGeneralTelemetry  -cV Vgblghosw066vZ6U.1.1 -SendFullTelemetry -ThrottleUtc -FullSync",
   "TargetUserSid": "S-1-0-0",
   "TargetUserName": "-",
   "TargetDomainName": "-",
   "TargetLogonId": 0,
   "ParentProcessName": "C:\\Windows\\System32\\CompatTelRunner.exe",
   "MandatoryLabel": "S-1-16-16384"
  },
  "Message": ""
 }
{
  "System": {
   "Provider": {
    "Name": "Microsoft-Windows-Security-Auditing",
    "Guid": "54849625-5478-4994-A5BA-3E3B0328C30D"
   },
   "EventID": {
    "Value": 4688
   },
   "Version": 2,
   "Level": 0,
   "Task": 13312,
   "Opcode": 0,
   "Keywords": 9232379236109516800,
   "TimeCreated": {
    "SystemTime": 1678360674.1872816
   },
   "EventRecordID": 3200,
   "Correlation": {},
   "Execution": {
    "ProcessID": 4,
    "ThreadID": 4192
   },
   "Channel": "Security",
   "Computer": "DESKTOP-NKRHNTH",
   "Security": {}
  },
  "EventData": {
   "SubjectUserSid": "S-1-5-18",
   "SubjectUserName": "DESKTOP-NKRHNTH$",
   "SubjectDomainName": "WORKGROUP",
   "SubjectLogonId": 999,
   "NewProcessId": 8200,
   "NewProcessName": "C:\\Windows\\System32\\svchost.exe",
   "TokenElevationType": "%%1936",
   "ProcessId": 620,
   "CommandLine": "C:\\Windows\\system32\\svchost.exe -k wsappx -p -s AppXSvc",
   "TargetUserSid": "S-1-0-0",
   "TargetUserName": "-",
   "TargetDomainName": "-",
   "TargetLogonId": 0,
   "ParentProcessName": "C:\\Windows\\System32\\services.exe",
   "MandatoryLabel": "S-1-16-16384"
  },
  "Message": ""
 }
{
  "System": {
   "Provider": {
    "Name": "Microsoft-Windows-Security-Auditing",
    "Guid": "54849625-5478-4994-A5BA-3E3B0328C30D"
   },
   "EventID": {
    "Value": 4688
   },
   "Version": 2,
   "Level": 0,
   "Task": 13312,
   "Opcode": 0,
   "Keywords": 9232379236109516800,
   "TimeCreated": {
    "SystemTime": 1678360675.2633471
   },
   "EventRecordID": 3201,
   "Correlation": {},
   "Execution": {
    "ProcessID": 4,
    "ThreadID": 6184
   },
   "Channel": "Security",
   "Computer": "DESKTOP-NKRHNTH",
   "Security": {}
  },
  "EventData": {
   "SubjectUserSid": "S-1-5-18",
   "SubjectUserName": "DESKTOP-NKRHNTH$",
   "SubjectDomainName": "WORKGROUP",
   "SubjectLogonId": 999,
   "NewProcessId": 1492,
   "NewProcessName": "C:\\Windows\\System32\\svchost.exe",
   "TokenElevationType": "%%1936",
   "ProcessId": 620,
   "CommandLine": "C:\\Windows\\System32\\svchost.exe -k smphost",
   "TargetUserSid": "S-1-0-0",
   "TargetUserName": "DESKTOP-NKRHNTH$",
   "TargetDomainName": "WORKGROUP",
   "TargetLogonId": 996,
   "ParentProcessName": "C:\\Windows\\System32\\services.exe",
   "MandatoryLabel": "S-1-16-16384"
  },
  "Message": ""
 }
{
  "System": {
   "Provider": {
    "Name": "Microsoft-Windows-Security-Auditing",
    "Guid": "54849625-5478-4994-A5BA-3E3B0328C30D"
   },
   "EventID": {
    "Value": 4688
   },
   "Version": 2,
   "Level": 0,
   "Task": 13312,
   "Opcode": 0,
   "Keywords": 9232379236109516800,
   "TimeCreated": {
    "SystemTime": 1678360675.8968177
   },
   "EventRecordID": 3202,
   "Correlation": {},
   "Execution": {
    "ProcessID": 4,
    "ThreadID": 6184
   },
   "Channel": "Security",
   "Computer": "DESKTOP-NKRHNTH",
   "Security": {}
  },
  "EventData": {
   "SubjectUserSid": "S-1-5-18",
   "SubjectUserName": "DESKTOP-NKRHNTH$",
   "SubjectDomainName": "WORKGROUP",
   "SubjectLogonId": 999,
   "NewProcessId": 6980,
   "NewProcessName": "C:\\Windows\\System32\\wbem\\WmiPrvSE.exe",
   "TokenElevationType": "%%1936",
   "ProcessId": 780,
   "CommandLine": "C:\\Windows\\system32\\wbem\\wmiprvse.exe -Embedding",
   "TargetUserSid": "S-1-0-0",
   "TargetUserName": "-",
   "TargetDomainName": "-",
   "TargetLogonId": 0,
   "ParentProcessName": "C:\\Windows\\System32\\svchost.exe",
   "MandatoryLabel": "S-1-16-16384"
  },
  "Message": ""
 }
{
  "System": {
   "Provider": {
    "Name": "Microsoft-Windows-Security-Auditing",
    "Guid": "54849625-5478-4994-A5BA-3E3B0328C30D"
   },
   "EventID": {
    "Value": 4688
   },
   "Version": 2,
   "Level": 0,
   "Task": 13312,
   "Opcode": 0,
   "Keywords": 9232379236109516800,
   "TimeCreated": {
    "SystemTime": 1678360680.204992
   },
   "EventRecordID": 3203,
   "Correlation": {},
   "Execution": {
    "ProcessID": 4,
    "ThreadID": 3012
   },
   "Channel": "Security",
   "Computer": "DESKTOP-NKRHNTH",
   "Security": {}
  },
  "EventData": {
   "SubjectUserSid": "S-1-5-18",
   "SubjectUserName": "DESKTOP-NKRHNTH$",
   "SubjectDomainName": "WORKGROUP",
   "SubjectLogonId": 999,
   "NewProcessId": 7404,
   "NewProcessName": "C:\\Windows\\System32\\rundll32.exe",
   "TokenElevationType": "%%1938",
   "ProcessId": 8024,
   "CommandLine": "rundll32 C:\\Windows\\system32\\GeneralTel.dll,RunInUserCxt Vgblghosw066vZ6U.1.1.2 {8DEC50C8-68FC-488C-B48C-9BEADBAB556B} {263C3C4C-0577-9FEE-220B-A4A2F02C0756} IsAdmin WAMAccountCount",
   "TargetUserSid": "S-1-5-21-2432649696-552975611-3203061244-1001",
   "TargetUserName": "Pandora",
   "TargetDomainName": "DESKTOP-NKRHNTH",
   "TargetLogonId": 117462,
   "ParentProcessName": "C:\\Windows\\System32\\CompatTelRunner.exe",
   "MandatoryLabel": "S-1-16-8192"
  },
  "Message": ""
 }
{
  "System": {
   "Provider": {
    "Name": "Microsoft-Windows-Security-Auditing",
    "Guid": "54849625-5478-4994-A5BA-3E3B0328C30D"
   },
   "EventID": {
    "Value": 4688
   },
   "Version": 2,
   "Level": 0,
   "Task": 13312,
   "Opcode": 0,
   "Keywords": 9232379236109516800,
   "TimeCreated": {
    "SystemTime": 1678360682.2494705
   },
   "EventRecordID": 3204,
   "Correlation": {},
   "Execution": {
    "ProcessID": 4,
    "ThreadID": 32
   },
   "Channel": "Security",
   "Computer": "DESKTOP-NKRHNTH",
   "Security": {}
  },
  "EventData": {
   "SubjectUserSid": "S-1-5-18",
   "SubjectUserName": "DESKTOP-NKRHNTH$",
   "SubjectDomainName": "WORKGROUP",
   "SubjectLogonId": 999,
   "NewProcessId": 1844,
   "NewProcessName": "C:\\Windows\\System32\\svchost.exe",
   "TokenElevationType": "%%1936",
   "ProcessId": 620,
   "CommandLine": "C:\\Windows\\system32\\svchost.exe -k WbioSvcGroup -s WbioSrvc",
   "TargetUserSid": "S-1-0-0",
   "TargetUserName": "-",
   "TargetDomainName": "-",
   "TargetLogonId": 0,
   "ParentProcessName": "C:\\Windows\\System32\\services.exe",
   "MandatoryLabel": "S-1-16-16384"
  },
  "Message": ""
 }
{
  "System": {
   "Provider": {
    "Name": "Microsoft-Windows-Security-Auditing",
    "Guid": "54849625-5478-4994-A5BA-3E3B0328C30D"
   },
   "EventID": {
    "Value": 4688
   },
   "Version": 2,
   "Level": 0,
   "Task": 13312,
   "Opcode": 0,
   "Keywords": 9232379236109516800,
   "TimeCreated": {
    "SystemTime": 1678360695.9690783
   },
   "EventRecordID": 3205,
   "Correlation": {},
   "Execution": {
    "ProcessID": 4,
    "ThreadID": 32
   },
   "Channel": "Security",
   "Computer": "DESKTOP-NKRHNTH",
   "Security": {}
  },
  "EventData": {
   "SubjectUserSid": "S-1-5-18",
   "SubjectUserName": "DESKTOP-NKRHNTH$",
   "SubjectDomainName": "WORKGROUP",
   "SubjectLogonId": 999,
   "NewProcessId": 1108,
   "NewProcessName": "C:\\Windows\\System32\\svchost.exe",
   "TokenElevationType": "%%1936",
   "ProcessId": 620,
   "CommandLine": "C:\\Windows\\System32\\svchost.exe -k LocalSystemNetworkRestricted -p -s WdiSystemHost",
   "TargetUserSid": "S-1-0-0",
   "TargetUserName": "-",
   "TargetDomainName": "-",
   "TargetLogonId": 0,
   "ParentProcessName": "C:\\Windows\\System32\\services.exe",
   "MandatoryLabel": "S-1-16-16384"
  },
  "Message": ""
 }
{
  "System": {
   "Provider": {
    "Name": "Microsoft-Windows-Security-Auditing",
    "Guid": "54849625-5478-4994-A5BA-3E3B0328C30D"
   },
   "EventID": {
    "Value": 4688
   },
   "Version": 2,
   "Level": 0,
   "Task": 13312,
   "Opcode": 0,
   "Keywords": 9232379236109516800,
   "TimeCreated": {
    "SystemTime": 1678360696.0467713
   },
   "EventRecordID": 3206,
   "Correlation": {},
   "Execution": {
    "ProcessID": 4,
    "ThreadID": 32
   },
   "Channel": "Security",
   "Computer": "DESKTOP-NKRHNTH",
   "Security": {}
  },
  "EventData": {
   "SubjectUserSid": "S-1-5-18",
   "SubjectUserName": "DESKTOP-NKRHNTH$",
   "SubjectDomainName": "WORKGROUP",
   "SubjectLogonId": 999,
   "NewProcessId": 8560,
   "NewProcessName": "C:\\Windows\\System32\\svchost.exe",
   "TokenElevationType": "%%1936",
   "ProcessId": 620,
   "CommandLine": "C:\\Windows\\system32\\svchost.exe -k LocalSystemNetworkRestricted -p -s PcaSvc",
   "TargetUserSid": "S-1-0-0",
   "TargetUserName": "-",
   "TargetDomainName": "-",
   "TargetLogonId": 0,
   "ParentProcessName": "C:\\Windows\\System32\\services.exe",
   "MandatoryLabel": "S-1-16-16384"
  },
  "Message": ""
 }
{
  "System": {
   "Provider": {
    "Name": "Microsoft-Windows-Security-Auditing",
    "Guid": "54849625-5478-4994-A5BA-3E3B0328C30D"
   },
   "EventID": {
    "Value": 4688
   },
   "Version": 2,
   "Level": 0,
   "Task": 13312,
   "Opcode": 0,
   "Keywords": 9232379236109516800,
   "TimeCreated": {
    "SystemTime": 1678360704.1999168
   },
   "EventRecordID": 3207,
   "Correlation": {},
   "Execution": {
    "ProcessID": 4,
    "ThreadID": 32
   },
   "Channel": "Security",
   "Computer": "DESKTOP-NKRHNTH",
   "Security": {}
  },
  "EventData": {
   "SubjectUserSid": "S-1-5-18",
   "SubjectUserName": "DESKTOP-NKRHNTH$",
   "SubjectDomainName": "WORKGROUP",
   "SubjectLogonId": 999,
   "NewProcessId": 4980,
   "NewProcessName": "C:\\Windows\\System32\\dllhost.exe",
   "TokenElevationType": "%%1938",
   "ProcessId": 780,
   "CommandLine": "C:\\Windows\\system32\\DllHost.exe /Processid:{338B40F9-9D68-4B53-A793-6B9AA0C5F63B}",
   "TargetUserSid": "S-1-5-21-2432649696-552975611-3203061244-1001",
   "TargetUserName": "Pandora",
   "TargetDomainName": "DESKTOP-NKRHNTH",
   "TargetLogonId": 117462,
   "ParentProcessName": "C:\\Windows\\System32\\svchost.exe",
   "MandatoryLabel": "S-1-16-8192"
  },
  "Message": ""
 }
{
  "System": {
   "Provider": {
    "Name": "Microsoft-Windows-Security-Auditing",
    "Guid": "54849625-5478-4994-A5BA-3E3B0328C30D"
   },
   "EventID": {
    "Value": 4688
   },
   "Version": 2,
   "Level": 0,
   "Task": 13312,
   "Opcode": 0,
   "Keywords": 9232379236109516800,
   "TimeCreated": {
    "SystemTime": 1678360706.567728
   },
   "EventRecordID": 3208,
   "Correlation": {},
   "Execution": {
    "ProcessID": 4,
    "ThreadID": 2952
   },
   "Channel": "Security",
   "Computer": "DESKTOP-NKRHNTH",
   "Security": {}
  },
  "EventData": {
   "SubjectUserSid": "S-1-5-18",
   "SubjectUserName": "DESKTOP-NKRHNTH$",
   "SubjectDomainName": "WORKGROUP",
   "SubjectLogonId": 999,
   "NewProcessId": 5396,
   "NewProcessName": "C:\\Windows\\System32\\smartscreen.exe",
   "TokenElevationType": "%%1938",
   "ProcessId": 780,
   "CommandLine": "C:\\Windows\\System32\\smartscreen.exe -Embedding",
   "TargetUserSid": "S-1-5-21-2432649696-552975611-3203061244-1001",
   "TargetUserName": "Pandora",
   "TargetDomainName": "DESKTOP-NKRHNTH",
   "TargetLogonId": 117462,
   "ParentProcessName": "C:\\Windows\\System32\\svchost.exe",
   "MandatoryLabel": "S-1-16-8192"
  },
  "Message": ""
 }
{
  "System": {
   "Provider": {
    "Name": "Microsoft-Windows-Security-Auditing",
    "Guid": "54849625-5478-4994-A5BA-3E3B0328C30D"
   },
   "EventID": {
    "Value": 4688
   },
   "Version": 2,
   "Level": 0,
   "Task": 13312,
   "Opcode": 0,
   "Keywords": 9232379236109516800,
   "TimeCreated": {
    "SystemTime": 1678360706.609424
   },
   "EventRecordID": 3209,
   "Correlation": {},
   "Execution": {
    "ProcessID": 4,
    "ThreadID": 2952
   },
   "Channel": "Security",
   "Computer": "DESKTOP-NKRHNTH",
   "Security": {}
  },
  "EventData": {
   "SubjectUserSid": "S-1-5-21-2432649696-552975611-3203061244-1001",
   "SubjectUserName": "Pandora",
   "SubjectDomainName": "DESKTOP-NKRHNTH",
   "SubjectLogonId": 117462,
   "NewProcessId": 2840,
   "NewProcessName": "C:\\Program Files (x86)\\Microsoft\\Edge\\Application\\msedge.exe",
   "TokenElevationType": "%%1938",
   "ProcessId": 5004,
   "CommandLine": "\"C:\\Program Files (x86)\\Microsoft\\Edge\\Application\\msedge.exe\" --profile-directory=Default",
   "TargetUserSid": "S-1-0-0",
   "TargetUserName": "-",
   "TargetDomainName": "-",
   "TargetLogonId": 0,
   "ParentProcessName": "C:\\Windows\\explorer.exe",
   "MandatoryLabel": "S-1-16-8192"
  },
  "Message": ""
 }
