{
  "System": {
   "Provider": {
    "Name": "Microsoft-Windows-Security-Auditing",
    "Guid": "54849625-5478-4994-A5BA-3E3B0328C30D"
   },
   "EventID": {
    "Value": 4688
   },
   "Version": 2,
   "Level": 0,
   "Task": 13312,
   "Opcode": 0,
   "Keywords": 9232379236109516800,
   "TimeCreated": {
    "SystemTime": 1678360273.8840704
   },
   "EventRecordID": 3132,
   "Correlation": {},
   "Execution": {
    "ProcessID": 4,
    "ThreadID": 112
   },
   "Channel": "Security",
   "Computer": "DESKTOP-NKRHNTH",
   "Security": {}
  },
  "EventData": {
   "SubjectUserSid": "S-1-5-21-2432649696-552975611-3203061244-1001",
   "SubjectUserName": "Pandora",
   "SubjectDomainName": "DESKTOP-NKRHNTH",
   "SubjectLogonId": 117462,
   "NewProcessId": 6336,
   "NewProcessName": "C:\\Program Files (x86)\\Microsoft\\Edge\\Application\\msedge.exe",
   "TokenElevationType": "%%1938",
   "ProcessId": 8088,
   "CommandLine": "\"C:\\Program Files (x86)\\Microsoft\\Edge\\Application\\msedge.exe\" --type=utility --utility-sub-type=storage.mojom.StorageService --lang=en-US --service-sandbox-type=service --mojo-platform-channel-handle=2520 --field-trial-handle=1912,i,7965713243763285130,16507142011549390309,131072 /prefetch:8",
   "TargetUserSid": "S-1-0-0",
   "TargetUserName": "-",
   "TargetDomainName": "-",
   "TargetLogonId": 0,
   "ParentProcessName": "C:\\Program Files (x86)\\Microsoft\\Edge\\Application\\msedge.exe",
   "MandatoryLabel": "S-1-16-4096"
  },
  "Message": ""
 }
{
  "System": {
   "Provider": {
    "Name": "Microsoft-Windows-Security-Auditing",
    "Guid": "54849625-5478-4994-A5BA-3E3B0328C30D"
   },
   "EventID": {
    "Value": 4688
   },
   "Version": 2,
   "Level": 0,
   "Task": 13312,
   "Opcode": 0,
   "Keywords": 9232379236109516800,
   "TimeCreated": {
    "SystemTime": 1678360273.9363632
   },
   "EventRecordID": 3133,
   "Correlation": {},
   "Execution": {
    "ProcessID": 4,
    "ThreadID": 272
   },
   "Channel": "Security",
   "Computer": "DESKTOP-NKRHNTH",
   "Security": {}
  },
  "EventData": {
   "SubjectUserSid": "S-1-5-21-2432649696-552975611-3203061244-1001",
   "SubjectUserName": "Pandora",
   "SubjectDomainName": "DESKTOP-NKRHNTH",
   "SubjectLogonId": 117462,
   "NewProcessId": 6528,
   "NewProcessName": "C:\\Program Files (x86)\\Microsoft\\Edge\\Application\\msedge.exe",
   "TokenElevationType": "%%1938",
   "ProcessId": 8088,
   "CommandLine": "\"C:\\Program Files (x86)\\Microsoft\\Edge\\Application\\msedge.exe\" --type=utility --utility-sub-type=data_decoder.mojom.DataDecoderService --lang=en-US --service-sandbox-type=service --mojo-platform-channel-handle=3296 --field-trial-handle=1912,i,7965713243763285130,16507142011549390309,131072 /prefetch:8",
   "TargetUserSid": "S-1-0-0",
   "TargetUserName": "-",
   "TargetDomainName": "-",
   "TargetLogonId": 0,
   "ParentProcessName": "C:\\Program Files (x86)\\Microsoft\\Edge\\Application\\msedge.exe",
   "MandatoryLabel": "S-1-16-4096"
  },
  "Message": ""
 }
{
  "System": {
   "Provider": {
    "Name": "Microsoft-Windows-Security-Auditing",
    "Guid": "54849625-5478-4994-A5BA-3E3B0328C30D"
   },
   "EventID": {
    "Value": 4688
   },
   "Version": 2,
   "Level": 0,
   "Task": 13312,
   "Opcode": 0,
   "Keywords": 9232379236109516800,
   "TimeCreated": {
    "SystemTime": 1678360273.996251
   },
   "EventRecordID": 3134,
   "Correlation": {},
   "Execution": {
    "ProcessID": 4,
    "ThreadID": 384
   },
   "Channel": "Security",
   "Computer": "DESKTOP-NKRHNTH",
   "Security": {}
  },
  "EventData": {
   "SubjectUserSid": "S-1-5-21-2432649696-552975611-3203061244-1001",
   "SubjectUserName": "Pandora",
   "SubjectDomainName": "DESKTOP-NKRHNTH",
   "SubjectLogonId": 117462,
   "NewProcessId": 6508,
   "NewProcessName": "C:\\Program Files (x86)\\Microsoft\\Edge\\Application\\msedge.exe",
   "TokenElevationType": "%%1938",
   "ProcessId": 8088,
   "CommandLine": "\"C:\\Program Files (x86)\\Microsoft\\Edge\\Application\\msedge.exe\" --type=utility --utility-sub-type=asset_store.mojom.AssetStoreService --lang=en-US --service-sandbox-type=asset_store_service --mojo-platform-channel-handle=3720 --field-trial-handle=1912,i,7965713243763285130,16507142011549390309,131072 /prefetch:8",
   "TargetUserSid": "S-1-0-0",
   "TargetUserName": "-",
   "TargetDomainName": "-",
   "TargetLogonId": 0,
   "ParentProcessName": "C:\\Program Files (x86)\\Microsoft\\Edge\\Application\\msedge.exe",
   "MandatoryLabel": "S-1-16-4096"
  },
  "Message": ""
 }
{
  "System": {
   "Provider": {
    "Name": "Microsoft-Windows-Security-Auditing",
    "Guid": "54849625-5478-4994-A5BA-3E3B0328C30D"
   },
   "EventID": {
    "Value": 4688
   },
   "Version": 2,
   "Level": 0,
   "Task": 13312,
   "Opcode": 0,
   "Keywords": 9232379236109516800,
   "TimeCreated": {
    "SystemTime": 1678360274.233904
   },
   "EventRecordID": 3135,
   "Correlation": {},
   "Execution": {
    "ProcessID": 4,
    "ThreadID": 32
   },
   "Channel": "Security",
   "Computer": "DESKTOP-NKRHNTH",
   "Security": {}
  },
  "EventData": {
   "SubjectUserSid": "S-1-5-18",
   "SubjectUserName": "DESKTOP-NKRHNTH$",
   "SubjectDomainName": "WORKGROUP",
   "SubjectLogonId": 999,
   "NewProcessId": 8292,
   "NewProcessName": "C:\\Windows\\System32\\svchost.exe",
   "TokenElevationType": "%%1936",
   "ProcessId": 620,
   "CommandLine": "C:\\Windows\\System32\\svchost.exe -k netsvcs -p -s BITS",
   "TargetUserSid": "S-1-0-0",
   "TargetUserName": "-",
   "TargetDomainName": "-",
   "TargetLogonId": 0,
   "ParentProcessName": "C:\\Windows\\System32\\services.exe",
   "MandatoryLabel": "S-1-16-16384"
  },
  "Message": ""
 }
{
  "System": {
   "Provider": {
    "Name": "Microsoft-Windows-Security-Auditing",
    "Guid": "54849625-5478-4994-A5BA-3E3B0328C30D"
   },
   "EventID": {
    "Value": 4688
   },
   "Version": 2,
   "Level": 0,
   "Task": 13312,
   "Opcode": 0,
   "Keywords": 9232379236109516800,
   "TimeCreated": {
    "SystemTime": 1678360274.2906847
   },
   "EventRecordID": 3136,
   "Correlation": {},
   "Execution": {
    "ProcessID": 4,
    "ThreadID": 112
   },
   "Channel": "Security",
   "Computer": "DESKTOP-NKRHNTH",
   "Security": {}
  },
  "EventData": {
   "SubjectUserSid": "S-1-5-18",
   "SubjectUserName": "DESKTOP-NKRHNTH$",
   "SubjectDomainName": "WORKGROUP",
   "SubjectLogonId": 999,
   "NewProcessId": 8368,
   "NewProcessName": "C:\\Windows\\System32\\backgroundTaskHost.exe",
   "TokenElevationType": "%%1938",
   "ProcessId": 780,
   "CommandLine": "\"C:\\Windows\\system32\\BackgroundTaskHost.exe\" -ServerName:BackgroundTaskHost.WebAccountProvider",
   "TargetUserSid": "S-1-5-21-2432649696-552975611-3203061244-1001",
   "TargetUserName": "Pandora",
   "TargetDomainName": "DESKTOP-NKRHNTH",
   "TargetLogonId": 117462,
   "ParentProcessName": "C:\\Windows\\System32\\svchost.exe",
   "MandatoryLabel": "S-1-16-4096"
  },
  "Message": ""
 }
{
  "System": {
   "Provider": {
    "Name": "Microsoft-Windows-Security-Auditing",
    "Guid": "54849625-5478-4994-A5BA-3E3B0328C30D"
   },
   "EventID": {
    "Value": 4688
   },
   "Version": 2,
   "Level": 0,
   "Task": 13312,
   "Opcode": 0,
   "Keywords": 9232379236109516800,
   "TimeCreated": {
    "SystemTime": 1678360274.3320832
   },
   "EventRecordID": 3137,
   "Correlation": {},
   "Execution": {
    "ProcessID": 4,
    "ThreadID": 112
   },
   "Channel": "Security",
   "Computer": "DESKTOP-NKRHNTH",
   "Security": {}
  },
  "EventData": {
   "SubjectUserSid": "S-1-5-18",
   "SubjectUserName": "DESKTOP-NKRHNTH$",
   "SubjectDomainName": "WORKGROUP",
   "SubjectLogonId": 999,
   "NewProcessId": 8392,
   "NewProcessName": "C:\\Windows\\System32\\svchost.exe",
   "TokenElevationType": "%%1936",
   "ProcessId": 620,
   "CommandLine": "C:\\Windows\\system32\\svchost.exe -k LocalServiceAndNoImpersonation -p -s SSDPSRV",
   "TargetUserSid": "S-1-5-19",
   "TargetUserName": "LOCAL SERVICE",
   "TargetDomainName": "NT AUTHORITY",
   "TargetLogonId": 997,
   "ParentProcessName": "C:\\Windows\\System32\\services.exe",
   "MandatoryLabel": "S-1-16-16384"
  },
  "Message": ""
 }
{
  "System": {
   "Provider": {
    "Name": "Microsoft-Windows-Security-Auditing",
    "Guid": "54849625-5478-4994-A5BA-3E3B0328C30D"
   },
   "EventID": {
    "Value": 4688
   },
   "Version": 2,
   "Level": 0,
   "Task": 13312,
   "Opcode": 0,
   "Keywords": 9232379236109516800,
   "TimeCreated": {
    "SystemTime": 1678360274.402688
   },
   "EventRecordID": 3138,
   "Correlation": {},
   "Execution": {
    "ProcessID": 4,
    "ThreadID": 4192
   },
   "Channel": "Security",
   "Computer": "DESKTOP-NKRHNTH",
   "Security": {}
  },
  "EventData": {
   "SubjectUserSid": "S-1-5-18",
   "SubjectUserName": "DESKTOP-NKRHNTH$",
   "SubjectDomainName": "WORKGROUP",
   "SubjectLogonId": 999,
   "NewProcessId": 8448,
   "NewProcessName": "C:\\Windows\\System32\\RuntimeBroker.exe",
   "TokenElevationType": "%%1938",
   "ProcessId": 780,
   "CommandLine": "C:\\Windows\\System32\\RuntimeBroker.exe -Embedding",
   "TargetUserSid": "S-1-5-21-2432649696-552975611-3203061244-1001",
   "TargetUserName": "Pandora",
   "TargetDomainName": "DESKTOP-NKRHNTH",
   "TargetLogonId": 117462,
   "ParentProcessName": "C:\\Windows\\System32\\svchost.exe",
   "MandatoryLabel": "S-1-16-8192"
  },
  "Message": ""
 }
{
  "System": {
   "Provider": {
    "Name": "Microsoft-Windows-Security-Auditing",
    "Guid": "54849625-5478-4994-A5BA-3E3B0328C30D"
   },
   "EventID": {
    "Value": 4688
   },
   "Version": 2,
   "Level": 0,
   "Task": 13312,
   "Opcode": 0,
   "Keywords": 9232379236109516800,
   "TimeCreated": {
    "SystemTime": 1678360274.4481711
   },
   "EventRecordID": 3139,
   "Correlation": {},
   "Execution": {
    "ProcessID": 4,
    "ThreadID": 4192
   },
   "Channel": "Security",
   "Computer": "DESKTOP-NKRHNTH",
   "Security": {}
  },
  "EventData": {
   "SubjectUserSid": "S-1-5-21-2432649696-552975611-3203061244-1001",
   "SubjectUserName": "Pandora",
   "SubjectDomainName": "DESKTOP-NKRHNTH",
   "SubjectLogonId": 117462,
   "NewProcessId": 8484,
   "NewProcessName": "C:\\Program Files (x86)\\Microsoft\\Edge\\Application\\110.0.1587.63\\identity_helper.exe",
   "TokenElevationType": "%%1938",
   "ProcessId": 8088,
   "CommandLine": "\"C:\\Program Files (x86)\\Microsoft\\Edge\\Application\\110.0.1587.63\\identity_helper.exe\" --type=utility --utility-sub-type=winrt_app_id.mojom.WinrtAppIdService --lang=en-US --service-sandbox-type=none --mojo-platform-channel-handle=4456 --field-trial-handle=1912,i,7965713243763285130,16507142011549390309,131072 /prefetch:8",
   "TargetUserSid": "S-1-0-0",
   "TargetUserName": "-",
   "TargetDomainName": "-",
   "TargetLogonId": 0,
   "ParentProcessName": "C:\\Program Files (x86)\\Microsoft\\Edge\\Application\\msedge.exe",
   "MandatoryLabel": "S-1-16-8192"
  },
  "Message": ""
 }
{
  "System": {
   "Provider": {
    "Name": "Microsoft-Windows-Security-Auditing",
    "Guid": "54849625-5478-4994-A5BA-3E3B0328C30D"
   },
   "EventID": {
    "Value": 4688
   },
   "Version": 2,
   "Level": 0,
   "Task": 13312,
   "Opcode": 0,
   "Keywords": 9232379236109516800,
   "TimeCreated": {
    "SystemTime": 1678360274.4953344
   },
   "EventRecordID": 3140,
   "Correlation": {},
   "Execution": {
    "ProcessID": 4,
    "ThreadID": 32
   },
   "Channel": "Security",
   "Computer": "DESKTOP-NKRHNTH",
   "Security": {}
  },
  "EventData": {
   "SubjectUserSid": "S-1-5-18",
   "SubjectUserName": "DESKTOP-NKRHNTH$",
   "SubjectDomainName": "WORKGROUP",
   "SubjectLogonId": 999,
   "NewProcessId": 8508,
   "NewProcessName": "C:\\Windows\\System32\\svchost.exe",
   "TokenElevationType": "%%1936",
   "ProcessId": 620,
   "CommandLine": "C:\\Windows\\system32\\svchost.exe -k netsvcs -p -s Appinfo",
   "TargetUserSid": "S-1-0-0",
   "TargetUserName": "-",
   "TargetDomainName": "-",
   "TargetLogonId": 0,
   "ParentProcessName": "C:\\Windows\\System32\\services.exe",
   "MandatoryLabel": "S-1-16-16384"
  },
  "Message": ""
 }
{
  "System": {
   "Provider": {
    "Name": "Microsoft-Windows-Security-Auditing",
    "Guid": "54849625-5478-4994-A5BA-3E3B0328C30D"
   },
   "EventID": {
    "Value": 4688
   },
   "Version": 2,
   "Level": 0,
   "Task": 13312,
   "Opcode": 0,
   "Keywords": 9232379236109516800,
   "TimeCreated": {
    "SystemTime": 1678360274.5312288
   },
   "EventRecordID": 3141,
   "Correlation": {},
   "Execution": {
    "ProcessID": 4,
    "ThreadID": 32
   },
   "Channel": "Security",
   "Computer": "DESKTOP-NKRHNTH",
   "Security": {}
  },
  "EventData": {
   "SubjectUserSid": "S-1-5-21-2432649696-552975611-3203061244-1001",
   "SubjectUserName": "Pandora",
   "SubjectDomainName": "DESKTOP-NKRHNTH",
   "SubjectLogonId": 117462,
   "NewProcessId": 8544,
   "NewProcessName": "C:\\Program Files (x86)\\Microsoft\\Edge\\Application\\110.0.1587.63\\identity_helper.exe",
   "TokenElevationType": "%%1938",
   "ProcessId": 8088,
   "CommandLine": "\"C:\\Program Files (x86)\\Microsoft\\Edge\\Application\\110.0.1587.63\\identity_helper.exe\" --type=utility --utility-sub-type=winrt_app_id.mojom.WinrtAppIdService --lang=en-US --service-sandbox-type=none --mojo-platform-channel-handle=4456 --field-trial-handle=1912,i,7965713243763285130,16507142011549390309,131072 /prefetch:8",
   "TargetUserSid": "S-1-0-0",
   "TargetUserName": "-",
   "TargetDomainName": "-",
   "TargetLogonId": 0,
   "ParentProcessName": "C:\\Program Files (x86)\\Microsoft\\Edge\\Application\\msedge.exe",
   "MandatoryLabel": "S-1-16-8192"
  },
  "Message": ""
 }
{
  "System": {
   "Provider": {
    "Name": "Microsoft-Windows-Security-Auditing",
    "Guid": "54849625-5478-4994-A5BA-3E3B0328C30D"
   },
   "EventID": {
    "Value": 4688
   },
   "Version": 2,
   "Level": 0,
   "Task": 13312,
   "Opcode": 0,
   "Keywords": 9232379236109516800,
   "TimeCreated": {
    "SystemTime": 1678360274.8223631
   },
   "EventRecordID": 3142,
   "Correlation": {},
   "Execution": {
    "ProcessID": 4,
    "ThreadID": 4220
   },
   "Channel": "Security",
   "Computer": "DESKTOP-NKRHNTH",
   "Security": {}
  },
  "EventData": {
   "SubjectUserSid": "S-1-5-21-2432649696-552975611-3203061244-1001",
   "SubjectUserName": "Pandora",
   "SubjectDomainName": "DESKTOP-NKRHNTH",
   "SubjectLogonId": 117462,
   "NewProcessId": 8692,
   "NewProcessName": "C:\\Program Files (x86)\\Microsoft\\Edge\\Application\\msedge.exe",
   "TokenElevationType": "%%1938",
   "ProcessId": 8088,
   "CommandLine": "\"C:\\Program Files (x86)\\Microsoft\\Edge\\Application\\msedge.exe\" --type=utility --utility-sub-type=data_decoder.mojom.DataDecoderService --lang=en-US --service-sandbox-type=service --mojo-platform-channel-handle=4600 --field-trial-handle=1912,i,7965713243763285130,16507142011549390309,131072 /prefetch:8",
   "TargetUserSid": "S-1-0-0",
   "TargetUserName": "-",
   "TargetDomainName": "-",
   "TargetLogonId": 0,
   "ParentProcessName": "C:\\Program Files (x86)\\Microsoft\\Edge\\Application\\msedge.exe",
   "MandatoryLabel": "S-1-16-4096"
  },
  "Message": ""
 }
{
  "System": {
   "Provider": {
    "Name": "Microsoft-Windows-Security-Auditing",
    "Guid": "54849625-5478-4994-A5BA-3E3B0328C30D"
   },
   "EventID": {
    "Value": 4688
   },
   "Version": 2,
   "Level": 0,
   "Task": 13312,
   "Opcode": 0,
   "Keywords": 9232379236109516800,
   "TimeCreated": {
    "SystemTime": 1678360274.8278463
   },
   "EventRecordID": 3143,
   "Correlation": {},
   "Execution": {
    "ProcessID": 4,
    "ThreadID": 4220
   },
   "Channel": "Security",
   "Computer": "DESKTOP-NKRHNTH",
   "Security": {}
  },
  "EventData": {
   "SubjectUserSid": "S-1-5-21-2432649696-552975611-3203061244-1001",
   "SubjectUserName": "Pandora",
   "SubjectDomainName": "DESKTOP-NKRHNTH",
   "SubjectLogonId": 117462,
   "NewProcessId": 8700,
   "NewProcessName": "C:\\Program Files (x86)\\Microsoft\\Edge\\Application\\msedge.exe",
   "TokenElevationType": "%%1938",
   "ProcessId": 8088,
   "CommandLine": "\"C:\\Program Files (x86)\\Microsoft\\Edge\\Application\\msedge.exe\" --type=utility --utility-sub-type=data_decoder.mojom.DataDecoderService --lang=en-US --service-sandbox-type=service --mojo-platform-channel-handle=4640 --field-trial-handle=1912,i,7965713243763285130,16507142011549390309,131072 /prefetch:8",
   "TargetUserSid": "S-1-0-0",
   "TargetUserName": "-",
   "TargetDomainName": "-",
   "TargetLogonId": 0,
   "ParentProcessName": "C:\\Program Files (x86)\\Microsoft\\Edge\\Application\\msedge.exe",
   "MandatoryLabel": "S-1-16-4096"
  },
  "Message": ""
 }
{
  "System": {
   "Provider": {
    "Name": "Microsoft-Windows-Security-Auditing",
    "Guid": "54849625-5478-4994-A5BA-3E3B0328C30D"
   },
   "EventID": {
    "Value": 4688
   },
   "Version": 2,
   "Level": 0,
   "Task": 13312,
   "Opcode": 0,
   "Keywords": 9232379236109516800,
   "TimeCreated": {
    "SystemTime": 1678360275.0187633
   },
   "EventRecordID": 3144,
   "Correlation": {},
   "Execution": {
    "ProcessID": 4,
    "ThreadID": 6180
   },
   "Channel": "Security",
   "Computer": "DESKTOP-NKRHNTH",
   "Security": {}
  },
  "EventData": {
   "SubjectUserSid": "S-1-5-21-2432649696-552975611-3203061244-1001",
   "SubjectUserName": "Pandora",
   "SubjectDomainName": "DESKTOP-NKRHNTH",
   "SubjectLogonId": 117462,
   "NewProcessId": 8836,
   "NewProcessName": "C:\\Program Files (x86)\\Microsoft\\Edge\\Application\\msedge.exe",
   "TokenElevationType": "%%1938",
   "ProcessId": 8088,
   "CommandLine": "\"C:\\Program Files (x86)\\Microsoft\\Edge\\Application\\msedge.exe\" --type=renderer --instant-process --first-renderer-process --lang=en-US --js-flags=--ms-user-locale= --device-scale-factor=2 --num-raster-threads=1 --renderer-client-id=11 --time-ticks-at-unix-epoch=-1678360244270433 --launch-time-ticks=30739242 --mojo-platform-channel-handle=4716 --field-trial-handle=1912,i,7965713243763285130,16507142011549390309,131072 /prefetch:1",
   "TargetUserSid": "S-1-0-0",
   "TargetUserName": "-",
   "TargetDomainName": "-",
   "TargetLogonId": 0,
   "ParentProcessName": "C:\\Program Files (x86)\\Microsoft\\Edge\\Application\\msedge.exe",
   "MandatoryLabel": "S-1-16-4096"
  },
  "Message": ""
 }
{
  "System": {
   "Provider": {
    "Name": "Microsoft-Windows-Security-Auditing",
    "Guid": "54849625-5478-4994-A5BA-3E3B0328C30D"
   },
   "EventID": {
    "Value": 4696
   },
   "Version": 0,
   "Level": 0,
   "Task": 13312,
   "Opcode": 0,
   "Keywords": 9232379236109516800,
   "TimeCreated": {
    "SystemTime": 1678360275.031472
   },
   "EventRecordID": 3145,
   "Correlation": {},
   "Execution": {
    "ProcessID": 4,
    "ThreadID": 3352
   },
   "Channel": "Security",
   "Computer": "DESKTOP-NKRHNTH",
   "Security": {}
  },
  "EventData": {
   "SubjectUserSid": "S-1-5-21-2432649696-552975611-3203061244-1001",
   "SubjectUserName": "Pandora",
   "SubjectDomainName": "DESKTOP-NKRHNTH",
   "SubjectLogonId": 117462,
   "TargetUserSid": "S-1-5-21-2432649696-552975611-3203061244-1001",
   "TargetUserName": "Pandora",
   "TargetDomainName": "DESKTOP-NKRHNTH",
   "TargetLogonId": 117462,
   "TargetProcessId": 8836,
   "TargetProcessName": "C:\\Program Files (x86)\\Microsoft\\Edge\\Application\\msedge.exe",
   "ProcessId": 8088,
   "ProcessName": "C:\\Program Files (x86)\\Microsoft\\Edge\\Application\\msedge.exe"
  },
  "Message": ""
 }
{
  "System": {
   "Provider": {
    "Name": "Microsoft-Windows-Security-Auditing",
    "Guid": "54849625-5478-4994-A5BA-3E3B0328C30D"
   },
   "EventID": {
    "Value": 4688
   },
   "Version": 2,
   "Level": 0,
   "Task": 13312,
   "Opcode": 0,
   "Keywords": 9232379236109516800,
   "TimeCreated": {
    "SystemTime": 1678360275.1263137
   },
   "EventRecordID": 3146,
   "Correlation": {},
   "Execution": {
    "ProcessID": 4,
    "ThreadID": 6180
   },
   "Channel": "Security",
   "Computer": "DESKTOP-NKRHNTH",
   "Security": {}
  },
  "EventData": {
   "SubjectUserSid": "S-1-5-21-2432649696-552975611-3203061244-1001",
   "SubjectUserName": "Pandora",
   "SubjectDomainName": "DESKTOP-NKRHNTH",
   "SubjectLogonId": 117462,
   "NewProcessId": 8924,
   "NewProcessName": "C:\\Program Files (x86)\\Microsoft\\Edge\\Application\\msedge.exe",
   "TokenElevationType": "%%1938",
   "ProcessId": 8088,
   "CommandLine": "\"C:\\Program Files (x86)\\Microsoft\\Edge\\Application\\msedge.exe\" --type=renderer --lang=en-US --js-flags=--ms-user-locale= --device-scale-factor=2 --num-raster-threads=1 --renderer-client-id=12 --time-ticks-at-unix-epoch=-1678360244270433 --launch-time-ticks=30843711 --mojo-platform-channel-handle=3688 --field-trial-handle=1912,i,7965713243763285130,16507142011549390309,131072 /prefetch:1",
   "TargetUserSid": "S-1-0-0",
   "TargetUserName": "-",
   "TargetDomainName": "-",
   "TargetLogonId": 0,
   "ParentProcessName": "C:\\Program Files (x86)\\Microsoft\\Edge\\Application\\msedge.exe",
   "MandatoryLabel": "S-1-16-4096"
  },
  "Message": ""
 }
{
  "System": {
   "Provider": {
    "Name": "Microsoft-Windows-Security-Auditing",
    "Guid": "54849625-5478-4994-A5BA-3E3B0328C30D"
   },
   "EventID": {
    "Value": 4696
   },
   "Version": 0,
   "Level": 0,
   "Task": 13312,
   "Opcode": 0,
   "Keywords": 9232379236109516800,
   "TimeCreated": {
    "SystemTime": 1678360275.1399825
   },
   "EventRecordID": 3147,
   "Correlation": {},
   "Execution": {
    "ProcessID": 4,
    "ThreadID": 6180
   },
   "Channel": "Security",
   "Computer": "DESKTOP-NKRHNTH",
   "Security": {}
  },
  "EventData": {
   "SubjectUserSid": "S-1-5-21-2432649696-552975611-3203061244-1001",
   "SubjectUserName": "Pandora",
   "SubjectDomainName": "DESKTOP-NKRHNTH",
   "SubjectLogonId": 117462,
   "TargetUserSid": "S-1-5-21-2432649696-552975611-3203061244-1001",
   "TargetUserName": "Pandora",
   "TargetDomainName": "DESKTOP-NKRHNTH",
   "TargetLogonId": 117462,
   "TargetProcessId": 8924,
   "TargetProcessName": "C:\\Program Files (x86)\\Microsoft\\Edge\\Application\\msedge.exe",
   "ProcessId": 8088,
   "ProcessName": "C:\\Program Files (x86)\\Microsoft\\Edge\\Application\\msedge.exe"
  },
  "Message": ""
 }
{
  "System": {
   "Provider": {
    "Name": "Microsoft-Windows-Security-Auditing",
    "Guid": "54849625-5478-4994-A5BA-3E3B0328C30D"
   },
   "EventID": {
    "Value": 4688
   },
   "Version": 2,
   "Level": 0,
   "Task": 13312,
   "Opcode": 0,
   "Keywords": 9232379236109516800,
   "TimeCreated": {
    "SystemTime": 1678360275.4300768
   },
   "EventRecordID": 3148,
   "Correlation": {},
   "Execution": {
    "ProcessID": 4,
    "ThreadID": 4220
   },
   "Channel": "Security",
   "Computer": "DESKTOP-NKRHNTH",
   "Security": {}
  },
  "EventData": {
   "SubjectUserSid": "S-1-5-21-2432649696-552975611-3203061244-1001",
   "SubjectUserName": "Pandora",
   "SubjectDomainName": "DESKTOP-NKRHNTH",
   "SubjectLogonId": 117462,
   "NewProcessId": 9012,
   "NewProcessName": "C:\\Program Files (x86)\\Microsoft\\Edge\\Application\\msedge.exe",
   "TokenElevationType": "%%1938",
   "ProcessId": 8088,
   "CommandLine": "\"C:\\Program Files (x86)\\Microsoft\\Edge\\Application\\msedge.exe\" --type=utility --utility-sub-type=data_decoder.mojom.DataDecoderService --lang=en-US --service-sandbox-type=service --mojo-platform-channel-handle=5236 --field-trial-handle=1912,i,7965713243763285130,16507142011549390309,131072 /prefetch:8",
   "TargetUserSid": "S-1-0-0",
   "TargetUserName": "-",
   "TargetDomainName": "-",
   "TargetLogonId": 0,
   "ParentProcessName": "C:\\Program Files (x86)\\Microsoft\\Edge\\Application\\msedge.exe",
   "MandatoryLabel": "S-1-16-4096"
  },
  "Message": ""
 }
{
  "System": {
   "Provider": {
    "Name": "Microsoft-Windows-Security-Auditing",
    "Guid": "54849625-5478-4994-A5BA-3E3B0328C30D"
   },
   "EventID": {
    "Value": 4688
   },
   "Version": 2,
   "Level": 0,
   "Task": 13312,
   "Opcode": 0,
   "Keywords": 9232379236109516800,
   "TimeCreated": {
    "SystemTime": 1678360275.6991775
   },
   "EventRecordID": 3149,
   "Correlation": {},
   "Execution": {
    "ProcessID": 4,
    "ThreadID": 6180
   },
   "Channel": "Security",
   "Computer": "DESKTOP-NKRHNTH",
   "Security": {}
  },
  "EventData": {
   "SubjectUserSid": "S-1-5-18",
   "SubjectUserName": "DESKTOP-NKRHNTH$",
   "SubjectDomainName": "WORKGROUP",
   "SubjectLogonId": 999,
   "NewProcessId": 9052,
   "NewProcessName": "C:\\Windows\\System32\\svchost.exe",
   "TokenElevationType": "%%1936",
   "ProcessId": 620,
   "CommandLine": "C:\\Windows\\system32\\svchost.exe -k netsvcs -p -s wlidsvc",
   "TargetUserSid": "S-1-0-0",
   "TargetUserName": "-",
   "TargetDomainName": "-",
   "TargetLogonId": 0,
   "ParentProcessName": "C:\\Windows\\System32\\services.exe",
   "MandatoryLabel": "S-1-16-16384"
  },
  "Message": ""
 }
{
  "System": {
   "Provider": {
    "Name": "Microsoft-Windows-Security-Auditing",
    "Guid": "54849625-5478-4994-A5BA-3E3B0328C30D"
   },
   "EventID": {
    "Value": 4688
   },
   "Version": 2,
   "Level": 0,
   "Task": 13312,
   "Opcode": 0,
   "Keywords": 9232379236109516800,
   "TimeCreated": {
    "SystemTime": 1678360279.108317
   },
   "EventRecordID": 3150,
   "Correlation": {},
   "Execution": {
    "ProcessID": 4,
    "ThreadID": 272
   },
   "Channel": "Security",
   "Computer": "DESKTOP-NKRHNTH",
   "Security": {}
  },
  "EventData": {
   "SubjectUserSid": "S-1-5-18",
   "SubjectUserName": "DESKTOP-NKRHNTH$",
   "SubjectDomainName": "WORKGROUP",
   "SubjectLogonId": 999,
   "NewProcessId": 9204,
   "NewProcessName": "C:\\Windows\\System32\\wbem\\WmiApSrv.exe",
   "TokenElevationType": "%%1936",
   "ProcessId": 620,
   "CommandLine": "C:\\Windows\\system32\\wbem\\WmiApSrv.exe",
   "TargetUserSid": "S-1-0-0",
   "TargetUserName": "-",
   "TargetDomainName": "-",
   "TargetLogonId": 0,
   "ParentProcessName": "C:\\Windows\\System32\\services.exe",
   "MandatoryLabel": "S-1-16-16384"
  },
  "Message": ""
 }
{
  "System": {
   "Provider": {
    "Name": "Microsoft-Windows-Security-Auditing",
    "Guid": "54849625-5478-4994-A5BA-3E3B0328C30D"
   },
   "EventID": {
    "Value": 4688
   },
   "Version": 2,
   "Level": 0,
   "Task": 13312,
   "Opcode": 0,
   "Keywords": 9232379236109516800,
   "TimeCreated": {
    "SystemTime": 1678360284.1161857
   },
   "EventRecordID": 3151,
   "Correlation": {},
   "Execution": {
    "ProcessID": 4,
    "ThreadID": 6180
   },
   "Channel": "Security",
   "Computer": "DESKTOP-NKRHNTH",
   "Security": {}
  },
  "EventData": {
   "SubjectUserSid": "S-1-5-18",
   "SubjectUserName": "DESKTOP-NKRHNTH$",
   "SubjectDomainName": "WORKGROUP",
   "SubjectLogonId": 999,
   "NewProcessId": 8412,
   "NewProcessName": "C:\\Windows\\System32\\wlrmdr.exe",
   "TokenElevationType": "%%1938",
   "ProcessId": 600,
   "CommandLine": " -c -s 0 -f 0 -t Empty -m Empty -a 0 -u Empty",
   "TargetUserSid": "S-1-5-21-2432649696-552975611-3203061244-1001",
   "TargetUserName": "Pandora",
   "TargetDomainName": "DESKTOP-NKRHNTH",
   "TargetLogonId": 117462,
   "ParentProcessName": "C:\\Windows\\System32\\winlogon.exe",
   "MandatoryLabel": "S-1-16-8192"
  },
  "Message": ""
 }
{
  "System": {
   "Provider": {
    "Name": "Microsoft-Windows-Security-Auditing",
    "Guid": "54849625-5478-4994-A5BA-3E3B0328C30D"
   },
   "EventID": {
    "Value": 4688
   },
   "Version": 2,
   "Level": 0,
   "Task": 13312,
   "Opcode": 0,
   "Keywords": 9232379236109516800,
   "TimeCreated": {
    "SystemTime": 1678360297.3831952
   },
   "EventRecordID": 3152,
   "Correlation": {},
   "Execution": {
    "ProcessID": 4,
    "ThreadID": 6180
   },
   "Channel": "Security",
   "Computer": "DESKTOP-NKRHNTH",
   "Security": {}
  },
  "EventData": {
   "SubjectUserSid": "S-1-5-18",
   "SubjectUserName": "DESKTOP-NKRHNTH$",
   "SubjectDomainName": "WORKGROUP",
   "SubjectLogonId": 999,
   "NewProcessId": 7728,
   "NewProcessName": "C:\\Windows\\System32\\MusNotification.exe",
   "TokenElevationType": "%%1936",
   "ProcessId": 1760,
   "CommandLine": "C:\\Windows\\system32\\MusNotification.exe LogonUpdateResults",
   "TargetUserSid": "S-1-0-0",
   "TargetUserName": "-",
   "TargetDomainName": "-",
   "TargetLogonId": 0,
   "ParentProcessName": "C:\\Windows\\System32\\svchost.exe",
   "MandatoryLabel": "S-1-16-16384"
  },
  "Message": ""
 }
{
  "System": {
   "Provider": {
    "Name": "Microsoft-Windows-Security-Auditing",
    "Guid": "54849625-5478-4994-A5BA-3E3B0328C30D"
   },
   "EventID": {
    "Value": 4688
   },
   "Version": 2,
   "Level": 0,
   "Task": 13312,
   "Opcode": 0,
   "Keywords": 9232379236109516800,
   "TimeCreated": {
    "SystemTime": 1678360303.8639743
   },
   "EventRecordID": 3153,
   "Correlation": {},
   "Execution": {
    "ProcessID": 4,
    "ThreadID": 112
   },
   "Channel": "Security",
   "Computer": "DESKTOP-NKRHNTH",
   "Security": {}
  },
  "EventData": {
   "SubjectUserSid": "S-1-5-21-2432649696-552975611-3203061244-1001",
   "SubjectUserName": "Pandora",
   "SubjectDomainName": "DESKTOP-NKRHNTH",
   "SubjectLogonId": 117462,
   "NewProcessId": 8728,
   "NewProcessName": "C:\\Program Files (x86)\\Microsoft\\Edge\\Application\\msedge.exe",
   "TokenElevationType": "%%1938",
   "ProcessId": 8088,
   "CommandLine": "\"C:\\Program Files (x86)\\Microsoft\\Edge\\Application\\msedge.exe\" --type=utility --utility-sub-type=chrome.mojom.UtilWin --lang=en-US --service-sandbox-type=none --mojo-platform-channel-handle=4564 --field-trial-handle=1912,i,7965713243763285130,16507142011549390309,131072 /prefetch:8",
   "TargetUserSid": "S-1-0-0",
   "TargetUserName": "-",
   "TargetDomainName": "-",
   "TargetLogonId": 0,
   "ParentProcessName": "C:\\Program Files (x86)\\Microsoft\\Edge\\Application\\msedge.exe",
   "MandatoryLabel": "S-1-16-8192"
  },
  "Message": ""
 }
{
  "System": {
   "Provider": {
    "Name": "Microsoft-Windows-Security-Auditing",
    "Guid": "54849625-5478-4994-A5BA-3E3B0328C30D"
   },
   "EventID": {
    "Value": 4688
   },
   "Version": 2,
   "Level": 0,
   "Task": 13312,
   "Opcode": 0,
   "Keywords": 9232379236109516800,
   "TimeCreated": {
    "SystemTime": 1678360303.869989
   },
   "EventRecordID": 3154,
   "Correlation": {},
   "Execution": {
    "ProcessID": 4,
    "ThreadID": 112
   },
   "Channel": "Security",
   "Computer": "DESKTOP-NKRHNTH",
   "Security": {}
  },
  "EventData": {
   "SubjectUserSid": "S-1-5-21-2432649696-552975611-3203061244-1001",
   "SubjectUserName": "Pandora",
   "SubjectDomainName": "DESKTOP-NKRHNTH",
   "SubjectLogonId": 117462,
   "NewProcessId": 8744,
   "NewProcessName": "C:\\Program Files (x86)\\Microsoft\\Edge\\Application\\msedge.exe",
   "TokenElevationType": "%%1938",
   "ProcessId": 8088,
   "CommandLine": "\"C:\\Program Files (x86)\\Microsoft\\Edge\\Application\\msedge.exe\" --type=utility --utility-sub-type=chrome.mojom.UtilWin --lang=en-US --service-sandbox-type=none --mojo-platform-channel-handle=4580 --field-trial-handle=1912,i,7965713243763285130,16507142011549390309,131072 /prefetch:8",
   "TargetUserSid": "S-1-0-0",
   "TargetUserName": "-",
   "TargetDomainName": "-",
   "TargetLogonId": 0,
   "ParentProcessName": "C:\\Program Files (x86)\\Microsoft\\Edge\\Application\\msedge.exe",
   "MandatoryLabel": "S-1-16-8192"
  },
  "Message": ""
 }
{
  "System": {
   "Provider": {
    "Name": "Microsoft-Windows-Security-Auditing",
    "Guid": "54849625-5478-4994-A5BA-3E3B0328C30D"
   },
   "EventID": {
    "Value": 4688
   },
   "Version": 2,
   "Level": 0,
   "Task": 13312,
   "Opcode": 0,
   "Keywords": 9232379236109516800,
   "TimeCreated": {
    "SystemTime": 1678360315.9851103
   },
   "EventRecordID": 3155,
   "Correlation": {},
   "Execution": {
    "ProcessID": 4,
    "ThreadID": 3352
   },
   "Channel": "Security",
   "Computer": "DESKTOP-NKRHNTH",
   "Security": {}
  },
  "EventData": {
   "SubjectUserSid": "S-1-5-18",
   "SubjectUserName": "DESKTOP-NKRHNTH$",
   "SubjectDomainName": "WORKGROUP",
   "SubjectLogonId": 999,
   "NewProcessId": 3932,
   "NewProcessName": "C:\\Windows\\System32\\taskhostw.exe",
   "TokenElevationType": "%%1937",
   "ProcessId": 1760,
   "CommandLine": "taskhostw.exe $(Arg0)",
   "TargetUserSid": "S-1-5-21-2432649696-552975611-3203061244-1001",
   "TargetUserName": "Pandora",
   "TargetDomainName": "DESKTOP-NKRHNTH",
   "TargetLogonId": 117349,
   "ParentProcessName": "C:\\Windows\\System32\\svchost.exe",
   "MandatoryLabel": "S-1-16-12288"
  },
  "Message": ""
 }
{
  "System": {
   "Provider": {
    "Name": "Microsoft-Windows-Security-Auditing",
    "Guid": "54849625-5478-4994-A5BA-3E3B0328C30D"
   },
   "EventID": {
    "Value": 4688
   },
   "Version": 2,
   "Level": 0,
   "Task": 13312,
   "Opcode": 0,
   "Keywords": 9232379236109516800,
   "TimeCreated": {
    "SystemTime": 1678360320.7744384
   },
   "EventRecordID": 3156,
   "Correlation": {},
   "Execution": {
    "ProcessID": 4,
    "ThreadID": 6180
   },
   "Channel": "Security",
   "Computer": "DESKTOP-NKRHNTH",
   "Security": {}
  },
  "EventData": {
   "SubjectUserSid": "S-1-5-18",
   "SubjectUserName": "DESKTOP-NKRHNTH$",
   "SubjectDomainName": "WORKGROUP",
   "SubjectLogonId": 999,
   "NewProcessId": 728,
   "NewProcessName": "C:\\Windows\\System32\\backgroundTaskHost.exe",
   "TokenElevationType": "%%1938",
   "ProcessId": 780,
   "CommandLine": "\"C:\\Windows\\system32\\backgroundTaskHost.exe\" -ServerName:App.AppXmtcan0h2tfbfy7k9kn8hbxb6dmzz1zh0.mca",
   "TargetUserSid": "S-1-5-21-2432649696-552975611-3203061244-1001",
   "TargetUserName": "Pandora",
   "TargetDomainName": "DESKTOP-NKRHNTH",
   "TargetLogonId": 117462,
   "ParentProcessName": "C:\\Windows\\System32\\svchost.exe",
   "MandatoryLabel": "S-1-16-4096"
  },
  "Message": ""
 }
{
  "System": {
   "Provider": {
    "Name": "Microsoft-Windows-Security-Auditing",
    "Guid": "54849625-5478-4994-A5BA-3E3B0328C30D"
   },
   "EventID": {
    "Value": 4688
   },
   "Version": 2,
   "Level": 0,
   "Task": 13312,
   "Opcode": 0,
   "Keywords": 9232379236109516800,
   "TimeCreated": {
    "SystemTime": 1678360320.7844367
   },
   "EventRecordID": 3157,
   "Correlation": {},
   "Execution": {
    "ProcessID": 4,
    "ThreadID": 6180
   },
   "Channel": "Security",
   "Computer": "DESKTOP-NKRHNTH",
   "Security": {}
  },
  "EventData": {
   "SubjectUserSid": "S-1-5-18",
   "SubjectUserName": "DESKTOP-NKRHNTH$",
   "SubjectDomainName": "WORKGROUP",
   "SubjectLogonId": 999,
   "NewProcessId": 668,
   "NewProcessName": "C:\\Program Files\\WindowsApps\\microsoft.windowscommunicationsapps_16005.11629.20316.0_x64__8wekyb3d8bbwe\\HxTsr.exe",
   "TokenElevationType": "%%1938",
   "ProcessId": 780,
   "CommandLine": "\"C:\\Program Files\\WindowsApps\\microsoft.windowscommunicationsapps_16005.11629.20316.0_x64__8wekyb3d8bbwe\\HxTsr.exe\" -ServerName:Hx.IPC.Server",
   "TargetUserSid": "S-1-5-21-2432649696-552975611-3203061244-1001",
   "TargetUserName": "Pandora",
   "TargetDomainName": "DESKTOP-NKRHNTH",
   "TargetLogonId": 117462,
   "ParentProcessName": "C:\\Windows\\System32\\svchost.exe",
   "MandatoryLabel": "S-1-16-4096"
  },
  "Message": ""
 }
{
  "System": {
   "Provider": {
    "Name": "Microsoft-Windows-Security-Auditing",
    "Guid": "54849625-5478-4994-A5BA-3E3B0328C30D"
   },
   "EventID": {
    "Value": 4688
   },
   "Version": 2,
   "Level": 0,
   "Task": 13312,
   "Opcode": 0,
   "Keywords": 9232379236109516800,
   "TimeCreated": {
    "SystemTime": 1678360320.7869887
   },
   "EventRecordID": 3158,
   "Correlation": {},
   "Execution": {
    "ProcessID": 4,
    "ThreadID": 6180
   },
   "Channel": "Security",
   "Computer": "DESKTOP-NKRHNTH",
   "Security": {}
  },
  "EventData": {
   "SubjectUserSid": "S-1-5-18",
   "SubjectUserName": "DESKTOP-NKRHNTH$",
   "SubjectDomainName": "WORKGROUP",
   "SubjectLogonId": 999,
   "NewProcessId": 3388,
   "NewProcessName": "C:\\Windows\\System32\\backgroundTaskHost.exe",
   "TokenElevationType": "%%1938",
   "ProcessId": 780,
   "CommandLine": "\"C:\\Windows\\system32\\backgroundTaskHost.exe\" -ServerName:CortanaUI.AppX3bn25b6f886wmg6twh46972vprk9tnbf.mca",
   "TargetUserSid": "S-1-5-21-2432649696-552975611-3203061244-1001",
   "TargetUserName": "Pandora",
   "TargetDomainName": "DESKTOP-NKRHNTH",
   "TargetLogonId": 117462,
   "ParentProcessName": "C:\\Windows\\System32\\svchost.exe",
   "MandatoryLabel": "S-1-16-4096"
  },
  "Message": ""
 }
{
  "System": {
   "Provider": {
    "Name": "Microsoft-Windows-Security-Auditing",
    "Guid": "54849625-5478-4994-A5BA-3E3B0328C30D"
   },
   "EventID": {
    "Value": 4688
   },
   "Version": 2,
   "Level": 0,
   "Task": 13312,
   "Opcode": 0,
   "Keywords": 9232379236109516800,
   "TimeCreated": {
    "SystemTime": 1678360320.7908847
   },
   "EventRecordID": 3159,
   "Correlation": {},
   "Execution": {
    "ProcessID": 4,
    "ThreadID": 6180
   },
   "Channel": "Security",
   "Computer": "DESKTOP-NKRHNTH",
   "Security": {}
  },
  "EventData": {
   "SubjectUserSid": "S-1-5-18",
   "SubjectUserName": "DESKTOP-NKRHNTH$",
   "SubjectDomainName": "WORKGROUP",
   "SubjectLogonId": 999,
   "NewProcessId": 3332,
   "NewProcessName": "C:\\Windows\\System32\\backgroundTaskHost.exe",
   "TokenElevationType": "%%1938",
   "ProcessId": 780,
   "CommandLine": "\"C:\\Windows\\system32\\backgroundTaskHost.exe\" -ServerName:App.AppXe9cvj1thv1hmcw0cs98xm3r97tyzy2xs.mca",
   "TargetUserSid": "S-1-5-21-2432649696-552975611-3203061244-1001",
   "TargetUserName": "Pandora",
   "TargetDomainName": "DESKTOP-NKRHNTH",
   "TargetLogonId": 117462,
   "ParentProcessName": "C:\\Windows\\System32\\svchost.exe",
   "MandatoryLabel": "S-1-16-4096"
  },
  "Message": ""
 }
{
  "System": {
   "Provider": {
    "Name": "Microsoft-Windows-Security-Auditing",
    "Guid": "54849625-5478-4994-A5BA-3E3B0328C30D"
   },
   "EventID": {
    "Value": 4688
   },
   "Version": 2,
   "Level": 0,
   "Task": 13312,
   "Opcode": 0,
   "Keywords": 9232379236109516800,
   "TimeCreated": {
    "SystemTime": 1678360320.883208
   },
   "EventRecordID": 3160,
   "Correlation": {},
   "Execution": {
    "ProcessID": 4,
    "ThreadID": 112
   },
   "Channel": "Security",
   "Computer": "DESKTOP-NKRHNTH",
   "Security": {}
  },
  "EventData": {
   "SubjectUserSid": "S-1-5-18",
   "SubjectUserName": "DESKTOP-NKRHNTH$",
   "SubjectDomainName": "WORKGROUP",
   "SubjectLogonId": 999,
   "NewProcessId": 840,
   "NewProcessName": "C:\\Windows\\System32\\RuntimeBroker.exe",
   "TokenElevationType": "%%1938",
   "ProcessId": 780,
   "CommandLine": "C:\\Windows\\System32\\RuntimeBroker.exe -Embedding",
   "TargetUserSid": "S-1-5-21-2432649696-552975611-3203061244-1001",
   "TargetUserName": "Pandora",
   "TargetDomainName": "DESKTOP-NKRHNTH",
   "TargetLogonId": 117462,
   "ParentProcessName": "C:\\Windows\\System32\\svchost.exe",
   "MandatoryLabel": "S-1-16-8192"
  },
  "Message": ""
 }
{
  "System": {
   "Provider": {
    "Name": "Microsoft-Windows-Security-Auditing",
    "Guid": "54849625-5478-4994-A5BA-3E3B0328C30D"
   },
   "EventID": {
    "Value": 4688
   },
   "Version": 2,
   "Level": 0,
   "Task": 13312,
   "Opcode": 0,
   "Keywords": 9232379236109516800,
   "TimeCreated": {
    "SystemTime": 1678360321.1599984
   },
   "EventRecordID": 3161,
   "Correlation": {},
   "Execution": {
    "ProcessID": 4,
    "ThreadID": 3352
   },
   "Channel": "Security",
   "Computer": "DESKTOP-NKRHNTH",
   "Security": {}
  },
  "EventData": {
   "SubjectUserSid": "S-1-5-18",
   "SubjectUserName": "DESKTOP-NKRHNTH$",
   "SubjectDomainName": "WORKGROUP",
   "SubjectLogonId": 999,
   "NewProcessId": 8428,
   "NewProcessName": "C:\\Windows\\System32\\RuntimeBroker.exe",
   "TokenElevationType": "%%1938",
   "ProcessId": 780,
   "CommandLine": "C:\\Windows\\System32\\RuntimeBroker.exe -Embedding",
   "TargetUserSid": "S-1-5-21-2432649696-552975611-3203061244-1001",
   "TargetUserName": "Pandora",
   "TargetDomainName": "DESKTOP-NKRHNTH",
   "TargetLogonId": 117462,
   "ParentProcessName": "C:\\Windows\\System32\\svchost.exe",
   "MandatoryLabel": "S-1-16-8192"
  },
  "Message": ""
 }
{
  "System": {
   "Provider": {
    "Name": "Microsoft-Windows-Security-Auditing",
    "Guid": "54849625-5478-4994-A5BA-3E3B0328C30D"
   },
   "EventID": {
    "Value": 4688
   },
   "Version": 2,
   "Level": 0,
   "Task": 13312,
   "Opcode": 0,
   "Keywords": 9232379236109516800,
   "TimeCreated": {
    "SystemTime": 1678360332.2712896
   },
   "EventRecordID": 3162,
   "Correlation": {},
   "Execution": {
    "ProcessID": 4,
    "ThreadID": 112
   },
   "Channel": "Security",
   "Computer": "DESKTOP-NKRHNTH",
   "Security": {}
  },
  "EventData": {
   "SubjectUserSid": "S-1-5-18",
   "SubjectUserName": "DESKTOP-NKRHNTH$",
   "SubjectDomainName": "WORKGROUP",
   "SubjectLogonId": 999,
   "NewProcessId": 8544,
   "NewProcessName": "C:\\Windows\\System32\\svchost.exe",
   "TokenElevationType": "%%1936",
   "ProcessId": 620,
   "CommandLine": "C:\\Windows\\system32\\svchost.exe -k wusvcs -p -s WaaSMedicSvc",
   "TargetUserSid": "S-1-0-0",
   "TargetUserName": "-",
   "TargetDomainName": "-",
   "TargetLogonId": 0,
   "ParentProcessName": "C:\\Windows\\System32\\services.exe",
   "MandatoryLabel": "S-1-16-16384"
  },
  "Message": ""
 }
{
  "System": {
   "Provider": {
    "Name": "Microsoft-Windows-Security-Auditing",
    "Guid": "54849625-5478-4994-A5BA-3E3B0328C30D"
   },
   "EventID": {
    "Value": 4688
   },
   "Version": 2,
   "Level": 0,
   "Task": 13312,
   "Opcode": 0,
   "Keywords": 9232379236109516800,
   "TimeCreated": {
    "SystemTime": 1678360344.7811856
   },
   "EventRecordID": 3163,
   "Correlation": {},
   "Execution": {
    "ProcessID": 4,
    "ThreadID": 32
   },
   "Channel": "Security",
   "Computer": "DESKTOP-NKRHNTH",
   "Security": {}
  },
  "EventData": {
   "SubjectUserSid": "S-1-5-21-2432649696-552975611-3203061244-1001",
   "SubjectUserName": "Pandora",
   "SubjectDomainName": "DESKTOP-NKRHNTH",
   "SubjectLogonId": 117462,
   "NewProcessId": 7680,
   "NewProcessName": "C:\\Program Files (x86)\\Microsoft\\Edge\\Application\\msedge.exe",
   "TokenElevationType": "%%1938",
   "ProcessId": 8088,
   "CommandLine": "\"C:\\Program Files (x86)\\Microsoft\\Edge\\Application\\msedge.exe\" --type=utility --utility-sub-type=unzip.mojom.Unzipper --lang=en-US --service-sandbox-type=service --mojo-platform-channel-handle=5348 --field-trial-handle=1912,i,7965713243763285130,16507142011549390309,131072 /prefetch:8",
   "TargetUserSid": "S-1-0-0",
   "TargetUserName": "-",
   "TargetDomainName": "-",
   "TargetLogonId": 0,
   "ParentProcessName": "C:\\Program Files (x86)\\Microsoft\\Edge\\Application\\msedge.exe",
   "MandatoryLabel": "S-1-16-4096"
  },
  "Message": ""
 }
{
  "System": {
   "Provider": {
    "Name": "Microsoft-Windows-Security-Auditing",
    "Guid": "54849625-5478-4994-A5BA-3E3B0328C30D"
   },
   "EventID": {
    "Value": 4688
   },
   "Version": 2,
   "Level": 0,
   "Task": 13312,
   "Opcode": 0,
   "Keywords": 9232379236109516800,
   "TimeCreated": {
    "SystemTime": 1678360353.1932497
   },
   "EventRecordID": 3164,
   "Correlation": {},
   "Execution": {
    "ProcessID": 4,
    "ThreadID": 112
   },
   "Channel": "Security",
   "Computer": "DESKTOP-NKRHNTH",
   "Security": {}
  },
  "EventData": {
   "SubjectUserSid": "S-1-5-18",
   "SubjectUserName": "DESKTOP-NKRHNTH$",
   "SubjectDomainName": "WORKGROUP",
   "SubjectLogonId": 999,
   "NewProcessId": 7736,
   "NewProcessName": "C:\\Windows\\System32\\backgroundTaskHost.exe",
   "TokenElevationType": "%%1938",
   "ProcessId": 780,
   "CommandLine": "\"C:\\Windows\\system32\\backgroundTaskHost.exe\" -ServerName:App.AppXmtcan0h2tfbfy7k9kn8hbxb6dmzz1zh0.mca",
   "TargetUserSid": "S-1-5-21-2432649696-552975611-3203061244-1001",
   "TargetUserName": "Pandora",
   "TargetDomainName": "DESKTOP-NKRHNTH",
   "TargetLogonId": 117462,
   "ParentProcessName": "C:\\Windows\\System32\\svchost.exe",
   "MandatoryLabel": "S-1-16-4096"
  },
  "Message": ""
 }
{
  "System": {
   "Provider": {
    "Name": "Microsoft-Windows-Security-Auditing",
    "Guid": "54849625-5478-4994-A5BA-3E3B0328C30D"
   },
   "EventID": {
    "Value": 4688
   },
   "Version": 2,
   "Level": 0,
   "Task": 13312,
   "Opcode": 0,
   "Keywords": 9232379236109516800,
   "TimeCreated": {
    "SystemTime": 1678360353.3007984
   },
   "EventRecordID": 3165,
   "Correlation": {},
   "Execution": {
    "ProcessID": 4,
    "ThreadID": 6180
   },
   "Channel": "Security",
   "Computer": "DESKTOP-NKRHNTH",
   "Security": {}
  },
  "EventData": {
   "SubjectUserSid": "S-1-5-18",
   "SubjectUserName": "DESKTOP-NKRHNTH$",
   "SubjectDomainName": "WORKGROUP",
   "SubjectLogonId": 999,
   "NewProcessId": 9040,
   "NewProcessName": "C:\\Windows\\System32\\backgroundTaskHost.exe",
   "TokenElevationType": "%%1938",
   "ProcessId": 780,
   "CommandLine": "\"C:\\Windows\\system32\\BackgroundTaskHost.exe\" -ServerName:BackgroundTaskHost.WebAccountProvider",
   "TargetUserSid": "S-1-5-21-2432649696-552975611-3203061244-1001",
   "TargetUserName": "Pandora",
   "TargetDomainName": "DESKTOP-NKRHNTH",
   "TargetLogonId": 117462,
   "ParentProcessName": "C:\\Windows\\System32\\svchost.exe",
   "MandatoryLabel": "S-1-16-4096"
  },
  "Message": ""
 }
{
  "System": {
   "Provider": {
    "Name": "Microsoft-Windows-Security-Auditing",
    "Guid": "54849625-5478-4994-A5BA-3E3B0328C30D"
   },
   "EventID": {
    "Value": 4688
   },
   "Version": 2,
   "Level": 0,
   "Task": 13312,
   "Opcode": 0,
   "Keywords": 9232379236109516800,
   "TimeCreated": {
    "SystemTime": 1678360353.3397472
   },
   "EventRecordID": 3166,
   "Correlation": {},
   "Execution": {
    "ProcessID": 4,
    "ThreadID": 6180
   },
   "Channel": "Security",
   "Computer": "DESKTOP-NKRHNTH",
   "Security": {}
  },
  "EventData": {
   "SubjectUserSid": "S-1-5-18",
   "SubjectUserName": "DESKTOP-NKRHNTH$",
   "SubjectDomainName": "WORKGROUP",
   "SubjectLogonId": 999,
   "NewProcessId": 4428,
   "NewProcessName": "C:\\Windows\\System32\\RuntimeBroker.exe",
   "TokenElevationType": "%%1938",
   "ProcessId": 780,
   "CommandLine": "C:\\Windows\\System32\\RuntimeBroker.exe -Embedding",
   "TargetUserSid": "S-1-5-21-2432649696-552975611-3203061244-1001",
   "TargetUserName": "Pandora",
   "TargetDomainName": "DESKTOP-NKRHNTH",
   "TargetLogonId": 117462,
   "ParentProcessName": "C:\\Windows\\System32\\svchost.exe",
   "MandatoryLabel": "S-1-16-8192"
  },
  "Message": ""
 }
{
  "System": {
   "Provider": {
    "Name": "Microsoft-Windows-Security-Auditing",
    "Guid": "54849625-5478-4994-A5BA-3E3B0328C30D"
   },
   "EventID": {
    "Value": 4688
   },
   "Version": 2,
   "Level": 0,
   "Task": 13312,
   "Opcode": 0,
   "Keywords": 9232379236109516800,
   "TimeCreated": {
    "SystemTime": 1678360353.3839104
   },
   "EventRecordID": 3167,
   "Correlation": {},
   "Execution": {
    "ProcessID": 4,
    "ThreadID": 6180
   },
   "Channel": "Security",
   "Computer": "DESKTOP-NKRHNTH",
   "Security": {}
  },
  "EventData": {
   "SubjectUserSid": "S-1-5-18",
   "SubjectUserName": "DESKTOP-NKRHNTH$",
   "SubjectDomainName": "WORKGROUP",
   "SubjectLogonId": 999,
   "NewProcessId": 8196,
   "NewProcessName": "C:\\Windows\\System32\\RuntimeBroker.exe",
   "TokenElevationType": "%%1938",
   "ProcessId": 780,
   "CommandLine": "C:\\Windows\\System32\\RuntimeBroker.exe -Embedding",
   "TargetUserSid": "S-1-5-21-2432649696-552975611-3203061244-1001",
   "TargetUserName": "Pandora",
   "TargetDomainName": "DESKTOP-NKRHNTH",
   "TargetLogonId": 117462,
   "ParentProcessName": "C:\\Windows\\System32\\svchost.exe",
   "MandatoryLabel": "S-1-16-8192"
  },
  "Message": ""
 }
{
  "System": {
   "Provider": {
    "Name": "Microsoft-Windows-Security-Auditing",
    "Guid": "54849625-5478-4994-A5BA-3E3B0328C30D"
   },
   "EventID": {
    "Value": 4688
   },
   "Version": 2,
   "Level": 0,
   "Task": 13312,
   "Opcode": 0,
   "Keywords": 9232379236109516800,
   "TimeCreated": {
    "SystemTime": 1678360371.8232512
   },
   "EventRecordID": 3168,
   "Correlation": {},
   "Execution": {
    "ProcessID": 4,
    "ThreadID": 3352
   },
   "Channel": "Security",
   "Computer": "DESKTOP-NKRHNTH",
   "Security": {}
  },
  "EventData": {
   "SubjectUserSid": "S-1-5-18",
   "SubjectUserName": "DESKTOP-NKRHNTH$",
   "SubjectDomainName": "WORKGROUP",
   "SubjectLogonId": 999,
   "NewProcessId": 3568,
   "NewProcessName": "C:\\Windows\\System32\\svchost.exe",
   "TokenElevationType": "%%1938",
   "ProcessId": 620,
   "CommandLine": "C:\\Windows\\system32\\svchost.exe -k UnistackSvcGroup",
   "TargetUserSid": "S-1-5-21-2432649696-552975611-3203061244-1001",
   "TargetUserName": "Pandora",
   "TargetDomainName": "DESKTOP-NKRHNTH",
   "TargetLogonId": 117462,
   "ParentProcessName": "C:\\Windows\\System32\\services.exe",
   "MandatoryLabel": "S-1-16-8192"
  },
  "Message": ""
 }
