{
  "System": {
   "Provider": {
    "Name": "Microsoft-Windows-Security-Auditing",
    "Guid": "54849625-5478-4994-A5BA-3E3B0328C30D"
   },
   "EventID": {
    "Value": 4688
   },
   "Version": 2,
   "Level": 0,
   "Task": 13312,
   "Opcode": 0,
   "Keywords": 9232379236109516800,
   "TimeCreated": {
    "SystemTime": 1678360192.6914928
   },
   "EventRecordID": 2966,
   "Correlation": {},
   "Execution": {
    "ProcessID": 4,
    "ThreadID": 5216
   },
   "Channel": "Security",
   "Computer": "DESKTOP-NKRHNTH",
   "Security": {}
  },
  "EventData": {
   "SubjectUserSid": "S-1-5-21-2432649696-552975611-3203061244-1001",
   "SubjectUserName": "Pandora",
   "SubjectDomainName": "DESKTOP-NKRHNTH",
   "SubjectLogonId": 125425,
   "NewProcessId": 8256,
   "NewProcessName": "C:\\Program Files (x86)\\Microsoft\\Edge\\Application\\msedge.exe",
   "TokenElevationType": "%%1938",
   "ProcessId": 7736,
   "CommandLine": "\"C:\\Program Files (x86)\\Microsoft\\Edge\\Application\\msedge.exe\" --type=utility --utility-sub-type=data_decoder.mojom.DataDecoderService --lang=en-US --service-sandbox-type=service --mojo-platform-channel-handle=1720 --field-trial-handle=2180,i,1582753229004326462,17712970727165809335,131072 /prefetch:8",
   "TargetUserSid": "S-1-0-0",
   "TargetUserName": "-",
   "TargetDomainName": "-",
   "TargetLogonId": 0,
   "ParentProcessName": "C:\\Program Files (x86)\\Microsoft\\Edge\\Application\\msedge.exe",
   "MandatoryLabel": "S-1-16-4096"
  },
  "Message": ""
 }
{
  "System": {
   "Provider": {
    "Name": "Microsoft-Windows-Security-Auditing",
    "Guid": "54849625-5478-4994-A5BA-3E3B0328C30D"
   },
   "EventID": {
    "Value": 4688
   },
   "Version": 2,
   "Level": 0,
   "Task": 13312,
   "Opcode": 0,
   "Keywords": 9232379236109516800,
   "TimeCreated": {
    "SystemTime": 1678360192.6951344
   },
   "EventRecordID": 2967,
   "Correlation": {},
   "Execution": {
    "ProcessID": 4,
    "ThreadID": 5216
   },
   "Channel": "Security",
   "Computer": "DESKTOP-NKRHNTH",
   "Security": {}
  },
  "EventData": {
   "SubjectUserSid": "S-1-5-21-2432649696-552975611-3203061244-1001",
   "SubjectUserName": "Pandora",
   "SubjectDomainName": "DESKTOP-NKRHNTH",
   "SubjectLogonId": 125425,
   "NewProcessId": 8228,
   "NewProcessName": "C:\\Program Files (x86)\\Microsoft\\Edge\\Application\\msedge.exe",
   "TokenElevationType": "%%1938",
   "ProcessId": 7736,
   "CommandLine": "\"C:\\Program Files (x86)\\Microsoft\\Edge\\Application\\msedge.exe\" --type=utility --utility-sub-type=data_decoder.mojom.DataDecoderService --lang=en-US --service-sandbox-type=service --mojo-platform-channel-handle=3508 --field-trial-handle=2180,i,1582753229004326462,17712970727165809335,131072 /prefetch:8",
   "TargetUserSid": "S-1-0-0",
   "TargetUserName": "-",
   "TargetDomainName": "-",
   "TargetLogonId": 0,
   "ParentProcessName": "C:\\Program Files (x86)\\Microsoft\\Edge\\Application\\msedge.exe",
   "MandatoryLabel": "S-1-16-4096"
  },
  "Message": ""
 }
{
  "System": {
   "Provider": {
    "Name": "Microsoft-Windows-Security-Auditing",
    "Guid": "54849625-5478-4994-A5BA-3E3B0328C30D"
   },
   "EventID": {
    "Value": 4688
   },
   "Version": 2,
   "Level": 0,
   "Task": 13312,
   "Opcode": 0,
   "Keywords": 9232379236109516800,
   "TimeCreated": {
    "SystemTime": 1678360199.0418303
   },
   "EventRecordID": 2968,
   "Correlation": {},
   "Execution": {
    "ProcessID": 4,
    "ThreadID": 228
   },
   "Channel": "Security",
   "Computer": "DESKTOP-NKRHNTH",
   "Security": {}
  },
  "EventData": {
   "SubjectUserSid": "S-1-5-18",
   "SubjectUserName": "DESKTOP-NKRHNTH$",
   "SubjectDomainName": "WORKGROUP",
   "SubjectLogonId": 999,
   "NewProcessId": 7456,
   "NewProcessName": "C:\\Windows\\System32\\svchost.exe",
   "TokenElevationType": "%%1938",
   "ProcessId": 652,
   "CommandLine": "C:\\Windows\\system32\\svchost.exe -k UnistackSvcGroup",
   "TargetUserSid": "S-1-5-21-2432649696-552975611-3203061244-1001",
   "TargetUserName": "Pandora",
   "TargetDomainName": "DESKTOP-NKRHNTH",
   "TargetLogonId": 125425,
   "ParentProcessName": "C:\\Windows\\System32\\services.exe",
   "MandatoryLabel": "S-1-16-8192"
  },
  "Message": ""
 }
{
  "System": {
   "Provider": {
    "Name": "Microsoft-Windows-Security-Auditing",
    "Guid": "54849625-5478-4994-A5BA-3E3B0328C30D"
   },
   "EventID": {
    "Value": 4688
   },
   "Version": 2,
   "Level": 0,
   "Task": 13312,
   "Opcode": 0,
   "Keywords": 9232379236109516800,
   "TimeCreated": {
    "SystemTime": 1678360199.4950175
   },
   "EventRecordID": 2969,
   "Correlation": {},
   "Execution": {
    "ProcessID": 4,
    "ThreadID": 228
   },
   "Channel": "Security",
   "Computer": "DESKTOP-NKRHNTH",
   "Security": {}
  },
  "EventData": {
   "SubjectUserSid": "S-1-5-18",
   "SubjectUserName": "DESKTOP-NKRHNTH$",
   "SubjectDomainName": "WORKGROUP",
   "SubjectLogonId": 999,
   "NewProcessId": 7624,
   "NewProcessName": "C:\\Program Files (x86)\\Microsoft\\EdgeUpdate\\MicrosoftEdgeUpdate.exe",
   "TokenElevationType": "%%1936",
   "ProcessId": 652,
   "CommandLine": "\"C:\\Program Files (x86)\\Microsoft\\EdgeUpdate\\MicrosoftEdgeUpdate.exe\" /svc",
   "TargetUserSid": "S-1-0-0",
   "TargetUserName": "-",
   "TargetDomainName": "-",
   "TargetLogonId": 0,
   "ParentProcessName": "C:\\Windows\\System32\\services.exe",
   "MandatoryLabel": "S-1-16-16384"
  },
  "Message": ""
 }
{
  "System": {
   "Provider": {
    "Name": "Microsoft-Windows-Security-Auditing",
    "Guid": "54849625-5478-4994-A5BA-3E3B0328C30D"
   },
   "EventID": {
    "Value": 4688
   },
   "Version": 2,
   "Level": 0,
   "Task": 13312,
   "Opcode": 0,
   "Keywords": 9232379236109516800,
   "TimeCreated": {
    "SystemTime": 1678360199.5563824
   },
   "EventRecordID": 2970,
   "Correlation": {},
   "Execution": {
    "ProcessID": 4,
    "ThreadID": 228
   },
   "Channel": "Security",
   "Computer": "DESKTOP-NKRHNTH",
   "Security": {}
  },
  "EventData": {
   "SubjectUserSid": "S-1-5-18",
   "SubjectUserName": "DESKTOP-NKRHNTH$",
   "SubjectDomainName": "WORKGROUP",
   "SubjectLogonId": 999,
   "NewProcessId": 8048,
   "NewProcessName": "C:\\Program Files (x86)\\Microsoft\\EdgeUpdate\\MicrosoftEdgeUpdate.exe",
   "TokenElevationType": "%%1936",
   "ProcessId": 7624,
   "CommandLine": "\"C:\\Program Files (x86)\\Microsoft\\EdgeUpdate\\MicrosoftEdgeUpdate.exe\" /c",
   "TargetUserSid": "S-1-0-0",
   "TargetUserName": "-",
   "TargetDomainName": "-",
   "TargetLogonId": 0,
   "ParentProcessName": "C:\\Program Files (x86)\\Microsoft\\EdgeUpdate\\MicrosoftEdgeUpdate.exe",
   "MandatoryLabel": "S-1-16-16384"
  },
  "Message": ""
 }
{
  "System": {
   "Provider": {
    "Name": "Microsoft-Windows-Security-Auditing",
    "Guid": "54849625-5478-4994-A5BA-3E3B0328C30D"
   },
   "EventID": {
    "Value": 4688
   },
   "Version": 2,
   "Level": 0,
   "Task": 13312,
   "Opcode": 0,
   "Keywords": 9232379236109516800,
   "TimeCreated": {
    "SystemTime": 1678360199.6834223
   },
   "EventRecordID": 2971,
   "Correlation": {},
   "Execution": {
    "ProcessID": 4,
    "ThreadID": 228
   },
   "Channel": "Security",
   "Computer": "DESKTOP-NKRHNTH",
   "Security": {}
  },
  "EventData": {
   "SubjectUserSid": "S-1-5-18",
   "SubjectUserName": "DESKTOP-NKRHNTH$",
   "SubjectDomainName": "WORKGROUP",
   "SubjectLogonId": 999,
   "NewProcessId": 8384,
   "NewProcessName": "C:\\Windows\\System32\\svchost.exe",
   "TokenElevationType": "%%1936",
   "ProcessId": 652,
   "CommandLine": "C:\\Windows\\System32\\svchost.exe -k NetworkService -p",
   "TargetUserSid": "S-1-0-0",
   "TargetUserName": "DESKTOP-NKRHNTH$",
   "TargetDomainName": "WORKGROUP",
   "TargetLogonId": 996,
   "ParentProcessName": "C:\\Windows\\System32\\services.exe",
   "MandatoryLabel": "S-1-16-16384"
  },
  "Message": ""
 }
{
  "System": {
   "Provider": {
    "Name": "Microsoft-Windows-Security-Auditing",
    "Guid": "54849625-5478-4994-A5BA-3E3B0328C30D"
   },
   "EventID": {
    "Value": 4688
   },
   "Version": 2,
   "Level": 0,
   "Task": 13312,
   "Opcode": 0,
   "Keywords": 9232379236109516800,
   "TimeCreated": {
    "SystemTime": 1678360199.85048
   },
   "EventRecordID": 2972,
   "Correlation": {},
   "Execution": {
    "ProcessID": 4,
    "ThreadID": 6132
   },
   "Channel": "Security",
   "Computer": "DESKTOP-NKRHNTH",
   "Security": {}
  },
  "EventData": {
   "SubjectUserSid": "S-1-5-18",
   "SubjectUserName": "DESKTOP-NKRHNTH$",
   "SubjectDomainName": "WORKGROUP",
   "SubjectLogonId": 999,
   "NewProcessId": 6328,
   "NewProcessName": "C:\\Windows\\System32\\SgrmBroker.exe",
   "TokenElevationType": "%%1936",
   "ProcessId": 652,
   "CommandLine": "C:\\Windows\\system32\\SgrmBroker.exe",
   "TargetUserSid": "S-1-0-0",
   "TargetUserName": "-",
   "TargetDomainName": "-",
   "TargetLogonId": 0,
   "ParentProcessName": "C:\\Windows\\System32\\services.exe",
   "MandatoryLabel": "S-1-16-16384"
  },
  "Message": ""
 }
{
  "System": {
   "Provider": {
    "Name": "Microsoft-Windows-Security-Auditing",
    "Guid": "54849625-5478-4994-A5BA-3E3B0328C30D"
   },
   "EventID": {
    "Value": 4688
   },
   "Version": 2,
   "Level": 0,
   "Task": 13312,
   "Opcode": 0,
   "Keywords": 9232379236109516800,
   "TimeCreated": {
    "SystemTime": 1678360200.0125952
   },
   "EventRecordID": 2973,
   "Correlation": {},
   "Execution": {
    "ProcessID": 4,
    "ThreadID": 6132
   },
   "Channel": "Security",
   "Computer": "DESKTOP-NKRHNTH",
   "Security": {}
  },
  "EventData": {
   "SubjectUserSid": "S-1-5-18",
   "SubjectUserName": "DESKTOP-NKRHNTH$",
   "SubjectDomainName": "WORKGROUP",
   "SubjectLogonId": 999,
   "NewProcessId": 560,
   "NewProcessName": "C:\\Windows\\System32\\sppsvc.exe",
   "TokenElevationType": "%%1936",
   "ProcessId": 652,
   "CommandLine": "C:\\Windows\\system32\\sppsvc.exe",
   "TargetUserSid": "S-1-0-0",
   "TargetUserName": "DESKTOP-NKRHNTH$",
   "TargetDomainName": "WORKGROUP",
   "TargetLogonId": 996,
   "ParentProcessName": "C:\\Windows\\System32\\services.exe",
   "MandatoryLabel": "S-1-16-16384"
  },
  "Message": ""
 }
{
  "System": {
   "Provider": {
    "Name": "Microsoft-Windows-Security-Auditing",
    "Guid": "54849625-5478-4994-A5BA-3E3B0328C30D"
   },
   "EventID": {
    "Value": 4688
   },
   "Version": 2,
   "Level": 0,
   "Task": 13312,
   "Opcode": 0,
   "Keywords": 9232379236109516800,
   "TimeCreated": {
    "SystemTime": 1678360200.1844544
   },
   "EventRecordID": 2974,
   "Correlation": {},
   "Execution": {
    "ProcessID": 4,
    "ThreadID": 6132
   },
   "Channel": "Security",
   "Computer": "DESKTOP-NKRHNTH",
   "Security": {}
  },
  "EventData": {
   "SubjectUserSid": "S-1-5-18",
   "SubjectUserName": "DESKTOP-NKRHNTH$",
   "SubjectDomainName": "WORKGROUP",
   "SubjectLogonId": 999,
   "NewProcessId": 8656,
   "NewProcessName": "C:\\Program Files\\Microsoft Update Health Tools\\uhssvc.exe",
   "TokenElevationType": "%%1936",
   "ProcessId": 652,
   "CommandLine": "\"C:\\Program Files\\Microsoft Update Health Tools\\uhssvc.exe\"",
   "TargetUserSid": "S-1-0-0",
   "TargetUserName": "-",
   "TargetDomainName": "-",
   "TargetLogonId": 0,
   "ParentProcessName": "C:\\Windows\\System32\\services.exe",
   "MandatoryLabel": "S-1-16-16384"
  },
  "Message": ""
 }
{
  "System": {
   "Provider": {
    "Name": "Microsoft-Windows-Security-Auditing",
    "Guid": "54849625-5478-4994-A5BA-3E3B0328C30D"
   },
   "EventID": {
    "Value": 4688
   },
   "Version": 2,
   "Level": 0,
   "Task": 13312,
   "Opcode": 0,
   "Keywords": 9232379236109516800,
   "TimeCreated": {
    "SystemTime": 1678360200.323264
   },
   "EventRecordID": 2975,
   "Correlation": {},
   "Execution": {
    "ProcessID": 4,
    "ThreadID": 5436
   },
   "Channel": "Security",
   "Computer": "DESKTOP-NKRHNTH",
   "Security": {}
  },
  "EventData": {
   "SubjectUserSid": "S-1-5-18",
   "SubjectUserName": "DESKTOP-NKRHNTH$",
   "SubjectDomainName": "WORKGROUP",
   "SubjectLogonId": 999,
   "NewProcessId": 4204,
   "NewProcessName": "C:\\Windows\\System32\\svchost.exe",
   "TokenElevationType": "%%1936",
   "ProcessId": 652,
   "CommandLine": "C:\\Windows\\System32\\svchost.exe -k LocalServiceNetworkRestricted -p -s wscsvc",
   "TargetUserSid": "S-1-5-19",
   "TargetUserName": "LOCAL SERVICE",
   "TargetDomainName": "NT AUTHORITY",
   "TargetLogonId": 997,
   "ParentProcessName": "C:\\Windows\\System32\\services.exe",
   "MandatoryLabel": "S-1-16-16384"
  },
  "Message": ""
 }
{
  "System": {
   "Provider": {
    "Name": "Microsoft-Windows-Security-Auditing",
    "Guid": "54849625-5478-4994-A5BA-3E3B0328C30D"
   },
   "EventID": {
    "Value": 4688
   },
   "Version": 2,
   "Level": 0,
   "Task": 13312,
   "Opcode": 0,
   "Keywords": 9232379236109516800,
   "TimeCreated": {
    "SystemTime": 1678360209.4044015
   },
   "EventRecordID": 2976,
   "Correlation": {},
   "Execution": {
    "ProcessID": 4,
    "ThreadID": 6120
   },
   "Channel": "Security",
   "Computer": "DESKTOP-NKRHNTH",
   "Security": {}
  },
  "EventData": {
   "SubjectUserSid": "S-1-5-21-2432649696-552975611-3203061244-1001",
   "SubjectUserName": "Pandora",
   "SubjectDomainName": "DESKTOP-NKRHNTH",
   "SubjectLogonId": 125359,
   "NewProcessId": 7132,
   "NewProcessName": "C:\\Windows\\System32\\sc.exe",
   "TokenElevationType": "%%1937",
   "ProcessId": 7968,
   "CommandLine": "sc  create WindowssTask binPath= \"\\\"C:\\Windows\\System32\\WindowsPowerShell\\v1.0\\powershell.exe\\\" -ep bypass - \u003c C:\\Windows\\Tasks\\ActiveSyncProvider.dll:hidden.ps1\" DisplayName= \"WindowssTask\" start= auto",
   "TargetUserSid": "S-1-0-0",
   "TargetUserName": "-",
   "TargetDomainName": "-",
   "TargetLogonId": 0,
   "ParentProcessName": "C:\\Windows\\System32\\cmd.exe",
   "MandatoryLabel": "S-1-16-12288"
  },
  "Message": ""
 }
{
  "System": {
   "Provider": {
    "Name": "Microsoft-Windows-Security-Auditing",
    "Guid": "54849625-5478-4994-A5BA-3E3B0328C30D"
   },
   "EventID": {
    "Value": 4688
   },
   "Version": 2,
   "Level": 0,
   "Task": 13312,
   "Opcode": 0,
   "Keywords": 9232379236109516800,
   "TimeCreated": {
    "SystemTime": 1678360217.0892975
   },
   "EventRecordID": 2977,
   "Correlation": {},
   "Execution": {
    "ProcessID": 4,
    "ThreadID": 276
   },
   "Channel": "Security",
   "Computer": "DESKTOP-NKRHNTH",
   "Security": {}
  },
  "EventData": {
   "SubjectUserSid": "S-1-5-21-2432649696-552975611-3203061244-1001",
   "SubjectUserName": "Pandora",
   "SubjectDomainName": "DESKTOP-NKRHNTH",
   "SubjectLogonId": 125359,
   "NewProcessId": 8176,
   "NewProcessName": "C:\\Windows\\System32\\sc.exe",
   "TokenElevationType": "%%1937",
   "ProcessId": 7968,
   "CommandLine": "sc  start windowssTask",
   "TargetUserSid": "S-1-0-0",
   "TargetUserName": "-",
   "TargetDomainName": "-",
   "TargetLogonId": 0,
   "ParentProcessName": "C:\\Windows\\System32\\cmd.exe",
   "MandatoryLabel": "S-1-16-12288"
  },
  "Message": ""
 }
{
  "System": {
   "Provider": {
    "Name": "Microsoft-Windows-Security-Auditing",
    "Guid": "54849625-5478-4994-A5BA-3E3B0328C30D"
   },
   "EventID": {
    "Value": 4688
   },
   "Version": 2,
   "Level": 0,
   "Task": 13312,
   "Opcode": 0,
   "Keywords": 9232379236109516800,
   "TimeCreated": {
    "SystemTime": 1678360217.1016304
   },
   "EventRecordID": 2978,
   "Correlation": {},
   "Execution": {
    "ProcessID": 4,
    "ThreadID": 276
   },
   "Channel": "Security",
   "Computer": "DESKTOP-NKRHNTH",
   "Security": {}
  },
  "EventData": {
   "SubjectUserSid": "S-1-5-18",
   "SubjectUserName": "DESKTOP-NKRHNTH$",
   "SubjectDomainName": "WORKGROUP",
   "SubjectLogonId": 999,
   "NewProcessId": 8948,
   "NewProcessName": "C:\\Windows\\System32\\WindowsPowerShell\\v1.0\\powershell.exe",
   "TokenElevationType": "%%1936",
   "ProcessId": 652,
   "CommandLine": "\"C:\\Windows\\System32\\WindowsPowerShell\\v1.0\\powershell.exe\" -ep bypass - \u003c C:\\Windows\\Tasks\\ActiveSyncProvider.dll:hidden.ps1",
   "TargetUserSid": "S-1-0-0",
   "TargetUserName": "-",
   "TargetDomainName": "-",
   "TargetLogonId": 0,
   "ParentProcessName": "C:\\Windows\\System32\\services.exe",
   "MandatoryLabel": "S-1-16-16384"
  },
  "Message": ""
 }
{
  "System": {
   "Provider": {
    "Name": "Microsoft-Windows-Security-Auditing",
    "Guid": "54849625-5478-4994-A5BA-3E3B0328C30D"
   },
   "EventID": {
    "Value": 4688
   },
   "Version": 2,
   "Level": 0,
   "Task": 13312,
   "Opcode": 0,
   "Keywords": 9232379236109516800,
   "TimeCreated": {
    "SystemTime": 1678360221.1668048
   },
   "EventRecordID": 2979,
   "Correlation": {},
   "Execution": {
    "ProcessID": 4,
    "ThreadID": 6120
   },
   "Channel": "Security",
   "Computer": "DESKTOP-NKRHNTH",
   "Security": {}
  },
  "EventData": {
   "SubjectUserSid": "S-1-5-21-2432649696-552975611-3203061244-1001",
   "SubjectUserName": "Pandora",
   "SubjectDomainName": "DESKTOP-NKRHNTH",
   "SubjectLogonId": 125425,
   "NewProcessId": 9076,
   "NewProcessName": "C:\\Program Files (x86)\\Microsoft\\Edge\\Application\\msedge.exe",
   "TokenElevationType": "%%1938",
   "ProcessId": 7736,
   "CommandLine": "\"C:\\Program Files (x86)\\Microsoft\\Edge\\Application\\msedge.exe\" --type=gpu-process --disable-gpu-sandbox --use-gl=disabled --gpu-vendor-id=5549 --gpu-device-id=1029 --gpu-sub-system-id=67442093 --gpu-revision=0 --gpu-driver-version=8.17.3.5 --gpu-preferences=UAAAAAAAAADoAAAYAAAAAAAAAAAAAAAAAABgAAAAAAAwAAAAAAAAAAAAAACQAAAAAAAAAAAAAAAAAAAAAAAAAEgAAAAAAAAASAAAAAAAAAAYAAAAAgAAABAAAAAAAAAAGAAAAAAAAAAQAAAAAAAAAAAAAAAOAAAAEAAAAAAAAAABAAAADgAAAAgAAAAAAAAACAAAAAAAAAA= --mojo-platform-channel-handle=2144 --field-trial-handle=2180,i,1582753229004326462,17712970727165809335,131072 /prefetch:2",
   "TargetUserSid": "S-1-0-0",
   "TargetUserName": "-",
   "TargetDomainName": "-",
   "TargetLogonId": 0,
   "ParentProcessName": "C:\\Program Files (x86)\\Microsoft\\Edge\\Application\\msedge.exe",
   "MandatoryLabel": "S-1-16-8192"
  },
  "Message": ""
 }
{
  "System": {
   "Provider": {
    "Name": "Microsoft-Windows-Security-Auditing",
    "Guid": "54849625-5478-4994-A5BA-3E3B0328C30D"
   },
   "EventID": {
    "Value": 4688
   },
   "Version": 2,
   "Level": 0,
   "Task": 13312,
   "Opcode": 0,
   "Keywords": 9232379236109516800,
   "TimeCreated": {
    "SystemTime": 1678360233.1359136
   },
   "EventRecordID": 2980,
   "Correlation": {},
   "Execution": {
    "ProcessID": 4,
    "ThreadID": 6120
   },
   "Channel": "Security",
   "Computer": "DESKTOP-NKRHNTH",
   "Security": {}
  },
  "EventData": {
   "SubjectUserSid": "S-1-5-18",
   "SubjectUserName": "DESKTOP-NKRHNTH$",
   "SubjectDomainName": "WORKGROUP",
   "SubjectLogonId": 999,
   "NewProcessId": 3728,
   "NewProcessName": "C:\\Windows\\System32\\LogonUI.exe",
   "TokenElevationType": "%%1936",
   "ProcessId": 616,
   "CommandLine": "\"LogonUI.exe\" /flags:0x4 /state0:0xa3835855 /state1:0x41c64e6d",
   "TargetUserSid": "S-1-0-0",
   "TargetUserName": "-",
   "TargetDomainName": "-",
   "TargetLogonId": 0,
   "ParentProcessName": "C:\\Windows\\System32\\winlogon.exe",
   "MandatoryLabel": "S-1-16-16384"
  },
  "Message": ""
 }
{
  "System": {
   "Provider": {
    "Name": "Microsoft-Windows-Eventlog",
    "Guid": "{fc65ddd8-d6ef-4962-83d5-6e5cfe9ce148}"
   },
   "EventID": {
    "Value": 1100
   },
   "Version": 0,
   "Level": 4,
   "Task": 103,
   "Opcode": 0,
   "Keywords": 4620693217682128896,
   "TimeCreated": {
    "SystemTime": 1678360236.6231296
   },
   "EventRecordID": 2981,
   "Correlation": {},
   "Execution": {
    "ProcessID": 1528,
    "ThreadID": 5268
   },
   "Channel": "Security",
   "Computer": "DESKTOP-NKRHNTH",
   "Security": {}
  },
  "UserData": {
   "ServiceShutdown": {}
  },
  "Message": ""
 }
{
  "System": {
   "Provider": {
    "Name": "Microsoft-Windows-Security-Auditing",
    "Guid": "54849625-5478-4994-A5BA-3E3B0328C30D"
   },
   "EventID": {
    "Value": 4688
   },
   "Version": 2,
   "Level": 0,
   "Task": 13312,
   "Opcode": 0,
   "Keywords": 9232379236109516800,
   "TimeCreated": {
    "SystemTime": 1678360249.743568
   },
   "EventRecordID": 2982,
   "Correlation": {},
   "Execution": {
    "ProcessID": 4,
    "ThreadID": 32
   },
   "Channel": "Security",
   "Computer": "DESKTOP-NKRHNTH",
   "Security": {}
  },
  "EventData": {
   "SubjectUserSid": "S-1-5-18",
   "SubjectUserName": "-",
   "SubjectDomainName": "-",
   "SubjectLogonId": 999,
   "NewProcessId": 92,
   "NewProcessName": "Registry",
   "TokenElevationType": "%%1936",
   "ProcessId": 4,
   "CommandLine": "",
   "TargetUserSid": "S-1-0-0",
   "TargetUserName": "-",
   "TargetDomainName": "-",
   "TargetLogonId": 0,
   "ParentProcessName": "",
   "MandatoryLabel": "S-1-16-16384"
  },
  "Message": ""
 }
{
  "System": {
   "Provider": {
    "Name": "Microsoft-Windows-Security-Auditing",
    "Guid": "54849625-5478-4994-A5BA-3E3B0328C30D"
   },
   "EventID": {
    "Value": 4696
   },
   "Version": 0,
   "Level": 0,
   "Task": 13312,
   "Opcode": 0,
   "Keywords": 9232379236109516800,
   "TimeCreated": {
    "SystemTime": 1678360249.7437007
   },
   "EventRecordID": 2983,
   "Correlation": {},
   "Execution": {
    "ProcessID": 4,
    "ThreadID": 32
   },
   "Channel": "Security",
   "Computer": "DESKTOP-NKRHNTH",
   "Security": {}
  },
  "EventData": {
   "SubjectUserSid": "S-1-5-18",
   "SubjectUserName": "-",
   "SubjectDomainName": "-",
   "SubjectLogonId": 999,
   "TargetUserSid": "S-1-0-0",
   "TargetUserName": "-",
   "TargetDomainName": "-",
   "TargetLogonId": 999,
   "TargetProcessId": 92,
   "TargetProcessName": "Registry",
   "ProcessId": 4,
   "ProcessName": ""
  },
  "Message": ""
 }
{
  "System": {
   "Provider": {
    "Name": "Microsoft-Windows-Security-Auditing",
    "Guid": "54849625-5478-4994-A5BA-3E3B0328C30D"
   },
   "EventID": {
    "Value": 4826
   },
   "Version": 0,
   "Level": 0,
   "Task": 13573,
   "Opcode": 0,
   "Keywords": 9232379236109516800,
   "TimeCreated": {
    "SystemTime": 1678360249.7437024
   },
   "EventRecordID": 2984,
   "Correlation": {},
   "Execution": {
    "ProcessID": 4,
    "ThreadID": 32
   },
   "Channel": "Security",
   "Computer": "DESKTOP-NKRHNTH",
   "Security": {}
  },
  "EventData": {
   "SubjectUserSid": "S-1-5-18",
   "SubjectUserName": "-",
   "SubjectDomainName": "-",
   "SubjectLogonId": 999,
   "LoadOptions": "-",
   "AdvancedOptions": "%%1843",
   "ConfigAccessPolicy": "%%1846",
   "RemoteEventLogging": "%%1843",
   "KernelDebug": "%%1843",
   "VsmLaunchType": "%%1848",
   "TestSigning": "%%1843",
   "FlightSigning": "%%1843",
   "DisableIntegrityChecks": "%%1843",
   "HypervisorLoadOptions": "-",
   "HypervisorLaunchType": "%%1848",
   "HypervisorDebug": "%%1843"
  },
  "Message": ""
 }
{
  "System": {
   "Provider": {
    "Name": "Microsoft-Windows-Security-Auditing",
    "Guid": "54849625-5478-4994-A5BA-3E3B0328C30D"
   },
   "EventID": {
    "Value": 4688
   },
   "Version": 2,
   "Level": 0,
   "Task": 13312,
   "Opcode": 0,
   "Keywords": 9232379236109516800,
   "TimeCreated": {
    "SystemTime": 1678360249.7453568
   },
   "EventRecordID": 2985,
   "Correlation": {},
   "Execution": {
    "ProcessID": 4,
    "ThreadID": 32
   },
   "Channel": "Security",
   "Computer": "DESKTOP-NKRHNTH",
   "Security": {}
  },
  "EventData": {
   "SubjectUserSid": "S-1-5-18",
   "SubjectUserName": "-",
   "SubjectDomainName": "-",
   "SubjectLogonId": 999,
   "NewProcessId": 300,
   "NewProcessName": "C:\\Windows\\System32\\smss.exe",
   "TokenElevationType": "%%1936",
   "ProcessId": 4,
   "CommandLine": "",
   "TargetUserSid": "S-1-0-0",
   "TargetUserName": "-",
   "TargetDomainName": "-",
   "TargetLogonId": 0,
   "ParentProcessName": "",
   "MandatoryLabel": "S-1-16-16384"
  },
  "Message": ""
 }
{
  "System": {
   "Provider": {
    "Name": "Microsoft-Windows-Security-Auditing",
    "Guid": "54849625-5478-4994-A5BA-3E3B0328C30D"
   },
   "EventID": {
    "Value": 4688
   },
   "Version": 2,
   "Level": 0,
   "Task": 13312,
   "Opcode": 0,
   "Keywords": 9232379236109516800,
   "TimeCreated": {
    "SystemTime": 1678360249.8707776
   },
   "EventRecordID": 2986,
   "Correlation": {},
   "Execution": {
    "ProcessID": 4,
    "ThreadID": 272
   },
   "Channel": "Security",
   "Computer": "DESKTOP-NKRHNTH",
   "Security": {}
  },
  "EventData": {
   "SubjectUserSid": "S-1-5-18",
   "SubjectUserName": "-",
   "SubjectDomainName": "-",
   "SubjectLogonId": 999,
   "NewProcessId": 328,
   "NewProcessName": "C:\\Windows\\System32\\autochk.exe",
   "TokenElevationType": "%%1936",
   "ProcessId": 300,
   "CommandLine": "",
   "TargetUserSid": "S-1-0-0",
   "TargetUserName": "-",
   "TargetDomainName": "-",
   "TargetLogonId": 0,
   "ParentProcessName": "C:\\Windows\\System32\\smss.exe",
   "MandatoryLabel": "S-1-16-16384"
  },
  "Message": ""
 }
{
  "System": {
   "Provider": {
    "Name": "Microsoft-Windows-Security-Auditing",
    "Guid": "54849625-5478-4994-A5BA-3E3B0328C30D"
   },
   "EventID": {
    "Value": 4688
   },
   "Version": 2,
   "Level": 0,
   "Task": 13312,
   "Opcode": 0,
   "Keywords": 9232379236109516800,
   "TimeCreated": {
    "SystemTime": 1678360250.2303312
   },
   "EventRecordID": 2987,
   "Correlation": {},
   "Execution": {
    "ProcessID": 4,
    "ThreadID": 276
   },
   "Channel": "Security",
   "Computer": "DESKTOP-NKRHNTH",
   "Security": {}
  },
  "EventData": {
   "SubjectUserSid": "S-1-5-18",
   "SubjectUserName": "-",
   "SubjectDomainName": "-",
   "SubjectLogonId": 999,
   "NewProcessId": 412,
   "NewProcessName": "C:\\Windows\\System32\\smss.exe",
   "TokenElevationType": "%%1936",
   "ProcessId": 300,
   "CommandLine": "",
   "TargetUserSid": "S-1-0-0",
   "TargetUserName": "-",
   "TargetDomainName": "-",
   "TargetLogonId": 0,
   "ParentProcessName": "C:\\Windows\\System32\\smss.exe",
   "MandatoryLabel": "S-1-16-16384"
  },
  "Message": ""
 }
{
  "System": {
   "Provider": {
    "Name": "Microsoft-Windows-Security-Auditing",
    "Guid": "54849625-5478-4994-A5BA-3E3B0328C30D"
   },
   "EventID": {
    "Value": 4688
   },
   "Version": 2,
   "Level": 0,
   "Task": 13312,
   "Opcode": 0,
   "Keywords": 9232379236109516800,
   "TimeCreated": {
    "SystemTime": 1678360250.2575903
   },
   "EventRecordID": 2988,
   "Correlation": {},
   "Execution": {
    "ProcessID": 4,
    "ThreadID": 232
   },
   "Channel": "Security",
   "Computer": "DESKTOP-NKRHNTH",
   "Security": {}
  },
  "EventData": {
   "SubjectUserSid": "S-1-5-18",
   "SubjectUserName": "-",
   "SubjectDomainName": "-",
   "SubjectLogonId": 999,
   "NewProcessId": 420,
   "NewProcessName": "C:\\Windows\\System32\\csrss.exe",
   "TokenElevationType": "%%1936",
   "ProcessId": 412,
   "CommandLine": "",
   "TargetUserSid": "S-1-0-0",
   "TargetUserName": "-",
   "TargetDomainName": "-",
   "TargetLogonId": 0,
   "ParentProcessName": "C:\\Windows\\System32\\smss.exe",
   "MandatoryLabel": "S-1-16-16384"
  },
  "Message": ""
 }
{
  "System": {
   "Provider": {
    "Name": "Microsoft-Windows-Security-Auditing",
    "Guid": "54849625-5478-4994-A5BA-3E3B0328C30D"
   },
   "EventID": {
    "Value": 4688
   },
   "Version": 2,
   "Level": 0,
   "Task": 13312,
   "Opcode": 0,
   "Keywords": 9232379236109516800,
   "TimeCreated": {
    "SystemTime": 1678360250.3327985
   },
   "EventRecordID": 2989,
   "Correlation": {},
   "Execution": {
    "ProcessID": 4,
    "ThreadID": 100
   },
   "Channel": "Security",
   "Computer": "DESKTOP-NKRHNTH",
   "Security": {}
  },
  "EventData": {
   "SubjectUserSid": "S-1-5-18",
   "SubjectUserName": "-",
   "SubjectDomainName": "-",
   "SubjectLogonId": 999,
   "NewProcessId": 488,
   "NewProcessName": "C:\\Windows\\System32\\smss.exe",
   "TokenElevationType": "%%1936",
   "ProcessId": 300,
   "CommandLine": "",
   "TargetUserSid": "S-1-0-0",
   "TargetUserName": "-",
   "TargetDomainName": "-",
   "TargetLogonId": 0,
   "ParentProcessName": "C:\\Windows\\System32\\smss.exe",
   "MandatoryLabel": "S-1-16-16384"
  },
  "Message": ""
 }
{
  "System": {
   "Provider": {
    "Name": "Microsoft-Windows-Security-Auditing",
    "Guid": "54849625-5478-4994-A5BA-3E3B0328C30D"
   },
   "EventID": {
    "Value": 4688
   },
   "Version": 2,
   "Level": 0,
   "Task": 13312,
   "Opcode": 0,
   "Keywords": 9232379236109516800,
   "TimeCreated": {
    "SystemTime": 1678360250.3339489
   },
   "EventRecordID": 2990,
   "Correlation": {},
   "Execution": {
    "ProcessID": 4,
    "ThreadID": 100
   },
   "Channel": "Security",
   "Computer": "DESKTOP-NKRHNTH",
   "Security": {}
  },
  "EventData": {
   "SubjectUserSid": "S-1-5-18",
   "SubjectUserName": "-",
   "SubjectDomainName": "-",
   "SubjectLogonId": 999,
   "NewProcessId": 496,
   "NewProcessName": "C:\\Windows\\System32\\wininit.exe",
   "TokenElevationType": "%%1936",
   "ProcessId": 412,
   "CommandLine": "",
   "TargetUserSid": "S-1-0-0",
   "TargetUserName": "-",
   "TargetDomainName": "-",
   "TargetLogonId": 0,
   "ParentProcessName": "C:\\Windows\\System32\\smss.exe",
   "MandatoryLabel": "S-1-16-16384"
  },
  "Message": ""
 }
{
  "System": {
   "Provider": {
    "Name": "Microsoft-Windows-Security-Auditing",
    "Guid": "54849625-5478-4994-A5BA-3E3B0328C30D"
   },
   "EventID": {
    "Value": 4688
   },
   "Version": 2,
   "Level": 0,
   "Task": 13312,
   "Opcode": 0,
   "Keywords": 9232379236109516800,
   "TimeCreated": {
    "SystemTime": 1678360250.3401537
   },
   "EventRecordID": 2991,
   "Correlation": {},
   "Execution": {
    "ProcessID": 4,
    "ThreadID": 100
   },
   "Channel": "Security",
   "Computer": "DESKTOP-NKRHNTH",
   "Security": {}
  },
  "EventData": {
   "SubjectUserSid": "S-1-5-18",
   "SubjectUserName": "-",
   "SubjectDomainName": "-",
   "SubjectLogonId": 999,
   "NewProcessId": 516,
   "NewProcessName": "C:\\Windows\\System32\\csrss.exe",
   "TokenElevationType": "%%1936",
   "ProcessId": 488,
   "CommandLine": "",
   "TargetUserSid": "S-1-0-0",
   "TargetUserName": "-",
   "TargetDomainName": "-",
   "TargetLogonId": 0,
   "ParentProcessName": "C:\\Windows\\System32\\smss.exe",
   "MandatoryLabel": "S-1-16-16384"
  },
  "Message": ""
 }
{
  "System": {
   "Provider": {
    "Name": "Microsoft-Windows-Security-Auditing",
    "Guid": "54849625-5478-4994-A5BA-3E3B0328C30D"
   },
   "EventID": {
    "Value": 4688
   },
   "Version": 2,
   "Level": 0,
   "Task": 13312,
   "Opcode": 0,
   "Keywords": 9232379236109516800,
   "TimeCreated": {
    "SystemTime": 1678360250.3737695
   },
   "EventRecordID": 2992,
   "Correlation": {},
   "Execution": {
    "ProcessID": 4,
    "ThreadID": 232
   },
   "Channel": "Security",
   "Computer": "DESKTOP-NKRHNTH",
   "Security": {}
  },
  "EventData": {
   "SubjectUserSid": "S-1-5-18",
   "SubjectUserName": "-",
   "SubjectDomainName": "-",
   "SubjectLogonId": 999,
   "NewProcessId": 600,
   "NewProcessName": "C:\\Windows\\System32\\winlogon.exe",
   "TokenElevationType": "%%1936",
   "ProcessId": 488,
   "CommandLine": "",
   "TargetUserSid": "S-1-0-0",
   "TargetUserName": "-",
   "TargetDomainName": "-",
   "TargetLogonId": 0,
   "ParentProcessName": "C:\\Windows\\System32\\smss.exe",
   "MandatoryLabel": "S-1-16-16384"
  },
  "Message": ""
 }
{
  "System": {
   "Provider": {
    "Name": "Microsoft-Windows-Security-Auditing",
    "Guid": "54849625-5478-4994-A5BA-3E3B0328C30D"
   },
   "EventID": {
    "Value": 4688
   },
   "Version": 2,
   "Level": 0,
   "Task": 13312,
   "Opcode": 0,
   "Keywords": 9232379236109516800,
   "TimeCreated": {
    "SystemTime": 1678360250.3879216
   },
   "EventRecordID": 2993,
   "Correlation": {},
   "Execution": {
    "ProcessID": 4,
    "ThreadID": 32
   },
   "Channel": "Security",
   "Computer": "DESKTOP-NKRHNTH",
   "Security": {}
  },
  "EventData": {
   "SubjectUserSid": "S-1-5-18",
   "SubjectUserName": "-",
   "SubjectDomainName": "-",
   "SubjectLogonId": 999,
   "NewProcessId": 620,
   "NewProcessName": "C:\\Windows\\System32\\services.exe",
   "TokenElevationType": "%%1936",
   "ProcessId": 496,
   "CommandLine": "",
   "TargetUserSid": "S-1-0-0",
   "TargetUserName": "-",
   "TargetDomainName": "-",
   "TargetLogonId": 0,
   "ParentProcessName": "C:\\Windows\\System32\\wininit.exe",
   "MandatoryLabel": "S-1-16-16384"
  },
  "Message": ""
 }
{
  "System": {
   "Provider": {
    "Name": "Microsoft-Windows-Security-Auditing",
    "Guid": "54849625-5478-4994-A5BA-3E3B0328C30D"
   },
   "EventID": {
    "Value": 4688
   },
   "Version": 2,
   "Level": 0,
   "Task": 13312,
   "Opcode": 0,
   "Keywords": 9232379236109516800,
   "TimeCreated": {
    "SystemTime": 1678360250.4102032
   },
   "EventRecordID": 2994,
   "Correlation": {},
   "Execution": {
    "ProcessID": 4,
    "ThreadID": 384
   },
   "Channel": "Security",
   "Computer": "DESKTOP-NKRHNTH",
   "Security": {}
  },
  "EventData": {
   "SubjectUserSid": "S-1-5-18",
   "SubjectUserName": "-",
   "SubjectDomainName": "-",
   "SubjectLogonId": 999,
   "NewProcessId": 652,
   "NewProcessName": "C:\\Windows\\System32\\lsass.exe",
   "TokenElevationType": "%%1936",
   "ProcessId": 496,
   "CommandLine": "",
   "TargetUserSid": "S-1-0-0",
   "TargetUserName": "-",
   "TargetDomainName": "-",
   "TargetLogonId": 0,
   "ParentProcessName": "C:\\Windows\\System32\\wininit.exe",
   "MandatoryLabel": "S-1-16-16384"
  },
  "Message": ""
 }
{
  "System": {
   "Provider": {
    "Name": "Microsoft-Windows-Security-Auditing",
    "Guid": "54849625-5478-4994-A5BA-3E3B0328C30D"
   },
   "EventID": {
    "Value": 4688
   },
   "Version": 2,
   "Level": 0,
   "Task": 13312,
   "Opcode": 0,
   "Keywords": 9232379236109516800,
   "TimeCreated": {
    "SystemTime": 1678360250.5313392
   },
   "EventRecordID": 2995,
   "Correlation": {},
   "Execution": {
    "ProcessID": 4,
    "ThreadID": 384
   },
   "Channel": "Security",
   "Computer": "DESKTOP-NKRHNTH",
   "Security": {}
  },
  "EventData": {
   "SubjectUserSid": "S-1-5-18",
   "SubjectUserName": "DESKTOP-NKRHNTH$",
   "SubjectDomainName": "WORKGROUP",
   "SubjectLogonId": 999,
   "NewProcessId": 764,
   "NewProcessName": "C:\\Windows\\System32\\fontdrvhost.exe",
   "TokenElevationType": "%%1936",
   "ProcessId": 600,
   "CommandLine": "\"fontdrvhost.exe\"",
   "TargetUserSid": "S-1-0-0",
   "TargetUserName": "UMFD-1",
   "TargetDomainName": "Font Driver Host",
   "TargetLogonId": 49984,
   "ParentProcessName": "C:\\Windows\\System32\\winlogon.exe",
   "MandatoryLabel": "S-1-16-4096"
  },
  "Message": ""
 }
{
  "System": {
   "Provider": {
    "Name": "Microsoft-Windows-Security-Auditing",
    "Guid": "54849625-5478-4994-A5BA-3E3B0328C30D"
   },
   "EventID": {
    "Value": 4688
   },
   "Version": 2,
   "Level": 0,
   "Task": 13312,
   "Opcode": 0,
   "Keywords": 9232379236109516800,
   "TimeCreated": {
    "SystemTime": 1678360250.5313425
   },
   "EventRecordID": 2996,
   "Correlation": {},
   "Execution": {
    "ProcessID": 4,
    "ThreadID": 384
   },
   "Channel": "Security",
   "Computer": "DESKTOP-NKRHNTH",
   "Security": {}
  },
  "EventData": {
   "SubjectUserSid": "S-1-5-18",
   "SubjectUserName": "DESKTOP-NKRHNTH$",
   "SubjectDomainName": "WORKGROUP",
   "SubjectLogonId": 999,
   "NewProcessId": 772,
   "NewProcessName": "C:\\Windows\\System32\\fontdrvhost.exe",
   "TokenElevationType": "%%1936",
   "ProcessId": 496,
   "CommandLine": "\"fontdrvhost.exe\"",
   "TargetUserSid": "S-1-0-0",
   "TargetUserName": "UMFD-0",
   "TargetDomainName": "Font Driver Host",
   "TargetLogonId": 49983,
   "ParentProcessName": "C:\\Windows\\System32\\wininit.exe",
   "MandatoryLabel": "S-1-16-4096"
  },
  "Message": ""
 }
{
  "System": {
   "Provider": {
    "Name": "Microsoft-Windows-Security-Auditing",
    "Guid": "54849625-5478-4994-A5BA-3E3B0328C30D"
   },
   "EventID": {
    "Value": 4688
   },
   "Version": 2,
   "Level": 0,
   "Task": 13312,
   "Opcode": 0,
   "Keywords": 9232379236109516800,
   "TimeCreated": {
    "SystemTime": 1678360250.532432
   },
   "EventRecordID": 2997,
   "Correlation": {},
   "Execution": {
    "ProcessID": 4,
    "ThreadID": 384
   },
   "Channel": "Security",
   "Computer": "DESKTOP-NKRHNTH",
   "Security": {}
  },
  "EventData": {
   "SubjectUserSid": "S-1-5-18",
   "SubjectUserName": "DESKTOP-NKRHNTH$",
   "SubjectDomainName": "WORKGROUP",
   "SubjectLogonId": 999,
   "NewProcessId": 780,
   "NewProcessName": "C:\\Windows\\System32\\svchost.exe",
   "TokenElevationType": "%%1936",
   "ProcessId": 620,
   "CommandLine": "C:\\Windows\\system32\\svchost.exe -k DcomLaunch -p",
   "TargetUserSid": "S-1-0-0",
   "TargetUserName": "-",
   "TargetDomainName": "-",
   "TargetLogonId": 0,
   "ParentProcessName": "C:\\Windows\\System32\\services.exe",
   "MandatoryLabel": "S-1-16-16384"
  },
  "Message": ""
 }
{
  "System": {
   "Provider": {
    "Name": "Microsoft-Windows-Security-Auditing",
    "Guid": "54849625-5478-4994-A5BA-3E3B0328C30D"
   },
   "EventID": {
    "Value": 4688
   },
   "Version": 2,
   "Level": 0,
   "Task": 13312,
   "Opcode": 0,
   "Keywords": 9232379236109516800,
   "TimeCreated": {
    "SystemTime": 1678360250.6260767
   },
   "EventRecordID": 2998,
   "Correlation": {},
   "Execution": {
    "ProcessID": 4,
    "ThreadID": 184
   },
   "Channel": "Security",
   "Computer": "DESKTOP-NKRHNTH",
   "Security": {}
  },
  "EventData": {
   "SubjectUserSid": "S-1-5-18",
   "SubjectUserName": "DESKTOP-NKRHNTH$",
   "SubjectDomainName": "WORKGROUP",
   "SubjectLogonId": 999,
   "NewProcessId": 884,
   "NewProcessName": "C:\\Windows\\System32\\svchost.exe",
   "TokenElevationType": "%%1936",
   "ProcessId": 620,
   "CommandLine": "C:\\Windows\\system32\\svchost.exe -k RPCSS -p",
   "TargetUserSid": "S-1-0-0",
   "TargetUserName": "DESKTOP-NKRHNTH$",
   "TargetDomainName": "WORKGROUP",
   "TargetLogonId": 996,
   "ParentProcessName": "C:\\Windows\\System32\\services.exe",
   "MandatoryLabel": "S-1-16-16384"
  },
  "Message": ""
 }
{
  "System": {
   "Provider": {
    "Name": "Microsoft-Windows-Security-Auditing",
    "Guid": "54849625-5478-4994-A5BA-3E3B0328C30D"
   },
   "EventID": {
    "Value": 4688
   },
   "Version": 2,
   "Level": 0,
   "Task": 13312,
   "Opcode": 0,
   "Keywords": 9232379236109516800,
   "TimeCreated": {
    "SystemTime": 1678360250.6410608
   },
   "EventRecordID": 2999,
   "Correlation": {},
   "Execution": {
    "ProcessID": 4,
    "ThreadID": 184
   },
   "Channel": "Security",
   "Computer": "DESKTOP-NKRHNTH",
   "Security": {}
  },
  "EventData": {
   "SubjectUserSid": "S-1-5-18",
   "SubjectUserName": "DESKTOP-NKRHNTH$",
   "SubjectDomainName": "WORKGROUP",
   "SubjectLogonId": 999,
   "NewProcessId": 944,
   "NewProcessName": "C:\\Windows\\System32\\svchost.exe",
   "TokenElevationType": "%%1936",
   "ProcessId": 620,
   "CommandLine": "C:\\Windows\\system32\\svchost.exe -k DcomLaunch -p -s LSM",
   "TargetUserSid": "S-1-0-0",
   "TargetUserName": "-",
   "TargetDomainName": "-",
   "TargetLogonId": 0,
   "ParentProcessName": "C:\\Windows\\System32\\services.exe",
   "MandatoryLabel": "S-1-16-16384"
  },
  "Message": ""
 }
{
  "System": {
   "Provider": {
    "Name": "Microsoft-Windows-Security-Auditing",
    "Guid": "54849625-5478-4994-A5BA-3E3B0328C30D"
   },
   "EventID": {
    "Value": 4688
   },
   "Version": 2,
   "Level": 0,
   "Task": 13312,
   "Opcode": 0,
   "Keywords": 9232379236109516800,
   "TimeCreated": {
    "SystemTime": 1678360250.696536
   },
   "EventRecordID": 3000,
   "Correlation": {},
   "Execution": {
    "ProcessID": 4,
    "ThreadID": 32
   },
   "Channel": "Security",
   "Computer": "DESKTOP-NKRHNTH",
   "Security": {}
  },
  "EventData": {
   "SubjectUserSid": "S-1-5-18",
   "SubjectUserName": "DESKTOP-NKRHNTH$",
   "SubjectDomainName": "WORKGROUP",
   "SubjectLogonId": 999,
   "NewProcessId": 1008,
   "NewProcessName": "C:\\Windows\\System32\\LogonUI.exe",
   "TokenElevationType": "%%1936",
   "ProcessId": 600,
   "CommandLine": "\"LogonUI.exe\" /flags:0x2 /state0:0xa3bec055 /state1:0x41c64e6d",
   "TargetUserSid": "S-1-0-0",
   "TargetUserName": "-",
   "TargetDomainName": "-",
   "TargetLogonId": 0,
   "ParentProcessName": "C:\\Windows\\System32\\winlogon.exe",
   "MandatoryLabel": "S-1-16-16384"
  },
  "Message": ""
 }
{
  "System": {
   "Provider": {
    "Name": "Microsoft-Windows-Security-Auditing",
    "Guid": "54849625-5478-4994-A5BA-3E3B0328C30D"
   },
   "EventID": {
    "Value": 4688
   },
   "Version": 2,
   "Level": 0,
   "Task": 13312,
   "Opcode": 0,
   "Keywords": 9232379236109516800,
   "TimeCreated": {
    "SystemTime": 1678360250.697344
   },
   "EventRecordID": 3001,
   "Correlation": {},
   "Execution": {
    "ProcessID": 4,
    "ThreadID": 32
   },
   "Channel": "Security",
   "Computer": "DESKTOP-NKRHNTH",
   "Security": {}
  },
  "EventData": {
   "SubjectUserSid": "S-1-5-18",
   "SubjectUserName": "DESKTOP-NKRHNTH$",
   "SubjectDomainName": "WORKGROUP",
   "SubjectLogonId": 999,
   "NewProcessId": 1016,
   "NewProcessName": "C:\\Windows\\System32\\dwm.exe",
   "TokenElevationType": "%%1938",
   "ProcessId": 600,
   "CommandLine": "\"dwm.exe\"",
   "TargetUserSid": "S-1-5-90-0-1",
   "TargetUserName": "DWM-1",
   "TargetDomainName": "Window Manager",
   "TargetLogonId": 75646,
   "ParentProcessName": "C:\\Windows\\System32\\winlogon.exe",
   "MandatoryLabel": "S-1-16-16384"
  },
  "Message": ""
 }
{
  "System": {
   "Provider": {
    "Name": "Microsoft-Windows-Security-Auditing",
    "Guid": "54849625-5478-4994-A5BA-3E3B0328C30D"
   },
   "EventID": {
    "Value": 4688
   },
   "Version": 2,
   "Level": 0,
   "Task": 13312,
   "Opcode": 0,
   "Keywords": 9232379236109516800,
   "TimeCreated": {
    "SystemTime": 1678360250.758256
   },
   "EventRecordID": 3002,
   "Correlation": {},
   "Execution": {
    "ProcessID": 4,
    "ThreadID": 384
   },
   "Channel": "Security",
   "Computer": "DESKTOP-NKRHNTH",
   "Security": {}
  },
  "EventData": {
   "SubjectUserSid": "S-1-5-18",
   "SubjectUserName": "DESKTOP-NKRHNTH$",
   "SubjectDomainName": "WORKGROUP",
   "SubjectLogonId": 999,
   "NewProcessId": 672,
   "NewProcessName": "C:\\Windows\\System32\\svchost.exe",
   "TokenElevationType": "%%1936",
   "ProcessId": 620,
   "CommandLine": "C:\\Windows\\System32\\svchost.exe -k LocalServiceNetworkRestricted -p -s lmhosts",
   "TargetUserSid": "S-1-0-0",
   "TargetUserName": "LOCAL SERVICE",
   "TargetDomainName": "NT AUTHORITY",
   "TargetLogonId": 997,
   "ParentProcessName": "C:\\Windows\\System32\\services.exe",
   "MandatoryLabel": "S-1-16-16384"
  },
  "Message": ""
 }
{
  "System": {
   "Provider": {
    "Name": "Microsoft-Windows-Security-Auditing",
    "Guid": "54849625-5478-4994-A5BA-3E3B0328C30D"
   },
   "EventID": {
    "Value": 4688
   },
   "Version": 2,
   "Level": 0,
   "Task": 13312,
   "Opcode": 0,
   "Keywords": 9232379236109516800,
   "TimeCreated": {
    "SystemTime": 1678360250.7582705
   },
   "EventRecordID": 3003,
   "Correlation": {},
   "Execution": {
    "ProcessID": 4,
    "ThreadID": 384
   },
   "Channel": "Security",
   "Computer": "DESKTOP-NKRHNTH",
   "Security": {}
  },
  "EventData": {
   "SubjectUserSid": "S-1-5-18",
   "SubjectUserName": "DESKTOP-NKRHNTH$",
   "SubjectDomainName": "WORKGROUP",
   "SubjectLogonId": 999,
   "NewProcessId": 700,
   "NewProcessName": "C:\\Windows\\System32\\svchost.exe",
   "TokenElevationType": "%%1936",
   "ProcessId": 620,
   "CommandLine": "C:\\Windows\\system32\\svchost.exe -k LocalServiceNetworkRestricted -s BTAGService",
   "TargetUserSid": "S-1-0-0",
   "TargetUserName": "LOCAL SERVICE",
   "TargetDomainName": "NT AUTHORITY",
   "TargetLogonId": 997,
   "ParentProcessName": "C:\\Windows\\System32\\services.exe",
   "MandatoryLabel": "S-1-16-16384"
  },
  "Message": ""
 }
{
  "System": {
   "Provider": {
    "Name": "Microsoft-Windows-Security-Auditing",
    "Guid": "54849625-5478-4994-A5BA-3E3B0328C30D"
   },
   "EventID": {
    "Value": 4688
   },
   "Version": 2,
   "Level": 0,
   "Task": 13312,
   "Opcode": 0,
   "Keywords": 9232379236109516800,
   "TimeCreated": {
    "SystemTime": 1678360250.7600064
   },
   "EventRecordID": 3004,
   "Correlation": {},
   "Execution": {
    "ProcessID": 4,
    "ThreadID": 384
   },
   "Channel": "Security",
   "Computer": "DESKTOP-NKRHNTH",
   "Security": {}
  },
  "EventData": {
   "SubjectUserSid": "S-1-5-18",
   "SubjectUserName": "DESKTOP-NKRHNTH$",
   "SubjectDomainName": "WORKGROUP",
   "SubjectLogonId": 999,
   "NewProcessId": 856,
   "NewProcessName": "C:\\Windows\\System32\\svchost.exe",
   "TokenElevationType": "%%1936",
   "ProcessId": 620,
   "CommandLine": "C:\\Windows\\system32\\svchost.exe -k LocalService -p -s BthAvctpSvc",
   "TargetUserSid": "S-1-0-0",
   "TargetUserName": "LOCAL SERVICE",
   "TargetDomainName": "NT AUTHORITY",
   "TargetLogonId": 997,
   "ParentProcessName": "C:\\Windows\\System32\\services.exe",
   "MandatoryLabel": "S-1-16-16384"
  },
  "Message": ""
 }
{
  "System": {
   "Provider": {
    "Name": "Microsoft-Windows-Security-Auditing",
    "Guid": "54849625-5478-4994-A5BA-3E3B0328C30D"
   },
   "EventID": {
    "Value": 4688
   },
   "Version": 2,
   "Level": 0,
   "Task": 13312,
   "Opcode": 0,
   "Keywords": 9232379236109516800,
   "TimeCreated": {
    "SystemTime": 1678360250.7621343
   },
   "EventRecordID": 3005,
   "Correlation": {},
   "Execution": {
    "ProcessID": 4,
    "ThreadID": 32
   },
   "Channel": "Security",
   "Computer": "DESKTOP-NKRHNTH",
   "Security": {}
  },
  "EventData": {
   "SubjectUserSid": "S-1-5-18",
   "SubjectUserName": "DESKTOP-NKRHNTH$",
   "SubjectDomainName": "WORKGROUP",
   "SubjectLogonId": 999,
   "NewProcessId": 412,
   "NewProcessName": "C:\\Windows\\System32\\svchost.exe",
   "TokenElevationType": "%%1936",
   "ProcessId": 620,
   "CommandLine": "C:\\Windows\\system32\\svchost.exe -k LocalService -p -s bthserv",
   "TargetUserSid": "S-1-5-19",
   "TargetUserName": "LOCAL SERVICE",
   "TargetDomainName": "NT AUTHORITY",
   "TargetLogonId": 997,
   "ParentProcessName": "C:\\Windows\\System32\\services.exe",
   "MandatoryLabel": "S-1-16-16384"
  },
  "Message": ""
 }
{
  "System": {
   "Provider": {
    "Name": "Microsoft-Windows-Security-Auditing",
    "Guid": "54849625-5478-4994-A5BA-3E3B0328C30D"
   },
   "EventID": {
    "Value": 4688
   },
   "Version": 2,
   "Level": 0,
   "Task": 13312,
   "Opcode": 0,
   "Keywords": 9232379236109516800,
   "TimeCreated": {
    "SystemTime": 1678360250.762672
   },
   "EventRecordID": 3006,
   "Correlation": {},
   "Execution": {
    "ProcessID": 4,
    "ThreadID": 32
   },
   "Channel": "Security",
   "Computer": "DESKTOP-NKRHNTH",
   "Security": {}
  },
  "EventData": {
   "SubjectUserSid": "S-1-5-18",
   "SubjectUserName": "DESKTOP-NKRHNTH$",
   "SubjectDomainName": "WORKGROUP",
   "SubjectLogonId": 999,
   "NewProcessId": 1028,
   "NewProcessName": "C:\\Windows\\System32\\svchost.exe",
   "TokenElevationType": "%%1936",
   "ProcessId": 620,
   "CommandLine": "C:\\Windows\\system32\\svchost.exe -k LocalServiceNoNetwork -p",
   "TargetUserSid": "S-1-5-19",
   "TargetUserName": "LOCAL SERVICE",
   "TargetDomainName": "NT AUTHORITY",
   "TargetLogonId": 997,
   "ParentProcessName": "C:\\Windows\\System32\\services.exe",
   "MandatoryLabel": "S-1-16-16384"
  },
  "Message": ""
 }
{
  "System": {
   "Provider": {
    "Name": "Microsoft-Windows-Security-Auditing",
    "Guid": "54849625-5478-4994-A5BA-3E3B0328C30D"
   },
   "EventID": {
    "Value": 4688
   },
   "Version": 2,
   "Level": 0,
   "Task": 13312,
   "Opcode": 0,
   "Keywords": 9232379236109516800,
   "TimeCreated": {
    "SystemTime": 1678360250.7941391
   },
   "EventRecordID": 3007,
   "Correlation": {},
   "Execution": {
    "ProcessID": 4,
    "ThreadID": 32
   },
   "Channel": "Security",
   "Computer": "DESKTOP-NKRHNTH",
   "Security": {}
  },
  "EventData": {
   "SubjectUserSid": "S-1-5-18",
   "SubjectUserName": "DESKTOP-NKRHNTH$",
   "SubjectDomainName": "WORKGROUP",
   "SubjectLogonId": 999,
   "NewProcessId": 1148,
   "NewProcessName": "C:\\Windows\\System32\\svchost.exe",
   "TokenElevationType": "%%1936",
   "ProcessId": 620,
   "CommandLine": "C:\\Windows\\System32\\svchost.exe -k LocalSystemNetworkRestricted -p -s NcbService",
   "TargetUserSid": "S-1-0-0",
   "TargetUserName": "-",
   "TargetDomainName": "-",
   "TargetLogonId": 0,
   "ParentProcessName": "C:\\Windows\\System32\\services.exe",
   "MandatoryLabel": "S-1-16-16384"
  },
  "Message": ""
 }
{
  "System": {
   "Provider": {
    "Name": "Microsoft-Windows-Security-Auditing",
    "Guid": "54849625-5478-4994-A5BA-3E3B0328C30D"
   },
   "EventID": {
    "Value": 4688
   },
   "Version": 2,
   "Level": 0,
   "Task": 13312,
   "Opcode": 0,
   "Keywords": 9232379236109516800,
   "TimeCreated": {
    "SystemTime": 1678360250.799392
   },
   "EventRecordID": 3008,
   "Correlation": {},
   "Execution": {
    "ProcessID": 4,
    "ThreadID": 32
   },
   "Channel": "Security",
   "Computer": "DESKTOP-NKRHNTH",
   "Security": {}
  },
  "EventData": {
   "SubjectUserSid": "S-1-5-18",
   "SubjectUserName": "DESKTOP-NKRHNTH$",
   "SubjectDomainName": "WORKGROUP",
   "SubjectLogonId": 999,
   "NewProcessId": 1184,
   "NewProcessName": "C:\\Windows\\System32\\svchost.exe",
   "TokenElevationType": "%%1936",
   "ProcessId": 620,
   "CommandLine": "C:\\Windows\\system32\\svchost.exe -k LocalServiceNetworkRestricted -p -s TimeBrokerSvc",
   "TargetUserSid": "S-1-5-19",
   "TargetUserName": "LOCAL SERVICE",
   "TargetDomainName": "NT AUTHORITY",
   "TargetLogonId": 997,
   "ParentProcessName": "C:\\Windows\\System32\\services.exe",
   "MandatoryLabel": "S-1-16-16384"
  },
  "Message": ""
 }
